[0.056s] Invoking command in '/home/eduardo/turtlebot4_ws/build/turtlebot4_node': AMENT_PREFIX_PATH=/home/eduardo/turtlebot4_ws/install/turtlebot4_msgs:${AMENT_PREFIX_PATH} CMAKE_PREFIX_PATH=/home/eduardo/turtlebot4_ws/install/turtlebot4_msgs:/opt/ros/humble LD_LIBRARY_PATH=/home/eduardo/turtlebot4_ws/install/turtlebot4_msgs/lib:${LD_LIBRARY_PATH} PYTHONPATH=/home/eduardo/turtlebot4_ws/install/turtlebot4_msgs/local/lib/python3.10/dist-packages:${PYTHONPATH} /usr/bin/cmake /home/eduardo/turtlebot4_ws/src/turtlebot4/turtlebot4_node -DAMENT_CMAKE_SYMLINK_INSTALL=1 -DCMAKE_INSTALL_PREFIX=/home/eduardo/turtlebot4_ws/install/turtlebot4_node
[0.067s] -- Found ament_cmake: 1.3.6 (/opt/ros/humble/share/ament_cmake/cmake)
[0.177s] -- Override CMake install command with custom implementation using symlinks instead of copying resources
[0.184s] -- Found rclcpp: 16.0.7 (/opt/ros/humble/share/rclcpp/cmake)
[0.211s] -- Found rosidl_generator_c: 3.1.5 (/opt/ros/humble/share/rosidl_generator_c/cmake)
[0.213s] -- Found rosidl_adapter: 3.1.5 (/opt/ros/humble/share/rosidl_adapter/cmake)
[0.218s] -- Found rosidl_generator_cpp: 3.1.5 (/opt/ros/humble/share/rosidl_generator_cpp/cmake)
[0.228s] -- Using all available rosidl_typesupport_c: rosidl_typesupport_fastrtps_c;rosidl_typesupport_introspection_c
[0.241s] -- Using all available rosidl_typesupport_cpp: rosidl_typesupport_fastrtps_cpp;rosidl_typesupport_introspection_cpp
[0.301s] -- Found rmw_implementation_cmake: 6.1.1 (/opt/ros/humble/share/rmw_implementation_cmake/cmake)
[0.303s] -- Found rmw_fastrtps_cpp: 6.2.5 (/opt/ros/humble/share/rmw_fastrtps_cpp/cmake)
[0.414s] -- Using RMW implementation 'rmw_fastrtps_cpp' as default
[0.567s] -- Found rclcpp_action: 16.0.7 (/opt/ros/humble/share/rclcpp_action/cmake)
[0.656s] -- Found std_srvs: 4.2.3 (/opt/ros/humble/share/std_srvs/cmake)
[0.674s] -- Found sensor_msgs: 4.2.3 (/opt/ros/humble/share/sensor_msgs/cmake)
[0.795s] -- Found irobot_create_msgs: 2.1.0 (/opt/ros/humble/share/irobot_create_msgs/cmake)
[0.923s] -- Found turtlebot4_msgs: 1.0.4 (/home/eduardo/turtlebot4_ws/install/turtlebot4_msgs/share/turtlebot4_msgs/cmake)
[0.940s] -- Found ament_lint_auto: 0.12.9 (/opt/ros/humble/share/ament_lint_auto/cmake)
[1.000s] -- Added test 'cppcheck' to perform static code analysis on C / C++ code
[1.000s] -- Configured cppcheck include dirs: /home/eduardo/turtlebot4_ws/src/turtlebot4/turtlebot4_node/include
[1.000s] -- Configured cppcheck exclude dirs and/or files: 
[1.001s] -- Added test 'cpplint' to check C / C++ code against the Google style
[1.001s] -- Configured cpplint exclude dirs and/or files: 
[1.001s] -- Added test 'lint_cmake' to check CMake code style
[1.002s] -- Added test 'uncrustify' to check C / C++ code style
[1.002s] -- Configured uncrustify additional arguments: 
[1.003s] -- Added test 'xmllint' to check XML markup files
[1.004s] -- Configuring done
[1.020s] -- Generating done
[1.021s] -- Build files have been written to: /home/eduardo/turtlebot4_ws/build/turtlebot4_node
[1.027s] Invoked command in '/home/eduardo/turtlebot4_ws/build/turtlebot4_node' returned '0': AMENT_PREFIX_PATH=/home/eduardo/turtlebot4_ws/install/turtlebot4_msgs:${AMENT_PREFIX_PATH} CMAKE_PREFIX_PATH=/home/eduardo/turtlebot4_ws/install/turtlebot4_msgs:/opt/ros/humble LD_LIBRARY_PATH=/home/eduardo/turtlebot4_ws/install/turtlebot4_msgs/lib:${LD_LIBRARY_PATH} PYTHONPATH=/home/eduardo/turtlebot4_ws/install/turtlebot4_msgs/local/lib/python3.10/dist-packages:${PYTHONPATH} /usr/bin/cmake /home/eduardo/turtlebot4_ws/src/turtlebot4/turtlebot4_node -DAMENT_CMAKE_SYMLINK_INSTALL=1 -DCMAKE_INSTALL_PREFIX=/home/eduardo/turtlebot4_ws/install/turtlebot4_node
[1.029s] Invoking command in '/home/eduardo/turtlebot4_ws/build/turtlebot4_node': AMENT_PREFIX_PATH=/home/eduardo/turtlebot4_ws/install/turtlebot4_msgs:${AMENT_PREFIX_PATH} CMAKE_PREFIX_PATH=/home/eduardo/turtlebot4_ws/install/turtlebot4_msgs:/opt/ros/humble LD_LIBRARY_PATH=/home/eduardo/turtlebot4_ws/install/turtlebot4_msgs/lib:${LD_LIBRARY_PATH} PYTHONPATH=/home/eduardo/turtlebot4_ws/install/turtlebot4_msgs/local/lib/python3.10/dist-packages:${PYTHONPATH} /usr/bin/cmake --build /home/eduardo/turtlebot4_ws/build/turtlebot4_node -- -j12 -l12
[1.066s] [35m[1mConsolidate compiler generated dependencies of target turtlebot4_node_lib[0m
[1.092s] [ 12%] [32mBuilding CXX object CMakeFiles/turtlebot4_node_lib.dir/src/main.cpp.o[0m
[1.092s] [ 25%] [32mBuilding CXX object CMakeFiles/turtlebot4_node_lib.dir/src/turtlebot4.cpp.o[0m
[1.092s] [ 37%] [32mBuilding CXX object CMakeFiles/turtlebot4_node_lib.dir/src/display.cpp.o[0m
[1.093s] [ 50%] [32mBuilding CXX object CMakeFiles/turtlebot4_node_lib.dir/src/buttons.cpp.o[0m
[1.093s] [ 62%] [32mBuilding CXX object CMakeFiles/turtlebot4_node_lib.dir/src/leds.cpp.o[0m
[22.254s] [ 75%] [32m[1mLinking CXX static library libturtlebot4_node_lib.a[0m
[23.321s] [ 75%] Built target turtlebot4_node_lib
[23.331s] [35m[1mConsolidate compiler generated dependencies of target turtlebot4_node[0m
[23.348s] [ 87%] [32mBuilding CXX object CMakeFiles/turtlebot4_node.dir/src/main.cpp.o[0m
[27.379s] [100%] [32m[1mLinking CXX executable turtlebot4_node[0m
[29.681s] [100%] Built target turtlebot4_node
[29.690s] Invoked command in '/home/eduardo/turtlebot4_ws/build/turtlebot4_node' returned '0': AMENT_PREFIX_PATH=/home/eduardo/turtlebot4_ws/install/turtlebot4_msgs:${AMENT_PREFIX_PATH} CMAKE_PREFIX_PATH=/home/eduardo/turtlebot4_ws/install/turtlebot4_msgs:/opt/ros/humble LD_LIBRARY_PATH=/home/eduardo/turtlebot4_ws/install/turtlebot4_msgs/lib:${LD_LIBRARY_PATH} PYTHONPATH=/home/eduardo/turtlebot4_ws/install/turtlebot4_msgs/local/lib/python3.10/dist-packages:${PYTHONPATH} /usr/bin/cmake --build /home/eduardo/turtlebot4_ws/build/turtlebot4_node -- -j12 -l12
[29.719s] Invoking command in '/home/eduardo/turtlebot4_ws/build/turtlebot4_node': AMENT_PREFIX_PATH=/home/eduardo/turtlebot4_ws/install/turtlebot4_msgs:${AMENT_PREFIX_PATH} CMAKE_PREFIX_PATH=/home/eduardo/turtlebot4_ws/install/turtlebot4_msgs:/opt/ros/humble LD_LIBRARY_PATH=/home/eduardo/turtlebot4_ws/install/turtlebot4_msgs/lib:${LD_LIBRARY_PATH} PYTHONPATH=/home/eduardo/turtlebot4_ws/install/turtlebot4_msgs/local/lib/python3.10/dist-packages:${PYTHONPATH} /usr/bin/cmake --install /home/eduardo/turtlebot4_ws/build/turtlebot4_node
[29.725s] -- Install configuration: ""
[29.726s] -- Execute custom install script
[29.726s] -- Up-to-date symlink: /home/eduardo/turtlebot4_ws/install/turtlebot4_node/lib/turtlebot4_node/turtlebot4_node
[29.726s] -- Up-to-date symlink: /home/eduardo/turtlebot4_ws/install/turtlebot4_node/include/turtlebot4_node/action.hpp
[29.726s] -- Up-to-date symlink: /home/eduardo/turtlebot4_ws/install/turtlebot4_node/include/turtlebot4_node/buttons.hpp
[29.727s] -- Up-to-date symlink: /home/eduardo/turtlebot4_ws/install/turtlebot4_node/include/turtlebot4_node/display.hpp
[29.727s] -- Up-to-date symlink: /home/eduardo/turtlebot4_ws/install/turtlebot4_node/include/turtlebot4_node/leds.hpp
[29.727s] -- Up-to-date symlink: /home/eduardo/turtlebot4_ws/install/turtlebot4_node/include/turtlebot4_node/service.hpp
[29.727s] -- Up-to-date symlink: /home/eduardo/turtlebot4_ws/install/turtlebot4_node/include/turtlebot4_node/turtlebot4.hpp
[29.727s] -- Up-to-date symlink: /home/eduardo/turtlebot4_ws/install/turtlebot4_node/include/turtlebot4_node/utils.hpp
[29.727s] -- Up-to-date symlink: /home/eduardo/turtlebot4_ws/install/turtlebot4_node/share/ament_index/resource_index/package_run_dependencies/turtlebot4_node
[29.727s] -- Up-to-date symlink: /home/eduardo/turtlebot4_ws/install/turtlebot4_node/share/ament_index/resource_index/parent_prefix_path/turtlebot4_node
[29.727s] -- Up-to-date symlink: /home/eduardo/turtlebot4_ws/install/turtlebot4_node/share/turtlebot4_node/environment/ament_prefix_path.sh
[29.728s] -- Up-to-date symlink: /home/eduardo/turtlebot4_ws/install/turtlebot4_node/share/turtlebot4_node/environment/ament_prefix_path.dsv
[29.728s] -- Up-to-date symlink: /home/eduardo/turtlebot4_ws/install/turtlebot4_node/share/turtlebot4_node/environment/path.sh
[29.728s] -- Up-to-date symlink: /home/eduardo/turtlebot4_ws/install/turtlebot4_node/share/turtlebot4_node/environment/path.dsv
[29.728s] -- Up-to-date symlink: /home/eduardo/turtlebot4_ws/install/turtlebot4_node/share/turtlebot4_node/local_setup.bash
[29.728s] -- Up-to-date symlink: /home/eduardo/turtlebot4_ws/install/turtlebot4_node/share/turtlebot4_node/local_setup.sh
[29.728s] -- Up-to-date symlink: /home/eduardo/turtlebot4_ws/install/turtlebot4_node/share/turtlebot4_node/local_setup.zsh
[29.728s] -- Up-to-date symlink: /home/eduardo/turtlebot4_ws/install/turtlebot4_node/share/turtlebot4_node/local_setup.dsv
[29.728s] -- Symlinking: /home/eduardo/turtlebot4_ws/install/turtlebot4_node/share/turtlebot4_node/package.dsv
[29.735s] -- Up-to-date symlink: /home/eduardo/turtlebot4_ws/install/turtlebot4_node/share/ament_index/resource_index/packages/turtlebot4_node
[29.736s] -- Up-to-date symlink: /home/eduardo/turtlebot4_ws/install/turtlebot4_node/share/turtlebot4_node/cmake/ament_cmake_export_include_directories-extras.cmake
[29.736s] -- Up-to-date symlink: /home/eduardo/turtlebot4_ws/install/turtlebot4_node/share/turtlebot4_node/cmake/turtlebot4_nodeConfig.cmake
[29.736s] -- Up-to-date symlink: /home/eduardo/turtlebot4_ws/install/turtlebot4_node/share/turtlebot4_node/cmake/turtlebot4_nodeConfig-version.cmake
[29.736s] -- Up-to-date symlink: /home/eduardo/turtlebot4_ws/install/turtlebot4_node/share/turtlebot4_node/package.xml
[29.738s] Invoked command in '/home/eduardo/turtlebot4_ws/build/turtlebot4_node' returned '0': AMENT_PREFIX_PATH=/home/eduardo/turtlebot4_ws/install/turtlebot4_msgs:${AMENT_PREFIX_PATH} CMAKE_PREFIX_PATH=/home/eduardo/turtlebot4_ws/install/turtlebot4_msgs:/opt/ros/humble LD_LIBRARY_PATH=/home/eduardo/turtlebot4_ws/install/turtlebot4_msgs/lib:${LD_LIBRARY_PATH} PYTHONPATH=/home/eduardo/turtlebot4_ws/install/turtlebot4_msgs/local/lib/python3.10/dist-packages:${PYTHONPATH} /usr/bin/cmake --install /home/eduardo/turtlebot4_ws/build/turtlebot4_node
