[0.923s] Invoking command in '/home/eduardo/turtlebot4_ws/build/robot_movement': PYTHONPATH=/home/eduardo/turtlebot4_ws/build/robot_movement/prefix_override:/home/eduardo/turtlebot4_ws/install/robot_movement/lib/python3.10/site-packages:${PYTHONPATH} /usr/bin/python3 setup.py develop --uninstall --editable --build-directory /home/eduardo/turtlebot4_ws/build/robot_movement/build
[1.194s] running develop
[1.194s] /home/eduardo/.local/lib/python3.10/site-packages/setuptools/command/develop.py:40: EasyInstallDeprecationWarning: easy_install command is deprecated.
[1.194s] !!
[1.195s] 
[1.195s]         ********************************************************************************
[1.195s]         Please avoid running ``setup.py`` and ``easy_install``.
[1.195s]         Instead, use pypa/build, pypa/installer or other
[1.195s]         standards-based tools.
[1.196s] 
[1.196s]         See https://github.com/pypa/setuptools/issues/917 for details.
[1.196s]         ********************************************************************************
[1.196s] 
[1.196s] !!
[1.196s]   easy_install.initialize_options(self)
[1.228s] /home/eduardo/.local/lib/python3.10/site-packages/setuptools/_distutils/cmd.py:66: SetuptoolsDeprecationWarning: setup.py install is deprecated.
[1.228s] !!
[1.228s] 
[1.229s]         ********************************************************************************
[1.229s]         Please avoid running ``setup.py`` directly.
[1.229s]         Instead, use pypa/build, pypa/installer or other
[1.229s]         standards-based tools.
[1.229s] 
[1.229s]         See https://blog.ganssle.io/articles/2021/10/setup-py-deprecated.html for details.
[1.229s]         ********************************************************************************
[1.229s] 
[1.229s] !!
[1.230s]   self.initialize_options()
[1.403s] Removing /home/eduardo/turtlebot4_ws/install/robot_movement/lib/python3.10/site-packages/robot-movement.egg-link (link to .)
[1.504s] Invoked command in '/home/eduardo/turtlebot4_ws/build/robot_movement' returned '0': PYTHONPATH=/home/eduardo/turtlebot4_ws/build/robot_movement/prefix_override:/home/eduardo/turtlebot4_ws/install/robot_movement/lib/python3.10/site-packages:${PYTHONPATH} /usr/bin/python3 setup.py develop --uninstall --editable --build-directory /home/eduardo/turtlebot4_ws/build/robot_movement/build
[1.506s] Invoking command in '/home/eduardo/turtlebot4_ws/src/robot_movement': PYTHONPATH=/home/eduardo/turtlebot4_ws/build/robot_movement/prefix_override:/home/eduardo/turtlebot4_ws/install/robot_movement/lib/python3.10/site-packages:${PYTHONPATH} /usr/bin/python3 setup.py egg_info --egg-base ../../build/robot_movement build --build-base /home/eduardo/turtlebot4_ws/build/robot_movement/build install --record /home/eduardo/turtlebot4_ws/build/robot_movement/install.log --single-version-externally-managed
[1.715s] running egg_info
[1.730s] writing ../../build/robot_movement/robot_movement.egg-info/PKG-INFO
[1.730s] writing dependency_links to ../../build/robot_movement/robot_movement.egg-info/dependency_links.txt
[1.730s] writing entry points to ../../build/robot_movement/robot_movement.egg-info/entry_points.txt
[1.730s] writing requirements to ../../build/robot_movement/robot_movement.egg-info/requires.txt
[1.730s] writing top-level names to ../../build/robot_movement/robot_movement.egg-info/top_level.txt
[1.759s] reading manifest file '../../build/robot_movement/robot_movement.egg-info/SOURCES.txt'
[1.760s] writing manifest file '../../build/robot_movement/robot_movement.egg-info/SOURCES.txt'
[1.760s] running build
[1.760s] running build_py
[1.760s] running install
[1.760s] /home/eduardo/.local/lib/python3.10/site-packages/setuptools/_distutils/cmd.py:66: SetuptoolsDeprecationWarning: setup.py install is deprecated.
[1.760s] !!
[1.761s] 
[1.761s]         ********************************************************************************
[1.761s]         Please avoid running ``setup.py`` directly.
[1.761s]         Instead, use pypa/build, pypa/installer or other
[1.761s]         standards-based tools.
[1.761s] 
[1.761s]         See https://blog.ganssle.io/articles/2021/10/setup-py-deprecated.html for details.
[1.761s]         ********************************************************************************
[1.761s] 
[1.761s] !!
[1.761s]   self.initialize_options()
[1.766s] running install_lib
[1.780s] creating /home/eduardo/turtlebot4_ws/install/robot_movement/lib/python3.10/site-packages/robot_movement
[1.780s] copying /home/eduardo/turtlebot4_ws/build/robot_movement/build/lib/robot_movement/node_movement.py -> /home/eduardo/turtlebot4_ws/install/robot_movement/lib/python3.10/site-packages/robot_movement
[1.780s] copying /home/eduardo/turtlebot4_ws/build/robot_movement/build/lib/robot_movement/__init__.py -> /home/eduardo/turtlebot4_ws/install/robot_movement/lib/python3.10/site-packages/robot_movement
[1.780s] byte-compiling /home/eduardo/turtlebot4_ws/install/robot_movement/lib/python3.10/site-packages/robot_movement/node_movement.py to node_movement.cpython-310.pyc
[1.781s] byte-compiling /home/eduardo/turtlebot4_ws/install/robot_movement/lib/python3.10/site-packages/robot_movement/__init__.py to __init__.cpython-310.pyc
[1.781s] running install_data
[1.795s] running install_egg_info
[1.811s] Copying ../../build/robot_movement/robot_movement.egg-info to /home/eduardo/turtlebot4_ws/install/robot_movement/lib/python3.10/site-packages/robot_movement-0.0.0-py3.10.egg-info
[1.811s] running install_scripts
[1.958s] Installing Movement_exec script to /home/eduardo/turtlebot4_ws/install/robot_movement/lib/robot_movement
[1.958s] writing list of installed files to '/home/eduardo/turtlebot4_ws/build/robot_movement/install.log'
[1.975s] Invoked command in '/home/eduardo/turtlebot4_ws/src/robot_movement' returned '0': PYTHONPATH=/home/eduardo/turtlebot4_ws/build/robot_movement/prefix_override:/home/eduardo/turtlebot4_ws/install/robot_movement/lib/python3.10/site-packages:${PYTHONPATH} /usr/bin/python3 setup.py egg_info --egg-base ../../build/robot_movement build --build-base /home/eduardo/turtlebot4_ws/build/robot_movement/build install --record /home/eduardo/turtlebot4_ws/build/robot_movement/install.log --single-version-externally-managed
