[0.054s] Invoking command in '/home/eduardo/turtlebot4_ws/build/turtlebot4_node': AMENT_PREFIX_PATH=/home/eduardo/turtlebot4_ws/install/turtlebot4_msgs:${AMENT_PREFIX_PATH} CMAKE_PREFIX_PATH=/home/eduardo/turtlebot4_ws/install/turtlebot4_msgs:/opt/ros/humble LD_LIBRARY_PATH=/home/eduardo/turtlebot4_ws/install/turtlebot4_msgs/lib:${LD_LIBRARY_PATH} PYTHONPATH=/home/eduardo/turtlebot4_ws/install/turtlebot4_msgs/local/lib/python3.10/dist-packages:${PYTHONPATH} /usr/bin/cmake /home/eduardo/turtlebot4_ws/src/turtlebot4/turtlebot4_node -DCMAKE_INSTALL_PREFIX=/home/eduardo/turtlebot4_ws/install/turtlebot4_node
[0.064s] -- Found ament_cmake: 1.3.6 (/opt/ros/humble/share/ament_cmake/cmake)
[0.182s] -- Override CMake install command with custom implementation using symlinks instead of copying resources
[0.189s] -- Found rclcpp: 16.0.7 (/opt/ros/humble/share/rclcpp/cmake)
[0.216s] -- Found rosidl_generator_c: 3.1.5 (/opt/ros/humble/share/rosidl_generator_c/cmake)
[0.218s] -- Found rosidl_adapter: 3.1.5 (/opt/ros/humble/share/rosidl_adapter/cmake)
[0.224s] -- Found rosidl_generator_cpp: 3.1.5 (/opt/ros/humble/share/rosidl_generator_cpp/cmake)
[0.234s] -- Using all available rosidl_typesupport_c: rosidl_typesupport_fastrtps_c;rosidl_typesupport_introspection_c
[0.249s] -- Using all available rosidl_typesupport_cpp: rosidl_typesupport_fastrtps_cpp;rosidl_typesupport_introspection_cpp
[0.304s] -- Found rmw_implementation_cmake: 6.1.1 (/opt/ros/humble/share/rmw_implementation_cmake/cmake)
[0.305s] -- Found rmw_fastrtps_cpp: 6.2.5 (/opt/ros/humble/share/rmw_fastrtps_cpp/cmake)
[0.417s] -- Using RMW implementation 'rmw_fastrtps_cpp' as default
[0.568s] -- Found rclcpp_action: 16.0.7 (/opt/ros/humble/share/rclcpp_action/cmake)
[0.656s] -- Found std_srvs: 4.2.3 (/opt/ros/humble/share/std_srvs/cmake)
[0.672s] -- Found sensor_msgs: 4.2.3 (/opt/ros/humble/share/sensor_msgs/cmake)
[0.795s] -- Found irobot_create_msgs: 2.1.0 (/opt/ros/humble/share/irobot_create_msgs/cmake)
[0.930s] -- Found turtlebot4_msgs: 1.0.4 (/home/eduardo/turtlebot4_ws/install/turtlebot4_msgs/share/turtlebot4_msgs/cmake)
[0.948s] -- Found ament_lint_auto: 0.12.9 (/opt/ros/humble/share/ament_lint_auto/cmake)
[1.013s] -- Added test 'cppcheck' to perform static code analysis on C / C++ code
[1.013s] -- Configured cppcheck include dirs: /home/eduardo/turtlebot4_ws/src/turtlebot4/turtlebot4_node/include
[1.013s] -- Configured cppcheck exclude dirs and/or files: 
[1.014s] -- Added test 'cpplint' to check C / C++ code against the Google style
[1.014s] -- Configured cpplint exclude dirs and/or files: 
[1.015s] -- Added test 'lint_cmake' to check CMake code style
[1.016s] -- Added test 'uncrustify' to check C / C++ code style
[1.016s] -- Configured uncrustify additional arguments: 
[1.016s] -- Added test 'xmllint' to check XML markup files
[1.017s] -- Configuring done
[1.039s] -- Generating done
[1.042s] -- Build files have been written to: /home/eduardo/turtlebot4_ws/build/turtlebot4_node
[1.087s] Invoked command in '/home/eduardo/turtlebot4_ws/build/turtlebot4_node' returned '0': AMENT_PREFIX_PATH=/home/eduardo/turtlebot4_ws/install/turtlebot4_msgs:${AMENT_PREFIX_PATH} CMAKE_PREFIX_PATH=/home/eduardo/turtlebot4_ws/install/turtlebot4_msgs:/opt/ros/humble LD_LIBRARY_PATH=/home/eduardo/turtlebot4_ws/install/turtlebot4_msgs/lib:${LD_LIBRARY_PATH} PYTHONPATH=/home/eduardo/turtlebot4_ws/install/turtlebot4_msgs/local/lib/python3.10/dist-packages:${PYTHONPATH} /usr/bin/cmake /home/eduardo/turtlebot4_ws/src/turtlebot4/turtlebot4_node -DCMAKE_INSTALL_PREFIX=/home/eduardo/turtlebot4_ws/install/turtlebot4_node
[1.088s] Invoking command in '/home/eduardo/turtlebot4_ws/build/turtlebot4_node': AMENT_PREFIX_PATH=/home/eduardo/turtlebot4_ws/install/turtlebot4_msgs:${AMENT_PREFIX_PATH} CMAKE_PREFIX_PATH=/home/eduardo/turtlebot4_ws/install/turtlebot4_msgs:/opt/ros/humble LD_LIBRARY_PATH=/home/eduardo/turtlebot4_ws/install/turtlebot4_msgs/lib:${LD_LIBRARY_PATH} PYTHONPATH=/home/eduardo/turtlebot4_ws/install/turtlebot4_msgs/local/lib/python3.10/dist-packages:${PYTHONPATH} /usr/bin/cmake --build /home/eduardo/turtlebot4_ws/build/turtlebot4_node -- -j12 -l12
[1.123s] [35m[1mConsolidate compiler generated dependencies of target turtlebot4_node_lib[0m
[1.149s] [ 75%] Built target turtlebot4_node_lib
[1.158s] [35m[1mConsolidate compiler generated dependencies of target turtlebot4_node[0m
[1.175s] [100%] Built target turtlebot4_node
[1.184s] Invoked command in '/home/eduardo/turtlebot4_ws/build/turtlebot4_node' returned '0': AMENT_PREFIX_PATH=/home/eduardo/turtlebot4_ws/install/turtlebot4_msgs:${AMENT_PREFIX_PATH} CMAKE_PREFIX_PATH=/home/eduardo/turtlebot4_ws/install/turtlebot4_msgs:/opt/ros/humble LD_LIBRARY_PATH=/home/eduardo/turtlebot4_ws/install/turtlebot4_msgs/lib:${LD_LIBRARY_PATH} PYTHONPATH=/home/eduardo/turtlebot4_ws/install/turtlebot4_msgs/local/lib/python3.10/dist-packages:${PYTHONPATH} /usr/bin/cmake --build /home/eduardo/turtlebot4_ws/build/turtlebot4_node -- -j12 -l12
[1.215s] Invoking command in '/home/eduardo/turtlebot4_ws/build/turtlebot4_node': AMENT_PREFIX_PATH=/home/eduardo/turtlebot4_ws/install/turtlebot4_msgs:${AMENT_PREFIX_PATH} CMAKE_PREFIX_PATH=/home/eduardo/turtlebot4_ws/install/turtlebot4_msgs:/opt/ros/humble LD_LIBRARY_PATH=/home/eduardo/turtlebot4_ws/install/turtlebot4_msgs/lib:${LD_LIBRARY_PATH} PYTHONPATH=/home/eduardo/turtlebot4_ws/install/turtlebot4_msgs/local/lib/python3.10/dist-packages:${PYTHONPATH} /usr/bin/cmake --install /home/eduardo/turtlebot4_ws/build/turtlebot4_node
[1.221s] -- Install configuration: ""
[1.221s] -- Execute custom install script
[1.221s] -- Up-to-date symlink: /home/eduardo/turtlebot4_ws/install/turtlebot4_node/lib/turtlebot4_node/turtlebot4_node
[1.222s] -- Up-to-date symlink: /home/eduardo/turtlebot4_ws/install/turtlebot4_node/include/turtlebot4_node/action.hpp
[1.222s] -- Up-to-date symlink: /home/eduardo/turtlebot4_ws/install/turtlebot4_node/include/turtlebot4_node/buttons.hpp
[1.222s] -- Up-to-date symlink: /home/eduardo/turtlebot4_ws/install/turtlebot4_node/include/turtlebot4_node/display.hpp
[1.222s] -- Up-to-date symlink: /home/eduardo/turtlebot4_ws/install/turtlebot4_node/include/turtlebot4_node/leds.hpp
[1.222s] -- Up-to-date symlink: /home/eduardo/turtlebot4_ws/install/turtlebot4_node/include/turtlebot4_node/service.hpp
[1.222s] -- Up-to-date symlink: /home/eduardo/turtlebot4_ws/install/turtlebot4_node/include/turtlebot4_node/turtlebot4.hpp
[1.222s] -- Up-to-date symlink: /home/eduardo/turtlebot4_ws/install/turtlebot4_node/include/turtlebot4_node/utils.hpp
[1.223s] -- Up-to-date symlink: /home/eduardo/turtlebot4_ws/install/turtlebot4_node/share/ament_index/resource_index/package_run_dependencies/turtlebot4_node
[1.223s] -- Up-to-date symlink: /home/eduardo/turtlebot4_ws/install/turtlebot4_node/share/ament_index/resource_index/parent_prefix_path/turtlebot4_node
[1.223s] -- Up-to-date symlink: /home/eduardo/turtlebot4_ws/install/turtlebot4_node/share/turtlebot4_node/environment/ament_prefix_path.sh
[1.223s] -- Up-to-date symlink: /home/eduardo/turtlebot4_ws/install/turtlebot4_node/share/turtlebot4_node/environment/ament_prefix_path.dsv
[1.223s] -- Up-to-date symlink: /home/eduardo/turtlebot4_ws/install/turtlebot4_node/share/turtlebot4_node/environment/path.sh
[1.223s] -- Up-to-date symlink: /home/eduardo/turtlebot4_ws/install/turtlebot4_node/share/turtlebot4_node/environment/path.dsv
[1.223s] -- Up-to-date symlink: /home/eduardo/turtlebot4_ws/install/turtlebot4_node/share/turtlebot4_node/local_setup.bash
[1.223s] -- Up-to-date symlink: /home/eduardo/turtlebot4_ws/install/turtlebot4_node/share/turtlebot4_node/local_setup.sh
[1.223s] -- Up-to-date symlink: /home/eduardo/turtlebot4_ws/install/turtlebot4_node/share/turtlebot4_node/local_setup.zsh
[1.224s] -- Up-to-date symlink: /home/eduardo/turtlebot4_ws/install/turtlebot4_node/share/turtlebot4_node/local_setup.dsv
[1.224s] -- Symlinking: /home/eduardo/turtlebot4_ws/install/turtlebot4_node/share/turtlebot4_node/package.dsv
[1.231s] -- Up-to-date symlink: /home/eduardo/turtlebot4_ws/install/turtlebot4_node/share/ament_index/resource_index/packages/turtlebot4_node
[1.231s] -- Up-to-date symlink: /home/eduardo/turtlebot4_ws/install/turtlebot4_node/share/turtlebot4_node/cmake/ament_cmake_export_include_directories-extras.cmake
[1.231s] -- Up-to-date symlink: /home/eduardo/turtlebot4_ws/install/turtlebot4_node/share/turtlebot4_node/cmake/turtlebot4_nodeConfig.cmake
[1.231s] -- Up-to-date symlink: /home/eduardo/turtlebot4_ws/install/turtlebot4_node/share/turtlebot4_node/cmake/turtlebot4_nodeConfig-version.cmake
[1.232s] -- Up-to-date symlink: /home/eduardo/turtlebot4_ws/install/turtlebot4_node/share/turtlebot4_node/package.xml
[1.233s] Invoked command in '/home/eduardo/turtlebot4_ws/build/turtlebot4_node' returned '0': AMENT_PREFIX_PATH=/home/eduardo/turtlebot4_ws/install/turtlebot4_msgs:${AMENT_PREFIX_PATH} CMAKE_PREFIX_PATH=/home/eduardo/turtlebot4_ws/install/turtlebot4_msgs:/opt/ros/humble LD_LIBRARY_PATH=/home/eduardo/turtlebot4_ws/install/turtlebot4_msgs/lib:${LD_LIBRARY_PATH} PYTHONPATH=/home/eduardo/turtlebot4_ws/install/turtlebot4_msgs/local/lib/python3.10/dist-packages:${PYTHONPATH} /usr/bin/cmake --install /home/eduardo/turtlebot4_ws/build/turtlebot4_node
