[1.249s] Invoking command in '/home/eduardo/turtlebot4_ws/src/robot_movement': PYTHONPATH=/home/eduardo/turtlebot4_ws/build/robot_movement/prefix_override:/home/eduardo/turtlebot4_ws/install/robot_movement/lib/python3.10/site-packages:${PYTHONPATH} /usr/bin/python3 setup.py egg_info --egg-base ../../build/robot_movement build --build-base /home/eduardo/turtlebot4_ws/build/robot_movement/build install --record /home/eduardo/turtlebot4_ws/build/robot_movement/install.log --single-version-externally-managed
[1.595s] running egg_info
[1.610s] writing ../../build/robot_movement/robot_movement.egg-info/PKG-INFO
[1.610s] writing dependency_links to ../../build/robot_movement/robot_movement.egg-info/dependency_links.txt
[1.610s] writing entry points to ../../build/robot_movement/robot_movement.egg-info/entry_points.txt
[1.611s] writing requirements to ../../build/robot_movement/robot_movement.egg-info/requires.txt
[1.611s] writing top-level names to ../../build/robot_movement/robot_movement.egg-info/top_level.txt
[1.644s] reading manifest file '../../build/robot_movement/robot_movement.egg-info/SOURCES.txt'
[1.644s] writing manifest file '../../build/robot_movement/robot_movement.egg-info/SOURCES.txt'
[1.644s] running build
[1.644s] running build_py
[1.645s] copying robot_movement/node_movement.py -> /home/eduardo/turtlebot4_ws/build/robot_movement/build/lib/robot_movement
[1.645s] copying robot_movement/velocity_publisher.py -> /home/eduardo/turtlebot4_ws/build/robot_movement/build/lib/robot_movement
[1.645s] copying robot_movement/__init__.py -> /home/eduardo/turtlebot4_ws/build/robot_movement/build/lib/robot_movement
[1.646s] running install
[1.646s] /home/eduardo/.local/lib/python3.10/site-packages/setuptools/_distutils/cmd.py:66: SetuptoolsDeprecationWarning: setup.py install is deprecated.
[1.646s] !!
[1.646s] 
[1.646s]         ********************************************************************************
[1.646s]         Please avoid running ``setup.py`` directly.
[1.646s]         Instead, use pypa/build, pypa/installer or other
[1.647s]         standards-based tools.
[1.647s] 
[1.647s]         See https://blog.ganssle.io/articles/2021/10/setup-py-deprecated.html for details.
[1.647s]         ********************************************************************************
[1.647s] 
[1.647s] !!
[1.647s]   self.initialize_options()
[1.650s] running install_lib
[1.666s] running install_data
[1.682s] copying resource/robot_movement -> /home/eduardo/turtlebot4_ws/install/robot_movement/share/ament_index/resource_index/packages
[1.682s] copying package.xml -> /home/eduardo/turtlebot4_ws/install/robot_movement/share/robot_movement
[1.683s] running install_egg_info
[1.699s] removing '/home/eduardo/turtlebot4_ws/install/robot_movement/lib/python3.10/site-packages/robot_movement-0.0.0-py3.10.egg-info' (and everything under it)
[1.699s] Copying ../../build/robot_movement/robot_movement.egg-info to /home/eduardo/turtlebot4_ws/install/robot_movement/lib/python3.10/site-packages/robot_movement-0.0.0-py3.10.egg-info
[1.700s] running install_scripts
[1.745s] Installing Messager script to /home/eduardo/turtlebot4_ws/install/robot_movement/lib/robot_movement
[1.746s] Installing Movement_exec script to /home/eduardo/turtlebot4_ws/install/robot_movement/lib/robot_movement
[1.746s] writing list of installed files to '/home/eduardo/turtlebot4_ws/build/robot_movement/install.log'
[1.769s] Invoked command in '/home/eduardo/turtlebot4_ws/src/robot_movement' returned '0': PYTHONPATH=/home/eduardo/turtlebot4_ws/build/robot_movement/prefix_override:/home/eduardo/turtlebot4_ws/install/robot_movement/lib/python3.10/site-packages:${PYTHONPATH} /usr/bin/python3 setup.py egg_info --egg-base ../../build/robot_movement build --build-base /home/eduardo/turtlebot4_ws/build/robot_movement/build install --record /home/eduardo/turtlebot4_ws/build/robot_movement/install.log --single-version-externally-managed
