[2.280s] Invoking command in '/home/eduardo/turtlebot4_ws/src/turtlebot4_python_tutorials': PYTHONPATH=/home/eduardo/turtlebot4_ws/build/turtlebot4_python_tutorials/prefix_override:/home/eduardo/turtlebot4_ws/install/turtlebot4_python_tutorials/lib/python3.10/site-packages:${PYTHONPATH} /usr/bin/python3 setup.py egg_info --egg-base ../../build/turtlebot4_python_tutorials build --build-base /home/eduardo/turtlebot4_ws/build/turtlebot4_python_tutorials/build install --record /home/eduardo/turtlebot4_ws/build/turtlebot4_python_tutorials/install.log --single-version-externally-managed
[2.759s] running egg_info
[2.761s] writing ../../build/turtlebot4_python_tutorials/turtlebot4_python_tutorials.egg-info/PKG-INFO
[2.761s] writing dependency_links to ../../build/turtlebot4_python_tutorials/turtlebot4_python_tutorials.egg-info/dependency_links.txt
[2.762s] writing entry points to ../../build/turtlebot4_python_tutorials/turtlebot4_python_tutorials.egg-info/entry_points.txt
[2.762s] writing requirements to ../../build/turtlebot4_python_tutorials/turtlebot4_python_tutorials.egg-info/requires.txt
[2.763s] writing top-level names to ../../build/turtlebot4_python_tutorials/turtlebot4_python_tutorials.egg-info/top_level.txt
[2.765s] reading manifest file '../../build/turtlebot4_python_tutorials/turtlebot4_python_tutorials.egg-info/SOURCES.txt'
[2.768s] writing manifest file '../../build/turtlebot4_python_tutorials/turtlebot4_python_tutorials.egg-info/SOURCES.txt'
[2.768s] running build
[2.768s] running build_py
[2.768s] running install
[2.769s] /usr/lib/python3/dist-packages/setuptools/command/install.py:34: SetuptoolsDeprecationWarning: setup.py install is deprecated. Use build and pip and other standards-based tools.
[2.770s]   warnings.warn(
[2.771s] running install_lib
[2.771s] running install_data
[2.772s] running install_egg_info
[2.776s] removing '/home/eduardo/turtlebot4_ws/install/turtlebot4_python_tutorials/lib/python3.10/site-packages/turtlebot4_python_tutorials-0.0.0-py3.10.egg-info' (and everything under it)
[2.776s] Copying ../../build/turtlebot4_python_tutorials/turtlebot4_python_tutorials.egg-info to /home/eduardo/turtlebot4_ws/install/turtlebot4_python_tutorials/lib/python3.10/site-packages/turtlebot4_python_tutorials-0.0.0-py3.10.egg-info
[2.777s] running install_scripts
[2.816s] Installing turtlebot4_first_python_node script to /home/eduardo/turtlebot4_ws/install/turtlebot4_python_tutorials/lib/turtlebot4_python_tutorials
[2.816s] writing list of installed files to '/home/eduardo/turtlebot4_ws/build/turtlebot4_python_tutorials/install.log'
[2.950s] Invoked command in '/home/eduardo/turtlebot4_ws/src/turtlebot4_python_tutorials' returned '0': PYTHONPATH=/home/eduardo/turtlebot4_ws/build/turtlebot4_python_tutorials/prefix_override:/home/eduardo/turtlebot4_ws/install/turtlebot4_python_tutorials/lib/python3.10/site-packages:${PYTHONPATH} /usr/bin/python3 setup.py egg_info --egg-base ../../build/turtlebot4_python_tutorials build --build-base /home/eduardo/turtlebot4_ws/build/turtlebot4_python_tutorials/build install --record /home/eduardo/turtlebot4_ws/build/turtlebot4_python_tutorials/install.log --single-version-externally-managed
