[0.106s] Invoking command in '/home/eduardo/turtlebot4_ws/build/turtlebot4_ignition_toolbox': AMENT_PREFIX_PATH=/home/eduardo/turtlebot4_ws/install/turtlebot4_msgs:${AMENT_PREFIX_PATH} CMAKE_PREFIX_PATH=/home/eduardo/turtlebot4_ws/install/turtlebot4_msgs:/opt/ros/humble LD_LIBRARY_PATH=/home/eduardo/turtlebot4_ws/install/turtlebot4_msgs/lib:${LD_LIBRARY_PATH} PYTHONPATH=/home/eduardo/turtlebot4_ws/install/turtlebot4_msgs/local/lib/python3.10/dist-packages:${PYTHONPATH} /usr/bin/cmake /home/eduardo/turtlebot4_ws/src/turtlebot4_simulator/turtlebot4_ignition_toolbox -DCMAKE_INSTALL_PREFIX=/home/eduardo/turtlebot4_ws/install/turtlebot4_ignition_toolbox
[0.117s] -- Found ament_cmake: 1.3.6 (/opt/ros/humble/share/ament_cmake/cmake)
[0.234s] -- Override CMake install command with custom implementation using symlinks instead of copying resources
[0.240s] -- Found rclcpp: 16.0.7 (/opt/ros/humble/share/rclcpp/cmake)
[0.266s] -- Found rosidl_generator_c: 3.1.5 (/opt/ros/humble/share/rosidl_generator_c/cmake)
[0.268s] -- Found rosidl_adapter: 3.1.5 (/opt/ros/humble/share/rosidl_adapter/cmake)
[0.273s] -- Found rosidl_generator_cpp: 3.1.5 (/opt/ros/humble/share/rosidl_generator_cpp/cmake)
[0.283s] -- Using all available rosidl_typesupport_c: rosidl_typesupport_fastrtps_c;rosidl_typesupport_introspection_c
[0.298s] -- Using all available rosidl_typesupport_cpp: rosidl_typesupport_fastrtps_cpp;rosidl_typesupport_introspection_cpp
[0.351s] -- Found rmw_implementation_cmake: 6.1.1 (/opt/ros/humble/share/rmw_implementation_cmake/cmake)
[0.353s] -- Found rmw_fastrtps_cpp: 6.2.5 (/opt/ros/humble/share/rmw_fastrtps_cpp/cmake)
[0.463s] -- Using RMW implementation 'rmw_fastrtps_cpp' as default
[0.622s] -- Found rclcpp_action: 16.0.7 (/opt/ros/humble/share/rclcpp_action/cmake)
[0.708s] -- Found sensor_msgs: 4.2.3 (/opt/ros/humble/share/sensor_msgs/cmake)
[0.828s] -- Found turtlebot4_msgs: 1.0.4 (/home/eduardo/turtlebot4_ws/install/turtlebot4_msgs/share/turtlebot4_msgs/cmake)
[0.845s] -- Found ament_lint_auto: 0.12.9 (/opt/ros/humble/share/ament_lint_auto/cmake)
[0.905s] -- Added test 'cppcheck' to perform static code analysis on C / C++ code
[0.905s] -- Configured cppcheck include dirs: /home/eduardo/turtlebot4_ws/src/turtlebot4_simulator/turtlebot4_ignition_toolbox/include
[0.905s] -- Configured cppcheck exclude dirs and/or files: 
[0.906s] -- Added test 'cpplint' to check C / C++ code against the Google style
[0.906s] -- Configured cpplint exclude dirs and/or files: 
[0.907s] -- Added test 'lint_cmake' to check CMake code style
[0.908s] -- Added test 'uncrustify' to check C / C++ code style
[0.908s] -- Configured uncrustify additional arguments: 
[0.909s] -- Added test 'xmllint' to check XML markup files
[0.911s] -- Configuring done
[0.925s] -- Generating done
[0.927s] -- Build files have been written to: /home/eduardo/turtlebot4_ws/build/turtlebot4_ignition_toolbox
[0.933s] Invoked command in '/home/eduardo/turtlebot4_ws/build/turtlebot4_ignition_toolbox' returned '0': AMENT_PREFIX_PATH=/home/eduardo/turtlebot4_ws/install/turtlebot4_msgs:${AMENT_PREFIX_PATH} CMAKE_PREFIX_PATH=/home/eduardo/turtlebot4_ws/install/turtlebot4_msgs:/opt/ros/humble LD_LIBRARY_PATH=/home/eduardo/turtlebot4_ws/install/turtlebot4_msgs/lib:${LD_LIBRARY_PATH} PYTHONPATH=/home/eduardo/turtlebot4_ws/install/turtlebot4_msgs/local/lib/python3.10/dist-packages:${PYTHONPATH} /usr/bin/cmake /home/eduardo/turtlebot4_ws/src/turtlebot4_simulator/turtlebot4_ignition_toolbox -DCMAKE_INSTALL_PREFIX=/home/eduardo/turtlebot4_ws/install/turtlebot4_ignition_toolbox
[0.935s] Invoking command in '/home/eduardo/turtlebot4_ws/build/turtlebot4_ignition_toolbox': AMENT_PREFIX_PATH=/home/eduardo/turtlebot4_ws/install/turtlebot4_msgs:${AMENT_PREFIX_PATH} CMAKE_PREFIX_PATH=/home/eduardo/turtlebot4_ws/install/turtlebot4_msgs:/opt/ros/humble LD_LIBRARY_PATH=/home/eduardo/turtlebot4_ws/install/turtlebot4_msgs/lib:${LD_LIBRARY_PATH} PYTHONPATH=/home/eduardo/turtlebot4_ws/install/turtlebot4_msgs/local/lib/python3.10/dist-packages:${PYTHONPATH} /usr/bin/cmake --build /home/eduardo/turtlebot4_ws/build/turtlebot4_ignition_toolbox -- -j12 -l12
[0.969s] [35m[1mConsolidate compiler generated dependencies of target turtlebot4_ignition_toolbox_lib[0m
[0.987s] [ 60%] Built target turtlebot4_ignition_toolbox_lib
[0.997s] [35m[1mConsolidate compiler generated dependencies of target turtlebot4_ignition_hmi_node[0m
[1.014s] [100%] Built target turtlebot4_ignition_hmi_node
[1.024s] Invoked command in '/home/eduardo/turtlebot4_ws/build/turtlebot4_ignition_toolbox' returned '0': AMENT_PREFIX_PATH=/home/eduardo/turtlebot4_ws/install/turtlebot4_msgs:${AMENT_PREFIX_PATH} CMAKE_PREFIX_PATH=/home/eduardo/turtlebot4_ws/install/turtlebot4_msgs:/opt/ros/humble LD_LIBRARY_PATH=/home/eduardo/turtlebot4_ws/install/turtlebot4_msgs/lib:${LD_LIBRARY_PATH} PYTHONPATH=/home/eduardo/turtlebot4_ws/install/turtlebot4_msgs/local/lib/python3.10/dist-packages:${PYTHONPATH} /usr/bin/cmake --build /home/eduardo/turtlebot4_ws/build/turtlebot4_ignition_toolbox -- -j12 -l12
[1.050s] Invoking command in '/home/eduardo/turtlebot4_ws/build/turtlebot4_ignition_toolbox': AMENT_PREFIX_PATH=/home/eduardo/turtlebot4_ws/install/turtlebot4_msgs:${AMENT_PREFIX_PATH} CMAKE_PREFIX_PATH=/home/eduardo/turtlebot4_ws/install/turtlebot4_msgs:/opt/ros/humble LD_LIBRARY_PATH=/home/eduardo/turtlebot4_ws/install/turtlebot4_msgs/lib:${LD_LIBRARY_PATH} PYTHONPATH=/home/eduardo/turtlebot4_ws/install/turtlebot4_msgs/local/lib/python3.10/dist-packages:${PYTHONPATH} /usr/bin/cmake --install /home/eduardo/turtlebot4_ws/build/turtlebot4_ignition_toolbox
[1.056s] -- Install configuration: ""
[1.056s] -- Execute custom install script
[1.057s] -- Up-to-date symlink: /home/eduardo/turtlebot4_ws/install/turtlebot4_ignition_toolbox/lib/turtlebot4_ignition_toolbox/turtlebot4_ignition_hmi_node
[1.057s] -- Up-to-date symlink: /home/eduardo/turtlebot4_ws/install/turtlebot4_ignition_toolbox/share/ament_index/resource_index/package_run_dependencies/turtlebot4_ignition_toolbox
[1.057s] -- Up-to-date symlink: /home/eduardo/turtlebot4_ws/install/turtlebot4_ignition_toolbox/share/ament_index/resource_index/parent_prefix_path/turtlebot4_ignition_toolbox
[1.057s] -- Up-to-date symlink: /home/eduardo/turtlebot4_ws/install/turtlebot4_ignition_toolbox/share/turtlebot4_ignition_toolbox/environment/ament_prefix_path.sh
[1.057s] -- Up-to-date symlink: /home/eduardo/turtlebot4_ws/install/turtlebot4_ignition_toolbox/share/turtlebot4_ignition_toolbox/environment/ament_prefix_path.dsv
[1.057s] -- Up-to-date symlink: /home/eduardo/turtlebot4_ws/install/turtlebot4_ignition_toolbox/share/turtlebot4_ignition_toolbox/environment/path.sh
[1.057s] -- Up-to-date symlink: /home/eduardo/turtlebot4_ws/install/turtlebot4_ignition_toolbox/share/turtlebot4_ignition_toolbox/environment/path.dsv
[1.058s] -- Up-to-date symlink: /home/eduardo/turtlebot4_ws/install/turtlebot4_ignition_toolbox/share/turtlebot4_ignition_toolbox/local_setup.bash
[1.058s] -- Up-to-date symlink: /home/eduardo/turtlebot4_ws/install/turtlebot4_ignition_toolbox/share/turtlebot4_ignition_toolbox/local_setup.sh
[1.058s] -- Up-to-date symlink: /home/eduardo/turtlebot4_ws/install/turtlebot4_ignition_toolbox/share/turtlebot4_ignition_toolbox/local_setup.zsh
[1.058s] -- Up-to-date symlink: /home/eduardo/turtlebot4_ws/install/turtlebot4_ignition_toolbox/share/turtlebot4_ignition_toolbox/local_setup.dsv
[1.058s] -- Symlinking: /home/eduardo/turtlebot4_ws/install/turtlebot4_ignition_toolbox/share/turtlebot4_ignition_toolbox/package.dsv
[1.066s] -- Up-to-date symlink: /home/eduardo/turtlebot4_ws/install/turtlebot4_ignition_toolbox/share/ament_index/resource_index/packages/turtlebot4_ignition_toolbox
[1.066s] -- Up-to-date symlink: /home/eduardo/turtlebot4_ws/install/turtlebot4_ignition_toolbox/share/turtlebot4_ignition_toolbox/cmake/ament_cmake_export_include_directories-extras.cmake
[1.067s] -- Up-to-date symlink: /home/eduardo/turtlebot4_ws/install/turtlebot4_ignition_toolbox/share/turtlebot4_ignition_toolbox/cmake/turtlebot4_ignition_toolboxConfig.cmake
[1.067s] -- Up-to-date symlink: /home/eduardo/turtlebot4_ws/install/turtlebot4_ignition_toolbox/share/turtlebot4_ignition_toolbox/cmake/turtlebot4_ignition_toolboxConfig-version.cmake
[1.067s] -- Up-to-date symlink: /home/eduardo/turtlebot4_ws/install/turtlebot4_ignition_toolbox/share/turtlebot4_ignition_toolbox/package.xml
[1.068s] Invoked command in '/home/eduardo/turtlebot4_ws/build/turtlebot4_ignition_toolbox' returned '0': AMENT_PREFIX_PATH=/home/eduardo/turtlebot4_ws/install/turtlebot4_msgs:${AMENT_PREFIX_PATH} CMAKE_PREFIX_PATH=/home/eduardo/turtlebot4_ws/install/turtlebot4_msgs:/opt/ros/humble LD_LIBRARY_PATH=/home/eduardo/turtlebot4_ws/install/turtlebot4_msgs/lib:${LD_LIBRARY_PATH} PYTHONPATH=/home/eduardo/turtlebot4_ws/install/turtlebot4_msgs/local/lib/python3.10/dist-packages:${PYTHONPATH} /usr/bin/cmake --install /home/eduardo/turtlebot4_ws/build/turtlebot4_ignition_toolbox
