[0.162s] Invoking command in '/home/eduardo/turtlebot4_ws/build/turtlebot4_node': CMAKE_PREFIX_PATH=/home/eduardo/turtlebot4_ws/install/turtlebot4_msgs:/home/eduardo/turtlebot4_ws/install/turtlebot4_simulator:/home/eduardo/turtlebot4_ws/install/turtlebot4_ignition_bringup:/home/eduardo/turtlebot4_ws/install/turtlebot4_node:/home/eduardo/turtlebot4_ws/install/turtlebot4_navigation:/home/eduardo/turtlebot4_ws/install/turtlebot4_ignition_toolbox:/home/eduardo/turtlebot4_ws/install/turtlebot4_ignition_gui_plugins:/home/eduardo/turtlebot4_ws/install/turtlebot4_description:/home/eduardo/turtlebot4_ws/install/turtlebot4_python_tutorials:/home/eduardo/turtlebot4_ws/install/robot_movement:/opt/ros/humble /usr/bin/cmake --build /home/eduardo/turtlebot4_ws/build/turtlebot4_node -- -j12 -l12
[0.288s] [ 75%] Built target turtlebot4_node_lib
[0.349s] [100%] Built target turtlebot4_node
[0.449s] Invoked command in '/home/eduardo/turtlebot4_ws/build/turtlebot4_node' returned '0': CMAKE_PREFIX_PATH=/home/eduardo/turtlebot4_ws/install/turtlebot4_msgs:/home/eduardo/turtlebot4_ws/install/turtlebot4_simulator:/home/eduardo/turtlebot4_ws/install/turtlebot4_ignition_bringup:/home/eduardo/turtlebot4_ws/install/turtlebot4_node:/home/eduardo/turtlebot4_ws/install/turtlebot4_navigation:/home/eduardo/turtlebot4_ws/install/turtlebot4_ignition_toolbox:/home/eduardo/turtlebot4_ws/install/turtlebot4_ignition_gui_plugins:/home/eduardo/turtlebot4_ws/install/turtlebot4_description:/home/eduardo/turtlebot4_ws/install/turtlebot4_python_tutorials:/home/eduardo/turtlebot4_ws/install/robot_movement:/opt/ros/humble /usr/bin/cmake --build /home/eduardo/turtlebot4_ws/build/turtlebot4_node -- -j12 -l12
[0.512s] Invoking command in '/home/eduardo/turtlebot4_ws/build/turtlebot4_node': CMAKE_PREFIX_PATH=/home/eduardo/turtlebot4_ws/install/turtlebot4_msgs:/home/eduardo/turtlebot4_ws/install/turtlebot4_simulator:/home/eduardo/turtlebot4_ws/install/turtlebot4_ignition_bringup:/home/eduardo/turtlebot4_ws/install/turtlebot4_node:/home/eduardo/turtlebot4_ws/install/turtlebot4_navigation:/home/eduardo/turtlebot4_ws/install/turtlebot4_ignition_toolbox:/home/eduardo/turtlebot4_ws/install/turtlebot4_ignition_gui_plugins:/home/eduardo/turtlebot4_ws/install/turtlebot4_description:/home/eduardo/turtlebot4_ws/install/turtlebot4_python_tutorials:/home/eduardo/turtlebot4_ws/install/robot_movement:/opt/ros/humble /usr/bin/cmake --install /home/eduardo/turtlebot4_ws/build/turtlebot4_node
[0.525s] -- Install configuration: ""
[0.526s] -- Execute custom install script
[0.526s] -- Up-to-date symlink: /home/eduardo/turtlebot4_ws/install/turtlebot4_node/lib/turtlebot4_node/turtlebot4_node
[0.527s] -- Up-to-date symlink: /home/eduardo/turtlebot4_ws/install/turtlebot4_node/include/turtlebot4_node/action.hpp
[0.527s] -- Up-to-date symlink: /home/eduardo/turtlebot4_ws/install/turtlebot4_node/include/turtlebot4_node/buttons.hpp
[0.528s] -- Up-to-date symlink: /home/eduardo/turtlebot4_ws/install/turtlebot4_node/include/turtlebot4_node/display.hpp
[0.528s] -- Up-to-date symlink: /home/eduardo/turtlebot4_ws/install/turtlebot4_node/include/turtlebot4_node/leds.hpp
[0.528s] -- Up-to-date symlink: /home/eduardo/turtlebot4_ws/install/turtlebot4_node/include/turtlebot4_node/service.hpp
[0.529s] -- Up-to-date symlink: /home/eduardo/turtlebot4_ws/install/turtlebot4_node/include/turtlebot4_node/turtlebot4.hpp
[0.529s] -- Up-to-date symlink: /home/eduardo/turtlebot4_ws/install/turtlebot4_node/include/turtlebot4_node/utils.hpp
[0.529s] -- Up-to-date symlink: /home/eduardo/turtlebot4_ws/install/turtlebot4_node/share/ament_index/resource_index/package_run_dependencies/turtlebot4_node
[0.529s] -- Up-to-date symlink: /home/eduardo/turtlebot4_ws/install/turtlebot4_node/share/ament_index/resource_index/parent_prefix_path/turtlebot4_node
[0.529s] -- Up-to-date symlink: /home/eduardo/turtlebot4_ws/install/turtlebot4_node/share/turtlebot4_node/environment/ament_prefix_path.sh
[0.530s] -- Up-to-date symlink: /home/eduardo/turtlebot4_ws/install/turtlebot4_node/share/turtlebot4_node/environment/ament_prefix_path.dsv
[0.530s] -- Up-to-date symlink: /home/eduardo/turtlebot4_ws/install/turtlebot4_node/share/turtlebot4_node/environment/path.sh
[0.530s] -- Up-to-date symlink: /home/eduardo/turtlebot4_ws/install/turtlebot4_node/share/turtlebot4_node/environment/path.dsv
[0.530s] -- Up-to-date symlink: /home/eduardo/turtlebot4_ws/install/turtlebot4_node/share/turtlebot4_node/local_setup.bash
[0.531s] -- Up-to-date symlink: /home/eduardo/turtlebot4_ws/install/turtlebot4_node/share/turtlebot4_node/local_setup.sh
[0.531s] -- Up-to-date symlink: /home/eduardo/turtlebot4_ws/install/turtlebot4_node/share/turtlebot4_node/local_setup.zsh
[0.531s] -- Up-to-date symlink: /home/eduardo/turtlebot4_ws/install/turtlebot4_node/share/turtlebot4_node/local_setup.dsv
[0.532s] -- Symlinking: /home/eduardo/turtlebot4_ws/install/turtlebot4_node/share/turtlebot4_node/package.dsv
[0.548s] -- Up-to-date symlink: /home/eduardo/turtlebot4_ws/install/turtlebot4_node/share/ament_index/resource_index/packages/turtlebot4_node
[0.549s] -- Up-to-date symlink: /home/eduardo/turtlebot4_ws/install/turtlebot4_node/share/turtlebot4_node/cmake/ament_cmake_export_include_directories-extras.cmake
[0.550s] -- Up-to-date symlink: /home/eduardo/turtlebot4_ws/install/turtlebot4_node/share/turtlebot4_node/cmake/turtlebot4_nodeConfig.cmake
[0.550s] -- Up-to-date symlink: /home/eduardo/turtlebot4_ws/install/turtlebot4_node/share/turtlebot4_node/cmake/turtlebot4_nodeConfig-version.cmake
[0.551s] -- Up-to-date symlink: /home/eduardo/turtlebot4_ws/install/turtlebot4_node/share/turtlebot4_node/package.xml
[0.656s] Invoked command in '/home/eduardo/turtlebot4_ws/build/turtlebot4_node' returned '0': CMAKE_PREFIX_PATH=/home/eduardo/turtlebot4_ws/install/turtlebot4_msgs:/home/eduardo/turtlebot4_ws/install/turtlebot4_simulator:/home/eduardo/turtlebot4_ws/install/turtlebot4_ignition_bringup:/home/eduardo/turtlebot4_ws/install/turtlebot4_node:/home/eduardo/turtlebot4_ws/install/turtlebot4_navigation:/home/eduardo/turtlebot4_ws/install/turtlebot4_ignition_toolbox:/home/eduardo/turtlebot4_ws/install/turtlebot4_ignition_gui_plugins:/home/eduardo/turtlebot4_ws/install/turtlebot4_description:/home/eduardo/turtlebot4_ws/install/turtlebot4_python_tutorials:/home/eduardo/turtlebot4_ws/install/robot_movement:/opt/ros/humble /usr/bin/cmake --install /home/eduardo/turtlebot4_ws/build/turtlebot4_node
