[0.095s] Invoking command in '/home/eduardo/turtlebot4_ws/build/turtlebot4_ignition_gui_plugins': CMAKE_PREFIX_PATH=/opt/ros/humble /usr/bin/cmake /home/eduardo/turtlebot4_ws/src/turtlebot4_simulator/turtlebot4_ignition_gui_plugins -DAMENT_CMAKE_SYMLINK_INSTALL=1 -DCMAKE_INSTALL_PREFIX=/home/eduardo/turtlebot4_ws/install/turtlebot4_ignition_gui_plugins
[0.151s] -- The C compiler identification is GNU 11.4.0
[0.212s] -- The CXX compiler identification is GNU 11.4.0
[0.218s] -- Detecting C compiler ABI info
[0.286s] -- Detecting C compiler ABI info - done
[0.300s] -- Check for working C compiler: /usr/bin/cc - skipped
[0.301s] -- Detecting C compile features
[0.301s] -- Detecting C compile features - done
[0.305s] -- Detecting CXX compiler ABI info
[0.376s] -- Detecting CXX compiler ABI info - done
[0.390s] -- Check for working CXX compiler: /usr/bin/c++ - skipped
[0.390s] -- Detecting CXX compile features
[0.391s] -- Detecting CXX compile features - done
[0.393s] -- Found ament_cmake: 1.3.5 (/opt/ros/humble/share/ament_cmake/cmake)
[0.544s] -- Found Python3: /usr/bin/python3.10 (found version "3.10.12") found components: Interpreter 
[0.596s] -- Override CMake install command with custom implementation using symlinks instead of copying resources
[0.621s] -- Found ament_lint_auto: 0.12.8 (/opt/ros/humble/share/ament_lint_auto/cmake)
[0.723s] -- Looking for ignition-gui6 -- found version 6.8.0
[0.731s] -- Searching for dependencies of ignition-gui6
[0.875s] -- Found Protobuf: /usr/lib/x86_64-linux-gnu/libprotobuf.so (found suitable version "3.12.4", minimum required is "3") 
[0.879s] -- Checking for module 'tinyxml2'
[0.889s] --   Found tinyxml2, version 9.0.0
[0.916s] -- Looking for ignition-math6 -- found version 6.15.0
[0.917s] -- Searching for dependencies of ignition-math6
[0.920s] -- Looking for ignition-common4 -- found version 4.7.0
[0.920s] -- Searching for dependencies of ignition-common4
[0.921s] -- Looking for dlfcn.h - found
[0.922s] -- Looking for libdl - found
[0.924s] -- Found DL: TRUE  
[0.929s] -- Checking for module 'uuid'
[0.941s] --   Found uuid, version 2.37.2
[0.967s] -- Found UUID: TRUE  
[0.968s] -- Searching for <ignition-common4> component [profiler]
[0.970s] -- Looking for ignition-common4-profiler -- found version 4.7.0
[0.970s] -- Searching for dependencies of ignition-common4-profiler
[0.972s] -- Looking for ignition-plugin1 -- found version 1.4.0
[0.973s] -- Searching for dependencies of ignition-plugin1
[0.973s] -- Searching for <ignition-plugin1> component [loader]
[0.975s] -- Looking for ignition-plugin1-loader -- found version 1.4.0
[0.975s] -- Searching for dependencies of ignition-plugin1-loader
[0.976s] -- Searching for <ignition-plugin1> component [register]
[0.977s] -- Looking for ignition-plugin1-register -- found version 1.4.0
[0.978s] -- Searching for dependencies of ignition-plugin1-register
[0.980s] -- Looking for ignition-transport11 -- found version 11.4.1
[0.980s] -- Searching for dependencies of ignition-transport11
[0.996s] -- Found Protobuf: /usr/lib/x86_64-linux-gnu/libprotobuf.so (found version "3.12.4") 
[1.007s] -- Config-file not installed for ZeroMQ -- checking for pkg-config
[1.011s] -- Checking for module 'libzmq >= 4'
[1.023s] --   Found libzmq , version 4.3.4
[1.055s] -- Found ZeroMQ: TRUE (Required is at least version "4") 
[1.068s] -- Looking for ignition-utils1 -- found version 1.5.1
[1.068s] -- Searching for dependencies of ignition-utils1
[1.069s] -- Searching for <ignition-utils1> component [cli]
[1.071s] -- Looking for ignition-utils1-cli -- found version 1.5.1
[1.071s] -- Searching for dependencies of ignition-utils1-cli
[1.073s] -- Looking for ignition-msgs8 -- found version 8.7.0
[1.073s] -- Searching for dependencies of ignition-msgs8
[1.090s] -- Found Protobuf: /usr/lib/x86_64-linux-gnu/libprotobuf.so (found suitable version "3.12.4", minimum required is "3") 
[1.091s] -- Looking for ignition-math6 -- found version 6.15.0
[1.099s] -- Looking for ignition-rendering6 -- found version 6.6.2
[1.099s] -- Searching for dependencies of ignition-rendering6
[1.099s] -- Looking for ignition-math6 -- found version 6.15.0
[1.100s] -- Searching for dependencies of ignition-math6
[1.100s] -- Searching for <ignition-math6> component [eigen3]
[1.102s] -- Looking for ignition-math6-eigen3 -- found version 6.15.0
[1.102s] -- Searching for dependencies of ignition-math6-eigen3
[1.110s] -- Looking for ignition-common4 -- found version 4.7.0
[1.110s] -- Searching for dependencies of ignition-common4
[1.110s] -- Looking for dlfcn.h - found
[1.111s] -- Looking for libdl - found
[1.118s] -- Searching for <ignition-common4> component [graphics]
[1.120s] -- Looking for ignition-common4-graphics -- found version 4.7.0
[1.120s] -- Searching for dependencies of ignition-common4-graphics
[1.120s] -- Looking for ignition-math6 -- found version 6.15.0
[1.121s] -- Looking for ignition-utils1 -- found version 1.5.1
[1.121s] -- Searching for <ignition-common4> component [events]
[1.123s] -- Looking for ignition-common4-events -- found version 4.7.0
[1.123s] -- Searching for dependencies of ignition-common4-events
[1.124s] -- Looking for ignition-math6 -- found version 6.15.0
[1.124s] -- Looking for ignition-plugin1 -- found version 1.4.0
[1.125s] -- Searching for dependencies of ignition-plugin1
[1.125s] -- Searching for <ignition-plugin1> component [all]
[1.127s] -- Looking for all libraries of ignition-plugin1 -- found version 1.4.0
[1.127s] -- Looking for ignition-plugin1 -- found version 1.4.0
[1.129s] -- Looking for ignition-msgs8 -- found version 8.7.0
[1.133s] -- Looking for ignition-common4 -- found version 4.7.0
[1.138s] -- Added test 'cppcheck' to perform static code analysis on C / C++ code
[1.138s] -- Configured cppcheck include dirs: 
[1.138s] -- Configured cppcheck exclude dirs and/or files: 
[1.139s] -- Added test 'cpplint' to check C / C++ code against the Google style
[1.139s] -- Configured cpplint exclude dirs and/or files: 
[1.140s] -- Added test 'lint_cmake' to check CMake code style
[1.140s] -- Added test 'xmllint' to check XML markup files
[1.142s] -- Configuring done
[1.159s] -- Generating done
[1.160s] -- Build files have been written to: /home/eduardo/turtlebot4_ws/build/turtlebot4_ignition_gui_plugins
[1.233s] Invoked command in '/home/eduardo/turtlebot4_ws/build/turtlebot4_ignition_gui_plugins' returned '0': CMAKE_PREFIX_PATH=/opt/ros/humble /usr/bin/cmake /home/eduardo/turtlebot4_ws/src/turtlebot4_simulator/turtlebot4_ignition_gui_plugins -DAMENT_CMAKE_SYMLINK_INSTALL=1 -DCMAKE_INSTALL_PREFIX=/home/eduardo/turtlebot4_ws/install/turtlebot4_ignition_gui_plugins
[1.234s] Invoking command in '/home/eduardo/turtlebot4_ws/build/turtlebot4_ignition_gui_plugins': CMAKE_PREFIX_PATH=/opt/ros/humble /usr/bin/cmake --build /home/eduardo/turtlebot4_ws/build/turtlebot4_ignition_gui_plugins -- -j12 -l12
[1.274s] [ 16%] [34m[1mAutomatic MOC for target Turtlebot4Hmi[0m
[2.448s] [ 16%] Built target Turtlebot4Hmi_autogen
[2.456s] [ 33%] [34m[1mGenerating qrc_Turtlebot4Hmi.cpp[0m
[2.480s] [ 66%] [32mBuilding CXX object Turtlebot4Hmi/CMakeFiles/Turtlebot4Hmi.dir/Turtlebot4Hmi_autogen/mocs_compilation.cpp.o[0m
[2.480s] [ 83%] [32mBuilding CXX object Turtlebot4Hmi/CMakeFiles/Turtlebot4Hmi.dir/qrc_Turtlebot4Hmi.cpp.o[0m
[2.480s] [ 83%] [32mBuilding CXX object Turtlebot4Hmi/CMakeFiles/Turtlebot4Hmi.dir/Turtlebot4Hmi.cc.o[0m
[9.879s] [100%] [32m[1mLinking CXX shared library libTurtlebot4Hmi.so[0m
[10.217s] [100%] Built target Turtlebot4Hmi
[10.227s] Invoked command in '/home/eduardo/turtlebot4_ws/build/turtlebot4_ignition_gui_plugins' returned '0': CMAKE_PREFIX_PATH=/opt/ros/humble /usr/bin/cmake --build /home/eduardo/turtlebot4_ws/build/turtlebot4_ignition_gui_plugins -- -j12 -l12
[10.248s] Invoking command in '/home/eduardo/turtlebot4_ws/build/turtlebot4_ignition_gui_plugins': CMAKE_PREFIX_PATH=/opt/ros/humble /usr/bin/cmake --install /home/eduardo/turtlebot4_ws/build/turtlebot4_ignition_gui_plugins
[10.254s] -- Install configuration: ""
[10.254s] -- Execute custom install script
[10.254s] -- Symlinking: /home/eduardo/turtlebot4_ws/install/turtlebot4_ignition_gui_plugins/share/turtlebot4_ignition_gui_plugins/lib/libTurtlebot4Hmi.so
[10.262s] -- Symlinking: /home/eduardo/turtlebot4_ws/install/turtlebot4_ignition_gui_plugins/share/ament_index/resource_index/package_run_dependencies/turtlebot4_ignition_gui_plugins
[10.270s] -- Symlinking: /home/eduardo/turtlebot4_ws/install/turtlebot4_ignition_gui_plugins/share/ament_index/resource_index/parent_prefix_path/turtlebot4_ignition_gui_plugins
[10.278s] -- Symlinking: /home/eduardo/turtlebot4_ws/install/turtlebot4_ignition_gui_plugins/share/turtlebot4_ignition_gui_plugins/environment/ament_prefix_path.sh
[10.285s] -- Symlinking: /home/eduardo/turtlebot4_ws/install/turtlebot4_ignition_gui_plugins/share/turtlebot4_ignition_gui_plugins/environment/ament_prefix_path.dsv
[10.293s] -- Symlinking: /home/eduardo/turtlebot4_ws/install/turtlebot4_ignition_gui_plugins/share/turtlebot4_ignition_gui_plugins/environment/path.sh
[10.300s] -- Symlinking: /home/eduardo/turtlebot4_ws/install/turtlebot4_ignition_gui_plugins/share/turtlebot4_ignition_gui_plugins/environment/path.dsv
[10.308s] -- Symlinking: /home/eduardo/turtlebot4_ws/install/turtlebot4_ignition_gui_plugins/share/turtlebot4_ignition_gui_plugins/local_setup.bash
[10.315s] -- Symlinking: /home/eduardo/turtlebot4_ws/install/turtlebot4_ignition_gui_plugins/share/turtlebot4_ignition_gui_plugins/local_setup.sh
[10.322s] -- Symlinking: /home/eduardo/turtlebot4_ws/install/turtlebot4_ignition_gui_plugins/share/turtlebot4_ignition_gui_plugins/local_setup.zsh
[10.330s] -- Symlinking: /home/eduardo/turtlebot4_ws/install/turtlebot4_ignition_gui_plugins/share/turtlebot4_ignition_gui_plugins/local_setup.dsv
[10.337s] -- Symlinking: /home/eduardo/turtlebot4_ws/install/turtlebot4_ignition_gui_plugins/share/turtlebot4_ignition_gui_plugins/package.dsv
[10.345s] -- Symlinking: /home/eduardo/turtlebot4_ws/install/turtlebot4_ignition_gui_plugins/share/ament_index/resource_index/packages/turtlebot4_ignition_gui_plugins
[10.352s] -- Symlinking: /home/eduardo/turtlebot4_ws/install/turtlebot4_ignition_gui_plugins/share/turtlebot4_ignition_gui_plugins/cmake/turtlebot4_ignition_gui_pluginsConfig.cmake
[10.359s] -- Symlinking: /home/eduardo/turtlebot4_ws/install/turtlebot4_ignition_gui_plugins/share/turtlebot4_ignition_gui_plugins/cmake/turtlebot4_ignition_gui_pluginsConfig-version.cmake
[10.367s] -- Symlinking: /home/eduardo/turtlebot4_ws/install/turtlebot4_ignition_gui_plugins/share/turtlebot4_ignition_gui_plugins/package.xml
[10.376s] Invoked command in '/home/eduardo/turtlebot4_ws/build/turtlebot4_ignition_gui_plugins' returned '0': CMAKE_PREFIX_PATH=/opt/ros/humble /usr/bin/cmake --install /home/eduardo/turtlebot4_ws/build/turtlebot4_ignition_gui_plugins
