[0.169s] Invoking command in '/home/eduardo/turtlebot4_ws/build/turtlebot4_ignition_gui_plugins': CMAKE_PREFIX_PATH=/opt/ros/humble /usr/bin/cmake /home/eduardo/turtlebot4_ws/src/turtlebot4_simulator/turtlebot4_ignition_gui_plugins -DCMAKE_INSTALL_PREFIX=/home/eduardo/turtlebot4_ws/install/turtlebot4_ignition_gui_plugins
[0.181s] -- Found ament_cmake: 1.3.6 (/opt/ros/humble/share/ament_cmake/cmake)
[0.310s] -- Override CMake install command with custom implementation using symlinks instead of copying resources
[0.317s] -- Found ament_lint_auto: 0.12.9 (/opt/ros/humble/share/ament_lint_auto/cmake)
[0.395s] -- Looking for ignition-gui6 -- found version 6.8.0
[0.399s] -- Searching for dependencies of ignition-gui6
[0.421s] -- Checking for module 'tinyxml2'
[0.433s] --   Found tinyxml2, version 9.0.0
[0.462s] -- Looking for ignition-math6 -- found version 6.15.0
[0.463s] -- Searching for dependencies of ignition-math6
[0.464s] -- Looking for ignition-common4 -- found version 4.7.0
[0.464s] -- Searching for dependencies of ignition-common4
[0.464s] -- Looking for dlfcn.h - found
[0.464s] -- Looking for libdl - found
[0.470s] -- Checking for module 'uuid'
[0.480s] --   Found uuid, version 2.37.2
[0.506s] -- Searching for <ignition-common4> component [profiler]
[0.507s] -- Looking for ignition-common4-profiler -- found version 4.7.0
[0.508s] -- Searching for dependencies of ignition-common4-profiler
[0.508s] -- Looking for ignition-plugin1 -- found version 1.4.0
[0.508s] -- Searching for dependencies of ignition-plugin1
[0.509s] -- Searching for <ignition-plugin1> component [loader]
[0.510s] -- Looking for ignition-plugin1-loader -- found version 1.4.0
[0.510s] -- Searching for dependencies of ignition-plugin1-loader
[0.510s] -- Searching for <ignition-plugin1> component [register]
[0.511s] -- Looking for ignition-plugin1-register -- found version 1.4.0
[0.511s] -- Searching for dependencies of ignition-plugin1-register
[0.511s] -- Looking for ignition-transport11 -- found version 11.4.1
[0.512s] -- Searching for dependencies of ignition-transport11
[0.529s] -- Found Protobuf: /usr/lib/x86_64-linux-gnu/libprotobuf.so (found version "3.12.4") 
[0.539s] -- Config-file not installed for ZeroMQ -- checking for pkg-config
[0.543s] -- Checking for module 'libzmq >= 4'
[0.554s] --   Found libzmq , version 4.3.4
[0.597s] -- Looking for ignition-utils1 -- found version 1.5.1
[0.597s] -- Searching for dependencies of ignition-utils1
[0.598s] -- Searching for <ignition-utils1> component [cli]
[0.598s] -- Looking for ignition-utils1-cli -- found version 1.5.1
[0.599s] -- Searching for dependencies of ignition-utils1-cli
[0.600s] -- Looking for ignition-msgs8 -- found version 8.7.0
[0.601s] -- Searching for dependencies of ignition-msgs8
[0.619s] -- Found Protobuf: /usr/lib/x86_64-linux-gnu/libprotobuf.so (found suitable version "3.12.4", minimum required is "3") 
[0.620s] -- Looking for ignition-math6 -- found version 6.15.0
[0.628s] -- Looking for ignition-rendering6 -- found version 6.6.2
[0.628s] -- Searching for dependencies of ignition-rendering6
[0.629s] -- Looking for ignition-math6 -- found version 6.15.0
[0.629s] -- Searching for dependencies of ignition-math6
[0.629s] -- Searching for <ignition-math6> component [eigen3]
[0.630s] -- Looking for ignition-math6-eigen3 -- found version 6.15.0
[0.630s] -- Searching for dependencies of ignition-math6-eigen3
[0.632s] -- Looking for ignition-common4 -- found version 4.7.0
[0.633s] -- Searching for dependencies of ignition-common4
[0.633s] -- Looking for dlfcn.h - found
[0.634s] -- Looking for libdl - found
[0.643s] -- Searching for <ignition-common4> component [graphics]
[0.643s] -- Looking for ignition-common4-graphics -- found version 4.7.0
[0.644s] -- Searching for dependencies of ignition-common4-graphics
[0.644s] -- Looking for ignition-math6 -- found version 6.15.0
[0.645s] -- Looking for ignition-utils1 -- found version 1.5.1
[0.646s] -- Searching for <ignition-common4> component [events]
[0.647s] -- Looking for ignition-common4-events -- found version 4.7.0
[0.647s] -- Searching for dependencies of ignition-common4-events
[0.647s] -- Looking for ignition-math6 -- found version 6.15.0
[0.648s] -- Looking for ignition-plugin1 -- found version 1.4.0
[0.648s] -- Searching for dependencies of ignition-plugin1
[0.649s] -- Searching for <ignition-plugin1> component [all]
[0.649s] -- Looking for all libraries of ignition-plugin1 -- found version 1.4.0
[0.650s] -- Looking for ignition-plugin1 -- found version 1.4.0
[0.652s] -- Looking for ignition-msgs8 -- found version 8.7.0
[0.656s] -- Looking for ignition-common4 -- found version 4.7.0
[0.661s] -- Added test 'cppcheck' to perform static code analysis on C / C++ code
[0.662s] -- Configured cppcheck include dirs: 
[0.662s] -- Configured cppcheck exclude dirs and/or files: 
[0.662s] -- Added test 'cpplint' to check C / C++ code against the Google style
[0.663s] -- Configured cpplint exclude dirs and/or files: 
[0.663s] -- Added test 'lint_cmake' to check CMake code style
[0.664s] -- Added test 'xmllint' to check XML markup files
[0.665s] -- Configuring done
[0.682s] -- Generating done
[0.685s] -- Build files have been written to: /home/eduardo/turtlebot4_ws/build/turtlebot4_ignition_gui_plugins
[0.734s] Invoked command in '/home/eduardo/turtlebot4_ws/build/turtlebot4_ignition_gui_plugins' returned '0': CMAKE_PREFIX_PATH=/opt/ros/humble /usr/bin/cmake /home/eduardo/turtlebot4_ws/src/turtlebot4_simulator/turtlebot4_ignition_gui_plugins -DCMAKE_INSTALL_PREFIX=/home/eduardo/turtlebot4_ws/install/turtlebot4_ignition_gui_plugins
[0.736s] Invoking command in '/home/eduardo/turtlebot4_ws/build/turtlebot4_ignition_gui_plugins': CMAKE_PREFIX_PATH=/opt/ros/humble /usr/bin/cmake --build /home/eduardo/turtlebot4_ws/build/turtlebot4_ignition_gui_plugins -- -j12 -l12
[0.786s] [ 16%] [34m[1mAutomatic MOC for target Turtlebot4Hmi[0m
[0.808s] [ 16%] Built target Turtlebot4Hmi_autogen
[0.821s] [35m[1mConsolidate compiler generated dependencies of target Turtlebot4Hmi[0m
[0.853s] [100%] Built target Turtlebot4Hmi
[0.866s] Invoked command in '/home/eduardo/turtlebot4_ws/build/turtlebot4_ignition_gui_plugins' returned '0': CMAKE_PREFIX_PATH=/opt/ros/humble /usr/bin/cmake --build /home/eduardo/turtlebot4_ws/build/turtlebot4_ignition_gui_plugins -- -j12 -l12
[0.889s] Invoking command in '/home/eduardo/turtlebot4_ws/build/turtlebot4_ignition_gui_plugins': CMAKE_PREFIX_PATH=/opt/ros/humble /usr/bin/cmake --install /home/eduardo/turtlebot4_ws/build/turtlebot4_ignition_gui_plugins
[0.896s] -- Install configuration: ""
[0.897s] -- Execute custom install script
[0.897s] -- Up-to-date symlink: /home/eduardo/turtlebot4_ws/install/turtlebot4_ignition_gui_plugins/share/turtlebot4_ignition_gui_plugins/lib/libTurtlebot4Hmi.so
[0.897s] -- Up-to-date symlink: /home/eduardo/turtlebot4_ws/install/turtlebot4_ignition_gui_plugins/share/ament_index/resource_index/package_run_dependencies/turtlebot4_ignition_gui_plugins
[0.898s] -- Up-to-date symlink: /home/eduardo/turtlebot4_ws/install/turtlebot4_ignition_gui_plugins/share/ament_index/resource_index/parent_prefix_path/turtlebot4_ignition_gui_plugins
[0.898s] -- Up-to-date symlink: /home/eduardo/turtlebot4_ws/install/turtlebot4_ignition_gui_plugins/share/turtlebot4_ignition_gui_plugins/environment/ament_prefix_path.sh
[0.898s] -- Up-to-date symlink: /home/eduardo/turtlebot4_ws/install/turtlebot4_ignition_gui_plugins/share/turtlebot4_ignition_gui_plugins/environment/ament_prefix_path.dsv
[0.898s] -- Up-to-date symlink: /home/eduardo/turtlebot4_ws/install/turtlebot4_ignition_gui_plugins/share/turtlebot4_ignition_gui_plugins/environment/path.sh
[0.898s] -- Up-to-date symlink: /home/eduardo/turtlebot4_ws/install/turtlebot4_ignition_gui_plugins/share/turtlebot4_ignition_gui_plugins/environment/path.dsv
[0.898s] -- Up-to-date symlink: /home/eduardo/turtlebot4_ws/install/turtlebot4_ignition_gui_plugins/share/turtlebot4_ignition_gui_plugins/local_setup.bash
[0.899s] -- Up-to-date symlink: /home/eduardo/turtlebot4_ws/install/turtlebot4_ignition_gui_plugins/share/turtlebot4_ignition_gui_plugins/local_setup.sh
[0.899s] -- Up-to-date symlink: /home/eduardo/turtlebot4_ws/install/turtlebot4_ignition_gui_plugins/share/turtlebot4_ignition_gui_plugins/local_setup.zsh
[0.899s] -- Up-to-date symlink: /home/eduardo/turtlebot4_ws/install/turtlebot4_ignition_gui_plugins/share/turtlebot4_ignition_gui_plugins/local_setup.dsv
[0.899s] -- Symlinking: /home/eduardo/turtlebot4_ws/install/turtlebot4_ignition_gui_plugins/share/turtlebot4_ignition_gui_plugins/package.dsv
[0.908s] -- Up-to-date symlink: /home/eduardo/turtlebot4_ws/install/turtlebot4_ignition_gui_plugins/share/ament_index/resource_index/packages/turtlebot4_ignition_gui_plugins
[0.908s] -- Up-to-date symlink: /home/eduardo/turtlebot4_ws/install/turtlebot4_ignition_gui_plugins/share/turtlebot4_ignition_gui_plugins/cmake/turtlebot4_ignition_gui_pluginsConfig.cmake
[0.909s] -- Up-to-date symlink: /home/eduardo/turtlebot4_ws/install/turtlebot4_ignition_gui_plugins/share/turtlebot4_ignition_gui_plugins/cmake/turtlebot4_ignition_gui_pluginsConfig-version.cmake
[0.909s] -- Up-to-date symlink: /home/eduardo/turtlebot4_ws/install/turtlebot4_ignition_gui_plugins/share/turtlebot4_ignition_gui_plugins/package.xml
[0.911s] Invoked command in '/home/eduardo/turtlebot4_ws/build/turtlebot4_ignition_gui_plugins' returned '0': CMAKE_PREFIX_PATH=/opt/ros/humble /usr/bin/cmake --install /home/eduardo/turtlebot4_ws/build/turtlebot4_ignition_gui_plugins
