[1.148s] Invoking command in '/home/eduardo/turtlebot4_ws/src/robot_movement': PYTHONPATH=/home/eduardo/turtlebot4_ws/build/robot_movement/prefix_override:/home/eduardo/turtlebot4_ws/install/robot_movement/lib/python3.10/site-packages:${PYTHONPATH} /usr/bin/python3 setup.py egg_info --egg-base ../../build/robot_movement build --build-base /home/eduardo/turtlebot4_ws/build/robot_movement/build install --record /home/eduardo/turtlebot4_ws/build/robot_movement/install.log --single-version-externally-managed
[1.442s] running egg_info
[1.442s] writing ../../build/robot_movement/robot_movement.egg-info/PKG-INFO
[1.443s] writing dependency_links to ../../build/robot_movement/robot_movement.egg-info/dependency_links.txt
[1.443s] writing entry points to ../../build/robot_movement/robot_movement.egg-info/entry_points.txt
[1.443s] writing requirements to ../../build/robot_movement/robot_movement.egg-info/requires.txt
[1.443s] writing top-level names to ../../build/robot_movement/robot_movement.egg-info/top_level.txt
[1.445s] reading manifest file '../../build/robot_movement/robot_movement.egg-info/SOURCES.txt'
[1.445s] writing manifest file '../../build/robot_movement/robot_movement.egg-info/SOURCES.txt'
[1.446s] running build
[1.446s] running build_py
[1.446s] running install
[1.446s] running install_lib
[1.447s] running install_data
[1.448s] running install_egg_info
[1.450s] removing '/home/eduardo/turtlebot4_ws/install/robot_movement/lib/python3.10/site-packages/robot_movement-0.0.0-py3.10.egg-info' (and everything under it)
[1.450s] Copying ../../build/robot_movement/robot_movement.egg-info to /home/eduardo/turtlebot4_ws/install/robot_movement/lib/python3.10/site-packages/robot_movement-0.0.0-py3.10.egg-info
[1.451s] running install_scripts
[1.470s] Installing Messager script to /home/eduardo/turtlebot4_ws/install/robot_movement/lib/robot_movement
[1.470s] Installing Movement_exec script to /home/eduardo/turtlebot4_ws/install/robot_movement/lib/robot_movement
[1.470s] writing list of installed files to '/home/eduardo/turtlebot4_ws/build/robot_movement/install.log'
[1.496s] Invoked command in '/home/eduardo/turtlebot4_ws/src/robot_movement' returned '0': PYTHONPATH=/home/eduardo/turtlebot4_ws/build/robot_movement/prefix_override:/home/eduardo/turtlebot4_ws/install/robot_movement/lib/python3.10/site-packages:${PYTHONPATH} /usr/bin/python3 setup.py egg_info --egg-base ../../build/robot_movement build --build-base /home/eduardo/turtlebot4_ws/build/robot_movement/build install --record /home/eduardo/turtlebot4_ws/build/robot_movement/install.log --single-version-externally-managed
