[0.160s] Invoking command in '/home/eduardo/turtlebot4_ws/build/turtlebot4_ignition_gui_plugins': CMAKE_PREFIX_PATH=/opt/ros/humble /usr/bin/cmake /home/eduardo/turtlebot4_ws/src/turtlebot4_simulator/turtlebot4_ignition_gui_plugins -DAMENT_CMAKE_SYMLINK_INSTALL=1 -DCMAKE_INSTALL_PREFIX=/home/eduardo/turtlebot4_ws/install/turtlebot4_ignition_gui_plugins
[0.174s] -- Found ament_cmake: 1.3.6 (/opt/ros/humble/share/ament_cmake/cmake)
[0.309s] -- Override CMake install command with custom implementation using symlinks instead of copying resources
[0.326s] -- Found ament_lint_auto: 0.12.9 (/opt/ros/humble/share/ament_lint_auto/cmake)
[0.435s] -- Looking for ignition-gui6 -- found version 6.8.0
[0.443s] -- Searching for dependencies of ignition-gui6
[0.478s] -- Checking for module 'tinyxml2'
[0.489s] --   Found tinyxml2, version 9.0.0
[0.514s] -- Looking for ignition-math6 -- found version 6.15.0
[0.515s] -- Searching for dependencies of ignition-math6
[0.516s] -- Looking for ignition-common4 -- found version 4.7.0
[0.517s] -- Searching for dependencies of ignition-common4
[0.517s] -- Looking for dlfcn.h - found
[0.517s] -- Looking for libdl - found
[0.523s] -- Checking for module 'uuid'
[0.535s] --   Found uuid, version 2.37.2
[0.563s] -- Searching for <ignition-common4> component [profiler]
[0.564s] -- Looking for ignition-common4-profiler -- found version 4.7.0
[0.564s] -- Searching for dependencies of ignition-common4-profiler
[0.566s] -- Looking for ignition-plugin1 -- found version 1.4.0
[0.566s] -- Searching for dependencies of ignition-plugin1
[0.567s] -- Searching for <ignition-plugin1> component [loader]
[0.568s] -- Looking for ignition-plugin1-loader -- found version 1.4.0
[0.568s] -- Searching for dependencies of ignition-plugin1-loader
[0.569s] -- Searching for <ignition-plugin1> component [register]
[0.570s] -- Looking for ignition-plugin1-register -- found version 1.4.0
[0.570s] -- Searching for dependencies of ignition-plugin1-register
[0.572s] -- Looking for ignition-transport11 -- found version 11.4.1
[0.572s] -- Searching for dependencies of ignition-transport11
[0.592s] -- Found Protobuf: /usr/lib/x86_64-linux-gnu/libprotobuf.so (found version "3.12.4") 
[0.604s] -- Config-file not installed for ZeroMQ -- checking for pkg-config
[0.609s] -- Checking for module 'libzmq >= 4'
[0.623s] --   Found libzmq , version 4.3.4
[0.667s] -- Looking for ignition-utils1 -- found version 1.5.1
[0.667s] -- Searching for dependencies of ignition-utils1
[0.668s] -- Searching for <ignition-utils1> component [cli]
[0.669s] -- Looking for ignition-utils1-cli -- found version 1.5.1
[0.669s] -- Searching for dependencies of ignition-utils1-cli
[0.670s] -- Looking for ignition-msgs8 -- found version 8.7.0
[0.671s] -- Searching for dependencies of ignition-msgs8
[0.689s] -- Found Protobuf: /usr/lib/x86_64-linux-gnu/libprotobuf.so (found suitable version "3.12.4", minimum required is "3") 
[0.690s] -- Looking for ignition-math6 -- found version 6.15.0
[0.698s] -- Looking for ignition-rendering6 -- found version 6.6.2
[0.699s] -- Searching for dependencies of ignition-rendering6
[0.699s] -- Looking for ignition-math6 -- found version 6.15.0
[0.700s] -- Searching for dependencies of ignition-math6
[0.700s] -- Searching for <ignition-math6> component [eigen3]
[0.701s] -- Looking for ignition-math6-eigen3 -- found version 6.15.0
[0.702s] -- Searching for dependencies of ignition-math6-eigen3
[0.704s] -- Looking for ignition-common4 -- found version 4.7.0
[0.704s] -- Searching for dependencies of ignition-common4
[0.704s] -- Looking for dlfcn.h - found
[0.704s] -- Looking for libdl - found
[0.712s] -- Searching for <ignition-common4> component [graphics]
[0.713s] -- Looking for ignition-common4-graphics -- found version 4.7.0
[0.713s] -- Searching for dependencies of ignition-common4-graphics
[0.714s] -- Looking for ignition-math6 -- found version 6.15.0
[0.715s] -- Looking for ignition-utils1 -- found version 1.5.1
[0.715s] -- Searching for <ignition-common4> component [events]
[0.716s] -- Looking for ignition-common4-events -- found version 4.7.0
[0.716s] -- Searching for dependencies of ignition-common4-events
[0.717s] -- Looking for ignition-math6 -- found version 6.15.0
[0.718s] -- Looking for ignition-plugin1 -- found version 1.4.0
[0.718s] -- Searching for dependencies of ignition-plugin1
[0.719s] -- Searching for <ignition-plugin1> component [all]
[0.719s] -- Looking for all libraries of ignition-plugin1 -- found version 1.4.0
[0.719s] -- Looking for ignition-plugin1 -- found version 1.4.0
[0.723s] -- Looking for ignition-msgs8 -- found version 8.7.0
[0.727s] -- Looking for ignition-common4 -- found version 4.7.0
[0.733s] -- Added test 'cppcheck' to perform static code analysis on C / C++ code
[0.733s] -- Configured cppcheck include dirs: 
[0.733s] -- Configured cppcheck exclude dirs and/or files: 
[0.733s] -- Added test 'cpplint' to check C / C++ code against the Google style
[0.734s] -- Configured cpplint exclude dirs and/or files: 
[0.734s] -- Added test 'lint_cmake' to check CMake code style
[0.735s] -- Added test 'xmllint' to check XML markup files
[0.737s] -- Configuring done
[0.757s] -- Generating done
[0.758s] -- Build files have been written to: /home/eduardo/turtlebot4_ws/build/turtlebot4_ignition_gui_plugins
[0.767s] Invoked command in '/home/eduardo/turtlebot4_ws/build/turtlebot4_ignition_gui_plugins' returned '0': CMAKE_PREFIX_PATH=/opt/ros/humble /usr/bin/cmake /home/eduardo/turtlebot4_ws/src/turtlebot4_simulator/turtlebot4_ignition_gui_plugins -DAMENT_CMAKE_SYMLINK_INSTALL=1 -DCMAKE_INSTALL_PREFIX=/home/eduardo/turtlebot4_ws/install/turtlebot4_ignition_gui_plugins
[0.767s] Invoking command in '/home/eduardo/turtlebot4_ws/build/turtlebot4_ignition_gui_plugins': CMAKE_PREFIX_PATH=/opt/ros/humble /usr/bin/cmake --build /home/eduardo/turtlebot4_ws/build/turtlebot4_ignition_gui_plugins -- -j12 -l12
[0.809s] [ 16%] [34m[1mAutomatic MOC for target Turtlebot4Hmi[0m
[0.828s] [ 16%] Built target Turtlebot4Hmi_autogen
[0.840s] [35m[1mConsolidate compiler generated dependencies of target Turtlebot4Hmi[0m
[0.864s] [100%] Built target Turtlebot4Hmi
[0.875s] Invoked command in '/home/eduardo/turtlebot4_ws/build/turtlebot4_ignition_gui_plugins' returned '0': CMAKE_PREFIX_PATH=/opt/ros/humble /usr/bin/cmake --build /home/eduardo/turtlebot4_ws/build/turtlebot4_ignition_gui_plugins -- -j12 -l12
[0.897s] Invoking command in '/home/eduardo/turtlebot4_ws/build/turtlebot4_ignition_gui_plugins': CMAKE_PREFIX_PATH=/opt/ros/humble /usr/bin/cmake --install /home/eduardo/turtlebot4_ws/build/turtlebot4_ignition_gui_plugins
[0.905s] -- Install configuration: ""
[0.905s] -- Execute custom install script
[0.905s] -- Up-to-date symlink: /home/eduardo/turtlebot4_ws/install/turtlebot4_ignition_gui_plugins/share/turtlebot4_ignition_gui_plugins/lib/libTurtlebot4Hmi.so
[0.906s] -- Up-to-date symlink: /home/eduardo/turtlebot4_ws/install/turtlebot4_ignition_gui_plugins/share/ament_index/resource_index/package_run_dependencies/turtlebot4_ignition_gui_plugins
[0.906s] -- Up-to-date symlink: /home/eduardo/turtlebot4_ws/install/turtlebot4_ignition_gui_plugins/share/ament_index/resource_index/parent_prefix_path/turtlebot4_ignition_gui_plugins
[0.906s] -- Up-to-date symlink: /home/eduardo/turtlebot4_ws/install/turtlebot4_ignition_gui_plugins/share/turtlebot4_ignition_gui_plugins/environment/ament_prefix_path.sh
[0.906s] -- Up-to-date symlink: /home/eduardo/turtlebot4_ws/install/turtlebot4_ignition_gui_plugins/share/turtlebot4_ignition_gui_plugins/environment/ament_prefix_path.dsv
[0.906s] -- Up-to-date symlink: /home/eduardo/turtlebot4_ws/install/turtlebot4_ignition_gui_plugins/share/turtlebot4_ignition_gui_plugins/environment/path.sh
[0.906s] -- Up-to-date symlink: /home/eduardo/turtlebot4_ws/install/turtlebot4_ignition_gui_plugins/share/turtlebot4_ignition_gui_plugins/environment/path.dsv
[0.906s] -- Up-to-date symlink: /home/eduardo/turtlebot4_ws/install/turtlebot4_ignition_gui_plugins/share/turtlebot4_ignition_gui_plugins/local_setup.bash
[0.907s] -- Up-to-date symlink: /home/eduardo/turtlebot4_ws/install/turtlebot4_ignition_gui_plugins/share/turtlebot4_ignition_gui_plugins/local_setup.sh
[0.907s] -- Up-to-date symlink: /home/eduardo/turtlebot4_ws/install/turtlebot4_ignition_gui_plugins/share/turtlebot4_ignition_gui_plugins/local_setup.zsh
[0.907s] -- Up-to-date symlink: /home/eduardo/turtlebot4_ws/install/turtlebot4_ignition_gui_plugins/share/turtlebot4_ignition_gui_plugins/local_setup.dsv
[0.907s] -- Symlinking: /home/eduardo/turtlebot4_ws/install/turtlebot4_ignition_gui_plugins/share/turtlebot4_ignition_gui_plugins/package.dsv
[0.915s] -- Up-to-date symlink: /home/eduardo/turtlebot4_ws/install/turtlebot4_ignition_gui_plugins/share/ament_index/resource_index/packages/turtlebot4_ignition_gui_plugins
[0.915s] -- Up-to-date symlink: /home/eduardo/turtlebot4_ws/install/turtlebot4_ignition_gui_plugins/share/turtlebot4_ignition_gui_plugins/cmake/turtlebot4_ignition_gui_pluginsConfig.cmake
[0.915s] -- Up-to-date symlink: /home/eduardo/turtlebot4_ws/install/turtlebot4_ignition_gui_plugins/share/turtlebot4_ignition_gui_plugins/cmake/turtlebot4_ignition_gui_pluginsConfig-version.cmake
[0.915s] -- Up-to-date symlink: /home/eduardo/turtlebot4_ws/install/turtlebot4_ignition_gui_plugins/share/turtlebot4_ignition_gui_plugins/package.xml
[0.918s] Invoked command in '/home/eduardo/turtlebot4_ws/build/turtlebot4_ignition_gui_plugins' returned '0': CMAKE_PREFIX_PATH=/opt/ros/humble /usr/bin/cmake --install /home/eduardo/turtlebot4_ws/build/turtlebot4_ignition_gui_plugins
