[0.716s] Invoking command in '/home/eduardo/turtlebot4_ws/build/robot_movement': PYTHONPATH=/home/eduardo/turtlebot4_ws/build/robot_movement/prefix_override:/home/eduardo/turtlebot4_ws/install/robot_movement/lib/python3.10/site-packages:${PYTHONPATH} /usr/bin/python3 setup.py develop --editable --build-directory /home/eduardo/turtlebot4_ws/build/robot_movement/build --no-deps install_data
[0.986s] running develop
[0.986s] /home/eduardo/.local/lib/python3.10/site-packages/setuptools/command/develop.py:40: EasyInstallDeprecationWarning: easy_install command is deprecated.
[0.986s] !!
[0.986s] 
[0.986s]         ********************************************************************************
[0.987s]         Please avoid running ``setup.py`` and ``easy_install``.
[0.987s]         Instead, use pypa/build, pypa/installer or other
[0.987s]         standards-based tools.
[0.987s] 
[0.987s]         See https://github.com/pypa/setuptools/issues/917 for details.
[0.987s]         ********************************************************************************
[0.987s] 
[0.987s] !!
[0.987s]   easy_install.initialize_options(self)
[1.014s] /home/eduardo/.local/lib/python3.10/site-packages/setuptools/_distutils/cmd.py:66: SetuptoolsDeprecationWarning: setup.py install is deprecated.
[1.014s] !!
[1.014s] 
[1.014s]         ********************************************************************************
[1.014s]         Please avoid running ``setup.py`` directly.
[1.014s]         Instead, use pypa/build, pypa/installer or other
[1.014s]         standards-based tools.
[1.014s] 
[1.014s]         See https://blog.ganssle.io/articles/2021/10/setup-py-deprecated.html for details.
[1.014s]         ********************************************************************************
[1.014s] 
[1.014s] !!
[1.014s]   self.initialize_options()
[1.175s] running egg_info
[1.189s] writing robot_movement.egg-info/PKG-INFO
[1.189s] writing dependency_links to robot_movement.egg-info/dependency_links.txt
[1.190s] writing entry points to robot_movement.egg-info/entry_points.txt
[1.190s] writing requirements to robot_movement.egg-info/requires.txt
[1.190s] writing top-level names to robot_movement.egg-info/top_level.txt
[1.218s] reading manifest file 'robot_movement.egg-info/SOURCES.txt'
[1.218s] writing manifest file 'robot_movement.egg-info/SOURCES.txt'
[1.233s] running build_ext
[1.233s] Creating /home/eduardo/turtlebot4_ws/install/robot_movement/lib/python3.10/site-packages/robot-movement.egg-link (link to .)
[1.234s] Installing Movement_exec script to /home/eduardo/turtlebot4_ws/install/robot_movement/lib/robot_movement
[1.234s] 
[1.234s] Installed /home/eduardo/turtlebot4_ws/build/robot_movement
[1.234s] running install_data
[1.254s] Invoked command in '/home/eduardo/turtlebot4_ws/build/robot_movement' returned '0': PYTHONPATH=/home/eduardo/turtlebot4_ws/build/robot_movement/prefix_override:/home/eduardo/turtlebot4_ws/install/robot_movement/lib/python3.10/site-packages:${PYTHONPATH} /usr/bin/python3 setup.py develop --editable --build-directory /home/eduardo/turtlebot4_ws/build/robot_movement/build --no-deps install_data
