[2.217s] DEBUG:colcon:Command line arguments: ['/usr/bin/colcon', 'list', '-p', '--base-paths', '/home/eduardo/turtlebot4_ws']
[2.217s] DEBUG:colcon:Parsed command line arguments: Namespace(log_base=None, log_level=None, verb_name='list', build_base='build', ignore_user_meta=False, metas=['./colcon.meta'], base_paths=['/home/eduardo/turtlebot4_ws'], packages_ignore=None, packages_ignore_regex=None, paths=None, packages_up_to=None, packages_up_to_regex=None, packages_above=None, packages_above_and_dependencies=None, packages_above_depth=None, packages_select_by_dep=None, packages_skip_by_dep=None, packages_skip_up_to=None, packages_select_build_failed=False, packages_skip_build_finished=False, packages_select_test_failures=False, packages_skip_test_passed=False, packages_select=None, packages_skip=None, packages_select_regex=None, packages_skip_regex=None, packages_start=None, packages_end=None, allow_overriding=[], topological_order=False, names_only=False, paths_only=True, topological_graph=False, topological_graph_dot=False, topological_graph_density=False, topological_graph_legend=False, topological_graph_dot_cluster=False, topological_graph_dot_include_skipped=False, verb_parser=<colcon_defaults.argument_parser.defaults.DefaultArgumentsDecorator object at 0x7f017d6a7250>, verb_extension=<colcon_package_information.verb.list.ListVerb object at 0x7f017d6a5870>, main=<bound method ListVerb.main of <colcon_package_information.verb.list.ListVerb object at 0x7f017d6a5870>>)
[2.329s] Level 1:colcon.colcon_core.package_discovery:discover_packages(colcon_meta) check parameters
[2.329s] Level 1:colcon.colcon_core.package_discovery:discover_packages(recursive) check parameters
[2.330s] Level 1:colcon.colcon_core.package_discovery:discover_packages(ignore) check parameters
[2.330s] Level 1:colcon.colcon_core.package_discovery:discover_packages(path) check parameters
[2.330s] Level 1:colcon.colcon_core.package_discovery:discover_packages(recursive) discover
[2.330s] INFO:colcon.colcon_core.package_discovery:Crawling recursively for packages in '/home/eduardo/turtlebot4_ws'
[2.330s] Level 1:colcon.colcon_core.package_identification:_identify(/home/eduardo/turtlebot4_ws) by extensions ['ignore', 'ignore_ament_install']
[2.330s] Level 1:colcon.colcon_core.package_identification:_identify(/home/eduardo/turtlebot4_ws) by extension 'ignore'
[2.330s] Level 1:colcon.colcon_core.package_identification:_identify(/home/eduardo/turtlebot4_ws) by extension 'ignore_ament_install'
[2.330s] Level 1:colcon.colcon_core.package_identification:_identify(/home/eduardo/turtlebot4_ws) by extensions ['colcon_pkg']
[2.331s] Level 1:colcon.colcon_core.package_identification:_identify(/home/eduardo/turtlebot4_ws) by extension 'colcon_pkg'
[2.331s] Level 1:colcon.colcon_core.package_identification:_identify(/home/eduardo/turtlebot4_ws) by extensions ['colcon_meta']
[2.331s] Level 1:colcon.colcon_core.package_identification:_identify(/home/eduardo/turtlebot4_ws) by extension 'colcon_meta'
[2.331s] Level 1:colcon.colcon_core.package_identification:_identify(/home/eduardo/turtlebot4_ws) by extensions ['ros']
[2.331s] Level 1:colcon.colcon_core.package_identification:_identify(/home/eduardo/turtlebot4_ws) by extension 'ros'
[2.351s] Level 1:colcon.colcon_core.package_identification:_identify(/home/eduardo/turtlebot4_ws) by extensions ['cmake', 'python']
[2.351s] Level 1:colcon.colcon_core.package_identification:_identify(/home/eduardo/turtlebot4_ws) by extension 'cmake'
[2.351s] Level 1:colcon.colcon_core.package_identification:_identify(/home/eduardo/turtlebot4_ws) by extension 'python'
[2.351s] Level 1:colcon.colcon_core.package_identification:_identify(/home/eduardo/turtlebot4_ws) by extensions ['python_setup_py']
[2.351s] Level 1:colcon.colcon_core.package_identification:_identify(/home/eduardo/turtlebot4_ws) by extension 'python_setup_py'
[2.351s] Level 1:colcon.colcon_core.package_identification:_identify(/home/eduardo/turtlebot4_ws/build) by extensions ['ignore', 'ignore_ament_install']
[2.351s] Level 1:colcon.colcon_core.package_identification:_identify(/home/eduardo/turtlebot4_ws/build) by extension 'ignore'
[2.352s] Level 1:colcon.colcon_core.package_identification:_identify(/home/eduardo/turtlebot4_ws/build) ignored
[2.352s] Level 1:colcon.colcon_core.package_identification:_identify(/home/eduardo/turtlebot4_ws/install) by extensions ['ignore', 'ignore_ament_install']
[2.352s] Level 1:colcon.colcon_core.package_identification:_identify(/home/eduardo/turtlebot4_ws/install) by extension 'ignore'
[2.352s] Level 1:colcon.colcon_core.package_identification:_identify(/home/eduardo/turtlebot4_ws/install) ignored
[2.353s] Level 1:colcon.colcon_core.package_identification:_identify(/home/eduardo/turtlebot4_ws/log) by extensions ['ignore', 'ignore_ament_install']
[2.353s] Level 1:colcon.colcon_core.package_identification:_identify(/home/eduardo/turtlebot4_ws/log) by extension 'ignore'
[2.353s] Level 1:colcon.colcon_core.package_identification:_identify(/home/eduardo/turtlebot4_ws/log) ignored
[2.353s] Level 1:colcon.colcon_core.package_identification:_identify(/home/eduardo/turtlebot4_ws/src) by extensions ['ignore', 'ignore_ament_install']
[2.353s] Level 1:colcon.colcon_core.package_identification:_identify(/home/eduardo/turtlebot4_ws/src) by extension 'ignore'
[2.353s] Level 1:colcon.colcon_core.package_identification:_identify(/home/eduardo/turtlebot4_ws/src) by extension 'ignore_ament_install'
[2.353s] Level 1:colcon.colcon_core.package_identification:_identify(/home/eduardo/turtlebot4_ws/src) by extensions ['colcon_pkg']
[2.353s] Level 1:colcon.colcon_core.package_identification:_identify(/home/eduardo/turtlebot4_ws/src) by extension 'colcon_pkg'
[2.353s] Level 1:colcon.colcon_core.package_identification:_identify(/home/eduardo/turtlebot4_ws/src) by extensions ['colcon_meta']
[2.354s] Level 1:colcon.colcon_core.package_identification:_identify(/home/eduardo/turtlebot4_ws/src) by extension 'colcon_meta'
[2.354s] Level 1:colcon.colcon_core.package_identification:_identify(/home/eduardo/turtlebot4_ws/src) by extensions ['ros']
[2.354s] Level 1:colcon.colcon_core.package_identification:_identify(/home/eduardo/turtlebot4_ws/src) by extension 'ros'
[2.354s] Level 1:colcon.colcon_core.package_identification:_identify(/home/eduardo/turtlebot4_ws/src) by extensions ['cmake', 'python']
[2.354s] Level 1:colcon.colcon_core.package_identification:_identify(/home/eduardo/turtlebot4_ws/src) by extension 'cmake'
[2.354s] Level 1:colcon.colcon_core.package_identification:_identify(/home/eduardo/turtlebot4_ws/src) by extension 'python'
[2.354s] Level 1:colcon.colcon_core.package_identification:_identify(/home/eduardo/turtlebot4_ws/src) by extensions ['python_setup_py']
[2.354s] Level 1:colcon.colcon_core.package_identification:_identify(/home/eduardo/turtlebot4_ws/src) by extension 'python_setup_py'
[2.354s] Level 1:colcon.colcon_core.package_identification:_identify(/home/eduardo/turtlebot4_ws/src/inicialization) by extensions ['ignore', 'ignore_ament_install']
[2.354s] Level 1:colcon.colcon_core.package_identification:_identify(/home/eduardo/turtlebot4_ws/src/inicialization) by extension 'ignore'
[2.355s] Level 1:colcon.colcon_core.package_identification:_identify(/home/eduardo/turtlebot4_ws/src/inicialization) by extension 'ignore_ament_install'
[2.355s] Level 1:colcon.colcon_core.package_identification:_identify(/home/eduardo/turtlebot4_ws/src/inicialization) by extensions ['colcon_pkg']
[2.355s] Level 1:colcon.colcon_core.package_identification:_identify(/home/eduardo/turtlebot4_ws/src/inicialization) by extension 'colcon_pkg'
[2.355s] Level 1:colcon.colcon_core.package_identification:_identify(/home/eduardo/turtlebot4_ws/src/inicialization) by extensions ['colcon_meta']
[2.355s] Level 1:colcon.colcon_core.package_identification:_identify(/home/eduardo/turtlebot4_ws/src/inicialization) by extension 'colcon_meta'
[2.355s] Level 1:colcon.colcon_core.package_identification:_identify(/home/eduardo/turtlebot4_ws/src/inicialization) by extensions ['ros']
[2.355s] Level 1:colcon.colcon_core.package_identification:_identify(/home/eduardo/turtlebot4_ws/src/inicialization) by extension 'ros'
[2.358s] DEBUG:colcon.colcon_core.package_identification:Package '/home/eduardo/turtlebot4_ws/src/inicialization' with type 'ros.ament_cmake' and name 'inicialization'
[2.358s] Level 1:colcon.colcon_core.package_identification:_identify(/home/eduardo/turtlebot4_ws/src/robot_movement) by extensions ['ignore', 'ignore_ament_install']
[2.358s] Level 1:colcon.colcon_core.package_identification:_identify(/home/eduardo/turtlebot4_ws/src/robot_movement) by extension 'ignore'
[2.359s] Level 1:colcon.colcon_core.package_identification:_identify(/home/eduardo/turtlebot4_ws/src/robot_movement) by extension 'ignore_ament_install'
[2.359s] Level 1:colcon.colcon_core.package_identification:_identify(/home/eduardo/turtlebot4_ws/src/robot_movement) by extensions ['colcon_pkg']
[2.359s] Level 1:colcon.colcon_core.package_identification:_identify(/home/eduardo/turtlebot4_ws/src/robot_movement) by extension 'colcon_pkg'
[2.359s] Level 1:colcon.colcon_core.package_identification:_identify(/home/eduardo/turtlebot4_ws/src/robot_movement) by extensions ['colcon_meta']
[2.359s] Level 1:colcon.colcon_core.package_identification:_identify(/home/eduardo/turtlebot4_ws/src/robot_movement) by extension 'colcon_meta'
[2.359s] Level 1:colcon.colcon_core.package_identification:_identify(/home/eduardo/turtlebot4_ws/src/robot_movement) by extensions ['ros']
[2.359s] Level 1:colcon.colcon_core.package_identification:_identify(/home/eduardo/turtlebot4_ws/src/robot_movement) by extension 'ros'
[2.360s] DEBUG:colcon.colcon_core.package_identification:Package '/home/eduardo/turtlebot4_ws/src/robot_movement' with type 'ros.ament_python' and name 'robot_movement'
[2.360s] Level 1:colcon.colcon_core.package_identification:_identify(/home/eduardo/turtlebot4_ws/src/turtlebot4) by extensions ['ignore', 'ignore_ament_install']
[2.361s] Level 1:colcon.colcon_core.package_identification:_identify(/home/eduardo/turtlebot4_ws/src/turtlebot4) by extension 'ignore'
[2.361s] Level 1:colcon.colcon_core.package_identification:_identify(/home/eduardo/turtlebot4_ws/src/turtlebot4) by extension 'ignore_ament_install'
[2.361s] Level 1:colcon.colcon_core.package_identification:_identify(/home/eduardo/turtlebot4_ws/src/turtlebot4) by extensions ['colcon_pkg']
[2.361s] Level 1:colcon.colcon_core.package_identification:_identify(/home/eduardo/turtlebot4_ws/src/turtlebot4) by extension 'colcon_pkg'
[2.361s] Level 1:colcon.colcon_core.package_identification:_identify(/home/eduardo/turtlebot4_ws/src/turtlebot4) by extensions ['colcon_meta']
[2.361s] Level 1:colcon.colcon_core.package_identification:_identify(/home/eduardo/turtlebot4_ws/src/turtlebot4) by extension 'colcon_meta'
[2.361s] Level 1:colcon.colcon_core.package_identification:_identify(/home/eduardo/turtlebot4_ws/src/turtlebot4) by extensions ['ros']
[2.361s] Level 1:colcon.colcon_core.package_identification:_identify(/home/eduardo/turtlebot4_ws/src/turtlebot4) by extension 'ros'
[2.361s] Level 1:colcon.colcon_core.package_identification:_identify(/home/eduardo/turtlebot4_ws/src/turtlebot4) by extensions ['cmake', 'python']
[2.361s] Level 1:colcon.colcon_core.package_identification:_identify(/home/eduardo/turtlebot4_ws/src/turtlebot4) by extension 'cmake'
[2.361s] Level 1:colcon.colcon_core.package_identification:_identify(/home/eduardo/turtlebot4_ws/src/turtlebot4) by extension 'python'
[2.361s] Level 1:colcon.colcon_core.package_identification:_identify(/home/eduardo/turtlebot4_ws/src/turtlebot4) by extensions ['python_setup_py']
[2.361s] Level 1:colcon.colcon_core.package_identification:_identify(/home/eduardo/turtlebot4_ws/src/turtlebot4) by extension 'python_setup_py'
[2.362s] Level 1:colcon.colcon_core.package_identification:_identify(/home/eduardo/turtlebot4_ws/src/turtlebot4/turtlebot4_description) by extensions ['ignore', 'ignore_ament_install']
[2.362s] Level 1:colcon.colcon_core.package_identification:_identify(/home/eduardo/turtlebot4_ws/src/turtlebot4/turtlebot4_description) by extension 'ignore'
[2.362s] Level 1:colcon.colcon_core.package_identification:_identify(/home/eduardo/turtlebot4_ws/src/turtlebot4/turtlebot4_description) by extension 'ignore_ament_install'
[2.362s] Level 1:colcon.colcon_core.package_identification:_identify(/home/eduardo/turtlebot4_ws/src/turtlebot4/turtlebot4_description) by extensions ['colcon_pkg']
[2.362s] Level 1:colcon.colcon_core.package_identification:_identify(/home/eduardo/turtlebot4_ws/src/turtlebot4/turtlebot4_description) by extension 'colcon_pkg'
[2.362s] Level 1:colcon.colcon_core.package_identification:_identify(/home/eduardo/turtlebot4_ws/src/turtlebot4/turtlebot4_description) by extensions ['colcon_meta']
[2.362s] Level 1:colcon.colcon_core.package_identification:_identify(/home/eduardo/turtlebot4_ws/src/turtlebot4/turtlebot4_description) by extension 'colcon_meta'
[2.362s] Level 1:colcon.colcon_core.package_identification:_identify(/home/eduardo/turtlebot4_ws/src/turtlebot4/turtlebot4_description) by extensions ['ros']
[2.362s] Level 1:colcon.colcon_core.package_identification:_identify(/home/eduardo/turtlebot4_ws/src/turtlebot4/turtlebot4_description) by extension 'ros'
[2.364s] DEBUG:colcon.colcon_core.package_identification:Package '/home/eduardo/turtlebot4_ws/src/turtlebot4/turtlebot4_description' with type 'ros.ament_cmake' and name 'turtlebot4_description'
[2.364s] Level 1:colcon.colcon_core.package_identification:_identify(/home/eduardo/turtlebot4_ws/src/turtlebot4/turtlebot4_msgs) by extensions ['ignore', 'ignore_ament_install']
[2.364s] Level 1:colcon.colcon_core.package_identification:_identify(/home/eduardo/turtlebot4_ws/src/turtlebot4/turtlebot4_msgs) by extension 'ignore'
[2.365s] Level 1:colcon.colcon_core.package_identification:_identify(/home/eduardo/turtlebot4_ws/src/turtlebot4/turtlebot4_msgs) by extension 'ignore_ament_install'
[2.365s] Level 1:colcon.colcon_core.package_identification:_identify(/home/eduardo/turtlebot4_ws/src/turtlebot4/turtlebot4_msgs) by extensions ['colcon_pkg']
[2.365s] Level 1:colcon.colcon_core.package_identification:_identify(/home/eduardo/turtlebot4_ws/src/turtlebot4/turtlebot4_msgs) by extension 'colcon_pkg'
[2.365s] Level 1:colcon.colcon_core.package_identification:_identify(/home/eduardo/turtlebot4_ws/src/turtlebot4/turtlebot4_msgs) by extensions ['colcon_meta']
[2.365s] Level 1:colcon.colcon_core.package_identification:_identify(/home/eduardo/turtlebot4_ws/src/turtlebot4/turtlebot4_msgs) by extension 'colcon_meta'
[2.365s] Level 1:colcon.colcon_core.package_identification:_identify(/home/eduardo/turtlebot4_ws/src/turtlebot4/turtlebot4_msgs) by extensions ['ros']
[2.365s] Level 1:colcon.colcon_core.package_identification:_identify(/home/eduardo/turtlebot4_ws/src/turtlebot4/turtlebot4_msgs) by extension 'ros'
[2.367s] DEBUG:colcon.colcon_core.package_identification:Package '/home/eduardo/turtlebot4_ws/src/turtlebot4/turtlebot4_msgs' with type 'ros.ament_cmake' and name 'turtlebot4_msgs'
[2.367s] Level 1:colcon.colcon_core.package_identification:_identify(/home/eduardo/turtlebot4_ws/src/turtlebot4/turtlebot4_navigation) by extensions ['ignore', 'ignore_ament_install']
[2.368s] Level 1:colcon.colcon_core.package_identification:_identify(/home/eduardo/turtlebot4_ws/src/turtlebot4/turtlebot4_navigation) by extension 'ignore'
[2.368s] Level 1:colcon.colcon_core.package_identification:_identify(/home/eduardo/turtlebot4_ws/src/turtlebot4/turtlebot4_navigation) by extension 'ignore_ament_install'
[2.368s] Level 1:colcon.colcon_core.package_identification:_identify(/home/eduardo/turtlebot4_ws/src/turtlebot4/turtlebot4_navigation) by extensions ['colcon_pkg']
[2.368s] Level 1:colcon.colcon_core.package_identification:_identify(/home/eduardo/turtlebot4_ws/src/turtlebot4/turtlebot4_navigation) by extension 'colcon_pkg'
[2.368s] Level 1:colcon.colcon_core.package_identification:_identify(/home/eduardo/turtlebot4_ws/src/turtlebot4/turtlebot4_navigation) by extensions ['colcon_meta']
[2.368s] Level 1:colcon.colcon_core.package_identification:_identify(/home/eduardo/turtlebot4_ws/src/turtlebot4/turtlebot4_navigation) by extension 'colcon_meta'
[2.368s] Level 1:colcon.colcon_core.package_identification:_identify(/home/eduardo/turtlebot4_ws/src/turtlebot4/turtlebot4_navigation) by extensions ['ros']
[2.368s] Level 1:colcon.colcon_core.package_identification:_identify(/home/eduardo/turtlebot4_ws/src/turtlebot4/turtlebot4_navigation) by extension 'ros'
[2.370s] DEBUG:colcon.colcon_core.package_identification:Package '/home/eduardo/turtlebot4_ws/src/turtlebot4/turtlebot4_navigation' with type 'ros.ament_cmake' and name 'turtlebot4_navigation'
[2.370s] Level 1:colcon.colcon_core.package_identification:_identify(/home/eduardo/turtlebot4_ws/src/turtlebot4/turtlebot4_node) by extensions ['ignore', 'ignore_ament_install']
[2.371s] Level 1:colcon.colcon_core.package_identification:_identify(/home/eduardo/turtlebot4_ws/src/turtlebot4/turtlebot4_node) by extension 'ignore'
[2.371s] Level 1:colcon.colcon_core.package_identification:_identify(/home/eduardo/turtlebot4_ws/src/turtlebot4/turtlebot4_node) by extension 'ignore_ament_install'
[2.371s] Level 1:colcon.colcon_core.package_identification:_identify(/home/eduardo/turtlebot4_ws/src/turtlebot4/turtlebot4_node) by extensions ['colcon_pkg']
[2.371s] Level 1:colcon.colcon_core.package_identification:_identify(/home/eduardo/turtlebot4_ws/src/turtlebot4/turtlebot4_node) by extension 'colcon_pkg'
[2.371s] Level 1:colcon.colcon_core.package_identification:_identify(/home/eduardo/turtlebot4_ws/src/turtlebot4/turtlebot4_node) by extensions ['colcon_meta']
[2.371s] Level 1:colcon.colcon_core.package_identification:_identify(/home/eduardo/turtlebot4_ws/src/turtlebot4/turtlebot4_node) by extension 'colcon_meta'
[2.372s] Level 1:colcon.colcon_core.package_identification:_identify(/home/eduardo/turtlebot4_ws/src/turtlebot4/turtlebot4_node) by extensions ['ros']
[2.372s] Level 1:colcon.colcon_core.package_identification:_identify(/home/eduardo/turtlebot4_ws/src/turtlebot4/turtlebot4_node) by extension 'ros'
[2.375s] DEBUG:colcon.colcon_core.package_identification:Package '/home/eduardo/turtlebot4_ws/src/turtlebot4/turtlebot4_node' with type 'ros.ament_cmake' and name 'turtlebot4_node'
[2.375s] Level 1:colcon.colcon_core.package_identification:_identify(/home/eduardo/turtlebot4_ws/src/turtlebot4_simulator) by extensions ['ignore', 'ignore_ament_install']
[2.375s] Level 1:colcon.colcon_core.package_identification:_identify(/home/eduardo/turtlebot4_ws/src/turtlebot4_simulator) by extension 'ignore'
[2.375s] Level 1:colcon.colcon_core.package_identification:_identify(/home/eduardo/turtlebot4_ws/src/turtlebot4_simulator) by extension 'ignore_ament_install'
[2.376s] Level 1:colcon.colcon_core.package_identification:_identify(/home/eduardo/turtlebot4_ws/src/turtlebot4_simulator) by extensions ['colcon_pkg']
[2.376s] Level 1:colcon.colcon_core.package_identification:_identify(/home/eduardo/turtlebot4_ws/src/turtlebot4_simulator) by extension 'colcon_pkg'
[2.376s] Level 1:colcon.colcon_core.package_identification:_identify(/home/eduardo/turtlebot4_ws/src/turtlebot4_simulator) by extensions ['colcon_meta']
[2.376s] Level 1:colcon.colcon_core.package_identification:_identify(/home/eduardo/turtlebot4_ws/src/turtlebot4_simulator) by extension 'colcon_meta'
[2.376s] Level 1:colcon.colcon_core.package_identification:_identify(/home/eduardo/turtlebot4_ws/src/turtlebot4_simulator) by extensions ['ros']
[2.376s] Level 1:colcon.colcon_core.package_identification:_identify(/home/eduardo/turtlebot4_ws/src/turtlebot4_simulator) by extension 'ros'
[2.376s] Level 1:colcon.colcon_core.package_identification:_identify(/home/eduardo/turtlebot4_ws/src/turtlebot4_simulator) by extensions ['cmake', 'python']
[2.376s] Level 1:colcon.colcon_core.package_identification:_identify(/home/eduardo/turtlebot4_ws/src/turtlebot4_simulator) by extension 'cmake'
[2.376s] Level 1:colcon.colcon_core.package_identification:_identify(/home/eduardo/turtlebot4_ws/src/turtlebot4_simulator) by extension 'python'
[2.377s] Level 1:colcon.colcon_core.package_identification:_identify(/home/eduardo/turtlebot4_ws/src/turtlebot4_simulator) by extensions ['python_setup_py']
[2.377s] Level 1:colcon.colcon_core.package_identification:_identify(/home/eduardo/turtlebot4_ws/src/turtlebot4_simulator) by extension 'python_setup_py'
[2.377s] Level 1:colcon.colcon_core.package_identification:_identify(/home/eduardo/turtlebot4_ws/src/turtlebot4_simulator/turtlebot4_ignition_bringup) by extensions ['ignore', 'ignore_ament_install']
[2.377s] Level 1:colcon.colcon_core.package_identification:_identify(/home/eduardo/turtlebot4_ws/src/turtlebot4_simulator/turtlebot4_ignition_bringup) by extension 'ignore'
[2.377s] Level 1:colcon.colcon_core.package_identification:_identify(/home/eduardo/turtlebot4_ws/src/turtlebot4_simulator/turtlebot4_ignition_bringup) by extension 'ignore_ament_install'
[2.377s] Level 1:colcon.colcon_core.package_identification:_identify(/home/eduardo/turtlebot4_ws/src/turtlebot4_simulator/turtlebot4_ignition_bringup) by extensions ['colcon_pkg']
[2.378s] Level 1:colcon.colcon_core.package_identification:_identify(/home/eduardo/turtlebot4_ws/src/turtlebot4_simulator/turtlebot4_ignition_bringup) by extension 'colcon_pkg'
[2.378s] Level 1:colcon.colcon_core.package_identification:_identify(/home/eduardo/turtlebot4_ws/src/turtlebot4_simulator/turtlebot4_ignition_bringup) by extensions ['colcon_meta']
[2.378s] Level 1:colcon.colcon_core.package_identification:_identify(/home/eduardo/turtlebot4_ws/src/turtlebot4_simulator/turtlebot4_ignition_bringup) by extension 'colcon_meta'
[2.378s] Level 1:colcon.colcon_core.package_identification:_identify(/home/eduardo/turtlebot4_ws/src/turtlebot4_simulator/turtlebot4_ignition_bringup) by extensions ['ros']
[2.378s] Level 1:colcon.colcon_core.package_identification:_identify(/home/eduardo/turtlebot4_ws/src/turtlebot4_simulator/turtlebot4_ignition_bringup) by extension 'ros'
[2.383s] DEBUG:colcon.colcon_core.package_identification:Package '/home/eduardo/turtlebot4_ws/src/turtlebot4_simulator/turtlebot4_ignition_bringup' with type 'ros.ament_cmake' and name 'turtlebot4_ignition_bringup'
[2.384s] Level 1:colcon.colcon_core.package_identification:_identify(/home/eduardo/turtlebot4_ws/src/turtlebot4_simulator/turtlebot4_ignition_gui_plugins) by extensions ['ignore', 'ignore_ament_install']
[2.384s] Level 1:colcon.colcon_core.package_identification:_identify(/home/eduardo/turtlebot4_ws/src/turtlebot4_simulator/turtlebot4_ignition_gui_plugins) by extension 'ignore'
[2.384s] Level 1:colcon.colcon_core.package_identification:_identify(/home/eduardo/turtlebot4_ws/src/turtlebot4_simulator/turtlebot4_ignition_gui_plugins) by extension 'ignore_ament_install'
[2.384s] Level 1:colcon.colcon_core.package_identification:_identify(/home/eduardo/turtlebot4_ws/src/turtlebot4_simulator/turtlebot4_ignition_gui_plugins) by extensions ['colcon_pkg']
[2.384s] Level 1:colcon.colcon_core.package_identification:_identify(/home/eduardo/turtlebot4_ws/src/turtlebot4_simulator/turtlebot4_ignition_gui_plugins) by extension 'colcon_pkg'
[2.384s] Level 1:colcon.colcon_core.package_identification:_identify(/home/eduardo/turtlebot4_ws/src/turtlebot4_simulator/turtlebot4_ignition_gui_plugins) by extensions ['colcon_meta']
[2.385s] Level 1:colcon.colcon_core.package_identification:_identify(/home/eduardo/turtlebot4_ws/src/turtlebot4_simulator/turtlebot4_ignition_gui_plugins) by extension 'colcon_meta'
[2.385s] Level 1:colcon.colcon_core.package_identification:_identify(/home/eduardo/turtlebot4_ws/src/turtlebot4_simulator/turtlebot4_ignition_gui_plugins) by extensions ['ros']
[2.385s] Level 1:colcon.colcon_core.package_identification:_identify(/home/eduardo/turtlebot4_ws/src/turtlebot4_simulator/turtlebot4_ignition_gui_plugins) by extension 'ros'
[2.386s] DEBUG:colcon.colcon_core.package_identification:Package '/home/eduardo/turtlebot4_ws/src/turtlebot4_simulator/turtlebot4_ignition_gui_plugins' with type 'ros.ament_cmake' and name 'turtlebot4_ignition_gui_plugins'
[2.386s] Level 1:colcon.colcon_core.package_identification:_identify(/home/eduardo/turtlebot4_ws/src/turtlebot4_simulator/turtlebot4_ignition_toolbox) by extensions ['ignore', 'ignore_ament_install']
[2.386s] Level 1:colcon.colcon_core.package_identification:_identify(/home/eduardo/turtlebot4_ws/src/turtlebot4_simulator/turtlebot4_ignition_toolbox) by extension 'ignore'
[2.387s] Level 1:colcon.colcon_core.package_identification:_identify(/home/eduardo/turtlebot4_ws/src/turtlebot4_simulator/turtlebot4_ignition_toolbox) by extension 'ignore_ament_install'
[2.387s] Level 1:colcon.colcon_core.package_identification:_identify(/home/eduardo/turtlebot4_ws/src/turtlebot4_simulator/turtlebot4_ignition_toolbox) by extensions ['colcon_pkg']
[2.387s] Level 1:colcon.colcon_core.package_identification:_identify(/home/eduardo/turtlebot4_ws/src/turtlebot4_simulator/turtlebot4_ignition_toolbox) by extension 'colcon_pkg'
[2.387s] Level 1:colcon.colcon_core.package_identification:_identify(/home/eduardo/turtlebot4_ws/src/turtlebot4_simulator/turtlebot4_ignition_toolbox) by extensions ['colcon_meta']
[2.387s] Level 1:colcon.colcon_core.package_identification:_identify(/home/eduardo/turtlebot4_ws/src/turtlebot4_simulator/turtlebot4_ignition_toolbox) by extension 'colcon_meta'
[2.387s] Level 1:colcon.colcon_core.package_identification:_identify(/home/eduardo/turtlebot4_ws/src/turtlebot4_simulator/turtlebot4_ignition_toolbox) by extensions ['ros']
[2.387s] Level 1:colcon.colcon_core.package_identification:_identify(/home/eduardo/turtlebot4_ws/src/turtlebot4_simulator/turtlebot4_ignition_toolbox) by extension 'ros'
[2.389s] DEBUG:colcon.colcon_core.package_identification:Package '/home/eduardo/turtlebot4_ws/src/turtlebot4_simulator/turtlebot4_ignition_toolbox' with type 'ros.ament_cmake' and name 'turtlebot4_ignition_toolbox'
[2.390s] Level 1:colcon.colcon_core.package_identification:_identify(/home/eduardo/turtlebot4_ws/src/turtlebot4_simulator/turtlebot4_simulator) by extensions ['ignore', 'ignore_ament_install']
[2.390s] Level 1:colcon.colcon_core.package_identification:_identify(/home/eduardo/turtlebot4_ws/src/turtlebot4_simulator/turtlebot4_simulator) by extension 'ignore'
[2.390s] Level 1:colcon.colcon_core.package_identification:_identify(/home/eduardo/turtlebot4_ws/src/turtlebot4_simulator/turtlebot4_simulator) by extension 'ignore_ament_install'
[2.390s] Level 1:colcon.colcon_core.package_identification:_identify(/home/eduardo/turtlebot4_ws/src/turtlebot4_simulator/turtlebot4_simulator) by extensions ['colcon_pkg']
[2.390s] Level 1:colcon.colcon_core.package_identification:_identify(/home/eduardo/turtlebot4_ws/src/turtlebot4_simulator/turtlebot4_simulator) by extension 'colcon_pkg'
[2.391s] Level 1:colcon.colcon_core.package_identification:_identify(/home/eduardo/turtlebot4_ws/src/turtlebot4_simulator/turtlebot4_simulator) by extensions ['colcon_meta']
[2.391s] Level 1:colcon.colcon_core.package_identification:_identify(/home/eduardo/turtlebot4_ws/src/turtlebot4_simulator/turtlebot4_simulator) by extension 'colcon_meta'
[2.391s] Level 1:colcon.colcon_core.package_identification:_identify(/home/eduardo/turtlebot4_ws/src/turtlebot4_simulator/turtlebot4_simulator) by extensions ['ros']
[2.391s] Level 1:colcon.colcon_core.package_identification:_identify(/home/eduardo/turtlebot4_ws/src/turtlebot4_simulator/turtlebot4_simulator) by extension 'ros'
[2.393s] DEBUG:colcon.colcon_core.package_identification:Package '/home/eduardo/turtlebot4_ws/src/turtlebot4_simulator/turtlebot4_simulator' with type 'ros.ament_cmake' and name 'turtlebot4_simulator'
[2.393s] Level 1:colcon.colcon_core.package_discovery:discover_packages(recursive) using defaults
