[0.074s] Invoking command in '/home/eduardo/turtlebot4_ws/build/turtlebot4_node': AMENT_PREFIX_PATH=/home/eduardo/turtlebot4_ws/install/turtlebot4_msgs:${AMENT_PREFIX_PATH} CMAKE_PREFIX_PATH=/home/eduardo/turtlebot4_ws/install/turtlebot4_msgs:/opt/ros/humble LD_LIBRARY_PATH=/home/eduardo/turtlebot4_ws/install/turtlebot4_msgs/lib:${LD_LIBRARY_PATH} PYTHONPATH=/home/eduardo/turtlebot4_ws/install/turtlebot4_msgs/local/lib/python3.10/dist-packages:${PYTHONPATH} /usr/bin/cmake --build /home/eduardo/turtlebot4_ws/build/turtlebot4_node -- -j12 -l12
[0.150s] [ 75%] Built target turtlebot4_node_lib
[0.184s] [100%] Built target turtlebot4_node
[0.197s] Invoked command in '/home/eduardo/turtlebot4_ws/build/turtlebot4_node' returned '0': AMENT_PREFIX_PATH=/home/eduardo/turtlebot4_ws/install/turtlebot4_msgs:${AMENT_PREFIX_PATH} CMAKE_PREFIX_PATH=/home/eduardo/turtlebot4_ws/install/turtlebot4_msgs:/opt/ros/humble LD_LIBRARY_PATH=/home/eduardo/turtlebot4_ws/install/turtlebot4_msgs/lib:${LD_LIBRARY_PATH} PYTHONPATH=/home/eduardo/turtlebot4_ws/install/turtlebot4_msgs/local/lib/python3.10/dist-packages:${PYTHONPATH} /usr/bin/cmake --build /home/eduardo/turtlebot4_ws/build/turtlebot4_node -- -j12 -l12
[0.280s] Invoking command in '/home/eduardo/turtlebot4_ws/build/turtlebot4_node': AMENT_PREFIX_PATH=/home/eduardo/turtlebot4_ws/install/turtlebot4_msgs:${AMENT_PREFIX_PATH} CMAKE_PREFIX_PATH=/home/eduardo/turtlebot4_ws/install/turtlebot4_msgs:/opt/ros/humble LD_LIBRARY_PATH=/home/eduardo/turtlebot4_ws/install/turtlebot4_msgs/lib:${LD_LIBRARY_PATH} PYTHONPATH=/home/eduardo/turtlebot4_ws/install/turtlebot4_msgs/local/lib/python3.10/dist-packages:${PYTHONPATH} /usr/bin/cmake --install /home/eduardo/turtlebot4_ws/build/turtlebot4_node
[0.288s] -- Install configuration: ""
[0.288s] -- Execute custom install script
[0.289s] -- Up-to-date symlink: /home/eduardo/turtlebot4_ws/install/turtlebot4_node/lib/turtlebot4_node/turtlebot4_node
[0.289s] -- Up-to-date symlink: /home/eduardo/turtlebot4_ws/install/turtlebot4_node/include/turtlebot4_node/action.hpp
[0.289s] -- Up-to-date symlink: /home/eduardo/turtlebot4_ws/install/turtlebot4_node/include/turtlebot4_node/buttons.hpp
[0.289s] -- Up-to-date symlink: /home/eduardo/turtlebot4_ws/install/turtlebot4_node/include/turtlebot4_node/display.hpp
[0.289s] -- Up-to-date symlink: /home/eduardo/turtlebot4_ws/install/turtlebot4_node/include/turtlebot4_node/leds.hpp
[0.289s] -- Up-to-date symlink: /home/eduardo/turtlebot4_ws/install/turtlebot4_node/include/turtlebot4_node/service.hpp
[0.290s] -- Up-to-date symlink: /home/eduardo/turtlebot4_ws/install/turtlebot4_node/include/turtlebot4_node/turtlebot4.hpp
[0.290s] -- Up-to-date symlink: /home/eduardo/turtlebot4_ws/install/turtlebot4_node/include/turtlebot4_node/utils.hpp
[0.290s] -- Up-to-date symlink: /home/eduardo/turtlebot4_ws/install/turtlebot4_node/share/ament_index/resource_index/package_run_dependencies/turtlebot4_node
[0.290s] -- Up-to-date symlink: /home/eduardo/turtlebot4_ws/install/turtlebot4_node/share/ament_index/resource_index/parent_prefix_path/turtlebot4_node
[0.291s] -- Up-to-date symlink: /home/eduardo/turtlebot4_ws/install/turtlebot4_node/share/turtlebot4_node/environment/ament_prefix_path.sh
[0.291s] -- Up-to-date symlink: /home/eduardo/turtlebot4_ws/install/turtlebot4_node/share/turtlebot4_node/environment/ament_prefix_path.dsv
[0.291s] -- Up-to-date symlink: /home/eduardo/turtlebot4_ws/install/turtlebot4_node/share/turtlebot4_node/environment/path.sh
[0.291s] -- Up-to-date symlink: /home/eduardo/turtlebot4_ws/install/turtlebot4_node/share/turtlebot4_node/environment/path.dsv
[0.291s] -- Up-to-date symlink: /home/eduardo/turtlebot4_ws/install/turtlebot4_node/share/turtlebot4_node/local_setup.bash
[0.291s] -- Up-to-date symlink: /home/eduardo/turtlebot4_ws/install/turtlebot4_node/share/turtlebot4_node/local_setup.sh
[0.291s] -- Up-to-date symlink: /home/eduardo/turtlebot4_ws/install/turtlebot4_node/share/turtlebot4_node/local_setup.zsh
[0.292s] -- Up-to-date symlink: /home/eduardo/turtlebot4_ws/install/turtlebot4_node/share/turtlebot4_node/local_setup.dsv
[0.292s] -- Symlinking: /home/eduardo/turtlebot4_ws/install/turtlebot4_node/share/turtlebot4_node/package.dsv
[0.301s] -- Up-to-date symlink: /home/eduardo/turtlebot4_ws/install/turtlebot4_node/share/ament_index/resource_index/packages/turtlebot4_node
[0.302s] -- Up-to-date symlink: /home/eduardo/turtlebot4_ws/install/turtlebot4_node/share/turtlebot4_node/cmake/ament_cmake_export_include_directories-extras.cmake
[0.302s] -- Up-to-date symlink: /home/eduardo/turtlebot4_ws/install/turtlebot4_node/share/turtlebot4_node/cmake/turtlebot4_nodeConfig.cmake
[0.303s] -- Up-to-date symlink: /home/eduardo/turtlebot4_ws/install/turtlebot4_node/share/turtlebot4_node/cmake/turtlebot4_nodeConfig-version.cmake
[0.303s] -- Up-to-date symlink: /home/eduardo/turtlebot4_ws/install/turtlebot4_node/share/turtlebot4_node/package.xml
[0.373s] Invoked command in '/home/eduardo/turtlebot4_ws/build/turtlebot4_node' returned '0': AMENT_PREFIX_PATH=/home/eduardo/turtlebot4_ws/install/turtlebot4_msgs:${AMENT_PREFIX_PATH} CMAKE_PREFIX_PATH=/home/eduardo/turtlebot4_ws/install/turtlebot4_msgs:/opt/ros/humble LD_LIBRARY_PATH=/home/eduardo/turtlebot4_ws/install/turtlebot4_msgs/lib:${LD_LIBRARY_PATH} PYTHONPATH=/home/eduardo/turtlebot4_ws/install/turtlebot4_msgs/local/lib/python3.10/dist-packages:${PYTHONPATH} /usr/bin/cmake --install /home/eduardo/turtlebot4_ws/build/turtlebot4_node
