[0.680s] Invoking command in '/home/eduardo/turtlebot4_ws/build/turtlebot4_msgs': CMAKE_PREFIX_PATH=${CMAKE_PREFIX_PATH}:/home/eduardo/turtlebot4_ws/install/turtlebot4_python_tutorials:/home/eduardo/turtlebot4_ws/install/robot_movement:/opt/ros/humble /usr/bin/cmake --build /home/eduardo/turtlebot4_ws/build/turtlebot4_msgs -- -j12 -l12
[0.777s] [  2%] Built target turtlebot4_msgs__cpp
[0.782s] [ 12%] Built target turtlebot4_msgs__rosidl_generator_c
[0.794s] [ 12%] Built target ament_cmake_python_symlink_turtlebot4_msgs
[0.847s] [ 23%] Built target turtlebot4_msgs__rosidl_typesupport_cpp
[0.849s] [ 34%] Built target turtlebot4_msgs__rosidl_typesupport_introspection_cpp
[0.851s] [ 44%] Built target turtlebot4_msgs__rosidl_typesupport_c
[0.857s] [ 55%] Built target turtlebot4_msgs__rosidl_typesupport_introspection_c
[0.858s] [ 65%] Built target turtlebot4_msgs__rosidl_typesupport_fastrtps_cpp
[0.870s] [ 76%] Built target turtlebot4_msgs__rosidl_typesupport_fastrtps_c
[0.912s] [ 76%] Built target turtlebot4_msgs
[0.961s] [ 78%] Built target turtlebot4_msgs__py
[1.011s] [ 87%] Built target turtlebot4_msgs__rosidl_generator_py
[1.062s] [ 91%] Built target turtlebot4_msgs__rosidl_typesupport_c__pyext
[1.063s] [ 95%] Built target turtlebot4_msgs__rosidl_typesupport_introspection_c__pyext
[1.070s] [100%] Built target turtlebot4_msgs__rosidl_typesupport_fastrtps_c__pyext
[1.486s] running egg_info
[1.487s] writing turtlebot4_msgs.egg-info/PKG-INFO
[1.488s] writing dependency_links to turtlebot4_msgs.egg-info/dependency_links.txt
[1.488s] writing top-level names to turtlebot4_msgs.egg-info/top_level.txt
[1.491s] reading manifest file 'turtlebot4_msgs.egg-info/SOURCES.txt'
[1.492s] writing manifest file 'turtlebot4_msgs.egg-info/SOURCES.txt'
[1.541s] [100%] Built target ament_cmake_python_build_turtlebot4_msgs_egg
[1.653s] Invoked command in '/home/eduardo/turtlebot4_ws/build/turtlebot4_msgs' returned '0': CMAKE_PREFIX_PATH=${CMAKE_PREFIX_PATH}:/home/eduardo/turtlebot4_ws/install/turtlebot4_python_tutorials:/home/eduardo/turtlebot4_ws/install/robot_movement:/opt/ros/humble /usr/bin/cmake --build /home/eduardo/turtlebot4_ws/build/turtlebot4_msgs -- -j12 -l12
[1.920s] Invoking command in '/home/eduardo/turtlebot4_ws/build/turtlebot4_msgs': CMAKE_PREFIX_PATH=${CMAKE_PREFIX_PATH}:/home/eduardo/turtlebot4_ws/install/turtlebot4_python_tutorials:/home/eduardo/turtlebot4_ws/install/robot_movement:/opt/ros/humble /usr/bin/cmake --install /home/eduardo/turtlebot4_ws/build/turtlebot4_msgs
[1.936s] -- Install configuration: ""
[1.938s] -- Execute custom install script
[1.938s] -- Up-to-date symlink: /home/eduardo/turtlebot4_ws/install/turtlebot4_msgs/share/ament_index/resource_index/rosidl_interfaces/turtlebot4_msgs
[1.939s] -- Up-to-date symlink: /home/eduardo/turtlebot4_ws/install/turtlebot4_msgs/include/turtlebot4_msgs/turtlebot4_msgs/msg/detail/user_button__functions.h
[1.940s] -- Up-to-date symlink: /home/eduardo/turtlebot4_ws/install/turtlebot4_msgs/include/turtlebot4_msgs/turtlebot4_msgs/msg/detail/user_button__struct.h
[1.940s] -- Up-to-date symlink: /home/eduardo/turtlebot4_ws/install/turtlebot4_msgs/include/turtlebot4_msgs/turtlebot4_msgs/msg/detail/user_button__type_support.h
[1.940s] -- Up-to-date symlink: /home/eduardo/turtlebot4_ws/install/turtlebot4_msgs/include/turtlebot4_msgs/turtlebot4_msgs/msg/detail/user_display__functions.h
[1.940s] -- Up-to-date symlink: /home/eduardo/turtlebot4_ws/install/turtlebot4_msgs/include/turtlebot4_msgs/turtlebot4_msgs/msg/detail/user_display__struct.h
[1.943s] -- Up-to-date symlink: /home/eduardo/turtlebot4_ws/install/turtlebot4_msgs/include/turtlebot4_msgs/turtlebot4_msgs/msg/detail/user_display__type_support.h
[1.944s] -- Up-to-date symlink: /home/eduardo/turtlebot4_ws/install/turtlebot4_msgs/include/turtlebot4_msgs/turtlebot4_msgs/msg/detail/user_led__functions.h
[1.945s] -- Up-to-date symlink: /home/eduardo/turtlebot4_ws/install/turtlebot4_msgs/include/turtlebot4_msgs/turtlebot4_msgs/msg/detail/user_led__struct.h
[1.945s] -- Up-to-date symlink: /home/eduardo/turtlebot4_ws/install/turtlebot4_msgs/include/turtlebot4_msgs/turtlebot4_msgs/msg/detail/user_led__type_support.h
[1.946s] -- Up-to-date symlink: /home/eduardo/turtlebot4_ws/install/turtlebot4_msgs/include/turtlebot4_msgs/turtlebot4_msgs/msg/rosidl_generator_c__visibility_control.h
[1.948s] -- Up-to-date symlink: /home/eduardo/turtlebot4_ws/install/turtlebot4_msgs/include/turtlebot4_msgs/turtlebot4_msgs/msg/user_button.h
[1.949s] -- Up-to-date symlink: /home/eduardo/turtlebot4_ws/install/turtlebot4_msgs/include/turtlebot4_msgs/turtlebot4_msgs/msg/user_display.h
[1.950s] -- Up-to-date symlink: /home/eduardo/turtlebot4_ws/install/turtlebot4_msgs/include/turtlebot4_msgs/turtlebot4_msgs/msg/user_led.h
[1.950s] -- Up-to-date symlink: /home/eduardo/turtlebot4_ws/install/turtlebot4_msgs/share/turtlebot4_msgs/environment/library_path.sh
[1.950s] -- Up-to-date symlink: /home/eduardo/turtlebot4_ws/install/turtlebot4_msgs/share/turtlebot4_msgs/environment/library_path.dsv
[1.951s] -- Up-to-date symlink: /home/eduardo/turtlebot4_ws/install/turtlebot4_msgs/include/turtlebot4_msgs/turtlebot4_msgs/msg/detail/user_button__rosidl_typesupport_fastrtps_c.h
[1.951s] -- Up-to-date symlink: /home/eduardo/turtlebot4_ws/install/turtlebot4_msgs/include/turtlebot4_msgs/turtlebot4_msgs/msg/detail/user_display__rosidl_typesupport_fastrtps_c.h
[1.952s] -- Up-to-date symlink: /home/eduardo/turtlebot4_ws/install/turtlebot4_msgs/include/turtlebot4_msgs/turtlebot4_msgs/msg/detail/user_led__rosidl_typesupport_fastrtps_c.h
[1.952s] -- Up-to-date symlink: /home/eduardo/turtlebot4_ws/install/turtlebot4_msgs/include/turtlebot4_msgs/turtlebot4_msgs/msg/rosidl_typesupport_fastrtps_c__visibility_control.h
[1.952s] -- Up-to-date symlink: /home/eduardo/turtlebot4_ws/install/turtlebot4_msgs/include/turtlebot4_msgs/turtlebot4_msgs/msg/detail/user_button__rosidl_typesupport_introspection_c.h
[1.952s] -- Up-to-date symlink: /home/eduardo/turtlebot4_ws/install/turtlebot4_msgs/include/turtlebot4_msgs/turtlebot4_msgs/msg/detail/user_display__rosidl_typesupport_introspection_c.h
[1.953s] -- Up-to-date symlink: /home/eduardo/turtlebot4_ws/install/turtlebot4_msgs/include/turtlebot4_msgs/turtlebot4_msgs/msg/detail/user_led__rosidl_typesupport_introspection_c.h
[1.953s] -- Up-to-date symlink: /home/eduardo/turtlebot4_ws/install/turtlebot4_msgs/include/turtlebot4_msgs/turtlebot4_msgs/msg/rosidl_typesupport_introspection_c__visibility_control.h
[1.954s] -- Up-to-date symlink: /home/eduardo/turtlebot4_ws/install/turtlebot4_msgs/include/turtlebot4_msgs/turtlebot4_msgs/msg/detail/user_button__builder.hpp
[1.954s] -- Up-to-date symlink: /home/eduardo/turtlebot4_ws/install/turtlebot4_msgs/include/turtlebot4_msgs/turtlebot4_msgs/msg/detail/user_button__struct.hpp
[1.954s] -- Up-to-date symlink: /home/eduardo/turtlebot4_ws/install/turtlebot4_msgs/include/turtlebot4_msgs/turtlebot4_msgs/msg/detail/user_button__traits.hpp
[1.955s] -- Up-to-date symlink: /home/eduardo/turtlebot4_ws/install/turtlebot4_msgs/include/turtlebot4_msgs/turtlebot4_msgs/msg/detail/user_display__builder.hpp
[1.955s] -- Up-to-date symlink: /home/eduardo/turtlebot4_ws/install/turtlebot4_msgs/include/turtlebot4_msgs/turtlebot4_msgs/msg/detail/user_display__struct.hpp
[1.956s] -- Up-to-date symlink: /home/eduardo/turtlebot4_ws/install/turtlebot4_msgs/include/turtlebot4_msgs/turtlebot4_msgs/msg/detail/user_display__traits.hpp
[1.956s] -- Up-to-date symlink: /home/eduardo/turtlebot4_ws/install/turtlebot4_msgs/include/turtlebot4_msgs/turtlebot4_msgs/msg/detail/user_led__builder.hpp
[1.957s] -- Up-to-date symlink: /home/eduardo/turtlebot4_ws/install/turtlebot4_msgs/include/turtlebot4_msgs/turtlebot4_msgs/msg/detail/user_led__struct.hpp
[1.958s] -- Up-to-date symlink: /home/eduardo/turtlebot4_ws/install/turtlebot4_msgs/include/turtlebot4_msgs/turtlebot4_msgs/msg/detail/user_led__traits.hpp
[1.958s] -- Up-to-date symlink: /home/eduardo/turtlebot4_ws/install/turtlebot4_msgs/include/turtlebot4_msgs/turtlebot4_msgs/msg/user_button.hpp
[1.958s] -- Up-to-date symlink: /home/eduardo/turtlebot4_ws/install/turtlebot4_msgs/include/turtlebot4_msgs/turtlebot4_msgs/msg/user_display.hpp
[1.959s] -- Up-to-date symlink: /home/eduardo/turtlebot4_ws/install/turtlebot4_msgs/include/turtlebot4_msgs/turtlebot4_msgs/msg/user_led.hpp
[1.959s] -- Up-to-date symlink: /home/eduardo/turtlebot4_ws/install/turtlebot4_msgs/include/turtlebot4_msgs/turtlebot4_msgs/msg/detail/user_button__rosidl_typesupport_fastrtps_cpp.hpp
[1.960s] -- Up-to-date symlink: /home/eduardo/turtlebot4_ws/install/turtlebot4_msgs/include/turtlebot4_msgs/turtlebot4_msgs/msg/detail/user_display__rosidl_typesupport_fastrtps_cpp.hpp
[1.960s] -- Up-to-date symlink: /home/eduardo/turtlebot4_ws/install/turtlebot4_msgs/include/turtlebot4_msgs/turtlebot4_msgs/msg/detail/user_led__rosidl_typesupport_fastrtps_cpp.hpp
[1.960s] -- Up-to-date symlink: /home/eduardo/turtlebot4_ws/install/turtlebot4_msgs/include/turtlebot4_msgs/turtlebot4_msgs/msg/rosidl_typesupport_fastrtps_cpp__visibility_control.h
[1.960s] -- Up-to-date symlink: /home/eduardo/turtlebot4_ws/install/turtlebot4_msgs/include/turtlebot4_msgs/turtlebot4_msgs/msg/detail/user_button__rosidl_typesupport_introspection_cpp.hpp
[1.960s] -- Up-to-date symlink: /home/eduardo/turtlebot4_ws/install/turtlebot4_msgs/include/turtlebot4_msgs/turtlebot4_msgs/msg/detail/user_display__rosidl_typesupport_introspection_cpp.hpp
[1.960s] -- Up-to-date symlink: /home/eduardo/turtlebot4_ws/install/turtlebot4_msgs/include/turtlebot4_msgs/turtlebot4_msgs/msg/detail/user_led__rosidl_typesupport_introspection_cpp.hpp
[1.961s] -- Up-to-date symlink: /home/eduardo/turtlebot4_ws/install/turtlebot4_msgs/share/turtlebot4_msgs/environment/pythonpath.sh
[1.961s] -- Up-to-date symlink: /home/eduardo/turtlebot4_ws/install/turtlebot4_msgs/share/turtlebot4_msgs/environment/pythonpath.dsv
[1.962s] -- Up-to-date symlink: /home/eduardo/turtlebot4_ws/install/turtlebot4_msgs/local/lib/python3.10/dist-packages/turtlebot4_msgs-1.0.4-py3.10.egg-info/PKG-INFO
[1.963s] -- Up-to-date symlink: /home/eduardo/turtlebot4_ws/install/turtlebot4_msgs/local/lib/python3.10/dist-packages/turtlebot4_msgs-1.0.4-py3.10.egg-info/SOURCES.txt
[1.963s] -- Up-to-date symlink: /home/eduardo/turtlebot4_ws/install/turtlebot4_msgs/local/lib/python3.10/dist-packages/turtlebot4_msgs-1.0.4-py3.10.egg-info/dependency_links.txt
[1.963s] -- Up-to-date symlink: /home/eduardo/turtlebot4_ws/install/turtlebot4_msgs/local/lib/python3.10/dist-packages/turtlebot4_msgs-1.0.4-py3.10.egg-info/top_level.txt
[1.964s] -- Up-to-date symlink: /home/eduardo/turtlebot4_ws/install/turtlebot4_msgs/local/lib/python3.10/dist-packages/turtlebot4_msgs/__init__.py
[1.964s] -- Up-to-date symlink: /home/eduardo/turtlebot4_ws/install/turtlebot4_msgs/local/lib/python3.10/dist-packages/turtlebot4_msgs/_turtlebot4_msgs_s.ep.rosidl_typesupport_c.c
[1.964s] -- Up-to-date symlink: /home/eduardo/turtlebot4_ws/install/turtlebot4_msgs/local/lib/python3.10/dist-packages/turtlebot4_msgs/_turtlebot4_msgs_s.ep.rosidl_typesupport_fastrtps_c.c
[1.964s] -- Up-to-date symlink: /home/eduardo/turtlebot4_ws/install/turtlebot4_msgs/local/lib/python3.10/dist-packages/turtlebot4_msgs/_turtlebot4_msgs_s.ep.rosidl_typesupport_introspection_c.c
[1.964s] -- Up-to-date symlink: /home/eduardo/turtlebot4_ws/install/turtlebot4_msgs/local/lib/python3.10/dist-packages/turtlebot4_msgs/libturtlebot4_msgs__rosidl_generator_py.so
[1.965s] -- Up-to-date symlink: /home/eduardo/turtlebot4_ws/install/turtlebot4_msgs/local/lib/python3.10/dist-packages/turtlebot4_msgs/msg/__init__.py
[1.965s] -- Up-to-date symlink: /home/eduardo/turtlebot4_ws/install/turtlebot4_msgs/local/lib/python3.10/dist-packages/turtlebot4_msgs/msg/_user_button.py
[1.966s] -- Up-to-date symlink: /home/eduardo/turtlebot4_ws/install/turtlebot4_msgs/local/lib/python3.10/dist-packages/turtlebot4_msgs/msg/_user_button_s.c
[1.966s] -- Up-to-date symlink: /home/eduardo/turtlebot4_ws/install/turtlebot4_msgs/local/lib/python3.10/dist-packages/turtlebot4_msgs/msg/_user_display.py
[1.966s] -- Up-to-date symlink: /home/eduardo/turtlebot4_ws/install/turtlebot4_msgs/local/lib/python3.10/dist-packages/turtlebot4_msgs/msg/_user_display_s.c
[1.966s] -- Up-to-date symlink: /home/eduardo/turtlebot4_ws/install/turtlebot4_msgs/local/lib/python3.10/dist-packages/turtlebot4_msgs/msg/_user_led.py
[1.966s] -- Up-to-date symlink: /home/eduardo/turtlebot4_ws/install/turtlebot4_msgs/local/lib/python3.10/dist-packages/turtlebot4_msgs/msg/_user_led_s.c
[1.967s] -- Up-to-date symlink: /home/eduardo/turtlebot4_ws/install/turtlebot4_msgs/local/lib/python3.10/dist-packages/turtlebot4_msgs/turtlebot4_msgs_s__rosidl_typesupport_c.cpython-310-x86_64-linux-gnu.so
[1.967s] -- Up-to-date symlink: /home/eduardo/turtlebot4_ws/install/turtlebot4_msgs/local/lib/python3.10/dist-packages/turtlebot4_msgs/turtlebot4_msgs_s__rosidl_typesupport_fastrtps_c.cpython-310-x86_64-linux-gnu.so
[1.967s] -- Up-to-date symlink: /home/eduardo/turtlebot4_ws/install/turtlebot4_msgs/local/lib/python3.10/dist-packages/turtlebot4_msgs/turtlebot4_msgs_s__rosidl_typesupport_introspection_c.cpython-310-x86_64-linux-gnu.so
[1.967s] -- Up-to-date symlink: /home/eduardo/turtlebot4_ws/install/turtlebot4_msgs/local/lib/python3.10/dist-packages/turtlebot4_msgs/turtlebot4_msgs_s__rosidl_typesupport_fastrtps_c.cpython-310-x86_64-linux-gnu.so
[1.967s] -- Up-to-date symlink: /home/eduardo/turtlebot4_ws/install/turtlebot4_msgs/local/lib/python3.10/dist-packages/turtlebot4_msgs/turtlebot4_msgs_s__rosidl_typesupport_introspection_c.cpython-310-x86_64-linux-gnu.so
[1.969s] -- Up-to-date symlink: /home/eduardo/turtlebot4_ws/install/turtlebot4_msgs/local/lib/python3.10/dist-packages/turtlebot4_msgs/turtlebot4_msgs_s__rosidl_typesupport_c.cpython-310-x86_64-linux-gnu.so
[1.969s] -- Up-to-date symlink: /home/eduardo/turtlebot4_ws/install/turtlebot4_msgs/share/turtlebot4_msgs/msg/UserLed.idl
[1.969s] -- Up-to-date symlink: /home/eduardo/turtlebot4_ws/install/turtlebot4_msgs/share/turtlebot4_msgs/msg/UserButton.idl
[1.969s] -- Up-to-date symlink: /home/eduardo/turtlebot4_ws/install/turtlebot4_msgs/share/turtlebot4_msgs/msg/UserDisplay.idl
[1.970s] -- Up-to-date symlink: /home/eduardo/turtlebot4_ws/install/turtlebot4_msgs/share/turtlebot4_msgs/msg/UserLed.msg
[1.970s] -- Up-to-date symlink: /home/eduardo/turtlebot4_ws/install/turtlebot4_msgs/share/turtlebot4_msgs/msg/UserButton.msg
[1.970s] -- Up-to-date symlink: /home/eduardo/turtlebot4_ws/install/turtlebot4_msgs/share/turtlebot4_msgs/msg/UserDisplay.msg
[1.970s] -- Up-to-date symlink: /home/eduardo/turtlebot4_ws/install/turtlebot4_msgs/share/ament_index/resource_index/package_run_dependencies/turtlebot4_msgs
[1.972s] -- Up-to-date symlink: /home/eduardo/turtlebot4_ws/install/turtlebot4_msgs/share/ament_index/resource_index/parent_prefix_path/turtlebot4_msgs
[1.972s] -- Up-to-date symlink: /home/eduardo/turtlebot4_ws/install/turtlebot4_msgs/share/turtlebot4_msgs/environment/ament_prefix_path.sh
[1.972s] -- Up-to-date symlink: /home/eduardo/turtlebot4_ws/install/turtlebot4_msgs/share/turtlebot4_msgs/environment/ament_prefix_path.dsv
[1.972s] -- Up-to-date symlink: /home/eduardo/turtlebot4_ws/install/turtlebot4_msgs/share/turtlebot4_msgs/environment/path.sh
[1.973s] -- Up-to-date symlink: /home/eduardo/turtlebot4_ws/install/turtlebot4_msgs/share/turtlebot4_msgs/environment/path.dsv
[1.973s] -- Up-to-date symlink: /home/eduardo/turtlebot4_ws/install/turtlebot4_msgs/share/turtlebot4_msgs/local_setup.bash
[1.973s] -- Up-to-date symlink: /home/eduardo/turtlebot4_ws/install/turtlebot4_msgs/share/turtlebot4_msgs/local_setup.sh
[1.973s] -- Up-to-date symlink: /home/eduardo/turtlebot4_ws/install/turtlebot4_msgs/share/turtlebot4_msgs/local_setup.zsh
[1.973s] -- Up-to-date symlink: /home/eduardo/turtlebot4_ws/install/turtlebot4_msgs/share/turtlebot4_msgs/local_setup.dsv
[1.973s] -- Symlinking: /home/eduardo/turtlebot4_ws/install/turtlebot4_msgs/share/turtlebot4_msgs/package.dsv
[1.990s] -- Up-to-date symlink: /home/eduardo/turtlebot4_ws/install/turtlebot4_msgs/share/ament_index/resource_index/packages/turtlebot4_msgs
[1.991s] -- Up-to-date symlink: /home/eduardo/turtlebot4_ws/install/turtlebot4_msgs/share/turtlebot4_msgs/cmake/rosidl_cmake-extras.cmake
[1.992s] -- Up-to-date symlink: /home/eduardo/turtlebot4_ws/install/turtlebot4_msgs/share/turtlebot4_msgs/cmake/ament_cmake_export_include_directories-extras.cmake
[1.993s] -- Up-to-date symlink: /home/eduardo/turtlebot4_ws/install/turtlebot4_msgs/share/turtlebot4_msgs/cmake/ament_cmake_export_libraries-extras.cmake
[1.994s] -- Up-to-date symlink: /home/eduardo/turtlebot4_ws/install/turtlebot4_msgs/share/turtlebot4_msgs/cmake/ament_cmake_export_targets-extras.cmake
[1.994s] -- Up-to-date symlink: /home/eduardo/turtlebot4_ws/install/turtlebot4_msgs/share/turtlebot4_msgs/cmake/rosidl_cmake_export_typesupport_targets-extras.cmake
[1.994s] -- Up-to-date symlink: /home/eduardo/turtlebot4_ws/install/turtlebot4_msgs/share/turtlebot4_msgs/cmake/ament_cmake_export_dependencies-extras.cmake
[1.994s] -- Up-to-date symlink: /home/eduardo/turtlebot4_ws/install/turtlebot4_msgs/share/turtlebot4_msgs/cmake/rosidl_cmake_export_typesupport_libraries-extras.cmake
[1.996s] -- Up-to-date symlink: /home/eduardo/turtlebot4_ws/install/turtlebot4_msgs/share/turtlebot4_msgs/cmake/turtlebot4_msgsConfig.cmake
[1.996s] -- Up-to-date symlink: /home/eduardo/turtlebot4_ws/install/turtlebot4_msgs/share/turtlebot4_msgs/cmake/turtlebot4_msgsConfig-version.cmake
[1.997s] -- Up-to-date symlink: /home/eduardo/turtlebot4_ws/install/turtlebot4_msgs/share/turtlebot4_msgs/package.xml
[1.997s] -- Up-to-date: /home/eduardo/turtlebot4_ws/install/turtlebot4_msgs/lib/libturtlebot4_msgs__rosidl_generator_c.so
[1.997s] -- Up-to-date: /home/eduardo/turtlebot4_ws/install/turtlebot4_msgs/lib/libturtlebot4_msgs__rosidl_typesupport_fastrtps_c.so
[1.997s] -- Up-to-date: /home/eduardo/turtlebot4_ws/install/turtlebot4_msgs/lib/libturtlebot4_msgs__rosidl_typesupport_introspection_c.so
[1.999s] -- Up-to-date: /home/eduardo/turtlebot4_ws/install/turtlebot4_msgs/lib/libturtlebot4_msgs__rosidl_typesupport_c.so
[1.999s] -- Up-to-date: /home/eduardo/turtlebot4_ws/install/turtlebot4_msgs/lib/libturtlebot4_msgs__rosidl_typesupport_fastrtps_cpp.so
[1.999s] -- Up-to-date: /home/eduardo/turtlebot4_ws/install/turtlebot4_msgs/lib/libturtlebot4_msgs__rosidl_typesupport_introspection_cpp.so
[2.000s] -- Up-to-date: /home/eduardo/turtlebot4_ws/install/turtlebot4_msgs/lib/libturtlebot4_msgs__rosidl_typesupport_cpp.so
[2.076s] Listing '/home/eduardo/turtlebot4_ws/install/turtlebot4_msgs/local/lib/python3.10/dist-packages/turtlebot4_msgs'...
[2.077s] Listing '/home/eduardo/turtlebot4_ws/install/turtlebot4_msgs/local/lib/python3.10/dist-packages/turtlebot4_msgs/msg'...
[2.085s] -- Up-to-date: /home/eduardo/turtlebot4_ws/install/turtlebot4_msgs/lib/libturtlebot4_msgs__rosidl_generator_py.so
[2.086s] -- Up-to-date: /home/eduardo/turtlebot4_ws/install/turtlebot4_msgs/share/turtlebot4_msgs/cmake/export_turtlebot4_msgs__rosidl_generator_cExport.cmake
[2.087s] -- Up-to-date: /home/eduardo/turtlebot4_ws/install/turtlebot4_msgs/share/turtlebot4_msgs/cmake/export_turtlebot4_msgs__rosidl_generator_cExport-noconfig.cmake
[2.087s] -- Up-to-date: /home/eduardo/turtlebot4_ws/install/turtlebot4_msgs/share/turtlebot4_msgs/cmake/export_turtlebot4_msgs__rosidl_typesupport_fastrtps_cExport.cmake
[2.088s] -- Up-to-date: /home/eduardo/turtlebot4_ws/install/turtlebot4_msgs/share/turtlebot4_msgs/cmake/export_turtlebot4_msgs__rosidl_typesupport_fastrtps_cExport-noconfig.cmake
[2.088s] -- Up-to-date: /home/eduardo/turtlebot4_ws/install/turtlebot4_msgs/share/turtlebot4_msgs/cmake/turtlebot4_msgs__rosidl_typesupport_introspection_cExport.cmake
[2.090s] -- Up-to-date: /home/eduardo/turtlebot4_ws/install/turtlebot4_msgs/share/turtlebot4_msgs/cmake/turtlebot4_msgs__rosidl_typesupport_introspection_cExport-noconfig.cmake
[2.090s] -- Up-to-date: /home/eduardo/turtlebot4_ws/install/turtlebot4_msgs/share/turtlebot4_msgs/cmake/turtlebot4_msgs__rosidl_typesupport_cExport.cmake
[2.091s] -- Up-to-date: /home/eduardo/turtlebot4_ws/install/turtlebot4_msgs/share/turtlebot4_msgs/cmake/turtlebot4_msgs__rosidl_typesupport_cExport-noconfig.cmake
[2.091s] -- Up-to-date: /home/eduardo/turtlebot4_ws/install/turtlebot4_msgs/share/turtlebot4_msgs/cmake/export_turtlebot4_msgs__rosidl_generator_cppExport.cmake
[2.092s] -- Up-to-date: /home/eduardo/turtlebot4_ws/install/turtlebot4_msgs/share/turtlebot4_msgs/cmake/export_turtlebot4_msgs__rosidl_typesupport_fastrtps_cppExport.cmake
[2.093s] -- Up-to-date: /home/eduardo/turtlebot4_ws/install/turtlebot4_msgs/share/turtlebot4_msgs/cmake/export_turtlebot4_msgs__rosidl_typesupport_fastrtps_cppExport-noconfig.cmake
[2.093s] -- Up-to-date: /home/eduardo/turtlebot4_ws/install/turtlebot4_msgs/share/turtlebot4_msgs/cmake/turtlebot4_msgs__rosidl_typesupport_introspection_cppExport.cmake
[2.094s] -- Up-to-date: /home/eduardo/turtlebot4_ws/install/turtlebot4_msgs/share/turtlebot4_msgs/cmake/turtlebot4_msgs__rosidl_typesupport_introspection_cppExport-noconfig.cmake
[2.094s] -- Up-to-date: /home/eduardo/turtlebot4_ws/install/turtlebot4_msgs/share/turtlebot4_msgs/cmake/turtlebot4_msgs__rosidl_typesupport_cppExport.cmake
[2.095s] -- Up-to-date: /home/eduardo/turtlebot4_ws/install/turtlebot4_msgs/share/turtlebot4_msgs/cmake/turtlebot4_msgs__rosidl_typesupport_cppExport-noconfig.cmake
[2.096s] -- Up-to-date: /home/eduardo/turtlebot4_ws/install/turtlebot4_msgs/share/turtlebot4_msgs/cmake/export_turtlebot4_msgs__rosidl_generator_pyExport.cmake
[2.097s] -- Up-to-date: /home/eduardo/turtlebot4_ws/install/turtlebot4_msgs/share/turtlebot4_msgs/cmake/export_turtlebot4_msgs__rosidl_generator_pyExport-noconfig.cmake
[2.415s] Invoked command in '/home/eduardo/turtlebot4_ws/build/turtlebot4_msgs' returned '0': CMAKE_PREFIX_PATH=${CMAKE_PREFIX_PATH}:/home/eduardo/turtlebot4_ws/install/turtlebot4_python_tutorials:/home/eduardo/turtlebot4_ws/install/robot_movement:/opt/ros/humble /usr/bin/cmake --install /home/eduardo/turtlebot4_ws/build/turtlebot4_msgs
