-- Found ament_cmake: 1.3.6 (/opt/ros/humble/share/ament_cmake/cmake)
-- Override CMake install command with custom implementation using symlinks instead of copying resources
-- Found ament_lint_auto: 0.12.9 (/opt/ros/humble/share/ament_lint_auto/cmake)
-- Added test 'lint_cmake' to check CMake code style
-- Added test 'xmllint' to check XML markup files
-- Configuring done
-- Generating done
-- Build files have been written to: /home/eduardo/turtlebot4_ws/build/inicialization
-- Install configuration: ""
-- Execute custom install script
-- Symlinking: /home/eduardo/turtlebot4_ws/install/inicialization/share/$<{PROJECT_NAME}//launch/demo.launch.xml
-- Symlinking: /home/eduardo/turtlebot4_ws/install/inicialization/share/ament_index/resource_index/package_run_dependencies/inicialization
-- Symlinking: /home/eduardo/turtlebot4_ws/install/inicialization/share/ament_index/resource_index/parent_prefix_path/inicialization
-- Symlinking: /home/eduardo/turtlebot4_ws/install/inicialization/share/inicialization/environment/ament_prefix_path.sh
-- Symlinking: /home/eduardo/turtlebot4_ws/install/inicialization/share/inicialization/environment/ament_prefix_path.dsv
-- Symlinking: /home/eduardo/turtlebot4_ws/install/inicialization/share/inicialization/environment/path.sh
-- Symlinking: /home/eduardo/turtlebot4_ws/install/inicialization/share/inicialization/environment/path.dsv
-- Symlinking: /home/eduardo/turtlebot4_ws/install/inicialization/share/inicialization/local_setup.bash
-- Symlinking: /home/eduardo/turtlebot4_ws/install/inicialization/share/inicialization/local_setup.sh
-- Symlinking: /home/eduardo/turtlebot4_ws/install/inicialization/share/inicialization/local_setup.zsh
-- Symlinking: /home/eduardo/turtlebot4_ws/install/inicialization/share/inicialization/local_setup.dsv
-- Symlinking: /home/eduardo/turtlebot4_ws/install/inicialization/share/inicialization/package.dsv
-- Symlinking: /home/eduardo/turtlebot4_ws/install/inicialization/share/ament_index/resource_index/packages/inicialization
-- Symlinking: /home/eduardo/turtlebot4_ws/install/inicialization/share/inicialization/cmake/inicializationConfig.cmake
-- Symlinking: /home/eduardo/turtlebot4_ws/install/inicialization/share/inicialization/cmake/inicializationConfig-version.cmake
-- Symlinking: /home/eduardo/turtlebot4_ws/install/inicialization/share/inicialization/package.xml
