[0.952s] Invoking command in '/home/eduardo/turtlebot4_ws/src/robot_movement': PYTHONPATH=/home/eduardo/turtlebot4_ws/build/robot_movement/prefix_override:/home/eduardo/turtlebot4_ws/install/robot_movement/lib/python3.10/site-packages:${PYTHONPATH} /usr/bin/python3 setup.py egg_info --egg-base ../../build/robot_movement build --build-base /home/eduardo/turtlebot4_ws/build/robot_movement/build install --record /home/eduardo/turtlebot4_ws/build/robot_movement/install.log --single-version-externally-managed
[1.201s] running egg_info
[1.201s] writing ../../build/robot_movement/robot_movement.egg-info/PKG-INFO
[1.201s] writing dependency_links to ../../build/robot_movement/robot_movement.egg-info/dependency_links.txt
[1.201s] writing entry points to ../../build/robot_movement/robot_movement.egg-info/entry_points.txt
[1.201s] writing requirements to ../../build/robot_movement/robot_movement.egg-info/requires.txt
[1.202s] writing top-level names to ../../build/robot_movement/robot_movement.egg-info/top_level.txt
[1.203s] reading manifest file '../../build/robot_movement/robot_movement.egg-info/SOURCES.txt'
[1.204s] writing manifest file '../../build/robot_movement/robot_movement.egg-info/SOURCES.txt'
[1.204s] running build
[1.204s] running build_py
[1.204s] copying robot_movement/node_movement.py -> /home/eduardo/turtlebot4_ws/build/robot_movement/build/lib/robot_movement
[1.204s] copying robot_movement/velocity_publisher.py -> /home/eduardo/turtlebot4_ws/build/robot_movement/build/lib/robot_movement
[1.204s] running install
[1.204s] running install_lib
[1.205s] copying /home/eduardo/turtlebot4_ws/build/robot_movement/build/lib/robot_movement/node_movement.py -> /home/eduardo/turtlebot4_ws/install/robot_movement/lib/python3.10/site-packages/robot_movement
[1.205s] copying /home/eduardo/turtlebot4_ws/build/robot_movement/build/lib/robot_movement/velocity_publisher.py -> /home/eduardo/turtlebot4_ws/install/robot_movement/lib/python3.10/site-packages/robot_movement
[1.205s] byte-compiling /home/eduardo/turtlebot4_ws/install/robot_movement/lib/python3.10/site-packages/robot_movement/node_movement.py to node_movement.cpython-310.pyc
[1.206s] byte-compiling /home/eduardo/turtlebot4_ws/install/robot_movement/lib/python3.10/site-packages/robot_movement/velocity_publisher.py to velocity_publisher.cpython-310.pyc
[1.206s] running install_data
[1.207s] copying package.xml -> /home/eduardo/turtlebot4_ws/install/robot_movement/share/robot_movement
[1.207s] running install_egg_info
[1.208s] removing '/home/eduardo/turtlebot4_ws/install/robot_movement/lib/python3.10/site-packages/robot_movement-0.0.0-py3.10.egg-info' (and everything under it)
[1.208s] Copying ../../build/robot_movement/robot_movement.egg-info to /home/eduardo/turtlebot4_ws/install/robot_movement/lib/python3.10/site-packages/robot_movement-0.0.0-py3.10.egg-info
[1.209s] running install_scripts
[1.226s] Installing Messager script to /home/eduardo/turtlebot4_ws/install/robot_movement/lib/robot_movement
[1.226s] Installing Movement_exec script to /home/eduardo/turtlebot4_ws/install/robot_movement/lib/robot_movement
[1.227s] writing list of installed files to '/home/eduardo/turtlebot4_ws/build/robot_movement/install.log'
[1.246s] Invoked command in '/home/eduardo/turtlebot4_ws/src/robot_movement' returned '0': PYTHONPATH=/home/eduardo/turtlebot4_ws/build/robot_movement/prefix_override:/home/eduardo/turtlebot4_ws/install/robot_movement/lib/python3.10/site-packages:${PYTHONPATH} /usr/bin/python3 setup.py egg_info --egg-base ../../build/robot_movement build --build-base /home/eduardo/turtlebot4_ws/build/robot_movement/build install --record /home/eduardo/turtlebot4_ws/build/robot_movement/install.log --single-version-externally-managed
