[0.209s] Invoking command in '/home/eduardo/turtlebot4_ws/build/turtlebot4_description': CMAKE_PREFIX_PATH=/opt/ros/humble /usr/bin/cmake --build /home/eduardo/turtlebot4_ws/build/turtlebot4_description -- -j12 -l12
[0.242s] -- Found ament_cmake: 1.3.6 (/opt/ros/humble/share/ament_cmake/cmake)
[0.383s] -- Override CMake install command with custom implementation using symlinks instead of copying resources
[0.394s] -- Found urdf: 2.6.0 (/opt/ros/humble/share/urdf/cmake)
[0.438s] -- Found irobot_create_description: 2.1.0 (/opt/ros/humble/share/irobot_create_description/cmake)
[0.438s] -- Found ament_lint_auto: 0.12.9 (/opt/ros/humble/share/ament_lint_auto/cmake)
[0.535s] -- Added test 'copyright' to check source files copyright and LICENSE
[0.538s] -- Added test 'flake8' to check Python code syntax and style conventions
[0.538s] -- Added test 'lint_cmake' to check CMake code style
[0.539s] -- Added test 'pep257' to check Python code against some of the docstring style conventions in PEP 257
[0.540s] -- Added test 'xmllint' to check XML markup files
[0.542s] -- Configuring done
[0.547s] -- Generating done
[0.547s] -- Build files have been written to: /home/eduardo/turtlebot4_ws/build/turtlebot4_description
[0.584s] Invoked command in '/home/eduardo/turtlebot4_ws/build/turtlebot4_description' returned '0': CMAKE_PREFIX_PATH=/opt/ros/humble /usr/bin/cmake --build /home/eduardo/turtlebot4_ws/build/turtlebot4_description -- -j12 -l12
[0.615s] Invoking command in '/home/eduardo/turtlebot4_ws/build/turtlebot4_description': CMAKE_PREFIX_PATH=/opt/ros/humble /usr/bin/cmake --install /home/eduardo/turtlebot4_ws/build/turtlebot4_description
[0.621s] -- Install configuration: ""
[0.622s] -- Execute custom install script
[0.622s] -- Up-to-date symlink: /home/eduardo/turtlebot4_ws/install/turtlebot4_description/share/turtlebot4_description/launch/robot_description.launch.py
[0.623s] -- Up-to-date symlink: /home/eduardo/turtlebot4_ws/install/turtlebot4_description/share/turtlebot4_description/meshes/camera_bracket.dae
[0.623s] -- Up-to-date symlink: /home/eduardo/turtlebot4_ws/install/turtlebot4_description/share/turtlebot4_description/meshes/oakd_lite.dae
[0.623s] -- Up-to-date symlink: /home/eduardo/turtlebot4_ws/install/turtlebot4_description/share/turtlebot4_description/meshes/oakd_pro.dae
[0.623s] -- Up-to-date symlink: /home/eduardo/turtlebot4_ws/install/turtlebot4_description/share/turtlebot4_description/meshes/rplidar.dae
[0.624s] -- Up-to-date symlink: /home/eduardo/turtlebot4_ws/install/turtlebot4_description/share/turtlebot4_description/meshes/shell.dae
[0.624s] -- Up-to-date symlink: /home/eduardo/turtlebot4_ws/install/turtlebot4_description/share/turtlebot4_description/meshes/shell_collision.dae
[0.624s] -- Up-to-date symlink: /home/eduardo/turtlebot4_ws/install/turtlebot4_description/share/turtlebot4_description/meshes/tower.dae
[0.625s] -- Up-to-date symlink: /home/eduardo/turtlebot4_ws/install/turtlebot4_description/share/turtlebot4_description/meshes/tower_sensor_plate.dae
[0.625s] -- Up-to-date symlink: /home/eduardo/turtlebot4_ws/install/turtlebot4_description/share/turtlebot4_description/meshes/tower_standoff.dae
[0.625s] -- Up-to-date symlink: /home/eduardo/turtlebot4_ws/install/turtlebot4_description/share/turtlebot4_description/meshes/weight_block.dae
[0.626s] -- Up-to-date symlink: /home/eduardo/turtlebot4_ws/install/turtlebot4_description/share/turtlebot4_description/urdf/lite/turtlebot4.urdf.xacro
[0.626s] -- Up-to-date symlink: /home/eduardo/turtlebot4_ws/install/turtlebot4_description/share/turtlebot4_description/urdf/sensors/camera_bracket.urdf.xacro
[0.626s] -- Up-to-date symlink: /home/eduardo/turtlebot4_ws/install/turtlebot4_description/share/turtlebot4_description/urdf/sensors/oakd.urdf.xacro
[0.626s] -- Up-to-date symlink: /home/eduardo/turtlebot4_ws/install/turtlebot4_description/share/turtlebot4_description/urdf/sensors/rplidar.urdf.xacro
[0.627s] -- Up-to-date symlink: /home/eduardo/turtlebot4_ws/install/turtlebot4_description/share/turtlebot4_description/urdf/standard/tower_sensor_plate.urdf.xacro
[0.627s] -- Up-to-date symlink: /home/eduardo/turtlebot4_ws/install/turtlebot4_description/share/turtlebot4_description/urdf/standard/tower_standoff.urdf.xacro
[0.627s] -- Up-to-date symlink: /home/eduardo/turtlebot4_ws/install/turtlebot4_description/share/turtlebot4_description/urdf/standard/turtlebot4.urdf.xacro
[0.627s] -- Up-to-date symlink: /home/eduardo/turtlebot4_ws/install/turtlebot4_description/share/turtlebot4_description/urdf/standard/weight_block.urdf.xacro
[0.628s] -- Up-to-date symlink: /home/eduardo/turtlebot4_ws/install/turtlebot4_description/share/ament_index/resource_index/package_run_dependencies/turtlebot4_description
[0.628s] -- Up-to-date symlink: /home/eduardo/turtlebot4_ws/install/turtlebot4_description/share/ament_index/resource_index/parent_prefix_path/turtlebot4_description
[0.629s] -- Up-to-date symlink: /home/eduardo/turtlebot4_ws/install/turtlebot4_description/share/turtlebot4_description/environment/ament_prefix_path.sh
[0.629s] -- Up-to-date symlink: /home/eduardo/turtlebot4_ws/install/turtlebot4_description/share/turtlebot4_description/environment/ament_prefix_path.dsv
[0.629s] -- Up-to-date symlink: /home/eduardo/turtlebot4_ws/install/turtlebot4_description/share/turtlebot4_description/environment/path.sh
[0.630s] -- Up-to-date symlink: /home/eduardo/turtlebot4_ws/install/turtlebot4_description/share/turtlebot4_description/environment/path.dsv
[0.630s] -- Up-to-date symlink: /home/eduardo/turtlebot4_ws/install/turtlebot4_description/share/turtlebot4_description/local_setup.bash
[0.630s] -- Up-to-date symlink: /home/eduardo/turtlebot4_ws/install/turtlebot4_description/share/turtlebot4_description/local_setup.sh
[0.631s] -- Up-to-date symlink: /home/eduardo/turtlebot4_ws/install/turtlebot4_description/share/turtlebot4_description/local_setup.zsh
[0.631s] -- Up-to-date symlink: /home/eduardo/turtlebot4_ws/install/turtlebot4_description/share/turtlebot4_description/local_setup.dsv
[0.631s] -- Symlinking: /home/eduardo/turtlebot4_ws/install/turtlebot4_description/share/turtlebot4_description/package.dsv
[0.640s] -- Up-to-date symlink: /home/eduardo/turtlebot4_ws/install/turtlebot4_description/share/ament_index/resource_index/packages/turtlebot4_description
[0.641s] -- Up-to-date symlink: /home/eduardo/turtlebot4_ws/install/turtlebot4_description/share/turtlebot4_description/cmake/turtlebot4_descriptionConfig.cmake
[0.641s] -- Up-to-date symlink: /home/eduardo/turtlebot4_ws/install/turtlebot4_description/share/turtlebot4_description/cmake/turtlebot4_descriptionConfig-version.cmake
[0.641s] -- Up-to-date symlink: /home/eduardo/turtlebot4_ws/install/turtlebot4_description/share/turtlebot4_description/package.xml
[0.643s] Invoked command in '/home/eduardo/turtlebot4_ws/build/turtlebot4_description' returned '0': CMAKE_PREFIX_PATH=/opt/ros/humble /usr/bin/cmake --install /home/eduardo/turtlebot4_ws/build/turtlebot4_description
