[2.563s] Invoking command in '/home/eduardo/turtlebot4_ws/src/robot_movement': PYTHONPATH=/home/eduardo/turtlebot4_ws/build/robot_movement/prefix_override:/home/eduardo/turtlebot4_ws/install/robot_movement/lib/python3.10/site-packages:${PYTHONPATH} /usr/bin/python3 setup.py egg_info --egg-base ../../build/robot_movement build --build-base /home/eduardo/turtlebot4_ws/build/robot_movement/build install --record /home/eduardo/turtlebot4_ws/build/robot_movement/install.log --single-version-externally-managed
[3.146s] running egg_info
[3.147s] writing ../../build/robot_movement/robot_movement.egg-info/PKG-INFO
[3.147s] writing dependency_links to ../../build/robot_movement/robot_movement.egg-info/dependency_links.txt
[3.148s] writing entry points to ../../build/robot_movement/robot_movement.egg-info/entry_points.txt
[3.148s] writing requirements to ../../build/robot_movement/robot_movement.egg-info/requires.txt
[3.148s] writing top-level names to ../../build/robot_movement/robot_movement.egg-info/top_level.txt
[3.153s] reading manifest file '../../build/robot_movement/robot_movement.egg-info/SOURCES.txt'
[3.155s] writing manifest file '../../build/robot_movement/robot_movement.egg-info/SOURCES.txt'
[3.155s] running build
[3.155s] running build_py
[3.156s] copying robot_movement/node_movement.py -> /home/eduardo/turtlebot4_ws/build/robot_movement/build/lib/robot_movement
[3.156s] running install
[3.156s] running install_lib
[3.158s] copying /home/eduardo/turtlebot4_ws/build/robot_movement/build/lib/robot_movement/node_movement.py -> /home/eduardo/turtlebot4_ws/install/robot_movement/lib/python3.10/site-packages/robot_movement
[3.159s] byte-compiling /home/eduardo/turtlebot4_ws/install/robot_movement/lib/python3.10/site-packages/robot_movement/node_movement.py to node_movement.cpython-310.pyc
[3.160s] running install_data
[3.161s] running install_egg_info
[3.164s] removing '/home/eduardo/turtlebot4_ws/install/robot_movement/lib/python3.10/site-packages/robot_movement-0.0.0-py3.10.egg-info' (and everything under it)
[3.165s] Copying ../../build/robot_movement/robot_movement.egg-info to /home/eduardo/turtlebot4_ws/install/robot_movement/lib/python3.10/site-packages/robot_movement-0.0.0-py3.10.egg-info
[3.166s] running install_scripts
[3.206s] Installing Movement_exec script to /home/eduardo/turtlebot4_ws/install/robot_movement/lib/robot_movement
[3.207s] writing list of installed files to '/home/eduardo/turtlebot4_ws/build/robot_movement/install.log'
[3.252s] Invoked command in '/home/eduardo/turtlebot4_ws/src/robot_movement' returned '0': PYTHONPATH=/home/eduardo/turtlebot4_ws/build/robot_movement/prefix_override:/home/eduardo/turtlebot4_ws/install/robot_movement/lib/python3.10/site-packages:${PYTHONPATH} /usr/bin/python3 setup.py egg_info --egg-base ../../build/robot_movement build --build-base /home/eduardo/turtlebot4_ws/build/robot_movement/build install --record /home/eduardo/turtlebot4_ws/build/robot_movement/install.log --single-version-externally-managed
