[0.243s] Invoking command in '/home/eduardo/turtlebot4_ws/build/turtlebot4_msgs': CMAKE_PREFIX_PATH=/opt/ros/humble /usr/bin/cmake --build /home/eduardo/turtlebot4_ws/build/turtlebot4_msgs -- -j12 -l12
[0.287s] [  2%] Built target turtlebot4_msgs__cpp
[0.288s] [ 12%] Built target turtlebot4_msgs__rosidl_generator_c
[0.298s] [ 12%] Built target ament_cmake_python_symlink_turtlebot4_msgs
[0.313s] [ 23%] Built target turtlebot4_msgs__rosidl_typesupport_introspection_c
[0.314s] [ 34%] Built target turtlebot4_msgs__rosidl_typesupport_fastrtps_c
[0.316s] [ 55%] Built target turtlebot4_msgs__rosidl_typesupport_fastrtps_cpp
[0.316s] [ 55%] Built target turtlebot4_msgs__rosidl_typesupport_introspection_cpp
[0.319s] [ 65%] Built target turtlebot4_msgs__rosidl_typesupport_cpp
[0.323s] [ 76%] Built target turtlebot4_msgs__rosidl_typesupport_c
[0.341s] [ 76%] Built target turtlebot4_msgs
[0.359s] [ 78%] Built target turtlebot4_msgs__py
[0.379s] [ 87%] Built target turtlebot4_msgs__rosidl_generator_py
[0.399s] [100%] Built target turtlebot4_msgs__rosidl_typesupport_introspection_c__pyext
[0.399s] [100%] Built target turtlebot4_msgs__rosidl_typesupport_fastrtps_c__pyext
[0.399s] [100%] Built target turtlebot4_msgs__rosidl_typesupport_c__pyext
[0.532s] running egg_info
[0.533s] writing turtlebot4_msgs.egg-info/PKG-INFO
[0.533s] writing dependency_links to turtlebot4_msgs.egg-info/dependency_links.txt
[0.533s] writing top-level names to turtlebot4_msgs.egg-info/top_level.txt
[0.535s] reading manifest file 'turtlebot4_msgs.egg-info/SOURCES.txt'
[0.536s] writing manifest file 'turtlebot4_msgs.egg-info/SOURCES.txt'
[0.561s] [100%] Built target ament_cmake_python_build_turtlebot4_msgs_egg
[0.581s] Invoked command in '/home/eduardo/turtlebot4_ws/build/turtlebot4_msgs' returned '0': CMAKE_PREFIX_PATH=/opt/ros/humble /usr/bin/cmake --build /home/eduardo/turtlebot4_ws/build/turtlebot4_msgs -- -j12 -l12
[0.674s] Invoking command in '/home/eduardo/turtlebot4_ws/build/turtlebot4_msgs': CMAKE_PREFIX_PATH=/opt/ros/humble /usr/bin/cmake --install /home/eduardo/turtlebot4_ws/build/turtlebot4_msgs
[0.680s] -- Install configuration: ""
[0.680s] -- Execute custom install script
[0.681s] -- Up-to-date symlink: /home/eduardo/turtlebot4_ws/install/turtlebot4_msgs/share/ament_index/resource_index/rosidl_interfaces/turtlebot4_msgs
[0.681s] -- Up-to-date symlink: /home/eduardo/turtlebot4_ws/install/turtlebot4_msgs/include/turtlebot4_msgs/turtlebot4_msgs/msg/detail/user_button__functions.h
[0.681s] -- Up-to-date symlink: /home/eduardo/turtlebot4_ws/install/turtlebot4_msgs/include/turtlebot4_msgs/turtlebot4_msgs/msg/detail/user_button__struct.h
[0.682s] -- Up-to-date symlink: /home/eduardo/turtlebot4_ws/install/turtlebot4_msgs/include/turtlebot4_msgs/turtlebot4_msgs/msg/detail/user_button__type_support.h
[0.682s] -- Up-to-date symlink: /home/eduardo/turtlebot4_ws/install/turtlebot4_msgs/include/turtlebot4_msgs/turtlebot4_msgs/msg/detail/user_display__functions.h
[0.682s] -- Up-to-date symlink: /home/eduardo/turtlebot4_ws/install/turtlebot4_msgs/include/turtlebot4_msgs/turtlebot4_msgs/msg/detail/user_display__struct.h
[0.682s] -- Up-to-date symlink: /home/eduardo/turtlebot4_ws/install/turtlebot4_msgs/include/turtlebot4_msgs/turtlebot4_msgs/msg/detail/user_display__type_support.h
[0.682s] -- Up-to-date symlink: /home/eduardo/turtlebot4_ws/install/turtlebot4_msgs/include/turtlebot4_msgs/turtlebot4_msgs/msg/detail/user_led__functions.h
[0.683s] -- Up-to-date symlink: /home/eduardo/turtlebot4_ws/install/turtlebot4_msgs/include/turtlebot4_msgs/turtlebot4_msgs/msg/detail/user_led__struct.h
[0.684s] -- Up-to-date symlink: /home/eduardo/turtlebot4_ws/install/turtlebot4_msgs/include/turtlebot4_msgs/turtlebot4_msgs/msg/detail/user_led__type_support.h
[0.684s] -- Up-to-date symlink: /home/eduardo/turtlebot4_ws/install/turtlebot4_msgs/include/turtlebot4_msgs/turtlebot4_msgs/msg/rosidl_generator_c__visibility_control.h
[0.684s] -- Up-to-date symlink: /home/eduardo/turtlebot4_ws/install/turtlebot4_msgs/include/turtlebot4_msgs/turtlebot4_msgs/msg/user_button.h
[0.684s] -- Up-to-date symlink: /home/eduardo/turtlebot4_ws/install/turtlebot4_msgs/include/turtlebot4_msgs/turtlebot4_msgs/msg/user_display.h
[0.684s] -- Up-to-date symlink: /home/eduardo/turtlebot4_ws/install/turtlebot4_msgs/include/turtlebot4_msgs/turtlebot4_msgs/msg/user_led.h
[0.684s] -- Up-to-date symlink: /home/eduardo/turtlebot4_ws/install/turtlebot4_msgs/share/turtlebot4_msgs/environment/library_path.sh
[0.684s] -- Up-to-date symlink: /home/eduardo/turtlebot4_ws/install/turtlebot4_msgs/share/turtlebot4_msgs/environment/library_path.dsv
[0.685s] -- Up-to-date symlink: /home/eduardo/turtlebot4_ws/install/turtlebot4_msgs/include/turtlebot4_msgs/turtlebot4_msgs/msg/detail/user_button__rosidl_typesupport_fastrtps_c.h
[0.685s] -- Up-to-date symlink: /home/eduardo/turtlebot4_ws/install/turtlebot4_msgs/include/turtlebot4_msgs/turtlebot4_msgs/msg/detail/user_display__rosidl_typesupport_fastrtps_c.h
[0.685s] -- Up-to-date symlink: /home/eduardo/turtlebot4_ws/install/turtlebot4_msgs/include/turtlebot4_msgs/turtlebot4_msgs/msg/detail/user_led__rosidl_typesupport_fastrtps_c.h
[0.685s] -- Up-to-date symlink: /home/eduardo/turtlebot4_ws/install/turtlebot4_msgs/include/turtlebot4_msgs/turtlebot4_msgs/msg/rosidl_typesupport_fastrtps_c__visibility_control.h
[0.686s] -- Up-to-date symlink: /home/eduardo/turtlebot4_ws/install/turtlebot4_msgs/include/turtlebot4_msgs/turtlebot4_msgs/msg/detail/user_button__rosidl_typesupport_introspection_c.h
[0.686s] -- Up-to-date symlink: /home/eduardo/turtlebot4_ws/install/turtlebot4_msgs/include/turtlebot4_msgs/turtlebot4_msgs/msg/detail/user_display__rosidl_typesupport_introspection_c.h
[0.686s] -- Up-to-date symlink: /home/eduardo/turtlebot4_ws/install/turtlebot4_msgs/include/turtlebot4_msgs/turtlebot4_msgs/msg/detail/user_led__rosidl_typesupport_introspection_c.h
[0.686s] -- Up-to-date symlink: /home/eduardo/turtlebot4_ws/install/turtlebot4_msgs/include/turtlebot4_msgs/turtlebot4_msgs/msg/rosidl_typesupport_introspection_c__visibility_control.h
[0.686s] -- Up-to-date symlink: /home/eduardo/turtlebot4_ws/install/turtlebot4_msgs/include/turtlebot4_msgs/turtlebot4_msgs/msg/detail/user_button__builder.hpp
[0.687s] -- Up-to-date symlink: /home/eduardo/turtlebot4_ws/install/turtlebot4_msgs/include/turtlebot4_msgs/turtlebot4_msgs/msg/detail/user_button__struct.hpp
[0.687s] -- Up-to-date symlink: /home/eduardo/turtlebot4_ws/install/turtlebot4_msgs/include/turtlebot4_msgs/turtlebot4_msgs/msg/detail/user_button__traits.hpp
[0.687s] -- Up-to-date symlink: /home/eduardo/turtlebot4_ws/install/turtlebot4_msgs/include/turtlebot4_msgs/turtlebot4_msgs/msg/detail/user_display__builder.hpp
[0.687s] -- Up-to-date symlink: /home/eduardo/turtlebot4_ws/install/turtlebot4_msgs/include/turtlebot4_msgs/turtlebot4_msgs/msg/detail/user_display__struct.hpp
[0.687s] -- Up-to-date symlink: /home/eduardo/turtlebot4_ws/install/turtlebot4_msgs/include/turtlebot4_msgs/turtlebot4_msgs/msg/detail/user_display__traits.hpp
[0.687s] -- Up-to-date symlink: /home/eduardo/turtlebot4_ws/install/turtlebot4_msgs/include/turtlebot4_msgs/turtlebot4_msgs/msg/detail/user_led__builder.hpp
[0.688s] -- Up-to-date symlink: /home/eduardo/turtlebot4_ws/install/turtlebot4_msgs/include/turtlebot4_msgs/turtlebot4_msgs/msg/detail/user_led__struct.hpp
[0.688s] -- Up-to-date symlink: /home/eduardo/turtlebot4_ws/install/turtlebot4_msgs/include/turtlebot4_msgs/turtlebot4_msgs/msg/detail/user_led__traits.hpp
[0.688s] -- Up-to-date symlink: /home/eduardo/turtlebot4_ws/install/turtlebot4_msgs/include/turtlebot4_msgs/turtlebot4_msgs/msg/user_button.hpp
[0.688s] -- Up-to-date symlink: /home/eduardo/turtlebot4_ws/install/turtlebot4_msgs/include/turtlebot4_msgs/turtlebot4_msgs/msg/user_display.hpp
[0.688s] -- Up-to-date symlink: /home/eduardo/turtlebot4_ws/install/turtlebot4_msgs/include/turtlebot4_msgs/turtlebot4_msgs/msg/user_led.hpp
[0.688s] -- Up-to-date symlink: /home/eduardo/turtlebot4_ws/install/turtlebot4_msgs/include/turtlebot4_msgs/turtlebot4_msgs/msg/detail/user_button__rosidl_typesupport_fastrtps_cpp.hpp
[0.688s] -- Up-to-date symlink: /home/eduardo/turtlebot4_ws/install/turtlebot4_msgs/include/turtlebot4_msgs/turtlebot4_msgs/msg/detail/user_display__rosidl_typesupport_fastrtps_cpp.hpp
[0.689s] -- Up-to-date symlink: /home/eduardo/turtlebot4_ws/install/turtlebot4_msgs/include/turtlebot4_msgs/turtlebot4_msgs/msg/detail/user_led__rosidl_typesupport_fastrtps_cpp.hpp
[0.689s] -- Up-to-date symlink: /home/eduardo/turtlebot4_ws/install/turtlebot4_msgs/include/turtlebot4_msgs/turtlebot4_msgs/msg/rosidl_typesupport_fastrtps_cpp__visibility_control.h
[0.689s] -- Up-to-date symlink: /home/eduardo/turtlebot4_ws/install/turtlebot4_msgs/include/turtlebot4_msgs/turtlebot4_msgs/msg/detail/user_button__rosidl_typesupport_introspection_cpp.hpp
[0.689s] -- Up-to-date symlink: /home/eduardo/turtlebot4_ws/install/turtlebot4_msgs/include/turtlebot4_msgs/turtlebot4_msgs/msg/detail/user_display__rosidl_typesupport_introspection_cpp.hpp
[0.689s] -- Up-to-date symlink: /home/eduardo/turtlebot4_ws/install/turtlebot4_msgs/include/turtlebot4_msgs/turtlebot4_msgs/msg/detail/user_led__rosidl_typesupport_introspection_cpp.hpp
[0.689s] -- Up-to-date symlink: /home/eduardo/turtlebot4_ws/install/turtlebot4_msgs/share/turtlebot4_msgs/environment/pythonpath.sh
[0.689s] -- Up-to-date symlink: /home/eduardo/turtlebot4_ws/install/turtlebot4_msgs/share/turtlebot4_msgs/environment/pythonpath.dsv
[0.689s] -- Up-to-date symlink: /home/eduardo/turtlebot4_ws/install/turtlebot4_msgs/local/lib/python3.10/dist-packages/turtlebot4_msgs-1.0.4-py3.10.egg-info/PKG-INFO
[0.690s] -- Up-to-date symlink: /home/eduardo/turtlebot4_ws/install/turtlebot4_msgs/local/lib/python3.10/dist-packages/turtlebot4_msgs-1.0.4-py3.10.egg-info/SOURCES.txt
[0.690s] -- Up-to-date symlink: /home/eduardo/turtlebot4_ws/install/turtlebot4_msgs/local/lib/python3.10/dist-packages/turtlebot4_msgs-1.0.4-py3.10.egg-info/dependency_links.txt
[0.690s] -- Up-to-date symlink: /home/eduardo/turtlebot4_ws/install/turtlebot4_msgs/local/lib/python3.10/dist-packages/turtlebot4_msgs-1.0.4-py3.10.egg-info/top_level.txt
[0.691s] -- Up-to-date symlink: /home/eduardo/turtlebot4_ws/install/turtlebot4_msgs/local/lib/python3.10/dist-packages/turtlebot4_msgs/__init__.py
[0.691s] -- Up-to-date symlink: /home/eduardo/turtlebot4_ws/install/turtlebot4_msgs/local/lib/python3.10/dist-packages/turtlebot4_msgs/_turtlebot4_msgs_s.ep.rosidl_typesupport_c.c
[0.691s] -- Up-to-date symlink: /home/eduardo/turtlebot4_ws/install/turtlebot4_msgs/local/lib/python3.10/dist-packages/turtlebot4_msgs/_turtlebot4_msgs_s.ep.rosidl_typesupport_fastrtps_c.c
[0.691s] -- Up-to-date symlink: /home/eduardo/turtlebot4_ws/install/turtlebot4_msgs/local/lib/python3.10/dist-packages/turtlebot4_msgs/_turtlebot4_msgs_s.ep.rosidl_typesupport_introspection_c.c
[0.691s] -- Up-to-date symlink: /home/eduardo/turtlebot4_ws/install/turtlebot4_msgs/local/lib/python3.10/dist-packages/turtlebot4_msgs/libturtlebot4_msgs__rosidl_generator_py.so
[0.692s] -- Up-to-date symlink: /home/eduardo/turtlebot4_ws/install/turtlebot4_msgs/local/lib/python3.10/dist-packages/turtlebot4_msgs/msg/__init__.py
[0.692s] -- Up-to-date symlink: /home/eduardo/turtlebot4_ws/install/turtlebot4_msgs/local/lib/python3.10/dist-packages/turtlebot4_msgs/msg/_user_button.py
[0.693s] -- Up-to-date symlink: /home/eduardo/turtlebot4_ws/install/turtlebot4_msgs/local/lib/python3.10/dist-packages/turtlebot4_msgs/msg/_user_button_s.c
[0.693s] -- Up-to-date symlink: /home/eduardo/turtlebot4_ws/install/turtlebot4_msgs/local/lib/python3.10/dist-packages/turtlebot4_msgs/msg/_user_display.py
[0.693s] -- Up-to-date symlink: /home/eduardo/turtlebot4_ws/install/turtlebot4_msgs/local/lib/python3.10/dist-packages/turtlebot4_msgs/msg/_user_display_s.c
[0.693s] -- Up-to-date symlink: /home/eduardo/turtlebot4_ws/install/turtlebot4_msgs/local/lib/python3.10/dist-packages/turtlebot4_msgs/msg/_user_led.py
[0.693s] -- Up-to-date symlink: /home/eduardo/turtlebot4_ws/install/turtlebot4_msgs/local/lib/python3.10/dist-packages/turtlebot4_msgs/msg/_user_led_s.c
[0.693s] -- Up-to-date symlink: /home/eduardo/turtlebot4_ws/install/turtlebot4_msgs/local/lib/python3.10/dist-packages/turtlebot4_msgs/turtlebot4_msgs_s__rosidl_typesupport_c.cpython-310-x86_64-linux-gnu.so
[0.694s] -- Up-to-date symlink: /home/eduardo/turtlebot4_ws/install/turtlebot4_msgs/local/lib/python3.10/dist-packages/turtlebot4_msgs/turtlebot4_msgs_s__rosidl_typesupport_fastrtps_c.cpython-310-x86_64-linux-gnu.so
[0.694s] -- Up-to-date symlink: /home/eduardo/turtlebot4_ws/install/turtlebot4_msgs/local/lib/python3.10/dist-packages/turtlebot4_msgs/turtlebot4_msgs_s__rosidl_typesupport_introspection_c.cpython-310-x86_64-linux-gnu.so
[0.694s] -- Up-to-date symlink: /home/eduardo/turtlebot4_ws/install/turtlebot4_msgs/local/lib/python3.10/dist-packages/turtlebot4_msgs/turtlebot4_msgs_s__rosidl_typesupport_fastrtps_c.cpython-310-x86_64-linux-gnu.so
[0.694s] -- Up-to-date symlink: /home/eduardo/turtlebot4_ws/install/turtlebot4_msgs/local/lib/python3.10/dist-packages/turtlebot4_msgs/turtlebot4_msgs_s__rosidl_typesupport_introspection_c.cpython-310-x86_64-linux-gnu.so
[0.694s] -- Up-to-date symlink: /home/eduardo/turtlebot4_ws/install/turtlebot4_msgs/local/lib/python3.10/dist-packages/turtlebot4_msgs/turtlebot4_msgs_s__rosidl_typesupport_c.cpython-310-x86_64-linux-gnu.so
[0.694s] -- Up-to-date symlink: /home/eduardo/turtlebot4_ws/install/turtlebot4_msgs/share/turtlebot4_msgs/msg/UserLed.idl
[0.695s] -- Up-to-date symlink: /home/eduardo/turtlebot4_ws/install/turtlebot4_msgs/share/turtlebot4_msgs/msg/UserButton.idl
[0.695s] -- Up-to-date symlink: /home/eduardo/turtlebot4_ws/install/turtlebot4_msgs/share/turtlebot4_msgs/msg/UserDisplay.idl
[0.695s] -- Up-to-date symlink: /home/eduardo/turtlebot4_ws/install/turtlebot4_msgs/share/turtlebot4_msgs/msg/UserLed.msg
[0.695s] -- Up-to-date symlink: /home/eduardo/turtlebot4_ws/install/turtlebot4_msgs/share/turtlebot4_msgs/msg/UserButton.msg
[0.695s] -- Up-to-date symlink: /home/eduardo/turtlebot4_ws/install/turtlebot4_msgs/share/turtlebot4_msgs/msg/UserDisplay.msg
[0.695s] -- Up-to-date symlink: /home/eduardo/turtlebot4_ws/install/turtlebot4_msgs/share/ament_index/resource_index/package_run_dependencies/turtlebot4_msgs
[0.696s] -- Up-to-date symlink: /home/eduardo/turtlebot4_ws/install/turtlebot4_msgs/share/ament_index/resource_index/parent_prefix_path/turtlebot4_msgs
[0.696s] -- Up-to-date symlink: /home/eduardo/turtlebot4_ws/install/turtlebot4_msgs/share/turtlebot4_msgs/environment/ament_prefix_path.sh
[0.696s] -- Up-to-date symlink: /home/eduardo/turtlebot4_ws/install/turtlebot4_msgs/share/turtlebot4_msgs/environment/ament_prefix_path.dsv
[0.696s] -- Up-to-date symlink: /home/eduardo/turtlebot4_ws/install/turtlebot4_msgs/share/turtlebot4_msgs/environment/path.sh
[0.696s] -- Up-to-date symlink: /home/eduardo/turtlebot4_ws/install/turtlebot4_msgs/share/turtlebot4_msgs/environment/path.dsv
[0.696s] -- Up-to-date symlink: /home/eduardo/turtlebot4_ws/install/turtlebot4_msgs/share/turtlebot4_msgs/local_setup.bash
[0.696s] -- Up-to-date symlink: /home/eduardo/turtlebot4_ws/install/turtlebot4_msgs/share/turtlebot4_msgs/local_setup.sh
[0.696s] -- Up-to-date symlink: /home/eduardo/turtlebot4_ws/install/turtlebot4_msgs/share/turtlebot4_msgs/local_setup.zsh
[0.697s] -- Up-to-date symlink: /home/eduardo/turtlebot4_ws/install/turtlebot4_msgs/share/turtlebot4_msgs/local_setup.dsv
[0.697s] -- Symlinking: /home/eduardo/turtlebot4_ws/install/turtlebot4_msgs/share/turtlebot4_msgs/package.dsv
[0.701s] -- Up-to-date symlink: /home/eduardo/turtlebot4_ws/install/turtlebot4_msgs/share/ament_index/resource_index/packages/turtlebot4_msgs
[0.701s] -- Up-to-date symlink: /home/eduardo/turtlebot4_ws/install/turtlebot4_msgs/share/turtlebot4_msgs/cmake/rosidl_cmake-extras.cmake
[0.702s] -- Up-to-date symlink: /home/eduardo/turtlebot4_ws/install/turtlebot4_msgs/share/turtlebot4_msgs/cmake/ament_cmake_export_include_directories-extras.cmake
[0.702s] -- Up-to-date symlink: /home/eduardo/turtlebot4_ws/install/turtlebot4_msgs/share/turtlebot4_msgs/cmake/ament_cmake_export_libraries-extras.cmake
[0.702s] -- Up-to-date symlink: /home/eduardo/turtlebot4_ws/install/turtlebot4_msgs/share/turtlebot4_msgs/cmake/ament_cmake_export_targets-extras.cmake
[0.702s] -- Up-to-date symlink: /home/eduardo/turtlebot4_ws/install/turtlebot4_msgs/share/turtlebot4_msgs/cmake/rosidl_cmake_export_typesupport_targets-extras.cmake
[0.703s] -- Up-to-date symlink: /home/eduardo/turtlebot4_ws/install/turtlebot4_msgs/share/turtlebot4_msgs/cmake/ament_cmake_export_dependencies-extras.cmake
[0.703s] -- Up-to-date symlink: /home/eduardo/turtlebot4_ws/install/turtlebot4_msgs/share/turtlebot4_msgs/cmake/rosidl_cmake_export_typesupport_libraries-extras.cmake
[0.703s] -- Up-to-date symlink: /home/eduardo/turtlebot4_ws/install/turtlebot4_msgs/share/turtlebot4_msgs/cmake/turtlebot4_msgsConfig.cmake
[0.703s] -- Up-to-date symlink: /home/eduardo/turtlebot4_ws/install/turtlebot4_msgs/share/turtlebot4_msgs/cmake/turtlebot4_msgsConfig-version.cmake
[0.703s] -- Up-to-date symlink: /home/eduardo/turtlebot4_ws/install/turtlebot4_msgs/share/turtlebot4_msgs/package.xml
[0.703s] -- Up-to-date: /home/eduardo/turtlebot4_ws/install/turtlebot4_msgs/lib/libturtlebot4_msgs__rosidl_generator_c.so
[0.703s] -- Up-to-date: /home/eduardo/turtlebot4_ws/install/turtlebot4_msgs/lib/libturtlebot4_msgs__rosidl_typesupport_fastrtps_c.so
[0.703s] -- Up-to-date: /home/eduardo/turtlebot4_ws/install/turtlebot4_msgs/lib/libturtlebot4_msgs__rosidl_typesupport_introspection_c.so
[0.704s] -- Up-to-date: /home/eduardo/turtlebot4_ws/install/turtlebot4_msgs/lib/libturtlebot4_msgs__rosidl_typesupport_c.so
[0.704s] -- Up-to-date: /home/eduardo/turtlebot4_ws/install/turtlebot4_msgs/lib/libturtlebot4_msgs__rosidl_typesupport_fastrtps_cpp.so
[0.704s] -- Up-to-date: /home/eduardo/turtlebot4_ws/install/turtlebot4_msgs/lib/libturtlebot4_msgs__rosidl_typesupport_introspection_cpp.so
[0.704s] -- Up-to-date: /home/eduardo/turtlebot4_ws/install/turtlebot4_msgs/lib/libturtlebot4_msgs__rosidl_typesupport_cpp.so
[0.730s] Listing '/home/eduardo/turtlebot4_ws/install/turtlebot4_msgs/local/lib/python3.10/dist-packages/turtlebot4_msgs'...
[0.731s] Listing '/home/eduardo/turtlebot4_ws/install/turtlebot4_msgs/local/lib/python3.10/dist-packages/turtlebot4_msgs/msg'...
[0.734s] -- Up-to-date: /home/eduardo/turtlebot4_ws/install/turtlebot4_msgs/lib/libturtlebot4_msgs__rosidl_generator_py.so
[0.734s] -- Up-to-date: /home/eduardo/turtlebot4_ws/install/turtlebot4_msgs/share/turtlebot4_msgs/cmake/export_turtlebot4_msgs__rosidl_generator_cExport.cmake
[0.734s] -- Up-to-date: /home/eduardo/turtlebot4_ws/install/turtlebot4_msgs/share/turtlebot4_msgs/cmake/export_turtlebot4_msgs__rosidl_generator_cExport-noconfig.cmake
[0.735s] -- Up-to-date: /home/eduardo/turtlebot4_ws/install/turtlebot4_msgs/share/turtlebot4_msgs/cmake/export_turtlebot4_msgs__rosidl_typesupport_fastrtps_cExport.cmake
[0.735s] -- Up-to-date: /home/eduardo/turtlebot4_ws/install/turtlebot4_msgs/share/turtlebot4_msgs/cmake/export_turtlebot4_msgs__rosidl_typesupport_fastrtps_cExport-noconfig.cmake
[0.735s] -- Up-to-date: /home/eduardo/turtlebot4_ws/install/turtlebot4_msgs/share/turtlebot4_msgs/cmake/turtlebot4_msgs__rosidl_typesupport_introspection_cExport.cmake
[0.735s] -- Up-to-date: /home/eduardo/turtlebot4_ws/install/turtlebot4_msgs/share/turtlebot4_msgs/cmake/turtlebot4_msgs__rosidl_typesupport_introspection_cExport-noconfig.cmake
[0.735s] -- Up-to-date: /home/eduardo/turtlebot4_ws/install/turtlebot4_msgs/share/turtlebot4_msgs/cmake/turtlebot4_msgs__rosidl_typesupport_cExport.cmake
[0.736s] -- Up-to-date: /home/eduardo/turtlebot4_ws/install/turtlebot4_msgs/share/turtlebot4_msgs/cmake/turtlebot4_msgs__rosidl_typesupport_cExport-noconfig.cmake
[0.736s] -- Up-to-date: /home/eduardo/turtlebot4_ws/install/turtlebot4_msgs/share/turtlebot4_msgs/cmake/export_turtlebot4_msgs__rosidl_generator_cppExport.cmake
[0.736s] -- Up-to-date: /home/eduardo/turtlebot4_ws/install/turtlebot4_msgs/share/turtlebot4_msgs/cmake/export_turtlebot4_msgs__rosidl_typesupport_fastrtps_cppExport.cmake
[0.736s] -- Up-to-date: /home/eduardo/turtlebot4_ws/install/turtlebot4_msgs/share/turtlebot4_msgs/cmake/export_turtlebot4_msgs__rosidl_typesupport_fastrtps_cppExport-noconfig.cmake
[0.736s] -- Up-to-date: /home/eduardo/turtlebot4_ws/install/turtlebot4_msgs/share/turtlebot4_msgs/cmake/turtlebot4_msgs__rosidl_typesupport_introspection_cppExport.cmake
[0.736s] -- Up-to-date: /home/eduardo/turtlebot4_ws/install/turtlebot4_msgs/share/turtlebot4_msgs/cmake/turtlebot4_msgs__rosidl_typesupport_introspection_cppExport-noconfig.cmake
[0.736s] -- Up-to-date: /home/eduardo/turtlebot4_ws/install/turtlebot4_msgs/share/turtlebot4_msgs/cmake/turtlebot4_msgs__rosidl_typesupport_cppExport.cmake
[0.736s] -- Up-to-date: /home/eduardo/turtlebot4_ws/install/turtlebot4_msgs/share/turtlebot4_msgs/cmake/turtlebot4_msgs__rosidl_typesupport_cppExport-noconfig.cmake
[0.737s] -- Up-to-date: /home/eduardo/turtlebot4_ws/install/turtlebot4_msgs/share/turtlebot4_msgs/cmake/export_turtlebot4_msgs__rosidl_generator_pyExport.cmake
[0.738s] -- Up-to-date: /home/eduardo/turtlebot4_ws/install/turtlebot4_msgs/share/turtlebot4_msgs/cmake/export_turtlebot4_msgs__rosidl_generator_pyExport-noconfig.cmake
[0.913s] Invoked command in '/home/eduardo/turtlebot4_ws/build/turtlebot4_msgs' returned '0': CMAKE_PREFIX_PATH=/opt/ros/humble /usr/bin/cmake --install /home/eduardo/turtlebot4_ws/build/turtlebot4_msgs
