[0.058s] Invoking command in '/home/eduardo/turtlebot4_ws/build/turtlebot4_ignition_bringup': AMENT_PREFIX_PATH=/home/eduardo/turtlebot4_ws/install/turtlebot4_node:/home/eduardo/turtlebot4_ws/install/turtlebot4_ignition_toolbox:/home/eduardo/turtlebot4_ws/install/turtlebot4_navigation:/home/eduardo/turtlebot4_ws/install/turtlebot4_msgs:/home/eduardo/turtlebot4_ws/install/turtlebot4_ignition_gui_plugins:/home/eduardo/turtlebot4_ws/install/turtlebot4_description:${AMENT_PREFIX_PATH} CMAKE_PREFIX_PATH=/home/eduardo/turtlebot4_ws/install/turtlebot4_node:/home/eduardo/turtlebot4_ws/install/turtlebot4_ignition_toolbox:/home/eduardo/turtlebot4_ws/install/turtlebot4_navigation:/home/eduardo/turtlebot4_ws/install/turtlebot4_msgs:/home/eduardo/turtlebot4_ws/install/turtlebot4_ignition_gui_plugins:/home/eduardo/turtlebot4_ws/install/turtlebot4_description:/opt/ros/humble LD_LIBRARY_PATH=/home/eduardo/turtlebot4_ws/install/turtlebot4_msgs/lib:${LD_LIBRARY_PATH} PYTHONPATH=/home/eduardo/turtlebot4_ws/install/turtlebot4_navigation/local/lib/python3.10/dist-packages:/home/eduardo/turtlebot4_ws/install/turtlebot4_msgs/local/lib/python3.10/dist-packages:${PYTHONPATH} /usr/bin/cmake /home/eduardo/turtlebot4_ws/src/turtlebot4_simulator/turtlebot4_ignition_bringup -DCMAKE_INSTALL_PREFIX=/home/eduardo/turtlebot4_ws/install/turtlebot4_ignition_bringup
[0.068s] -- Found ament_cmake: 1.3.6 (/opt/ros/humble/share/ament_cmake/cmake)
[0.183s] -- Override CMake install command with custom implementation using symlinks instead of copying resources
[0.189s] -- Found ros_ign_interfaces: 0.244.11 (/opt/ros/humble/share/ros_ign_interfaces/cmake)
[0.211s] -- Found rosidl_generator_c: 3.1.5 (/opt/ros/humble/share/rosidl_generator_c/cmake)
[0.213s] -- Found rosidl_adapter: 3.1.5 (/opt/ros/humble/share/rosidl_adapter/cmake)
[0.218s] -- Found rosidl_generator_cpp: 3.1.5 (/opt/ros/humble/share/rosidl_generator_cpp/cmake)
[0.228s] -- Using all available rosidl_typesupport_c: rosidl_typesupport_fastrtps_c;rosidl_typesupport_introspection_c
[0.242s] -- Using all available rosidl_typesupport_cpp: rosidl_typesupport_fastrtps_cpp;rosidl_typesupport_introspection_cpp
[0.555s] -- Found ament_lint_auto: 0.12.9 (/opt/ros/humble/share/ament_lint_auto/cmake)
[0.615s] -- Added test 'copyright' to check source files copyright and LICENSE
[0.617s] -- Added test 'flake8' to check Python code syntax and style conventions
[0.618s] -- Added test 'lint_cmake' to check CMake code style
[0.618s] -- Added test 'pep257' to check Python code against some of the docstring style conventions in PEP 257
[0.620s] -- Added test 'xmllint' to check XML markup files
[0.620s] -- Configuring done
[0.624s] -- Generating done
[0.625s] -- Build files have been written to: /home/eduardo/turtlebot4_ws/build/turtlebot4_ignition_bringup
[0.630s] Invoked command in '/home/eduardo/turtlebot4_ws/build/turtlebot4_ignition_bringup' returned '0': AMENT_PREFIX_PATH=/home/eduardo/turtlebot4_ws/install/turtlebot4_node:/home/eduardo/turtlebot4_ws/install/turtlebot4_ignition_toolbox:/home/eduardo/turtlebot4_ws/install/turtlebot4_navigation:/home/eduardo/turtlebot4_ws/install/turtlebot4_msgs:/home/eduardo/turtlebot4_ws/install/turtlebot4_ignition_gui_plugins:/home/eduardo/turtlebot4_ws/install/turtlebot4_description:${AMENT_PREFIX_PATH} CMAKE_PREFIX_PATH=/home/eduardo/turtlebot4_ws/install/turtlebot4_node:/home/eduardo/turtlebot4_ws/install/turtlebot4_ignition_toolbox:/home/eduardo/turtlebot4_ws/install/turtlebot4_navigation:/home/eduardo/turtlebot4_ws/install/turtlebot4_msgs:/home/eduardo/turtlebot4_ws/install/turtlebot4_ignition_gui_plugins:/home/eduardo/turtlebot4_ws/install/turtlebot4_description:/opt/ros/humble LD_LIBRARY_PATH=/home/eduardo/turtlebot4_ws/install/turtlebot4_msgs/lib:${LD_LIBRARY_PATH} PYTHONPATH=/home/eduardo/turtlebot4_ws/install/turtlebot4_navigation/local/lib/python3.10/dist-packages:/home/eduardo/turtlebot4_ws/install/turtlebot4_msgs/local/lib/python3.10/dist-packages:${PYTHONPATH} /usr/bin/cmake /home/eduardo/turtlebot4_ws/src/turtlebot4_simulator/turtlebot4_ignition_bringup -DCMAKE_INSTALL_PREFIX=/home/eduardo/turtlebot4_ws/install/turtlebot4_ignition_bringup
[0.631s] Invoking command in '/home/eduardo/turtlebot4_ws/build/turtlebot4_ignition_bringup': AMENT_PREFIX_PATH=/home/eduardo/turtlebot4_ws/install/turtlebot4_node:/home/eduardo/turtlebot4_ws/install/turtlebot4_ignition_toolbox:/home/eduardo/turtlebot4_ws/install/turtlebot4_navigation:/home/eduardo/turtlebot4_ws/install/turtlebot4_msgs:/home/eduardo/turtlebot4_ws/install/turtlebot4_ignition_gui_plugins:/home/eduardo/turtlebot4_ws/install/turtlebot4_description:${AMENT_PREFIX_PATH} CMAKE_PREFIX_PATH=/home/eduardo/turtlebot4_ws/install/turtlebot4_node:/home/eduardo/turtlebot4_ws/install/turtlebot4_ignition_toolbox:/home/eduardo/turtlebot4_ws/install/turtlebot4_navigation:/home/eduardo/turtlebot4_ws/install/turtlebot4_msgs:/home/eduardo/turtlebot4_ws/install/turtlebot4_ignition_gui_plugins:/home/eduardo/turtlebot4_ws/install/turtlebot4_description:/opt/ros/humble LD_LIBRARY_PATH=/home/eduardo/turtlebot4_ws/install/turtlebot4_msgs/lib:${LD_LIBRARY_PATH} PYTHONPATH=/home/eduardo/turtlebot4_ws/install/turtlebot4_navigation/local/lib/python3.10/dist-packages:/home/eduardo/turtlebot4_ws/install/turtlebot4_msgs/local/lib/python3.10/dist-packages:${PYTHONPATH} /usr/bin/cmake --build /home/eduardo/turtlebot4_ws/build/turtlebot4_ignition_bringup -- -j12 -l12
[0.663s] Invoked command in '/home/eduardo/turtlebot4_ws/build/turtlebot4_ignition_bringup' returned '0': AMENT_PREFIX_PATH=/home/eduardo/turtlebot4_ws/install/turtlebot4_node:/home/eduardo/turtlebot4_ws/install/turtlebot4_ignition_toolbox:/home/eduardo/turtlebot4_ws/install/turtlebot4_navigation:/home/eduardo/turtlebot4_ws/install/turtlebot4_msgs:/home/eduardo/turtlebot4_ws/install/turtlebot4_ignition_gui_plugins:/home/eduardo/turtlebot4_ws/install/turtlebot4_description:${AMENT_PREFIX_PATH} CMAKE_PREFIX_PATH=/home/eduardo/turtlebot4_ws/install/turtlebot4_node:/home/eduardo/turtlebot4_ws/install/turtlebot4_ignition_toolbox:/home/eduardo/turtlebot4_ws/install/turtlebot4_navigation:/home/eduardo/turtlebot4_ws/install/turtlebot4_msgs:/home/eduardo/turtlebot4_ws/install/turtlebot4_ignition_gui_plugins:/home/eduardo/turtlebot4_ws/install/turtlebot4_description:/opt/ros/humble LD_LIBRARY_PATH=/home/eduardo/turtlebot4_ws/install/turtlebot4_msgs/lib:${LD_LIBRARY_PATH} PYTHONPATH=/home/eduardo/turtlebot4_ws/install/turtlebot4_navigation/local/lib/python3.10/dist-packages:/home/eduardo/turtlebot4_ws/install/turtlebot4_msgs/local/lib/python3.10/dist-packages:${PYTHONPATH} /usr/bin/cmake --build /home/eduardo/turtlebot4_ws/build/turtlebot4_ignition_bringup -- -j12 -l12
[0.683s] Invoking command in '/home/eduardo/turtlebot4_ws/build/turtlebot4_ignition_bringup': AMENT_PREFIX_PATH=/home/eduardo/turtlebot4_ws/install/turtlebot4_node:/home/eduardo/turtlebot4_ws/install/turtlebot4_ignition_toolbox:/home/eduardo/turtlebot4_ws/install/turtlebot4_navigation:/home/eduardo/turtlebot4_ws/install/turtlebot4_msgs:/home/eduardo/turtlebot4_ws/install/turtlebot4_ignition_gui_plugins:/home/eduardo/turtlebot4_ws/install/turtlebot4_description:${AMENT_PREFIX_PATH} CMAKE_PREFIX_PATH=/home/eduardo/turtlebot4_ws/install/turtlebot4_node:/home/eduardo/turtlebot4_ws/install/turtlebot4_ignition_toolbox:/home/eduardo/turtlebot4_ws/install/turtlebot4_navigation:/home/eduardo/turtlebot4_ws/install/turtlebot4_msgs:/home/eduardo/turtlebot4_ws/install/turtlebot4_ignition_gui_plugins:/home/eduardo/turtlebot4_ws/install/turtlebot4_description:/opt/ros/humble LD_LIBRARY_PATH=/home/eduardo/turtlebot4_ws/install/turtlebot4_msgs/lib:${LD_LIBRARY_PATH} PYTHONPATH=/home/eduardo/turtlebot4_ws/install/turtlebot4_navigation/local/lib/python3.10/dist-packages:/home/eduardo/turtlebot4_ws/install/turtlebot4_msgs/local/lib/python3.10/dist-packages:${PYTHONPATH} /usr/bin/cmake --install /home/eduardo/turtlebot4_ws/build/turtlebot4_ignition_bringup
[0.688s] -- Install configuration: ""
[0.689s] -- Execute custom install script
[0.689s] -- Up-to-date symlink: /home/eduardo/turtlebot4_ws/install/turtlebot4_ignition_bringup/share/turtlebot4_ignition_bringup/config/turtlebot4_node.yaml
[0.689s] -- Up-to-date symlink: /home/eduardo/turtlebot4_ws/install/turtlebot4_ignition_bringup/share/turtlebot4_ignition_bringup/gui/lite/gui.config
[0.689s] -- Up-to-date symlink: /home/eduardo/turtlebot4_ws/install/turtlebot4_ignition_bringup/share/turtlebot4_ignition_bringup/gui/standard/gui.config
[0.690s] -- Up-to-date symlink: /home/eduardo/turtlebot4_ws/install/turtlebot4_ignition_bringup/share/turtlebot4_ignition_bringup/launch/ignition.launch.py
[0.690s] -- Up-to-date symlink: /home/eduardo/turtlebot4_ws/install/turtlebot4_ignition_bringup/share/turtlebot4_ignition_bringup/launch/ros_ign_bridge.launch.py
[0.690s] -- Up-to-date symlink: /home/eduardo/turtlebot4_ws/install/turtlebot4_ignition_bringup/share/turtlebot4_ignition_bringup/launch/turtlebot4_ignition.launch.py
[0.690s] -- Up-to-date symlink: /home/eduardo/turtlebot4_ws/install/turtlebot4_ignition_bringup/share/turtlebot4_ignition_bringup/launch/turtlebot4_nodes.launch.py
[0.690s] -- Up-to-date symlink: /home/eduardo/turtlebot4_ws/install/turtlebot4_ignition_bringup/share/turtlebot4_ignition_bringup/launch/turtlebot4_spawn.launch.py
[0.690s] -- Up-to-date symlink: /home/eduardo/turtlebot4_ws/install/turtlebot4_ignition_bringup/share/turtlebot4_ignition_bringup/worlds/depot.sdf
[0.690s] -- Up-to-date symlink: /home/eduardo/turtlebot4_ws/install/turtlebot4_ignition_bringup/share/turtlebot4_ignition_bringup/worlds/maze.sdf
[0.691s] -- Up-to-date symlink: /home/eduardo/turtlebot4_ws/install/turtlebot4_ignition_bringup/share/turtlebot4_ignition_bringup/worlds/warehouse.sdf
[0.691s] -- Up-to-date symlink: /home/eduardo/turtlebot4_ws/install/turtlebot4_ignition_bringup/share/ament_index/resource_index/package_run_dependencies/turtlebot4_ignition_bringup
[0.691s] -- Up-to-date symlink: /home/eduardo/turtlebot4_ws/install/turtlebot4_ignition_bringup/share/ament_index/resource_index/parent_prefix_path/turtlebot4_ignition_bringup
[0.691s] -- Up-to-date symlink: /home/eduardo/turtlebot4_ws/install/turtlebot4_ignition_bringup/share/turtlebot4_ignition_bringup/environment/ament_prefix_path.sh
[0.691s] -- Up-to-date symlink: /home/eduardo/turtlebot4_ws/install/turtlebot4_ignition_bringup/share/turtlebot4_ignition_bringup/environment/ament_prefix_path.dsv
[0.691s] -- Up-to-date symlink: /home/eduardo/turtlebot4_ws/install/turtlebot4_ignition_bringup/share/turtlebot4_ignition_bringup/environment/path.sh
[0.691s] -- Up-to-date symlink: /home/eduardo/turtlebot4_ws/install/turtlebot4_ignition_bringup/share/turtlebot4_ignition_bringup/environment/path.dsv
[0.691s] -- Up-to-date symlink: /home/eduardo/turtlebot4_ws/install/turtlebot4_ignition_bringup/share/turtlebot4_ignition_bringup/local_setup.bash
[0.692s] -- Up-to-date symlink: /home/eduardo/turtlebot4_ws/install/turtlebot4_ignition_bringup/share/turtlebot4_ignition_bringup/local_setup.sh
[0.692s] -- Up-to-date symlink: /home/eduardo/turtlebot4_ws/install/turtlebot4_ignition_bringup/share/turtlebot4_ignition_bringup/local_setup.zsh
[0.692s] -- Up-to-date symlink: /home/eduardo/turtlebot4_ws/install/turtlebot4_ignition_bringup/share/turtlebot4_ignition_bringup/local_setup.dsv
[0.692s] -- Symlinking: /home/eduardo/turtlebot4_ws/install/turtlebot4_ignition_bringup/share/turtlebot4_ignition_bringup/package.dsv
[0.699s] -- Up-to-date symlink: /home/eduardo/turtlebot4_ws/install/turtlebot4_ignition_bringup/share/ament_index/resource_index/packages/turtlebot4_ignition_bringup
[0.699s] -- Up-to-date symlink: /home/eduardo/turtlebot4_ws/install/turtlebot4_ignition_bringup/share/turtlebot4_ignition_bringup/cmake/turtlebot4_ignition_bringupConfig.cmake
[0.699s] -- Up-to-date symlink: /home/eduardo/turtlebot4_ws/install/turtlebot4_ignition_bringup/share/turtlebot4_ignition_bringup/cmake/turtlebot4_ignition_bringupConfig-version.cmake
[0.700s] -- Up-to-date symlink: /home/eduardo/turtlebot4_ws/install/turtlebot4_ignition_bringup/share/turtlebot4_ignition_bringup/package.xml
[0.701s] Invoked command in '/home/eduardo/turtlebot4_ws/build/turtlebot4_ignition_bringup' returned '0': AMENT_PREFIX_PATH=/home/eduardo/turtlebot4_ws/install/turtlebot4_node:/home/eduardo/turtlebot4_ws/install/turtlebot4_ignition_toolbox:/home/eduardo/turtlebot4_ws/install/turtlebot4_navigation:/home/eduardo/turtlebot4_ws/install/turtlebot4_msgs:/home/eduardo/turtlebot4_ws/install/turtlebot4_ignition_gui_plugins:/home/eduardo/turtlebot4_ws/install/turtlebot4_description:${AMENT_PREFIX_PATH} CMAKE_PREFIX_PATH=/home/eduardo/turtlebot4_ws/install/turtlebot4_node:/home/eduardo/turtlebot4_ws/install/turtlebot4_ignition_toolbox:/home/eduardo/turtlebot4_ws/install/turtlebot4_navigation:/home/eduardo/turtlebot4_ws/install/turtlebot4_msgs:/home/eduardo/turtlebot4_ws/install/turtlebot4_ignition_gui_plugins:/home/eduardo/turtlebot4_ws/install/turtlebot4_description:/opt/ros/humble LD_LIBRARY_PATH=/home/eduardo/turtlebot4_ws/install/turtlebot4_msgs/lib:${LD_LIBRARY_PATH} PYTHONPATH=/home/eduardo/turtlebot4_ws/install/turtlebot4_navigation/local/lib/python3.10/dist-packages:/home/eduardo/turtlebot4_ws/install/turtlebot4_msgs/local/lib/python3.10/dist-packages:${PYTHONPATH} /usr/bin/cmake --install /home/eduardo/turtlebot4_ws/build/turtlebot4_ignition_bringup
