[0.329s] Invoking command in '/home/eduardo/turtlebot4_ws/build/turtlebot4_navigation': CMAKE_PREFIX_PATH=${CMAKE_PREFIX_PATH}:/home/eduardo/turtlebot4_ws/install/turtlebot4_python_tutorials:/home/eduardo/turtlebot4_ws/install/robot_movement:/opt/ros/humble /usr/bin/cmake --build /home/eduardo/turtlebot4_ws/build/turtlebot4_navigation -- -j12 -l12
[0.454s] Built target ament_cmake_python_symlink_turtlebot4_navigation
[1.231s] running egg_info
[1.232s] writing turtlebot4_navigation.egg-info/PKG-INFO
[1.233s] writing dependency_links to turtlebot4_navigation.egg-info/dependency_links.txt
[1.233s] writing top-level names to turtlebot4_navigation.egg-info/top_level.txt
[1.239s] reading manifest file 'turtlebot4_navigation.egg-info/SOURCES.txt'
[1.240s] writing manifest file 'turtlebot4_navigation.egg-info/SOURCES.txt'
[1.300s] Built target ament_cmake_python_build_turtlebot4_navigation_egg
[1.364s] Invoked command in '/home/eduardo/turtlebot4_ws/build/turtlebot4_navigation' returned '0': CMAKE_PREFIX_PATH=${CMAKE_PREFIX_PATH}:/home/eduardo/turtlebot4_ws/install/turtlebot4_python_tutorials:/home/eduardo/turtlebot4_ws/install/robot_movement:/opt/ros/humble /usr/bin/cmake --build /home/eduardo/turtlebot4_ws/build/turtlebot4_navigation -- -j12 -l12
[1.428s] Invoking command in '/home/eduardo/turtlebot4_ws/build/turtlebot4_navigation': CMAKE_PREFIX_PATH=${CMAKE_PREFIX_PATH}:/home/eduardo/turtlebot4_ws/install/turtlebot4_python_tutorials:/home/eduardo/turtlebot4_ws/install/robot_movement:/opt/ros/humble /usr/bin/cmake --install /home/eduardo/turtlebot4_ws/build/turtlebot4_navigation
[1.448s] -- Install configuration: ""
[1.451s] -- Execute custom install script
[1.454s] -- Up-to-date symlink: /home/eduardo/turtlebot4_ws/install/turtlebot4_navigation/share/turtlebot4_navigation/config/localization.yaml
[1.454s] -- Up-to-date symlink: /home/eduardo/turtlebot4_ws/install/turtlebot4_navigation/share/turtlebot4_navigation/config/nav2.yaml
[1.455s] -- Up-to-date symlink: /home/eduardo/turtlebot4_ws/install/turtlebot4_navigation/share/turtlebot4_navigation/config/slam.yaml
[1.456s] -- Up-to-date symlink: /home/eduardo/turtlebot4_ws/install/turtlebot4_navigation/share/turtlebot4_navigation/launch/localization.launch.py
[1.457s] -- Up-to-date symlink: /home/eduardo/turtlebot4_ws/install/turtlebot4_navigation/share/turtlebot4_navigation/launch/nav2.launch.py
[1.458s] -- Up-to-date symlink: /home/eduardo/turtlebot4_ws/install/turtlebot4_navigation/share/turtlebot4_navigation/launch/slam.launch.py
[1.459s] -- Up-to-date symlink: /home/eduardo/turtlebot4_ws/install/turtlebot4_navigation/share/turtlebot4_navigation/maps/depot.pgm
[1.460s] -- Up-to-date symlink: /home/eduardo/turtlebot4_ws/install/turtlebot4_navigation/share/turtlebot4_navigation/maps/depot.yaml
[1.464s] -- Up-to-date symlink: /home/eduardo/turtlebot4_ws/install/turtlebot4_navigation/share/turtlebot4_navigation/maps/maze.pgm
[1.464s] -- Up-to-date symlink: /home/eduardo/turtlebot4_ws/install/turtlebot4_navigation/share/turtlebot4_navigation/maps/maze.yaml
[1.465s] -- Up-to-date symlink: /home/eduardo/turtlebot4_ws/install/turtlebot4_navigation/share/turtlebot4_navigation/maps/warehouse.pgm
[1.466s] -- Up-to-date symlink: /home/eduardo/turtlebot4_ws/install/turtlebot4_navigation/share/turtlebot4_navigation/maps/warehouse.yaml
[1.467s] -- Up-to-date symlink: /home/eduardo/turtlebot4_ws/install/turtlebot4_navigation/share/turtlebot4_navigation/environment/pythonpath.sh
[1.467s] -- Up-to-date symlink: /home/eduardo/turtlebot4_ws/install/turtlebot4_navigation/share/turtlebot4_navigation/environment/pythonpath.dsv
[1.467s] -- Up-to-date symlink: /home/eduardo/turtlebot4_ws/install/turtlebot4_navigation/local/lib/python3.10/dist-packages/turtlebot4_navigation-1.0.4-py3.10.egg-info/PKG-INFO
[1.467s] -- Up-to-date symlink: /home/eduardo/turtlebot4_ws/install/turtlebot4_navigation/local/lib/python3.10/dist-packages/turtlebot4_navigation-1.0.4-py3.10.egg-info/SOURCES.txt
[1.468s] -- Up-to-date symlink: /home/eduardo/turtlebot4_ws/install/turtlebot4_navigation/local/lib/python3.10/dist-packages/turtlebot4_navigation-1.0.4-py3.10.egg-info/dependency_links.txt
[1.468s] -- Up-to-date symlink: /home/eduardo/turtlebot4_ws/install/turtlebot4_navigation/local/lib/python3.10/dist-packages/turtlebot4_navigation-1.0.4-py3.10.egg-info/top_level.txt
[1.468s] -- Up-to-date symlink: /home/eduardo/turtlebot4_ws/install/turtlebot4_navigation/local/lib/python3.10/dist-packages/turtlebot4_navigation/__init__.py
[1.469s] -- Up-to-date symlink: /home/eduardo/turtlebot4_ws/install/turtlebot4_navigation/local/lib/python3.10/dist-packages/turtlebot4_navigation/turtlebot4_navigator.py
[1.470s] -- Up-to-date symlink: /home/eduardo/turtlebot4_ws/install/turtlebot4_navigation/local/lib/python3.10/dist-packages/turtlebot4_navigator.py
[1.470s] -- Up-to-date symlink: /home/eduardo/turtlebot4_ws/install/turtlebot4_navigation/share/ament_index/resource_index/package_run_dependencies/turtlebot4_navigation
[1.470s] -- Up-to-date symlink: /home/eduardo/turtlebot4_ws/install/turtlebot4_navigation/share/ament_index/resource_index/parent_prefix_path/turtlebot4_navigation
[1.470s] -- Up-to-date symlink: /home/eduardo/turtlebot4_ws/install/turtlebot4_navigation/share/turtlebot4_navigation/environment/ament_prefix_path.sh
[1.471s] -- Up-to-date symlink: /home/eduardo/turtlebot4_ws/install/turtlebot4_navigation/share/turtlebot4_navigation/environment/ament_prefix_path.dsv
[1.471s] -- Up-to-date symlink: /home/eduardo/turtlebot4_ws/install/turtlebot4_navigation/share/turtlebot4_navigation/environment/path.sh
[1.472s] -- Up-to-date symlink: /home/eduardo/turtlebot4_ws/install/turtlebot4_navigation/share/turtlebot4_navigation/environment/path.dsv
[1.472s] -- Up-to-date symlink: /home/eduardo/turtlebot4_ws/install/turtlebot4_navigation/share/turtlebot4_navigation/local_setup.bash
[1.472s] -- Up-to-date symlink: /home/eduardo/turtlebot4_ws/install/turtlebot4_navigation/share/turtlebot4_navigation/local_setup.sh
[1.473s] -- Up-to-date symlink: /home/eduardo/turtlebot4_ws/install/turtlebot4_navigation/share/turtlebot4_navigation/local_setup.zsh
[1.473s] -- Up-to-date symlink: /home/eduardo/turtlebot4_ws/install/turtlebot4_navigation/share/turtlebot4_navigation/local_setup.dsv
[1.473s] -- Symlinking: /home/eduardo/turtlebot4_ws/install/turtlebot4_navigation/share/turtlebot4_navigation/package.dsv
[1.486s] -- Up-to-date symlink: /home/eduardo/turtlebot4_ws/install/turtlebot4_navigation/share/ament_index/resource_index/packages/turtlebot4_navigation
[1.487s] -- Up-to-date symlink: /home/eduardo/turtlebot4_ws/install/turtlebot4_navigation/share/turtlebot4_navigation/cmake/turtlebot4_navigationConfig.cmake
[1.488s] -- Up-to-date symlink: /home/eduardo/turtlebot4_ws/install/turtlebot4_navigation/share/turtlebot4_navigation/cmake/turtlebot4_navigationConfig-version.cmake
[1.489s] -- Up-to-date symlink: /home/eduardo/turtlebot4_ws/install/turtlebot4_navigation/share/turtlebot4_navigation/package.xml
[1.568s] Listing '/home/eduardo/turtlebot4_ws/install/turtlebot4_navigation/local/lib/python3.10/dist-packages/turtlebot4_navigation'...
[1.841s] Invoked command in '/home/eduardo/turtlebot4_ws/build/turtlebot4_navigation' returned '0': CMAKE_PREFIX_PATH=${CMAKE_PREFIX_PATH}:/home/eduardo/turtlebot4_ws/install/turtlebot4_python_tutorials:/home/eduardo/turtlebot4_ws/install/robot_movement:/opt/ros/humble /usr/bin/cmake --install /home/eduardo/turtlebot4_ws/build/turtlebot4_navigation
