[0.054s] Invoking command in '/home/eduardo/turtlebot4_ws/build/turtlebot4_node': AMENT_PREFIX_PATH=/home/eduardo/turtlebot4_ws/install/turtlebot4_msgs:${AMENT_PREFIX_PATH} CMAKE_PREFIX_PATH=/home/eduardo/turtlebot4_ws/install/turtlebot4_msgs:/opt/ros/humble LD_LIBRARY_PATH=/home/eduardo/turtlebot4_ws/install/turtlebot4_msgs/lib:${LD_LIBRARY_PATH} PYTHONPATH=/home/eduardo/turtlebot4_ws/install/turtlebot4_msgs/local/lib/python3.10/dist-packages:${PYTHONPATH} /usr/bin/cmake --build /home/eduardo/turtlebot4_ws/build/turtlebot4_node -- -j12 -l12
[0.079s] -- Found ament_cmake: 1.3.6 (/opt/ros/humble/share/ament_cmake/cmake)
[0.195s] -- Override CMake install command with custom implementation using symlinks instead of copying resources
[0.201s] -- Found rclcpp: 16.0.7 (/opt/ros/humble/share/rclcpp/cmake)
[0.231s] -- Found rosidl_generator_c: 3.1.5 (/opt/ros/humble/share/rosidl_generator_c/cmake)
[0.233s] -- Found rosidl_adapter: 3.1.5 (/opt/ros/humble/share/rosidl_adapter/cmake)
[0.239s] -- Found rosidl_generator_cpp: 3.1.5 (/opt/ros/humble/share/rosidl_generator_cpp/cmake)
[0.250s] -- Using all available rosidl_typesupport_c: rosidl_typesupport_fastrtps_c;rosidl_typesupport_introspection_c
[0.265s] -- Using all available rosidl_typesupport_cpp: rosidl_typesupport_fastrtps_cpp;rosidl_typesupport_introspection_cpp
[0.329s] -- Found rmw_implementation_cmake: 6.1.1 (/opt/ros/humble/share/rmw_implementation_cmake/cmake)
[0.332s] -- Found rmw_fastrtps_cpp: 6.2.5 (/opt/ros/humble/share/rmw_fastrtps_cpp/cmake)
[0.455s] -- Using RMW implementation 'rmw_fastrtps_cpp' as default
[0.622s] -- Found rclcpp_action: 16.0.7 (/opt/ros/humble/share/rclcpp_action/cmake)
[0.720s] -- Found std_srvs: 4.2.3 (/opt/ros/humble/share/std_srvs/cmake)
[0.740s] -- Found sensor_msgs: 4.2.3 (/opt/ros/humble/share/sensor_msgs/cmake)
[0.870s] -- Found irobot_create_msgs: 2.1.0 (/opt/ros/humble/share/irobot_create_msgs/cmake)
[1.014s] -- Found turtlebot4_msgs: 1.0.4 (/home/eduardo/turtlebot4_ws/install/turtlebot4_msgs/share/turtlebot4_msgs/cmake)
[1.033s] -- Found ament_lint_auto: 0.12.9 (/opt/ros/humble/share/ament_lint_auto/cmake)
[1.105s] -- Added test 'cppcheck' to perform static code analysis on C / C++ code
[1.105s] -- Configured cppcheck include dirs: /home/eduardo/turtlebot4_ws/src/turtlebot4/turtlebot4_node/include
[1.105s] -- Configured cppcheck exclude dirs and/or files: 
[1.106s] -- Added test 'cpplint' to check C / C++ code against the Google style
[1.106s] -- Configured cpplint exclude dirs and/or files: 
[1.107s] -- Added test 'lint_cmake' to check CMake code style
[1.108s] -- Added test 'uncrustify' to check C / C++ code style
[1.108s] -- Configured uncrustify additional arguments: 
[1.108s] -- Added test 'xmllint' to check XML markup files
[1.110s] -- Configuring done
[1.133s] -- Generating done
[1.135s] -- Build files have been written to: /home/eduardo/turtlebot4_ws/build/turtlebot4_node
[1.166s] [35m[1mConsolidate compiler generated dependencies of target turtlebot4_node_lib[0m
[1.198s] [ 12%] [32mBuilding CXX object CMakeFiles/turtlebot4_node_lib.dir/src/turtlebot4.cpp.o[0m
[1.198s] [ 25%] [32mBuilding CXX object CMakeFiles/turtlebot4_node_lib.dir/src/display.cpp.o[0m
[1.200s] [ 37%] [32mBuilding CXX object CMakeFiles/turtlebot4_node_lib.dir/src/main.cpp.o[0m
[1.201s] [ 50%] [32mBuilding CXX object CMakeFiles/turtlebot4_node_lib.dir/src/leds.cpp.o[0m
[1.202s] [ 62%] [32mBuilding CXX object CMakeFiles/turtlebot4_node_lib.dir/src/buttons.cpp.o[0m
[26.754s] [ 75%] [32m[1mLinking CXX static library libturtlebot4_node_lib.a[0m
[27.813s] [ 75%] Built target turtlebot4_node_lib
[27.824s] [35m[1mConsolidate compiler generated dependencies of target turtlebot4_node[0m
[27.841s] [ 87%] [32mBuilding CXX object CMakeFiles/turtlebot4_node.dir/src/main.cpp.o[0m
[32.329s] [100%] [32m[1mLinking CXX executable turtlebot4_node[0m
[34.789s] [100%] Built target turtlebot4_node
[34.799s] Invoked command in '/home/eduardo/turtlebot4_ws/build/turtlebot4_node' returned '0': AMENT_PREFIX_PATH=/home/eduardo/turtlebot4_ws/install/turtlebot4_msgs:${AMENT_PREFIX_PATH} CMAKE_PREFIX_PATH=/home/eduardo/turtlebot4_ws/install/turtlebot4_msgs:/opt/ros/humble LD_LIBRARY_PATH=/home/eduardo/turtlebot4_ws/install/turtlebot4_msgs/lib:${LD_LIBRARY_PATH} PYTHONPATH=/home/eduardo/turtlebot4_ws/install/turtlebot4_msgs/local/lib/python3.10/dist-packages:${PYTHONPATH} /usr/bin/cmake --build /home/eduardo/turtlebot4_ws/build/turtlebot4_node -- -j12 -l12
[34.831s] Invoking command in '/home/eduardo/turtlebot4_ws/build/turtlebot4_node': AMENT_PREFIX_PATH=/home/eduardo/turtlebot4_ws/install/turtlebot4_msgs:${AMENT_PREFIX_PATH} CMAKE_PREFIX_PATH=/home/eduardo/turtlebot4_ws/install/turtlebot4_msgs:/opt/ros/humble LD_LIBRARY_PATH=/home/eduardo/turtlebot4_ws/install/turtlebot4_msgs/lib:${LD_LIBRARY_PATH} PYTHONPATH=/home/eduardo/turtlebot4_ws/install/turtlebot4_msgs/local/lib/python3.10/dist-packages:${PYTHONPATH} /usr/bin/cmake --install /home/eduardo/turtlebot4_ws/build/turtlebot4_node
[34.838s] -- Install configuration: ""
[34.839s] -- Execute custom install script
[34.839s] -- Up-to-date symlink: /home/eduardo/turtlebot4_ws/install/turtlebot4_node/lib/turtlebot4_node/turtlebot4_node
[34.840s] -- Up-to-date symlink: /home/eduardo/turtlebot4_ws/install/turtlebot4_node/include/turtlebot4_node/action.hpp
[34.840s] -- Up-to-date symlink: /home/eduardo/turtlebot4_ws/install/turtlebot4_node/include/turtlebot4_node/buttons.hpp
[34.840s] -- Up-to-date symlink: /home/eduardo/turtlebot4_ws/install/turtlebot4_node/include/turtlebot4_node/display.hpp
[34.840s] -- Up-to-date symlink: /home/eduardo/turtlebot4_ws/install/turtlebot4_node/include/turtlebot4_node/leds.hpp
[34.840s] -- Up-to-date symlink: /home/eduardo/turtlebot4_ws/install/turtlebot4_node/include/turtlebot4_node/service.hpp
[34.840s] -- Up-to-date symlink: /home/eduardo/turtlebot4_ws/install/turtlebot4_node/include/turtlebot4_node/turtlebot4.hpp
[34.840s] -- Up-to-date symlink: /home/eduardo/turtlebot4_ws/install/turtlebot4_node/include/turtlebot4_node/utils.hpp
[34.841s] -- Up-to-date symlink: /home/eduardo/turtlebot4_ws/install/turtlebot4_node/share/ament_index/resource_index/package_run_dependencies/turtlebot4_node
[34.841s] -- Up-to-date symlink: /home/eduardo/turtlebot4_ws/install/turtlebot4_node/share/ament_index/resource_index/parent_prefix_path/turtlebot4_node
[34.841s] -- Up-to-date symlink: /home/eduardo/turtlebot4_ws/install/turtlebot4_node/share/turtlebot4_node/environment/ament_prefix_path.sh
[34.841s] -- Up-to-date symlink: /home/eduardo/turtlebot4_ws/install/turtlebot4_node/share/turtlebot4_node/environment/ament_prefix_path.dsv
[34.842s] -- Up-to-date symlink: /home/eduardo/turtlebot4_ws/install/turtlebot4_node/share/turtlebot4_node/environment/path.sh
[34.842s] -- Up-to-date symlink: /home/eduardo/turtlebot4_ws/install/turtlebot4_node/share/turtlebot4_node/environment/path.dsv
[34.842s] -- Up-to-date symlink: /home/eduardo/turtlebot4_ws/install/turtlebot4_node/share/turtlebot4_node/local_setup.bash
[34.842s] -- Up-to-date symlink: /home/eduardo/turtlebot4_ws/install/turtlebot4_node/share/turtlebot4_node/local_setup.sh
[34.843s] -- Up-to-date symlink: /home/eduardo/turtlebot4_ws/install/turtlebot4_node/share/turtlebot4_node/local_setup.zsh
[34.843s] -- Up-to-date symlink: /home/eduardo/turtlebot4_ws/install/turtlebot4_node/share/turtlebot4_node/local_setup.dsv
[34.843s] -- Symlinking: /home/eduardo/turtlebot4_ws/install/turtlebot4_node/share/turtlebot4_node/package.dsv
[34.851s] -- Up-to-date symlink: /home/eduardo/turtlebot4_ws/install/turtlebot4_node/share/ament_index/resource_index/packages/turtlebot4_node
[34.851s] -- Up-to-date symlink: /home/eduardo/turtlebot4_ws/install/turtlebot4_node/share/turtlebot4_node/cmake/ament_cmake_export_include_directories-extras.cmake
[34.851s] -- Up-to-date symlink: /home/eduardo/turtlebot4_ws/install/turtlebot4_node/share/turtlebot4_node/cmake/turtlebot4_nodeConfig.cmake
[34.852s] -- Up-to-date symlink: /home/eduardo/turtlebot4_ws/install/turtlebot4_node/share/turtlebot4_node/cmake/turtlebot4_nodeConfig-version.cmake
[34.852s] -- Up-to-date symlink: /home/eduardo/turtlebot4_ws/install/turtlebot4_node/share/turtlebot4_node/package.xml
[34.854s] Invoked command in '/home/eduardo/turtlebot4_ws/build/turtlebot4_node' returned '0': AMENT_PREFIX_PATH=/home/eduardo/turtlebot4_ws/install/turtlebot4_msgs:${AMENT_PREFIX_PATH} CMAKE_PREFIX_PATH=/home/eduardo/turtlebot4_ws/install/turtlebot4_msgs:/opt/ros/humble LD_LIBRARY_PATH=/home/eduardo/turtlebot4_ws/install/turtlebot4_msgs/lib:${LD_LIBRARY_PATH} PYTHONPATH=/home/eduardo/turtlebot4_ws/install/turtlebot4_msgs/local/lib/python3.10/dist-packages:${PYTHONPATH} /usr/bin/cmake --install /home/eduardo/turtlebot4_ws/build/turtlebot4_node
