[0.178s] Invoking command in '/home/eduardo/turtlebot4_ws/build/turtlebot4_ignition_gui_plugins': CMAKE_PREFIX_PATH=/opt/ros/humble /usr/bin/cmake /home/eduardo/turtlebot4_ws/src/turtlebot4_simulator/turtlebot4_ignition_gui_plugins -DAMENT_CMAKE_SYMLINK_INSTALL=1 -DCMAKE_INSTALL_PREFIX=/home/eduardo/turtlebot4_ws/install/turtlebot4_ignition_gui_plugins
[0.189s] -- Found ament_cmake: 1.3.6 (/opt/ros/humble/share/ament_cmake/cmake)
[0.319s] -- Override CMake install command with custom implementation using symlinks instead of copying resources
[0.334s] -- Found ament_lint_auto: 0.12.9 (/opt/ros/humble/share/ament_lint_auto/cmake)
[0.423s] -- Looking for ignition-gui6 -- found version 6.8.0
[0.429s] -- Searching for dependencies of ignition-gui6
[0.459s] -- Checking for module 'tinyxml2'
[0.470s] --   Found tinyxml2, version 9.0.0
[0.499s] -- Looking for ignition-math6 -- found version 6.15.0
[0.499s] -- Searching for dependencies of ignition-math6
[0.500s] -- Looking for ignition-common4 -- found version 4.7.0
[0.501s] -- Searching for dependencies of ignition-common4
[0.501s] -- Looking for dlfcn.h - found
[0.501s] -- Looking for libdl - found
[0.506s] -- Checking for module 'uuid'
[0.516s] --   Found uuid, version 2.37.2
[0.541s] -- Searching for <ignition-common4> component [profiler]
[0.542s] -- Looking for ignition-common4-profiler -- found version 4.7.0
[0.542s] -- Searching for dependencies of ignition-common4-profiler
[0.544s] -- Looking for ignition-plugin1 -- found version 1.4.0
[0.544s] -- Searching for dependencies of ignition-plugin1
[0.545s] -- Searching for <ignition-plugin1> component [loader]
[0.545s] -- Looking for ignition-plugin1-loader -- found version 1.4.0
[0.546s] -- Searching for dependencies of ignition-plugin1-loader
[0.547s] -- Searching for <ignition-plugin1> component [register]
[0.547s] -- Looking for ignition-plugin1-register -- found version 1.4.0
[0.548s] -- Searching for dependencies of ignition-plugin1-register
[0.549s] -- Looking for ignition-transport11 -- found version 11.4.1
[0.549s] -- Searching for dependencies of ignition-transport11
[0.565s] -- Found Protobuf: /usr/lib/x86_64-linux-gnu/libprotobuf.so (found version "3.12.4") 
[0.576s] -- Config-file not installed for ZeroMQ -- checking for pkg-config
[0.580s] -- Checking for module 'libzmq >= 4'
[0.592s] --   Found libzmq , version 4.3.4
[0.631s] -- Looking for ignition-utils1 -- found version 1.5.1
[0.631s] -- Searching for dependencies of ignition-utils1
[0.632s] -- Searching for <ignition-utils1> component [cli]
[0.632s] -- Looking for ignition-utils1-cli -- found version 1.5.1
[0.633s] -- Searching for dependencies of ignition-utils1-cli
[0.634s] -- Looking for ignition-msgs8 -- found version 8.7.0
[0.634s] -- Searching for dependencies of ignition-msgs8
[0.651s] -- Found Protobuf: /usr/lib/x86_64-linux-gnu/libprotobuf.so (found suitable version "3.12.4", minimum required is "3") 
[0.652s] -- Looking for ignition-math6 -- found version 6.15.0
[0.660s] -- Looking for ignition-rendering6 -- found version 6.6.2
[0.660s] -- Searching for dependencies of ignition-rendering6
[0.660s] -- Looking for ignition-math6 -- found version 6.15.0
[0.661s] -- Searching for dependencies of ignition-math6
[0.661s] -- Searching for <ignition-math6> component [eigen3]
[0.661s] -- Looking for ignition-math6-eigen3 -- found version 6.15.0
[0.662s] -- Searching for dependencies of ignition-math6-eigen3
[0.664s] -- Looking for ignition-common4 -- found version 4.7.0
[0.664s] -- Searching for dependencies of ignition-common4
[0.664s] -- Looking for dlfcn.h - found
[0.664s] -- Looking for libdl - found
[0.671s] -- Searching for <ignition-common4> component [graphics]
[0.672s] -- Looking for ignition-common4-graphics -- found version 4.7.0
[0.672s] -- Searching for dependencies of ignition-common4-graphics
[0.673s] -- Looking for ignition-math6 -- found version 6.15.0
[0.673s] -- Looking for ignition-utils1 -- found version 1.5.1
[0.674s] -- Searching for <ignition-common4> component [events]
[0.674s] -- Looking for ignition-common4-events -- found version 4.7.0
[0.675s] -- Searching for dependencies of ignition-common4-events
[0.675s] -- Looking for ignition-math6 -- found version 6.15.0
[0.676s] -- Looking for ignition-plugin1 -- found version 1.4.0
[0.677s] -- Searching for dependencies of ignition-plugin1
[0.677s] -- Searching for <ignition-plugin1> component [all]
[0.677s] -- Looking for all libraries of ignition-plugin1 -- found version 1.4.0
[0.678s] -- Looking for ignition-plugin1 -- found version 1.4.0
[0.680s] -- Looking for ignition-msgs8 -- found version 8.7.0
[0.684s] -- Looking for ignition-common4 -- found version 4.7.0
[0.689s] -- Added test 'cppcheck' to perform static code analysis on C / C++ code
[0.690s] -- Configured cppcheck include dirs: 
[0.690s] -- Configured cppcheck exclude dirs and/or files: 
[0.693s] -- Added test 'cpplint' to check C / C++ code against the Google style
[0.693s] -- Configured cpplint exclude dirs and/or files: 
[0.693s] -- Added test 'lint_cmake' to check CMake code style
[0.693s] -- Added test 'xmllint' to check XML markup files
[0.694s] -- Configuring done
[0.719s] -- Generating done
[0.722s] -- Build files have been written to: /home/eduardo/turtlebot4_ws/build/turtlebot4_ignition_gui_plugins
