[0.063s] Invoking command in '/home/eduardo/turtlebot4_ws/build/inicialization': AMENT_PREFIX_PATH=/home/eduardo/turtlebot4_ws/install/turtlebot4_simulator:/home/eduardo/turtlebot4_ws/install/turtlebot4_ignition_bringup:/home/eduardo/turtlebot4_ws/install/turtlebot4_node:/home/eduardo/turtlebot4_ws/install/turtlebot4_ignition_toolbox:/home/eduardo/turtlebot4_ws/install/turtlebot4_navigation:/home/eduardo/turtlebot4_ws/install/turtlebot4_msgs:/home/eduardo/turtlebot4_ws/install/turtlebot4_ignition_gui_plugins:/home/eduardo/turtlebot4_ws/install/turtlebot4_description:/home/eduardo/turtlebot4_ws/install/robot_movement:${AMENT_PREFIX_PATH} CMAKE_PREFIX_PATH=/home/eduardo/turtlebot4_ws/install/turtlebot4_simulator:/home/eduardo/turtlebot4_ws/install/turtlebot4_ignition_bringup:/home/eduardo/turtlebot4_ws/install/turtlebot4_node:/home/eduardo/turtlebot4_ws/install/turtlebot4_ignition_toolbox:/home/eduardo/turtlebot4_ws/install/turtlebot4_navigation:/home/eduardo/turtlebot4_ws/install/turtlebot4_msgs:/home/eduardo/turtlebot4_ws/install/turtlebot4_ignition_gui_plugins:/home/eduardo/turtlebot4_ws/install/turtlebot4_description:/opt/ros/humble LD_LIBRARY_PATH=/home/eduardo/turtlebot4_ws/install/turtlebot4_msgs/lib:${LD_LIBRARY_PATH} PYTHONPATH=/home/eduardo/turtlebot4_ws/install/turtlebot4_navigation/local/lib/python3.10/dist-packages:/home/eduardo/turtlebot4_ws/install/turtlebot4_msgs/local/lib/python3.10/dist-packages:/home/eduardo/turtlebot4_ws/install/robot_movement/lib/python3.10/site-packages:${PYTHONPATH} /usr/bin/cmake /home/eduardo/turtlebot4_ws/src/inicialization -DCMAKE_INSTALL_PREFIX=/home/eduardo/turtlebot4_ws/install/inicialization
[0.123s] -- The C compiler identification is GNU 11.4.0
[0.197s] -- The CXX compiler identification is GNU 11.4.0
[0.205s] -- Detecting C compiler ABI info
[0.274s] -- Detecting C compiler ABI info - done
[0.283s] -- Check for working C compiler: /usr/bin/cc - skipped
[0.284s] -- Detecting C compile features
[0.284s] -- Detecting C compile features - done
[0.288s] -- Detecting CXX compiler ABI info
[0.359s] -- Detecting CXX compiler ABI info - done
[0.366s] -- Check for working CXX compiler: /usr/bin/c++ - skipped
[0.367s] -- Detecting CXX compile features
[0.367s] -- Detecting CXX compile features - done
[0.370s] -- Found ament_cmake: 1.3.6 (/opt/ros/humble/share/ament_cmake/cmake)
[0.526s] -- Found Python3: /usr/bin/python3.10 (found version "3.10.12") found components: Interpreter 
[0.618s] -- Found ament_lint_auto: 0.12.9 (/opt/ros/humble/share/ament_lint_auto/cmake)
[0.693s] -- Added test 'lint_cmake' to check CMake code style
[0.694s] -- Added test 'xmllint' to check XML markup files
[0.695s] -- Configuring done
[0.698s] -- Generating done
[0.699s] -- Build files have been written to: /home/eduardo/turtlebot4_ws/build/inicialization
[0.703s] Invoked command in '/home/eduardo/turtlebot4_ws/build/inicialization' returned '0': AMENT_PREFIX_PATH=/home/eduardo/turtlebot4_ws/install/turtlebot4_simulator:/home/eduardo/turtlebot4_ws/install/turtlebot4_ignition_bringup:/home/eduardo/turtlebot4_ws/install/turtlebot4_node:/home/eduardo/turtlebot4_ws/install/turtlebot4_ignition_toolbox:/home/eduardo/turtlebot4_ws/install/turtlebot4_navigation:/home/eduardo/turtlebot4_ws/install/turtlebot4_msgs:/home/eduardo/turtlebot4_ws/install/turtlebot4_ignition_gui_plugins:/home/eduardo/turtlebot4_ws/install/turtlebot4_description:/home/eduardo/turtlebot4_ws/install/robot_movement:${AMENT_PREFIX_PATH} CMAKE_PREFIX_PATH=/home/eduardo/turtlebot4_ws/install/turtlebot4_simulator:/home/eduardo/turtlebot4_ws/install/turtlebot4_ignition_bringup:/home/eduardo/turtlebot4_ws/install/turtlebot4_node:/home/eduardo/turtlebot4_ws/install/turtlebot4_ignition_toolbox:/home/eduardo/turtlebot4_ws/install/turtlebot4_navigation:/home/eduardo/turtlebot4_ws/install/turtlebot4_msgs:/home/eduardo/turtlebot4_ws/install/turtlebot4_ignition_gui_plugins:/home/eduardo/turtlebot4_ws/install/turtlebot4_description:/opt/ros/humble LD_LIBRARY_PATH=/home/eduardo/turtlebot4_ws/install/turtlebot4_msgs/lib:${LD_LIBRARY_PATH} PYTHONPATH=/home/eduardo/turtlebot4_ws/install/turtlebot4_navigation/local/lib/python3.10/dist-packages:/home/eduardo/turtlebot4_ws/install/turtlebot4_msgs/local/lib/python3.10/dist-packages:/home/eduardo/turtlebot4_ws/install/robot_movement/lib/python3.10/site-packages:${PYTHONPATH} /usr/bin/cmake /home/eduardo/turtlebot4_ws/src/inicialization -DCMAKE_INSTALL_PREFIX=/home/eduardo/turtlebot4_ws/install/inicialization
[0.704s] Invoking command in '/home/eduardo/turtlebot4_ws/build/inicialization': AMENT_PREFIX_PATH=/home/eduardo/turtlebot4_ws/install/turtlebot4_simulator:/home/eduardo/turtlebot4_ws/install/turtlebot4_ignition_bringup:/home/eduardo/turtlebot4_ws/install/turtlebot4_node:/home/eduardo/turtlebot4_ws/install/turtlebot4_ignition_toolbox:/home/eduardo/turtlebot4_ws/install/turtlebot4_navigation:/home/eduardo/turtlebot4_ws/install/turtlebot4_msgs:/home/eduardo/turtlebot4_ws/install/turtlebot4_ignition_gui_plugins:/home/eduardo/turtlebot4_ws/install/turtlebot4_description:/home/eduardo/turtlebot4_ws/install/robot_movement:${AMENT_PREFIX_PATH} CMAKE_PREFIX_PATH=/home/eduardo/turtlebot4_ws/install/turtlebot4_simulator:/home/eduardo/turtlebot4_ws/install/turtlebot4_ignition_bringup:/home/eduardo/turtlebot4_ws/install/turtlebot4_node:/home/eduardo/turtlebot4_ws/install/turtlebot4_ignition_toolbox:/home/eduardo/turtlebot4_ws/install/turtlebot4_navigation:/home/eduardo/turtlebot4_ws/install/turtlebot4_msgs:/home/eduardo/turtlebot4_ws/install/turtlebot4_ignition_gui_plugins:/home/eduardo/turtlebot4_ws/install/turtlebot4_description:/opt/ros/humble LD_LIBRARY_PATH=/home/eduardo/turtlebot4_ws/install/turtlebot4_msgs/lib:${LD_LIBRARY_PATH} PYTHONPATH=/home/eduardo/turtlebot4_ws/install/turtlebot4_navigation/local/lib/python3.10/dist-packages:/home/eduardo/turtlebot4_ws/install/turtlebot4_msgs/local/lib/python3.10/dist-packages:/home/eduardo/turtlebot4_ws/install/robot_movement/lib/python3.10/site-packages:${PYTHONPATH} /usr/bin/cmake --build /home/eduardo/turtlebot4_ws/build/inicialization -- -j12 -l12
[0.738s] Invoked command in '/home/eduardo/turtlebot4_ws/build/inicialization' returned '0': AMENT_PREFIX_PATH=/home/eduardo/turtlebot4_ws/install/turtlebot4_simulator:/home/eduardo/turtlebot4_ws/install/turtlebot4_ignition_bringup:/home/eduardo/turtlebot4_ws/install/turtlebot4_node:/home/eduardo/turtlebot4_ws/install/turtlebot4_ignition_toolbox:/home/eduardo/turtlebot4_ws/install/turtlebot4_navigation:/home/eduardo/turtlebot4_ws/install/turtlebot4_msgs:/home/eduardo/turtlebot4_ws/install/turtlebot4_ignition_gui_plugins:/home/eduardo/turtlebot4_ws/install/turtlebot4_description:/home/eduardo/turtlebot4_ws/install/robot_movement:${AMENT_PREFIX_PATH} CMAKE_PREFIX_PATH=/home/eduardo/turtlebot4_ws/install/turtlebot4_simulator:/home/eduardo/turtlebot4_ws/install/turtlebot4_ignition_bringup:/home/eduardo/turtlebot4_ws/install/turtlebot4_node:/home/eduardo/turtlebot4_ws/install/turtlebot4_ignition_toolbox:/home/eduardo/turtlebot4_ws/install/turtlebot4_navigation:/home/eduardo/turtlebot4_ws/install/turtlebot4_msgs:/home/eduardo/turtlebot4_ws/install/turtlebot4_ignition_gui_plugins:/home/eduardo/turtlebot4_ws/install/turtlebot4_description:/opt/ros/humble LD_LIBRARY_PATH=/home/eduardo/turtlebot4_ws/install/turtlebot4_msgs/lib:${LD_LIBRARY_PATH} PYTHONPATH=/home/eduardo/turtlebot4_ws/install/turtlebot4_navigation/local/lib/python3.10/dist-packages:/home/eduardo/turtlebot4_ws/install/turtlebot4_msgs/local/lib/python3.10/dist-packages:/home/eduardo/turtlebot4_ws/install/robot_movement/lib/python3.10/site-packages:${PYTHONPATH} /usr/bin/cmake --build /home/eduardo/turtlebot4_ws/build/inicialization -- -j12 -l12
[0.759s] Invoking command in '/home/eduardo/turtlebot4_ws/build/inicialization': AMENT_PREFIX_PATH=/home/eduardo/turtlebot4_ws/install/turtlebot4_simulator:/home/eduardo/turtlebot4_ws/install/turtlebot4_ignition_bringup:/home/eduardo/turtlebot4_ws/install/turtlebot4_node:/home/eduardo/turtlebot4_ws/install/turtlebot4_ignition_toolbox:/home/eduardo/turtlebot4_ws/install/turtlebot4_navigation:/home/eduardo/turtlebot4_ws/install/turtlebot4_msgs:/home/eduardo/turtlebot4_ws/install/turtlebot4_ignition_gui_plugins:/home/eduardo/turtlebot4_ws/install/turtlebot4_description:/home/eduardo/turtlebot4_ws/install/robot_movement:${AMENT_PREFIX_PATH} CMAKE_PREFIX_PATH=/home/eduardo/turtlebot4_ws/install/turtlebot4_simulator:/home/eduardo/turtlebot4_ws/install/turtlebot4_ignition_bringup:/home/eduardo/turtlebot4_ws/install/turtlebot4_node:/home/eduardo/turtlebot4_ws/install/turtlebot4_ignition_toolbox:/home/eduardo/turtlebot4_ws/install/turtlebot4_navigation:/home/eduardo/turtlebot4_ws/install/turtlebot4_msgs:/home/eduardo/turtlebot4_ws/install/turtlebot4_ignition_gui_plugins:/home/eduardo/turtlebot4_ws/install/turtlebot4_description:/opt/ros/humble LD_LIBRARY_PATH=/home/eduardo/turtlebot4_ws/install/turtlebot4_msgs/lib:${LD_LIBRARY_PATH} PYTHONPATH=/home/eduardo/turtlebot4_ws/install/turtlebot4_navigation/local/lib/python3.10/dist-packages:/home/eduardo/turtlebot4_ws/install/turtlebot4_msgs/local/lib/python3.10/dist-packages:/home/eduardo/turtlebot4_ws/install/robot_movement/lib/python3.10/site-packages:${PYTHONPATH} /usr/bin/cmake --install /home/eduardo/turtlebot4_ws/build/inicialization
[0.767s] -- Install configuration: ""
[0.767s] -- Installing: /home/eduardo/turtlebot4_ws/install/inicialization/share/$<{PROJECT_NAME}//launch
[0.767s] -- Installing: /home/eduardo/turtlebot4_ws/install/inicialization/share/$<{PROJECT_NAME}//launch/demo.launch.xml
[0.768s] -- Installing: /home/eduardo/turtlebot4_ws/install/inicialization/share/ament_index/resource_index/package_run_dependencies/inicialization
[0.768s] -- Installing: /home/eduardo/turtlebot4_ws/install/inicialization/share/ament_index/resource_index/parent_prefix_path/inicialization
[0.768s] -- Installing: /home/eduardo/turtlebot4_ws/install/inicialization/share/inicialization/environment/ament_prefix_path.sh
[0.769s] -- Installing: /home/eduardo/turtlebot4_ws/install/inicialization/share/inicialization/environment/ament_prefix_path.dsv
[0.769s] -- Installing: /home/eduardo/turtlebot4_ws/install/inicialization/share/inicialization/environment/path.sh
[0.769s] -- Installing: /home/eduardo/turtlebot4_ws/install/inicialization/share/inicialization/environment/path.dsv
[0.769s] -- Installing: /home/eduardo/turtlebot4_ws/install/inicialization/share/inicialization/local_setup.bash
[0.769s] -- Installing: /home/eduardo/turtlebot4_ws/install/inicialization/share/inicialization/local_setup.sh
[0.769s] -- Installing: /home/eduardo/turtlebot4_ws/install/inicialization/share/inicialization/local_setup.zsh
[0.769s] -- Installing: /home/eduardo/turtlebot4_ws/install/inicialization/share/inicialization/local_setup.dsv
[0.769s] -- Installing: /home/eduardo/turtlebot4_ws/install/inicialization/share/inicialization/package.dsv
[0.770s] -- Installing: /home/eduardo/turtlebot4_ws/install/inicialization/share/ament_index/resource_index/packages/inicialization
[0.770s] -- Installing: /home/eduardo/turtlebot4_ws/install/inicialization/share/inicialization/cmake/inicializationConfig.cmake
[0.770s] -- Installing: /home/eduardo/turtlebot4_ws/install/inicialization/share/inicialization/cmake/inicializationConfig-version.cmake
[0.770s] -- Installing: /home/eduardo/turtlebot4_ws/install/inicialization/share/inicialization/package.xml
[0.772s] Invoked command in '/home/eduardo/turtlebot4_ws/build/inicialization' returned '0': AMENT_PREFIX_PATH=/home/eduardo/turtlebot4_ws/install/turtlebot4_simulator:/home/eduardo/turtlebot4_ws/install/turtlebot4_ignition_bringup:/home/eduardo/turtlebot4_ws/install/turtlebot4_node:/home/eduardo/turtlebot4_ws/install/turtlebot4_ignition_toolbox:/home/eduardo/turtlebot4_ws/install/turtlebot4_navigation:/home/eduardo/turtlebot4_ws/install/turtlebot4_msgs:/home/eduardo/turtlebot4_ws/install/turtlebot4_ignition_gui_plugins:/home/eduardo/turtlebot4_ws/install/turtlebot4_description:/home/eduardo/turtlebot4_ws/install/robot_movement:${AMENT_PREFIX_PATH} CMAKE_PREFIX_PATH=/home/eduardo/turtlebot4_ws/install/turtlebot4_simulator:/home/eduardo/turtlebot4_ws/install/turtlebot4_ignition_bringup:/home/eduardo/turtlebot4_ws/install/turtlebot4_node:/home/eduardo/turtlebot4_ws/install/turtlebot4_ignition_toolbox:/home/eduardo/turtlebot4_ws/install/turtlebot4_navigation:/home/eduardo/turtlebot4_ws/install/turtlebot4_msgs:/home/eduardo/turtlebot4_ws/install/turtlebot4_ignition_gui_plugins:/home/eduardo/turtlebot4_ws/install/turtlebot4_description:/opt/ros/humble LD_LIBRARY_PATH=/home/eduardo/turtlebot4_ws/install/turtlebot4_msgs/lib:${LD_LIBRARY_PATH} PYTHONPATH=/home/eduardo/turtlebot4_ws/install/turtlebot4_navigation/local/lib/python3.10/dist-packages:/home/eduardo/turtlebot4_ws/install/turtlebot4_msgs/local/lib/python3.10/dist-packages:/home/eduardo/turtlebot4_ws/install/robot_movement/lib/python3.10/site-packages:${PYTHONPATH} /usr/bin/cmake --install /home/eduardo/turtlebot4_ws/build/inicialization
