[1.051s] Invoking command in '/home/eduardo/turtlebot4_ws/src/robot_movement': PYTHONPATH=/home/eduardo/turtlebot4_ws/build/robot_movement/prefix_override:/home/eduardo/turtlebot4_ws/install/robot_movement/lib/python3.10/site-packages:${PYTHONPATH} /usr/bin/python3 setup.py egg_info --egg-base ../../build/robot_movement build --build-base /home/eduardo/turtlebot4_ws/build/robot_movement/build install --record /home/eduardo/turtlebot4_ws/build/robot_movement/install.log --single-version-externally-managed
[1.397s] running egg_info
[1.413s] writing ../../build/robot_movement/robot_movement.egg-info/PKG-INFO
[1.413s] writing dependency_links to ../../build/robot_movement/robot_movement.egg-info/dependency_links.txt
[1.413s] writing entry points to ../../build/robot_movement/robot_movement.egg-info/entry_points.txt
[1.414s] writing requirements to ../../build/robot_movement/robot_movement.egg-info/requires.txt
[1.414s] writing top-level names to ../../build/robot_movement/robot_movement.egg-info/top_level.txt
[1.446s] reading manifest file '../../build/robot_movement/robot_movement.egg-info/SOURCES.txt'
[1.447s] writing manifest file '../../build/robot_movement/robot_movement.egg-info/SOURCES.txt'
[1.447s] running build
[1.447s] running build_py
[1.448s] copying robot_movement/node_movement.py -> /home/eduardo/turtlebot4_ws/build/robot_movement/build/lib/robot_movement
[1.448s] copying robot_movement/velocity_publisher.py -> /home/eduardo/turtlebot4_ws/build/robot_movement/build/lib/robot_movement
[1.448s] copying robot_movement/__init__.py -> /home/eduardo/turtlebot4_ws/build/robot_movement/build/lib/robot_movement
[1.448s] running install
[1.448s] /home/eduardo/.local/lib/python3.10/site-packages/setuptools/_distutils/cmd.py:66: SetuptoolsDeprecationWarning: setup.py install is deprecated.
[1.448s] !!
[1.448s] 
[1.448s]         ********************************************************************************
[1.448s]         Please avoid running ``setup.py`` directly.
[1.448s]         Instead, use pypa/build, pypa/installer or other
[1.448s]         standards-based tools.
[1.449s] 
[1.449s]         See https://blog.ganssle.io/articles/2021/10/setup-py-deprecated.html for details.
[1.449s]         ********************************************************************************
[1.449s] 
[1.449s] !!
[1.449s]   self.initialize_options()
[1.452s] running install_lib
[1.468s] running install_data
[1.484s] copying resource/robot_movement -> /home/eduardo/turtlebot4_ws/install/robot_movement/share/ament_index/resource_index/packages
[1.484s] copying package.xml -> /home/eduardo/turtlebot4_ws/install/robot_movement/share/robot_movement
[1.484s] running install_egg_info
[1.501s] removing '/home/eduardo/turtlebot4_ws/install/robot_movement/lib/python3.10/site-packages/robot_movement-0.0.0-py3.10.egg-info' (and everything under it)
[1.501s] Copying ../../build/robot_movement/robot_movement.egg-info to /home/eduardo/turtlebot4_ws/install/robot_movement/lib/python3.10/site-packages/robot_movement-0.0.0-py3.10.egg-info
[1.502s] running install_scripts
[1.546s] Installing Messager script to /home/eduardo/turtlebot4_ws/install/robot_movement/lib/robot_movement
[1.546s] Installing Movement_exec script to /home/eduardo/turtlebot4_ws/install/robot_movement/lib/robot_movement
[1.546s] writing list of installed files to '/home/eduardo/turtlebot4_ws/build/robot_movement/install.log'
[1.567s] Invoked command in '/home/eduardo/turtlebot4_ws/src/robot_movement' returned '0': PYTHONPATH=/home/eduardo/turtlebot4_ws/build/robot_movement/prefix_override:/home/eduardo/turtlebot4_ws/install/robot_movement/lib/python3.10/site-packages:${PYTHONPATH} /usr/bin/python3 setup.py egg_info --egg-base ../../build/robot_movement build --build-base /home/eduardo/turtlebot4_ws/build/robot_movement/build install --record /home/eduardo/turtlebot4_ws/build/robot_movement/install.log --single-version-externally-managed
