[0.055s] Invoking command in '/home/eduardo/turtlebot4_ws/build/turtlebot4_simulator': AMENT_PREFIX_PATH=/home/eduardo/turtlebot4_ws/install/turtlebot4_ignition_bringup:/home/eduardo/turtlebot4_ws/install/turtlebot4_node:/home/eduardo/turtlebot4_ws/install/turtlebot4_ignition_toolbox:/home/eduardo/turtlebot4_ws/install/turtlebot4_navigation:/home/eduardo/turtlebot4_ws/install/turtlebot4_msgs:/home/eduardo/turtlebot4_ws/install/turtlebot4_ignition_gui_plugins:/home/eduardo/turtlebot4_ws/install/turtlebot4_description:${AMENT_PREFIX_PATH} CMAKE_PREFIX_PATH=/home/eduardo/turtlebot4_ws/install/turtlebot4_ignition_bringup:/home/eduardo/turtlebot4_ws/install/turtlebot4_node:/home/eduardo/turtlebot4_ws/install/turtlebot4_ignition_toolbox:/home/eduardo/turtlebot4_ws/install/turtlebot4_navigation:/home/eduardo/turtlebot4_ws/install/turtlebot4_msgs:/home/eduardo/turtlebot4_ws/install/turtlebot4_ignition_gui_plugins:/home/eduardo/turtlebot4_ws/install/turtlebot4_description:/opt/ros/humble LD_LIBRARY_PATH=/home/eduardo/turtlebot4_ws/install/turtlebot4_msgs/lib:${LD_LIBRARY_PATH} PYTHONPATH=/home/eduardo/turtlebot4_ws/install/turtlebot4_navigation/local/lib/python3.10/dist-packages:/home/eduardo/turtlebot4_ws/install/turtlebot4_msgs/local/lib/python3.10/dist-packages:${PYTHONPATH} /usr/bin/cmake /home/eduardo/turtlebot4_ws/src/turtlebot4_simulator/turtlebot4_simulator -DAMENT_CMAKE_SYMLINK_INSTALL=1 -DCMAKE_INSTALL_PREFIX=/home/eduardo/turtlebot4_ws/install/turtlebot4_simulator
[0.102s] -- The C compiler identification is GNU 11.4.0
[0.150s] -- The CXX compiler identification is GNU 11.4.0
[0.156s] -- Detecting C compiler ABI info
[0.215s] -- Detecting C compiler ABI info - done
[0.222s] -- Check for working C compiler: /usr/bin/cc - skipped
[0.222s] -- Detecting C compile features
[0.222s] -- Detecting C compile features - done
[0.225s] -- Detecting CXX compiler ABI info
[0.303s] -- Detecting CXX compiler ABI info - done
[0.311s] -- Check for working CXX compiler: /usr/bin/c++ - skipped
[0.311s] -- Detecting CXX compile features
[0.311s] -- Detecting CXX compile features - done
[0.314s] -- Found ament_cmake: 1.3.5 (/opt/ros/humble/share/ament_cmake/cmake)
[0.454s] -- Found Python3: /usr/bin/python3.10 (found version "3.10.12") found components: Interpreter 
[0.503s] -- Override CMake install command with custom implementation using symlinks instead of copying resources
[0.584s] -- Configuring done
[0.586s] -- Generating done
[0.587s] -- Build files have been written to: /home/eduardo/turtlebot4_ws/build/turtlebot4_simulator
[0.590s] Invoked command in '/home/eduardo/turtlebot4_ws/build/turtlebot4_simulator' returned '0': AMENT_PREFIX_PATH=/home/eduardo/turtlebot4_ws/install/turtlebot4_ignition_bringup:/home/eduardo/turtlebot4_ws/install/turtlebot4_node:/home/eduardo/turtlebot4_ws/install/turtlebot4_ignition_toolbox:/home/eduardo/turtlebot4_ws/install/turtlebot4_navigation:/home/eduardo/turtlebot4_ws/install/turtlebot4_msgs:/home/eduardo/turtlebot4_ws/install/turtlebot4_ignition_gui_plugins:/home/eduardo/turtlebot4_ws/install/turtlebot4_description:${AMENT_PREFIX_PATH} CMAKE_PREFIX_PATH=/home/eduardo/turtlebot4_ws/install/turtlebot4_ignition_bringup:/home/eduardo/turtlebot4_ws/install/turtlebot4_node:/home/eduardo/turtlebot4_ws/install/turtlebot4_ignition_toolbox:/home/eduardo/turtlebot4_ws/install/turtlebot4_navigation:/home/eduardo/turtlebot4_ws/install/turtlebot4_msgs:/home/eduardo/turtlebot4_ws/install/turtlebot4_ignition_gui_plugins:/home/eduardo/turtlebot4_ws/install/turtlebot4_description:/opt/ros/humble LD_LIBRARY_PATH=/home/eduardo/turtlebot4_ws/install/turtlebot4_msgs/lib:${LD_LIBRARY_PATH} PYTHONPATH=/home/eduardo/turtlebot4_ws/install/turtlebot4_navigation/local/lib/python3.10/dist-packages:/home/eduardo/turtlebot4_ws/install/turtlebot4_msgs/local/lib/python3.10/dist-packages:${PYTHONPATH} /usr/bin/cmake /home/eduardo/turtlebot4_ws/src/turtlebot4_simulator/turtlebot4_simulator -DAMENT_CMAKE_SYMLINK_INSTALL=1 -DCMAKE_INSTALL_PREFIX=/home/eduardo/turtlebot4_ws/install/turtlebot4_simulator
[0.592s] Invoking command in '/home/eduardo/turtlebot4_ws/build/turtlebot4_simulator': AMENT_PREFIX_PATH=/home/eduardo/turtlebot4_ws/install/turtlebot4_ignition_bringup:/home/eduardo/turtlebot4_ws/install/turtlebot4_node:/home/eduardo/turtlebot4_ws/install/turtlebot4_ignition_toolbox:/home/eduardo/turtlebot4_ws/install/turtlebot4_navigation:/home/eduardo/turtlebot4_ws/install/turtlebot4_msgs:/home/eduardo/turtlebot4_ws/install/turtlebot4_ignition_gui_plugins:/home/eduardo/turtlebot4_ws/install/turtlebot4_description:${AMENT_PREFIX_PATH} CMAKE_PREFIX_PATH=/home/eduardo/turtlebot4_ws/install/turtlebot4_ignition_bringup:/home/eduardo/turtlebot4_ws/install/turtlebot4_node:/home/eduardo/turtlebot4_ws/install/turtlebot4_ignition_toolbox:/home/eduardo/turtlebot4_ws/install/turtlebot4_navigation:/home/eduardo/turtlebot4_ws/install/turtlebot4_msgs:/home/eduardo/turtlebot4_ws/install/turtlebot4_ignition_gui_plugins:/home/eduardo/turtlebot4_ws/install/turtlebot4_description:/opt/ros/humble LD_LIBRARY_PATH=/home/eduardo/turtlebot4_ws/install/turtlebot4_msgs/lib:${LD_LIBRARY_PATH} PYTHONPATH=/home/eduardo/turtlebot4_ws/install/turtlebot4_navigation/local/lib/python3.10/dist-packages:/home/eduardo/turtlebot4_ws/install/turtlebot4_msgs/local/lib/python3.10/dist-packages:${PYTHONPATH} /usr/bin/cmake --build /home/eduardo/turtlebot4_ws/build/turtlebot4_simulator -- -j12 -l12
[0.623s] Invoked command in '/home/eduardo/turtlebot4_ws/build/turtlebot4_simulator' returned '0': AMENT_PREFIX_PATH=/home/eduardo/turtlebot4_ws/install/turtlebot4_ignition_bringup:/home/eduardo/turtlebot4_ws/install/turtlebot4_node:/home/eduardo/turtlebot4_ws/install/turtlebot4_ignition_toolbox:/home/eduardo/turtlebot4_ws/install/turtlebot4_navigation:/home/eduardo/turtlebot4_ws/install/turtlebot4_msgs:/home/eduardo/turtlebot4_ws/install/turtlebot4_ignition_gui_plugins:/home/eduardo/turtlebot4_ws/install/turtlebot4_description:${AMENT_PREFIX_PATH} CMAKE_PREFIX_PATH=/home/eduardo/turtlebot4_ws/install/turtlebot4_ignition_bringup:/home/eduardo/turtlebot4_ws/install/turtlebot4_node:/home/eduardo/turtlebot4_ws/install/turtlebot4_ignition_toolbox:/home/eduardo/turtlebot4_ws/install/turtlebot4_navigation:/home/eduardo/turtlebot4_ws/install/turtlebot4_msgs:/home/eduardo/turtlebot4_ws/install/turtlebot4_ignition_gui_plugins:/home/eduardo/turtlebot4_ws/install/turtlebot4_description:/opt/ros/humble LD_LIBRARY_PATH=/home/eduardo/turtlebot4_ws/install/turtlebot4_msgs/lib:${LD_LIBRARY_PATH} PYTHONPATH=/home/eduardo/turtlebot4_ws/install/turtlebot4_navigation/local/lib/python3.10/dist-packages:/home/eduardo/turtlebot4_ws/install/turtlebot4_msgs/local/lib/python3.10/dist-packages:${PYTHONPATH} /usr/bin/cmake --build /home/eduardo/turtlebot4_ws/build/turtlebot4_simulator -- -j12 -l12
[0.643s] Invoking command in '/home/eduardo/turtlebot4_ws/build/turtlebot4_simulator': AMENT_PREFIX_PATH=/home/eduardo/turtlebot4_ws/install/turtlebot4_ignition_bringup:/home/eduardo/turtlebot4_ws/install/turtlebot4_node:/home/eduardo/turtlebot4_ws/install/turtlebot4_ignition_toolbox:/home/eduardo/turtlebot4_ws/install/turtlebot4_navigation:/home/eduardo/turtlebot4_ws/install/turtlebot4_msgs:/home/eduardo/turtlebot4_ws/install/turtlebot4_ignition_gui_plugins:/home/eduardo/turtlebot4_ws/install/turtlebot4_description:${AMENT_PREFIX_PATH} CMAKE_PREFIX_PATH=/home/eduardo/turtlebot4_ws/install/turtlebot4_ignition_bringup:/home/eduardo/turtlebot4_ws/install/turtlebot4_node:/home/eduardo/turtlebot4_ws/install/turtlebot4_ignition_toolbox:/home/eduardo/turtlebot4_ws/install/turtlebot4_navigation:/home/eduardo/turtlebot4_ws/install/turtlebot4_msgs:/home/eduardo/turtlebot4_ws/install/turtlebot4_ignition_gui_plugins:/home/eduardo/turtlebot4_ws/install/turtlebot4_description:/opt/ros/humble LD_LIBRARY_PATH=/home/eduardo/turtlebot4_ws/install/turtlebot4_msgs/lib:${LD_LIBRARY_PATH} PYTHONPATH=/home/eduardo/turtlebot4_ws/install/turtlebot4_navigation/local/lib/python3.10/dist-packages:/home/eduardo/turtlebot4_ws/install/turtlebot4_msgs/local/lib/python3.10/dist-packages:${PYTHONPATH} /usr/bin/cmake --install /home/eduardo/turtlebot4_ws/build/turtlebot4_simulator
[0.649s] -- Install configuration: ""
[0.649s] -- Execute custom install script
[0.649s] -- Symlinking: /home/eduardo/turtlebot4_ws/install/turtlebot4_simulator/share/ament_index/resource_index/package_run_dependencies/turtlebot4_simulator
[0.657s] -- Symlinking: /home/eduardo/turtlebot4_ws/install/turtlebot4_simulator/share/ament_index/resource_index/parent_prefix_path/turtlebot4_simulator
[0.665s] -- Symlinking: /home/eduardo/turtlebot4_ws/install/turtlebot4_simulator/share/turtlebot4_simulator/environment/ament_prefix_path.sh
[0.673s] -- Symlinking: /home/eduardo/turtlebot4_ws/install/turtlebot4_simulator/share/turtlebot4_simulator/environment/ament_prefix_path.dsv
[0.682s] -- Symlinking: /home/eduardo/turtlebot4_ws/install/turtlebot4_simulator/share/turtlebot4_simulator/environment/path.sh
[0.690s] -- Symlinking: /home/eduardo/turtlebot4_ws/install/turtlebot4_simulator/share/turtlebot4_simulator/environment/path.dsv
[0.698s] -- Symlinking: /home/eduardo/turtlebot4_ws/install/turtlebot4_simulator/share/turtlebot4_simulator/local_setup.bash
[0.709s] -- Symlinking: /home/eduardo/turtlebot4_ws/install/turtlebot4_simulator/share/turtlebot4_simulator/local_setup.sh
[0.717s] -- Symlinking: /home/eduardo/turtlebot4_ws/install/turtlebot4_simulator/share/turtlebot4_simulator/local_setup.zsh
[0.725s] -- Symlinking: /home/eduardo/turtlebot4_ws/install/turtlebot4_simulator/share/turtlebot4_simulator/local_setup.dsv
[0.734s] -- Symlinking: /home/eduardo/turtlebot4_ws/install/turtlebot4_simulator/share/turtlebot4_simulator/package.dsv
[0.742s] -- Symlinking: /home/eduardo/turtlebot4_ws/install/turtlebot4_simulator/share/ament_index/resource_index/packages/turtlebot4_simulator
[0.751s] -- Symlinking: /home/eduardo/turtlebot4_ws/install/turtlebot4_simulator/share/turtlebot4_simulator/cmake/turtlebot4_simulatorConfig.cmake
[0.759s] -- Symlinking: /home/eduardo/turtlebot4_ws/install/turtlebot4_simulator/share/turtlebot4_simulator/cmake/turtlebot4_simulatorConfig-version.cmake
[0.767s] -- Symlinking: /home/eduardo/turtlebot4_ws/install/turtlebot4_simulator/share/turtlebot4_simulator/package.xml
[0.778s] Invoked command in '/home/eduardo/turtlebot4_ws/build/turtlebot4_simulator' returned '0': AMENT_PREFIX_PATH=/home/eduardo/turtlebot4_ws/install/turtlebot4_ignition_bringup:/home/eduardo/turtlebot4_ws/install/turtlebot4_node:/home/eduardo/turtlebot4_ws/install/turtlebot4_ignition_toolbox:/home/eduardo/turtlebot4_ws/install/turtlebot4_navigation:/home/eduardo/turtlebot4_ws/install/turtlebot4_msgs:/home/eduardo/turtlebot4_ws/install/turtlebot4_ignition_gui_plugins:/home/eduardo/turtlebot4_ws/install/turtlebot4_description:${AMENT_PREFIX_PATH} CMAKE_PREFIX_PATH=/home/eduardo/turtlebot4_ws/install/turtlebot4_ignition_bringup:/home/eduardo/turtlebot4_ws/install/turtlebot4_node:/home/eduardo/turtlebot4_ws/install/turtlebot4_ignition_toolbox:/home/eduardo/turtlebot4_ws/install/turtlebot4_navigation:/home/eduardo/turtlebot4_ws/install/turtlebot4_msgs:/home/eduardo/turtlebot4_ws/install/turtlebot4_ignition_gui_plugins:/home/eduardo/turtlebot4_ws/install/turtlebot4_description:/opt/ros/humble LD_LIBRARY_PATH=/home/eduardo/turtlebot4_ws/install/turtlebot4_msgs/lib:${LD_LIBRARY_PATH} PYTHONPATH=/home/eduardo/turtlebot4_ws/install/turtlebot4_navigation/local/lib/python3.10/dist-packages:/home/eduardo/turtlebot4_ws/install/turtlebot4_msgs/local/lib/python3.10/dist-packages:${PYTHONPATH} /usr/bin/cmake --install /home/eduardo/turtlebot4_ws/build/turtlebot4_simulator
