[0.169s] Invoking command in '/home/eduardo/turtlebot4_ws/build/turtlebot4_ignition_gui_plugins': CMAKE_PREFIX_PATH=/opt/ros/humble /usr/bin/cmake /home/eduardo/turtlebot4_ws/src/turtlebot4_simulator/turtlebot4_ignition_gui_plugins -DCMAKE_INSTALL_PREFIX=/home/eduardo/turtlebot4_ws/install/turtlebot4_ignition_gui_plugins
[0.179s] -- Found ament_cmake: 1.3.6 (/opt/ros/humble/share/ament_cmake/cmake)
[0.310s] -- Override CMake install command with custom implementation using symlinks instead of copying resources
[0.319s] -- Found ament_lint_auto: 0.12.9 (/opt/ros/humble/share/ament_lint_auto/cmake)
[0.419s] -- Looking for ignition-gui6 -- found version 6.8.0
[0.424s] -- Searching for dependencies of ignition-gui6
[0.448s] -- Checking for module 'tinyxml2'
[0.460s] --   Found tinyxml2, version 9.0.0
[0.489s] -- Looking for ignition-math6 -- found version 6.15.0
[0.491s] -- Searching for dependencies of ignition-math6
[0.491s] -- Looking for ignition-common4 -- found version 4.7.0
[0.491s] -- Searching for dependencies of ignition-common4
[0.491s] -- Looking for dlfcn.h - found
[0.491s] -- Looking for libdl - found
[0.498s] -- Checking for module 'uuid'
[0.508s] --   Found uuid, version 2.37.2
[0.537s] -- Searching for <ignition-common4> component [profiler]
[0.537s] -- Looking for ignition-common4-profiler -- found version 4.7.0
[0.538s] -- Searching for dependencies of ignition-common4-profiler
[0.539s] -- Looking for ignition-plugin1 -- found version 1.4.0
[0.539s] -- Searching for dependencies of ignition-plugin1
[0.540s] -- Searching for <ignition-plugin1> component [loader]
[0.540s] -- Looking for ignition-plugin1-loader -- found version 1.4.0
[0.540s] -- Searching for dependencies of ignition-plugin1-loader
[0.541s] -- Searching for <ignition-plugin1> component [register]
[0.541s] -- Looking for ignition-plugin1-register -- found version 1.4.0
[0.542s] -- Searching for dependencies of ignition-plugin1-register
[0.543s] -- Looking for ignition-transport11 -- found version 11.4.1
[0.543s] -- Searching for dependencies of ignition-transport11
[0.564s] -- Found Protobuf: /usr/lib/x86_64-linux-gnu/libprotobuf.so (found version "3.12.4") 
[0.576s] -- Config-file not installed for ZeroMQ -- checking for pkg-config
[0.582s] -- Checking for module 'libzmq >= 4'
[0.597s] --   Found libzmq , version 4.3.4
[0.649s] -- Looking for ignition-utils1 -- found version 1.5.1
[0.649s] -- Searching for dependencies of ignition-utils1
[0.650s] -- Searching for <ignition-utils1> component [cli]
[0.651s] -- Looking for ignition-utils1-cli -- found version 1.5.1
[0.651s] -- Searching for dependencies of ignition-utils1-cli
[0.652s] -- Looking for ignition-msgs8 -- found version 8.7.0
[0.653s] -- Searching for dependencies of ignition-msgs8
[0.672s] -- Found Protobuf: /usr/lib/x86_64-linux-gnu/libprotobuf.so (found suitable version "3.12.4", minimum required is "3") 
[0.673s] -- Looking for ignition-math6 -- found version 6.15.0
[0.682s] -- Looking for ignition-rendering6 -- found version 6.6.2
[0.683s] -- Searching for dependencies of ignition-rendering6
[0.683s] -- Looking for ignition-math6 -- found version 6.15.0
[0.683s] -- Searching for dependencies of ignition-math6
[0.684s] -- Searching for <ignition-math6> component [eigen3]
[0.684s] -- Looking for ignition-math6-eigen3 -- found version 6.15.0
[0.685s] -- Searching for dependencies of ignition-math6-eigen3
[0.687s] -- Looking for ignition-common4 -- found version 4.7.0
[0.688s] -- Searching for dependencies of ignition-common4
[0.688s] -- Looking for dlfcn.h - found
[0.688s] -- Looking for libdl - found
[0.699s] -- Searching for <ignition-common4> component [graphics]
[0.700s] -- Looking for ignition-common4-graphics -- found version 4.7.0
[0.700s] -- Searching for dependencies of ignition-common4-graphics
[0.701s] -- Looking for ignition-math6 -- found version 6.15.0
[0.701s] -- Looking for ignition-utils1 -- found version 1.5.1
[0.702s] -- Searching for <ignition-common4> component [events]
[0.703s] -- Looking for ignition-common4-events -- found version 4.7.0
[0.703s] -- Searching for dependencies of ignition-common4-events
[0.704s] -- Looking for ignition-math6 -- found version 6.15.0
[0.705s] -- Looking for ignition-plugin1 -- found version 1.4.0
[0.706s] -- Searching for dependencies of ignition-plugin1
[0.707s] -- Searching for <ignition-plugin1> component [all]
[0.707s] -- Looking for all libraries of ignition-plugin1 -- found version 1.4.0
[0.708s] -- Looking for ignition-plugin1 -- found version 1.4.0
[0.711s] -- Looking for ignition-msgs8 -- found version 8.7.0
[0.717s] -- Looking for ignition-common4 -- found version 4.7.0
[0.721s] -- Added test 'cppcheck' to perform static code analysis on C / C++ code
[0.721s] -- Configured cppcheck include dirs: 
[0.721s] -- Configured cppcheck exclude dirs and/or files: 
[0.722s] -- Added test 'cpplint' to check C / C++ code against the Google style
[0.722s] -- Configured cpplint exclude dirs and/or files: 
[0.724s] -- Added test 'lint_cmake' to check CMake code style
[0.724s] -- Added test 'xmllint' to check XML markup files
[0.725s] -- Configuring done
[0.742s] -- Generating done
[0.743s] -- Build files have been written to: /home/eduardo/turtlebot4_ws/build/turtlebot4_ignition_gui_plugins
[0.760s] Invoked command in '/home/eduardo/turtlebot4_ws/build/turtlebot4_ignition_gui_plugins' returned '0': CMAKE_PREFIX_PATH=/opt/ros/humble /usr/bin/cmake /home/eduardo/turtlebot4_ws/src/turtlebot4_simulator/turtlebot4_ignition_gui_plugins -DCMAKE_INSTALL_PREFIX=/home/eduardo/turtlebot4_ws/install/turtlebot4_ignition_gui_plugins
[0.762s] Invoking command in '/home/eduardo/turtlebot4_ws/build/turtlebot4_ignition_gui_plugins': CMAKE_PREFIX_PATH=/opt/ros/humble /usr/bin/cmake --build /home/eduardo/turtlebot4_ws/build/turtlebot4_ignition_gui_plugins -- -j12 -l12
[0.812s] [ 16%] [34m[1mAutomatic MOC for target Turtlebot4Hmi[0m
[0.832s] [ 16%] Built target Turtlebot4Hmi_autogen
[0.844s] [35m[1mConsolidate compiler generated dependencies of target Turtlebot4Hmi[0m
[0.871s] [100%] Built target Turtlebot4Hmi
[0.884s] Invoked command in '/home/eduardo/turtlebot4_ws/build/turtlebot4_ignition_gui_plugins' returned '0': CMAKE_PREFIX_PATH=/opt/ros/humble /usr/bin/cmake --build /home/eduardo/turtlebot4_ws/build/turtlebot4_ignition_gui_plugins -- -j12 -l12
[0.907s] Invoking command in '/home/eduardo/turtlebot4_ws/build/turtlebot4_ignition_gui_plugins': CMAKE_PREFIX_PATH=/opt/ros/humble /usr/bin/cmake --install /home/eduardo/turtlebot4_ws/build/turtlebot4_ignition_gui_plugins
[0.914s] -- Install configuration: ""
[0.914s] -- Execute custom install script
[0.914s] -- Up-to-date symlink: /home/eduardo/turtlebot4_ws/install/turtlebot4_ignition_gui_plugins/share/turtlebot4_ignition_gui_plugins/lib/libTurtlebot4Hmi.so
[0.915s] -- Up-to-date symlink: /home/eduardo/turtlebot4_ws/install/turtlebot4_ignition_gui_plugins/share/ament_index/resource_index/package_run_dependencies/turtlebot4_ignition_gui_plugins
[0.915s] -- Up-to-date symlink: /home/eduardo/turtlebot4_ws/install/turtlebot4_ignition_gui_plugins/share/ament_index/resource_index/parent_prefix_path/turtlebot4_ignition_gui_plugins
[0.915s] -- Up-to-date symlink: /home/eduardo/turtlebot4_ws/install/turtlebot4_ignition_gui_plugins/share/turtlebot4_ignition_gui_plugins/environment/ament_prefix_path.sh
[0.915s] -- Up-to-date symlink: /home/eduardo/turtlebot4_ws/install/turtlebot4_ignition_gui_plugins/share/turtlebot4_ignition_gui_plugins/environment/ament_prefix_path.dsv
[0.915s] -- Up-to-date symlink: /home/eduardo/turtlebot4_ws/install/turtlebot4_ignition_gui_plugins/share/turtlebot4_ignition_gui_plugins/environment/path.sh
[0.916s] -- Up-to-date symlink: /home/eduardo/turtlebot4_ws/install/turtlebot4_ignition_gui_plugins/share/turtlebot4_ignition_gui_plugins/environment/path.dsv
[0.916s] -- Up-to-date symlink: /home/eduardo/turtlebot4_ws/install/turtlebot4_ignition_gui_plugins/share/turtlebot4_ignition_gui_plugins/local_setup.bash
[0.916s] -- Up-to-date symlink: /home/eduardo/turtlebot4_ws/install/turtlebot4_ignition_gui_plugins/share/turtlebot4_ignition_gui_plugins/local_setup.sh
[0.916s] -- Up-to-date symlink: /home/eduardo/turtlebot4_ws/install/turtlebot4_ignition_gui_plugins/share/turtlebot4_ignition_gui_plugins/local_setup.zsh
[0.916s] -- Up-to-date symlink: /home/eduardo/turtlebot4_ws/install/turtlebot4_ignition_gui_plugins/share/turtlebot4_ignition_gui_plugins/local_setup.dsv
[0.917s] -- Symlinking: /home/eduardo/turtlebot4_ws/install/turtlebot4_ignition_gui_plugins/share/turtlebot4_ignition_gui_plugins/package.dsv
[0.926s] -- Up-to-date symlink: /home/eduardo/turtlebot4_ws/install/turtlebot4_ignition_gui_plugins/share/ament_index/resource_index/packages/turtlebot4_ignition_gui_plugins
[0.926s] -- Up-to-date symlink: /home/eduardo/turtlebot4_ws/install/turtlebot4_ignition_gui_plugins/share/turtlebot4_ignition_gui_plugins/cmake/turtlebot4_ignition_gui_pluginsConfig.cmake
[0.926s] -- Up-to-date symlink: /home/eduardo/turtlebot4_ws/install/turtlebot4_ignition_gui_plugins/share/turtlebot4_ignition_gui_plugins/cmake/turtlebot4_ignition_gui_pluginsConfig-version.cmake
[0.926s] -- Up-to-date symlink: /home/eduardo/turtlebot4_ws/install/turtlebot4_ignition_gui_plugins/share/turtlebot4_ignition_gui_plugins/package.xml
[0.928s] Invoked command in '/home/eduardo/turtlebot4_ws/build/turtlebot4_ignition_gui_plugins' returned '0': CMAKE_PREFIX_PATH=/opt/ros/humble /usr/bin/cmake --install /home/eduardo/turtlebot4_ws/build/turtlebot4_ignition_gui_plugins
