running egg_info
creating ../../build/robot_movement/robot_movement.egg-info
writing ../../build/robot_movement/robot_movement.egg-info/PKG-INFO
writing dependency_links to ../../build/robot_movement/robot_movement.egg-info/dependency_links.txt
writing entry points to ../../build/robot_movement/robot_movement.egg-info/entry_points.txt
writing requirements to ../../build/robot_movement/robot_movement.egg-info/requires.txt
writing top-level names to ../../build/robot_movement/robot_movement.egg-info/top_level.txt
writing manifest file '../../build/robot_movement/robot_movement.egg-info/SOURCES.txt'
reading manifest file '../../build/robot_movement/robot_movement.egg-info/SOURCES.txt'
writing manifest file '../../build/robot_movement/robot_movement.egg-info/SOURCES.txt'
running build
running build_py
creating /home/eduardo/turtlebot4_ws/build/robot_movement/build
creating /home/eduardo/turtlebot4_ws/build/robot_movement/build/lib
creating /home/eduardo/turtlebot4_ws/build/robot_movement/build/lib/robot_movement
copying robot_movement/__init__.py -> /home/eduardo/turtlebot4_ws/build/robot_movement/build/lib/robot_movement
running install
/usr/lib/python3/dist-packages/setuptools/command/install.py:34: SetuptoolsDeprecationWarning: setup.py install is deprecated. Use build and pip and other standards-based tools.
  warnings.warn(
running install_lib
creating /home/eduardo/turtlebot4_ws/install/robot_movement/lib/python3.10/site-packages/robot_movement
copying /home/eduardo/turtlebot4_ws/build/robot_movement/build/lib/robot_movement/__init__.py -> /home/eduardo/turtlebot4_ws/install/robot_movement/lib/python3.10/site-packages/robot_movement
byte-compiling /home/eduardo/turtlebot4_ws/install/robot_movement/lib/python3.10/site-packages/robot_movement/__init__.py to __init__.cpython-310.pyc
running install_data
creating /home/eduardo/turtlebot4_ws/install/robot_movement/share/ament_index
creating /home/eduardo/turtlebot4_ws/install/robot_movement/share/ament_index/resource_index
creating /home/eduardo/turtlebot4_ws/install/robot_movement/share/ament_index/resource_index/packages
copying resource/robot_movement -> /home/eduardo/turtlebot4_ws/install/robot_movement/share/ament_index/resource_index/packages
copying package.xml -> /home/eduardo/turtlebot4_ws/install/robot_movement/share/robot_movement
running install_egg_info
Copying ../../build/robot_movement/robot_movement.egg-info to /home/eduardo/turtlebot4_ws/install/robot_movement/lib/python3.10/site-packages/robot_movement-0.0.0-py3.10.egg-info
running install_scripts
writing list of installed files to '/home/eduardo/turtlebot4_ws/build/robot_movement/install.log'
