[0.557s] Invoking command in '/home/eduardo/turtlebot4_ws/build/turtlebot4_description': CMAKE_PREFIX_PATH=${CMAKE_PREFIX_PATH}:/home/eduardo/turtlebot4_ws/install/turtlebot4_python_tutorials:/home/eduardo/turtlebot4_ws/install/robot_movement:/opt/ros/humble /usr/bin/cmake --build /home/eduardo/turtlebot4_ws/build/turtlebot4_description -- -j12 -l12
[1.522s] Invoked command in '/home/eduardo/turtlebot4_ws/build/turtlebot4_description' returned '0': CMAKE_PREFIX_PATH=${CMAKE_PREFIX_PATH}:/home/eduardo/turtlebot4_ws/install/turtlebot4_python_tutorials:/home/eduardo/turtlebot4_ws/install/robot_movement:/opt/ros/humble /usr/bin/cmake --build /home/eduardo/turtlebot4_ws/build/turtlebot4_description -- -j12 -l12
[1.584s] Invoking command in '/home/eduardo/turtlebot4_ws/build/turtlebot4_description': CMAKE_PREFIX_PATH=${CMAKE_PREFIX_PATH}:/home/eduardo/turtlebot4_ws/install/turtlebot4_python_tutorials:/home/eduardo/turtlebot4_ws/install/robot_movement:/opt/ros/humble /usr/bin/cmake --install /home/eduardo/turtlebot4_ws/build/turtlebot4_description
[1.599s] -- Install configuration: ""
[1.600s] -- Execute custom install script
[1.601s] -- Up-to-date symlink: /home/eduardo/turtlebot4_ws/install/turtlebot4_description/share/turtlebot4_description/launch/robot_description.launch.py
[1.602s] -- Up-to-date symlink: /home/eduardo/turtlebot4_ws/install/turtlebot4_description/share/turtlebot4_description/meshes/camera_bracket.dae
[1.602s] -- Up-to-date symlink: /home/eduardo/turtlebot4_ws/install/turtlebot4_description/share/turtlebot4_description/meshes/oakd_lite.dae
[1.602s] -- Up-to-date symlink: /home/eduardo/turtlebot4_ws/install/turtlebot4_description/share/turtlebot4_description/meshes/oakd_pro.dae
[1.603s] -- Up-to-date symlink: /home/eduardo/turtlebot4_ws/install/turtlebot4_description/share/turtlebot4_description/meshes/rplidar.dae
[1.604s] -- Up-to-date symlink: /home/eduardo/turtlebot4_ws/install/turtlebot4_description/share/turtlebot4_description/meshes/shell.dae
[1.604s] -- Up-to-date symlink: /home/eduardo/turtlebot4_ws/install/turtlebot4_description/share/turtlebot4_description/meshes/shell_collision.dae
[1.604s] -- Up-to-date symlink: /home/eduardo/turtlebot4_ws/install/turtlebot4_description/share/turtlebot4_description/meshes/tower.dae
[1.604s] -- Up-to-date symlink: /home/eduardo/turtlebot4_ws/install/turtlebot4_description/share/turtlebot4_description/meshes/tower_sensor_plate.dae
[1.604s] -- Up-to-date symlink: /home/eduardo/turtlebot4_ws/install/turtlebot4_description/share/turtlebot4_description/meshes/tower_standoff.dae
[1.605s] -- Up-to-date symlink: /home/eduardo/turtlebot4_ws/install/turtlebot4_description/share/turtlebot4_description/meshes/weight_block.dae
[1.607s] -- Up-to-date symlink: /home/eduardo/turtlebot4_ws/install/turtlebot4_description/share/turtlebot4_description/urdf/lite/turtlebot4.urdf.xacro
[1.607s] -- Up-to-date symlink: /home/eduardo/turtlebot4_ws/install/turtlebot4_description/share/turtlebot4_description/urdf/sensors/camera_bracket.urdf.xacro
[1.607s] -- Up-to-date symlink: /home/eduardo/turtlebot4_ws/install/turtlebot4_description/share/turtlebot4_description/urdf/sensors/oakd.urdf.xacro
[1.607s] -- Up-to-date symlink: /home/eduardo/turtlebot4_ws/install/turtlebot4_description/share/turtlebot4_description/urdf/sensors/rplidar.urdf.xacro
[1.608s] -- Up-to-date symlink: /home/eduardo/turtlebot4_ws/install/turtlebot4_description/share/turtlebot4_description/urdf/standard/tower_sensor_plate.urdf.xacro
[1.609s] -- Up-to-date symlink: /home/eduardo/turtlebot4_ws/install/turtlebot4_description/share/turtlebot4_description/urdf/standard/tower_standoff.urdf.xacro
[1.609s] -- Up-to-date symlink: /home/eduardo/turtlebot4_ws/install/turtlebot4_description/share/turtlebot4_description/urdf/standard/turtlebot4.urdf.xacro
[1.609s] -- Up-to-date symlink: /home/eduardo/turtlebot4_ws/install/turtlebot4_description/share/turtlebot4_description/urdf/standard/weight_block.urdf.xacro
[1.610s] -- Up-to-date symlink: /home/eduardo/turtlebot4_ws/install/turtlebot4_description/share/ament_index/resource_index/package_run_dependencies/turtlebot4_description
[1.611s] -- Up-to-date symlink: /home/eduardo/turtlebot4_ws/install/turtlebot4_description/share/ament_index/resource_index/parent_prefix_path/turtlebot4_description
[1.612s] -- Up-to-date symlink: /home/eduardo/turtlebot4_ws/install/turtlebot4_description/share/turtlebot4_description/environment/ament_prefix_path.sh
[1.612s] -- Up-to-date symlink: /home/eduardo/turtlebot4_ws/install/turtlebot4_description/share/turtlebot4_description/environment/ament_prefix_path.dsv
[1.613s] -- Up-to-date symlink: /home/eduardo/turtlebot4_ws/install/turtlebot4_description/share/turtlebot4_description/environment/path.sh
[1.613s] -- Up-to-date symlink: /home/eduardo/turtlebot4_ws/install/turtlebot4_description/share/turtlebot4_description/environment/path.dsv
[1.615s] -- Up-to-date symlink: /home/eduardo/turtlebot4_ws/install/turtlebot4_description/share/turtlebot4_description/local_setup.bash
[1.615s] -- Up-to-date symlink: /home/eduardo/turtlebot4_ws/install/turtlebot4_description/share/turtlebot4_description/local_setup.sh
[1.617s] -- Up-to-date symlink: /home/eduardo/turtlebot4_ws/install/turtlebot4_description/share/turtlebot4_description/local_setup.zsh
[1.618s] -- Up-to-date symlink: /home/eduardo/turtlebot4_ws/install/turtlebot4_description/share/turtlebot4_description/local_setup.dsv
[1.619s] -- Symlinking: /home/eduardo/turtlebot4_ws/install/turtlebot4_description/share/turtlebot4_description/package.dsv
[1.632s] -- Up-to-date symlink: /home/eduardo/turtlebot4_ws/install/turtlebot4_description/share/ament_index/resource_index/packages/turtlebot4_description
[1.632s] -- Up-to-date symlink: /home/eduardo/turtlebot4_ws/install/turtlebot4_description/share/turtlebot4_description/cmake/turtlebot4_descriptionConfig.cmake
[1.634s] -- Up-to-date symlink: /home/eduardo/turtlebot4_ws/install/turtlebot4_description/share/turtlebot4_description/cmake/turtlebot4_descriptionConfig-version.cmake
[1.637s] -- Up-to-date symlink: /home/eduardo/turtlebot4_ws/install/turtlebot4_description/share/turtlebot4_description/package.xml
[1.639s] Invoked command in '/home/eduardo/turtlebot4_ws/build/turtlebot4_description' returned '0': CMAKE_PREFIX_PATH=${CMAKE_PREFIX_PATH}:/home/eduardo/turtlebot4_ws/install/turtlebot4_python_tutorials:/home/eduardo/turtlebot4_ws/install/robot_movement:/opt/ros/humble /usr/bin/cmake --install /home/eduardo/turtlebot4_ws/build/turtlebot4_description
