[0.109s] Invoking command in '/home/eduardo/turtlebot4_ws/build/turtlebot4_ignition_gui_plugins': CMAKE_PREFIX_PATH=/opt/ros/humble /usr/bin/cmake /home/eduardo/turtlebot4_ws/src/turtlebot4_simulator/turtlebot4_ignition_gui_plugins -DAMENT_CMAKE_SYMLINK_INSTALL=1 -DCMAKE_INSTALL_PREFIX=/home/eduardo/turtlebot4_ws/install/turtlebot4_ignition_gui_plugins
[0.119s] -- Found ament_cmake: 1.3.6 (/opt/ros/humble/share/ament_cmake/cmake)
[0.242s] -- Override CMake install command with custom implementation using symlinks instead of copying resources
[0.252s] -- Found ament_lint_auto: 0.12.9 (/opt/ros/humble/share/ament_lint_auto/cmake)
[0.340s] -- Looking for ignition-gui6 -- found version 6.8.0
[0.345s] -- Searching for dependencies of ignition-gui6
[0.375s] -- Checking for module 'tinyxml2'
[0.387s] --   Found tinyxml2, version 9.0.0
[0.413s] -- Looking for ignition-math6 -- found version 6.15.0
[0.414s] -- Searching for dependencies of ignition-math6
[0.416s] -- Looking for ignition-common4 -- found version 4.7.0
[0.416s] -- Searching for dependencies of ignition-common4
[0.416s] -- Looking for dlfcn.h - found
[0.416s] -- Looking for libdl - found
[0.425s] -- Checking for module 'uuid'
[0.436s] --   Found uuid, version 2.37.2
[0.464s] -- Searching for <ignition-common4> component [profiler]
[0.465s] -- Looking for ignition-common4-profiler -- found version 4.7.0
[0.466s] -- Searching for dependencies of ignition-common4-profiler
[0.466s] -- Looking for ignition-plugin1 -- found version 1.4.0
[0.467s] -- Searching for dependencies of ignition-plugin1
[0.468s] -- Searching for <ignition-plugin1> component [loader]
[0.468s] -- Looking for ignition-plugin1-loader -- found version 1.4.0
[0.469s] -- Searching for dependencies of ignition-plugin1-loader
[0.469s] -- Searching for <ignition-plugin1> component [register]
[0.470s] -- Looking for ignition-plugin1-register -- found version 1.4.0
[0.470s] -- Searching for dependencies of ignition-plugin1-register
[0.471s] -- Looking for ignition-transport11 -- found version 11.4.1
[0.472s] -- Searching for dependencies of ignition-transport11
[0.489s] -- Found Protobuf: /usr/lib/x86_64-linux-gnu/libprotobuf.so (found version "3.12.4") 
[0.501s] -- Config-file not installed for ZeroMQ -- checking for pkg-config
[0.506s] -- Checking for module 'libzmq >= 4'
[0.516s] --   Found libzmq , version 4.3.4
[0.559s] -- Looking for ignition-utils1 -- found version 1.5.1
[0.560s] -- Searching for dependencies of ignition-utils1
[0.560s] -- Searching for <ignition-utils1> component [cli]
[0.560s] -- Looking for ignition-utils1-cli -- found version 1.5.1
[0.560s] -- Searching for dependencies of ignition-utils1-cli
[0.561s] -- Looking for ignition-msgs8 -- found version 8.7.0
[0.561s] -- Searching for dependencies of ignition-msgs8
[0.579s] -- Found Protobuf: /usr/lib/x86_64-linux-gnu/libprotobuf.so (found suitable version "3.12.4", minimum required is "3") 
[0.579s] -- Looking for ignition-math6 -- found version 6.15.0
[0.587s] -- Looking for ignition-rendering6 -- found version 6.6.2
[0.587s] -- Searching for dependencies of ignition-rendering6
[0.587s] -- Looking for ignition-math6 -- found version 6.15.0
[0.588s] -- Searching for dependencies of ignition-math6
[0.588s] -- Searching for <ignition-math6> component [eigen3]
[0.588s] -- Looking for ignition-math6-eigen3 -- found version 6.15.0
[0.589s] -- Searching for dependencies of ignition-math6-eigen3
[0.590s] -- Looking for ignition-common4 -- found version 4.7.0
[0.590s] -- Searching for dependencies of ignition-common4
[0.590s] -- Looking for dlfcn.h - found
[0.590s] -- Looking for libdl - found
[0.598s] -- Searching for <ignition-common4> component [graphics]
[0.599s] -- Looking for ignition-common4-graphics -- found version 4.7.0
[0.599s] -- Searching for dependencies of ignition-common4-graphics
[0.599s] -- Looking for ignition-math6 -- found version 6.15.0
[0.599s] -- Looking for ignition-utils1 -- found version 1.5.1
[0.600s] -- Searching for <ignition-common4> component [events]
[0.600s] -- Looking for ignition-common4-events -- found version 4.7.0
[0.602s] -- Searching for dependencies of ignition-common4-events
[0.602s] -- Looking for ignition-math6 -- found version 6.15.0
[0.602s] -- Looking for ignition-plugin1 -- found version 1.4.0
[0.602s] -- Searching for dependencies of ignition-plugin1
[0.603s] -- Searching for <ignition-plugin1> component [all]
[0.603s] -- Looking for all libraries of ignition-plugin1 -- found version 1.4.0
[0.603s] -- Looking for ignition-plugin1 -- found version 1.4.0
[0.605s] -- Looking for ignition-msgs8 -- found version 8.7.0
[0.608s] -- Looking for ignition-common4 -- found version 4.7.0
[0.613s] -- Added test 'cppcheck' to perform static code analysis on C / C++ code
[0.613s] -- Configured cppcheck include dirs: 
[0.613s] -- Configured cppcheck exclude dirs and/or files: 
[0.614s] -- Added test 'cpplint' to check C / C++ code against the Google style
[0.614s] -- Configured cpplint exclude dirs and/or files: 
[0.615s] -- Added test 'lint_cmake' to check CMake code style
[0.615s] -- Added test 'xmllint' to check XML markup files
[0.616s] -- Configuring done
[0.629s] -- Generating done
[0.631s] -- Build files have been written to: /home/eduardo/turtlebot4_ws/build/turtlebot4_ignition_gui_plugins
[0.639s] Invoked command in '/home/eduardo/turtlebot4_ws/build/turtlebot4_ignition_gui_plugins' returned '0': CMAKE_PREFIX_PATH=/opt/ros/humble /usr/bin/cmake /home/eduardo/turtlebot4_ws/src/turtlebot4_simulator/turtlebot4_ignition_gui_plugins -DAMENT_CMAKE_SYMLINK_INSTALL=1 -DCMAKE_INSTALL_PREFIX=/home/eduardo/turtlebot4_ws/install/turtlebot4_ignition_gui_plugins
[0.640s] Invoking command in '/home/eduardo/turtlebot4_ws/build/turtlebot4_ignition_gui_plugins': CMAKE_PREFIX_PATH=/opt/ros/humble /usr/bin/cmake --build /home/eduardo/turtlebot4_ws/build/turtlebot4_ignition_gui_plugins -- -j12 -l12
[0.682s] [ 16%] [34m[1mAutomatic MOC for target Turtlebot4Hmi[0m
[1.910s] [ 16%] Built target Turtlebot4Hmi_autogen
[1.918s] [ 33%] [34m[1mGenerating qrc_Turtlebot4Hmi.cpp[0m
[1.931s] [35m[1mConsolidate compiler generated dependencies of target Turtlebot4Hmi[0m
[1.953s] [ 50%] [32mBuilding CXX object Turtlebot4Hmi/CMakeFiles/Turtlebot4Hmi.dir/Turtlebot4Hmi_autogen/mocs_compilation.cpp.o[0m
[1.954s] [ 66%] [32mBuilding CXX object Turtlebot4Hmi/CMakeFiles/Turtlebot4Hmi.dir/Turtlebot4Hmi.cc.o[0m
[1.954s] [ 83%] [32mBuilding CXX object Turtlebot4Hmi/CMakeFiles/Turtlebot4Hmi.dir/qrc_Turtlebot4Hmi.cpp.o[0m
[9.409s] [100%] [32m[1mLinking CXX shared library libTurtlebot4Hmi.so[0m
[9.728s] [100%] Built target Turtlebot4Hmi
[9.738s] Invoked command in '/home/eduardo/turtlebot4_ws/build/turtlebot4_ignition_gui_plugins' returned '0': CMAKE_PREFIX_PATH=/opt/ros/humble /usr/bin/cmake --build /home/eduardo/turtlebot4_ws/build/turtlebot4_ignition_gui_plugins -- -j12 -l12
[9.760s] Invoking command in '/home/eduardo/turtlebot4_ws/build/turtlebot4_ignition_gui_plugins': CMAKE_PREFIX_PATH=/opt/ros/humble /usr/bin/cmake --install /home/eduardo/turtlebot4_ws/build/turtlebot4_ignition_gui_plugins
[9.766s] -- Install configuration: ""
[9.766s] -- Execute custom install script
[9.767s] -- Up-to-date symlink: /home/eduardo/turtlebot4_ws/install/turtlebot4_ignition_gui_plugins/share/turtlebot4_ignition_gui_plugins/lib/libTurtlebot4Hmi.so
[9.767s] -- Up-to-date symlink: /home/eduardo/turtlebot4_ws/install/turtlebot4_ignition_gui_plugins/share/ament_index/resource_index/package_run_dependencies/turtlebot4_ignition_gui_plugins
[9.767s] -- Up-to-date symlink: /home/eduardo/turtlebot4_ws/install/turtlebot4_ignition_gui_plugins/share/ament_index/resource_index/parent_prefix_path/turtlebot4_ignition_gui_plugins
[9.767s] -- Up-to-date symlink: /home/eduardo/turtlebot4_ws/install/turtlebot4_ignition_gui_plugins/share/turtlebot4_ignition_gui_plugins/environment/ament_prefix_path.sh
[9.767s] -- Up-to-date symlink: /home/eduardo/turtlebot4_ws/install/turtlebot4_ignition_gui_plugins/share/turtlebot4_ignition_gui_plugins/environment/ament_prefix_path.dsv
[9.767s] -- Up-to-date symlink: /home/eduardo/turtlebot4_ws/install/turtlebot4_ignition_gui_plugins/share/turtlebot4_ignition_gui_plugins/environment/path.sh
[9.768s] -- Up-to-date symlink: /home/eduardo/turtlebot4_ws/install/turtlebot4_ignition_gui_plugins/share/turtlebot4_ignition_gui_plugins/environment/path.dsv
[9.768s] -- Up-to-date symlink: /home/eduardo/turtlebot4_ws/install/turtlebot4_ignition_gui_plugins/share/turtlebot4_ignition_gui_plugins/local_setup.bash
[9.768s] -- Up-to-date symlink: /home/eduardo/turtlebot4_ws/install/turtlebot4_ignition_gui_plugins/share/turtlebot4_ignition_gui_plugins/local_setup.sh
[9.768s] -- Up-to-date symlink: /home/eduardo/turtlebot4_ws/install/turtlebot4_ignition_gui_plugins/share/turtlebot4_ignition_gui_plugins/local_setup.zsh
[9.768s] -- Up-to-date symlink: /home/eduardo/turtlebot4_ws/install/turtlebot4_ignition_gui_plugins/share/turtlebot4_ignition_gui_plugins/local_setup.dsv
[9.768s] -- Symlinking: /home/eduardo/turtlebot4_ws/install/turtlebot4_ignition_gui_plugins/share/turtlebot4_ignition_gui_plugins/package.dsv
[9.776s] -- Up-to-date symlink: /home/eduardo/turtlebot4_ws/install/turtlebot4_ignition_gui_plugins/share/ament_index/resource_index/packages/turtlebot4_ignition_gui_plugins
[9.776s] -- Up-to-date symlink: /home/eduardo/turtlebot4_ws/install/turtlebot4_ignition_gui_plugins/share/turtlebot4_ignition_gui_plugins/cmake/turtlebot4_ignition_gui_pluginsConfig.cmake
[9.776s] -- Up-to-date symlink: /home/eduardo/turtlebot4_ws/install/turtlebot4_ignition_gui_plugins/share/turtlebot4_ignition_gui_plugins/cmake/turtlebot4_ignition_gui_pluginsConfig-version.cmake
[9.776s] -- Up-to-date symlink: /home/eduardo/turtlebot4_ws/install/turtlebot4_ignition_gui_plugins/share/turtlebot4_ignition_gui_plugins/package.xml
[9.778s] Invoked command in '/home/eduardo/turtlebot4_ws/build/turtlebot4_ignition_gui_plugins' returned '0': CMAKE_PREFIX_PATH=/opt/ros/humble /usr/bin/cmake --install /home/eduardo/turtlebot4_ws/build/turtlebot4_ignition_gui_plugins
