[0.292s] Invoking command in '/home/eduardo/turtlebot4_ws/build/turtlebot4_msgs': CMAKE_PREFIX_PATH=/opt/ros/humble /usr/bin/cmake /home/eduardo/turtlebot4_ws/src/turtlebot4/turtlebot4_msgs -DCMAKE_INSTALL_PREFIX=/home/eduardo/turtlebot4_ws/install/turtlebot4_msgs
[0.302s] -- Found ament_cmake: 1.3.6 (/opt/ros/humble/share/ament_cmake/cmake)
[0.445s] -- Override CMake install command with custom implementation using symlinks instead of copying resources
[0.452s] -- Found ament_lint_auto: 0.12.9 (/opt/ros/humble/share/ament_lint_auto/cmake)
[0.524s] -- Found rosidl_default_generators: 1.2.0 (/opt/ros/humble/share/rosidl_default_generators/cmake)
[0.526s] -- Using all available rosidl_typesupport_c: rosidl_typesupport_fastrtps_c;rosidl_typesupport_introspection_c
[0.531s] -- Found rosidl_adapter: 3.1.5 (/opt/ros/humble/share/rosidl_adapter/cmake)
[0.583s] -- Using all available rosidl_typesupport_cpp: rosidl_typesupport_fastrtps_cpp;rosidl_typesupport_introspection_cpp
[0.615s] -- Found std_msgs: 4.2.3 (/opt/ros/humble/share/std_msgs/cmake)
[0.871s] -- Found ament_cmake_ros: 0.10.0 (/opt/ros/humble/share/ament_cmake_ros/cmake)
[1.035s] -- Using all available rosidl_typesupport_c: rosidl_typesupport_fastrtps_c;rosidl_typesupport_introspection_c
[1.243s] -- Using all available rosidl_typesupport_cpp: rosidl_typesupport_fastrtps_cpp;rosidl_typesupport_introspection_cpp
[1.264s] -- Found python_cmake_module: 0.10.0 (/opt/ros/humble/share/python_cmake_module/cmake)
[1.284s] -- Using PYTHON_EXECUTABLE: /usr/bin/python3
[1.284s] -- Using PYTHON_INCLUDE_DIRS: /usr/include/python3.10
[1.284s] -- Using PYTHON_LIBRARIES: /usr/lib/x86_64-linux-gnu/libpython3.10.so
[1.299s] -- Added test 'copyright' to check source files copyright and LICENSE
[1.301s] -- Added test 'lint_cmake' to check CMake code style
[1.301s] -- Added test 'xmllint' to check XML markup files
[1.305s] -- Configuring done
[1.335s] -- Generating done
[1.337s] -- Build files have been written to: /home/eduardo/turtlebot4_ws/build/turtlebot4_msgs
