[0.959s] DEBUG:colcon:Command line arguments: ['/usr/bin/colcon', 'build', '--symlink-install']
[0.959s] DEBUG:colcon:Parsed command line arguments: Namespace(log_base=None, log_level=None, verb_name='build', build_base='build', install_base='install', merge_install=False, symlink_install=True, test_result_base=None, continue_on_error=False, executor='parallel', parallel_workers=12, event_handlers=None, ignore_user_meta=False, metas=['./colcon.meta'], base_paths=['.'], packages_ignore=None, packages_ignore_regex=None, paths=None, packages_up_to=None, packages_up_to_regex=None, packages_above=None, packages_above_and_dependencies=None, packages_above_depth=None, packages_select_by_dep=None, packages_skip_by_dep=None, packages_skip_up_to=None, packages_select_build_failed=False, packages_skip_build_finished=False, packages_select_test_failures=False, packages_skip_test_passed=False, packages_select=None, packages_skip=None, packages_select_regex=None, packages_skip_regex=None, packages_start=None, packages_end=None, allow_overriding=[], cmake_args=None, cmake_target=None, cmake_target_skip_unavailable=False, cmake_clean_cache=False, cmake_clean_first=False, cmake_force_configure=False, ament_cmake_args=None, catkin_cmake_args=None, catkin_skip_building_tests=False, verb_parser=<colcon_defaults.argument_parser.defaults.DefaultArgumentsDecorator object at 0x7fe913867850>, verb_extension=<colcon_core.verb.build.BuildVerb object at 0x7fe91469f070>, main=<bound method BuildVerb.main of <colcon_core.verb.build.BuildVerb object at 0x7fe91469f070>>)
[1.030s] Level 1:colcon.colcon_core.package_discovery:discover_packages(colcon_meta) check parameters
[1.030s] Level 1:colcon.colcon_core.package_discovery:discover_packages(recursive) check parameters
[1.030s] Level 1:colcon.colcon_core.package_discovery:discover_packages(ignore) check parameters
[1.030s] Level 1:colcon.colcon_core.package_discovery:discover_packages(path) check parameters
[1.030s] Level 1:colcon.colcon_core.package_discovery:discover_packages(colcon_meta) discover
[1.030s] Level 1:colcon.colcon_core.package_discovery:discover_packages(recursive) discover
[1.030s] INFO:colcon.colcon_core.package_discovery:Crawling recursively for packages in '/home/eduardo/turtlebot4_ws'
[1.030s] Level 1:colcon.colcon_core.package_identification:_identify(.) by extensions ['ignore', 'ignore_ament_install']
[1.030s] Level 1:colcon.colcon_core.package_identification:_identify(.) by extension 'ignore'
[1.030s] Level 1:colcon.colcon_core.package_identification:_identify(.) by extension 'ignore_ament_install'
[1.030s] Level 1:colcon.colcon_core.package_identification:_identify(.) by extensions ['colcon_pkg']
[1.030s] Level 1:colcon.colcon_core.package_identification:_identify(.) by extension 'colcon_pkg'
[1.031s] Level 1:colcon.colcon_core.package_identification:_identify(.) by extensions ['colcon_meta']
[1.031s] Level 1:colcon.colcon_core.package_identification:_identify(.) by extension 'colcon_meta'
[1.031s] Level 1:colcon.colcon_core.package_identification:_identify(.) by extensions ['ros']
[1.031s] Level 1:colcon.colcon_core.package_identification:_identify(.) by extension 'ros'
[1.040s] Level 1:colcon.colcon_core.package_identification:_identify(.) by extensions ['cmake', 'python']
[1.040s] Level 1:colcon.colcon_core.package_identification:_identify(.) by extension 'cmake'
[1.040s] Level 1:colcon.colcon_core.package_identification:_identify(.) by extension 'python'
[1.040s] Level 1:colcon.colcon_core.package_identification:_identify(.) by extensions ['python_setup_py']
[1.040s] Level 1:colcon.colcon_core.package_identification:_identify(.) by extension 'python_setup_py'
[1.040s] Level 1:colcon.colcon_core.package_identification:_identify(build) by extensions ['ignore', 'ignore_ament_install']
[1.040s] Level 1:colcon.colcon_core.package_identification:_identify(build) by extension 'ignore'
[1.040s] Level 1:colcon.colcon_core.package_identification:_identify(build) ignored
[1.040s] Level 1:colcon.colcon_core.package_identification:_identify(install) by extensions ['ignore', 'ignore_ament_install']
[1.041s] Level 1:colcon.colcon_core.package_identification:_identify(install) by extension 'ignore'
[1.041s] Level 1:colcon.colcon_core.package_identification:_identify(install) ignored
[1.041s] Level 1:colcon.colcon_core.package_identification:_identify(log) by extensions ['ignore', 'ignore_ament_install']
[1.041s] Level 1:colcon.colcon_core.package_identification:_identify(log) by extension 'ignore'
[1.041s] Level 1:colcon.colcon_core.package_identification:_identify(log) ignored
[1.041s] Level 1:colcon.colcon_core.package_identification:_identify(src) by extensions ['ignore', 'ignore_ament_install']
[1.041s] Level 1:colcon.colcon_core.package_identification:_identify(src) by extension 'ignore'
[1.041s] Level 1:colcon.colcon_core.package_identification:_identify(src) by extension 'ignore_ament_install'
[1.041s] Level 1:colcon.colcon_core.package_identification:_identify(src) by extensions ['colcon_pkg']
[1.041s] Level 1:colcon.colcon_core.package_identification:_identify(src) by extension 'colcon_pkg'
[1.041s] Level 1:colcon.colcon_core.package_identification:_identify(src) by extensions ['colcon_meta']
[1.041s] Level 1:colcon.colcon_core.package_identification:_identify(src) by extension 'colcon_meta'
[1.041s] Level 1:colcon.colcon_core.package_identification:_identify(src) by extensions ['ros']
[1.041s] Level 1:colcon.colcon_core.package_identification:_identify(src) by extension 'ros'
[1.041s] Level 1:colcon.colcon_core.package_identification:_identify(src) by extensions ['cmake', 'python']
[1.041s] Level 1:colcon.colcon_core.package_identification:_identify(src) by extension 'cmake'
[1.041s] Level 1:colcon.colcon_core.package_identification:_identify(src) by extension 'python'
[1.041s] Level 1:colcon.colcon_core.package_identification:_identify(src) by extensions ['python_setup_py']
[1.041s] Level 1:colcon.colcon_core.package_identification:_identify(src) by extension 'python_setup_py'
[1.041s] Level 1:colcon.colcon_core.package_identification:_identify(src/turtlebot4) by extensions ['ignore', 'ignore_ament_install']
[1.042s] Level 1:colcon.colcon_core.package_identification:_identify(src/turtlebot4) by extension 'ignore'
[1.042s] Level 1:colcon.colcon_core.package_identification:_identify(src/turtlebot4) by extension 'ignore_ament_install'
[1.042s] Level 1:colcon.colcon_core.package_identification:_identify(src/turtlebot4) by extensions ['colcon_pkg']
[1.042s] Level 1:colcon.colcon_core.package_identification:_identify(src/turtlebot4) by extension 'colcon_pkg'
[1.042s] Level 1:colcon.colcon_core.package_identification:_identify(src/turtlebot4) by extensions ['colcon_meta']
[1.042s] Level 1:colcon.colcon_core.package_identification:_identify(src/turtlebot4) by extension 'colcon_meta'
[1.042s] Level 1:colcon.colcon_core.package_identification:_identify(src/turtlebot4) by extensions ['ros']
[1.042s] Level 1:colcon.colcon_core.package_identification:_identify(src/turtlebot4) by extension 'ros'
[1.042s] Level 1:colcon.colcon_core.package_identification:_identify(src/turtlebot4) by extensions ['cmake', 'python']
[1.042s] Level 1:colcon.colcon_core.package_identification:_identify(src/turtlebot4) by extension 'cmake'
[1.042s] Level 1:colcon.colcon_core.package_identification:_identify(src/turtlebot4) by extension 'python'
[1.042s] Level 1:colcon.colcon_core.package_identification:_identify(src/turtlebot4) by extensions ['python_setup_py']
[1.042s] Level 1:colcon.colcon_core.package_identification:_identify(src/turtlebot4) by extension 'python_setup_py'
[1.042s] Level 1:colcon.colcon_core.package_identification:_identify(src/turtlebot4/turtlebot4_description) by extensions ['ignore', 'ignore_ament_install']
[1.042s] Level 1:colcon.colcon_core.package_identification:_identify(src/turtlebot4/turtlebot4_description) by extension 'ignore'
[1.042s] Level 1:colcon.colcon_core.package_identification:_identify(src/turtlebot4/turtlebot4_description) by extension 'ignore_ament_install'
[1.042s] Level 1:colcon.colcon_core.package_identification:_identify(src/turtlebot4/turtlebot4_description) by extensions ['colcon_pkg']
[1.042s] Level 1:colcon.colcon_core.package_identification:_identify(src/turtlebot4/turtlebot4_description) by extension 'colcon_pkg'
[1.042s] Level 1:colcon.colcon_core.package_identification:_identify(src/turtlebot4/turtlebot4_description) by extensions ['colcon_meta']
[1.042s] Level 1:colcon.colcon_core.package_identification:_identify(src/turtlebot4/turtlebot4_description) by extension 'colcon_meta'
[1.042s] Level 1:colcon.colcon_core.package_identification:_identify(src/turtlebot4/turtlebot4_description) by extensions ['ros']
[1.042s] Level 1:colcon.colcon_core.package_identification:_identify(src/turtlebot4/turtlebot4_description) by extension 'ros'
[1.045s] DEBUG:colcon.colcon_core.package_identification:Package 'src/turtlebot4/turtlebot4_description' with type 'ros.ament_cmake' and name 'turtlebot4_description'
[1.045s] Level 1:colcon.colcon_core.package_identification:_identify(src/turtlebot4/turtlebot4_msgs) by extensions ['ignore', 'ignore_ament_install']
[1.045s] Level 1:colcon.colcon_core.package_identification:_identify(src/turtlebot4/turtlebot4_msgs) by extension 'ignore'
[1.045s] Level 1:colcon.colcon_core.package_identification:_identify(src/turtlebot4/turtlebot4_msgs) by extension 'ignore_ament_install'
[1.045s] Level 1:colcon.colcon_core.package_identification:_identify(src/turtlebot4/turtlebot4_msgs) by extensions ['colcon_pkg']
[1.045s] Level 1:colcon.colcon_core.package_identification:_identify(src/turtlebot4/turtlebot4_msgs) by extension 'colcon_pkg'
[1.045s] Level 1:colcon.colcon_core.package_identification:_identify(src/turtlebot4/turtlebot4_msgs) by extensions ['colcon_meta']
[1.045s] Level 1:colcon.colcon_core.package_identification:_identify(src/turtlebot4/turtlebot4_msgs) by extension 'colcon_meta'
[1.045s] Level 1:colcon.colcon_core.package_identification:_identify(src/turtlebot4/turtlebot4_msgs) by extensions ['ros']
[1.045s] Level 1:colcon.colcon_core.package_identification:_identify(src/turtlebot4/turtlebot4_msgs) by extension 'ros'
[1.045s] DEBUG:colcon.colcon_core.package_identification:Package 'src/turtlebot4/turtlebot4_msgs' with type 'ros.ament_cmake' and name 'turtlebot4_msgs'
[1.046s] Level 1:colcon.colcon_core.package_identification:_identify(src/turtlebot4/turtlebot4_navigation) by extensions ['ignore', 'ignore_ament_install']
[1.046s] Level 1:colcon.colcon_core.package_identification:_identify(src/turtlebot4/turtlebot4_navigation) by extension 'ignore'
[1.046s] Level 1:colcon.colcon_core.package_identification:_identify(src/turtlebot4/turtlebot4_navigation) by extension 'ignore_ament_install'
[1.046s] Level 1:colcon.colcon_core.package_identification:_identify(src/turtlebot4/turtlebot4_navigation) by extensions ['colcon_pkg']
[1.046s] Level 1:colcon.colcon_core.package_identification:_identify(src/turtlebot4/turtlebot4_navigation) by extension 'colcon_pkg'
[1.046s] Level 1:colcon.colcon_core.package_identification:_identify(src/turtlebot4/turtlebot4_navigation) by extensions ['colcon_meta']
[1.046s] Level 1:colcon.colcon_core.package_identification:_identify(src/turtlebot4/turtlebot4_navigation) by extension 'colcon_meta'
[1.046s] Level 1:colcon.colcon_core.package_identification:_identify(src/turtlebot4/turtlebot4_navigation) by extensions ['ros']
[1.046s] Level 1:colcon.colcon_core.package_identification:_identify(src/turtlebot4/turtlebot4_navigation) by extension 'ros'
[1.047s] DEBUG:colcon.colcon_core.package_identification:Package 'src/turtlebot4/turtlebot4_navigation' with type 'ros.ament_cmake' and name 'turtlebot4_navigation'
[1.047s] Level 1:colcon.colcon_core.package_identification:_identify(src/turtlebot4/turtlebot4_node) by extensions ['ignore', 'ignore_ament_install']
[1.047s] Level 1:colcon.colcon_core.package_identification:_identify(src/turtlebot4/turtlebot4_node) by extension 'ignore'
[1.047s] Level 1:colcon.colcon_core.package_identification:_identify(src/turtlebot4/turtlebot4_node) by extension 'ignore_ament_install'
[1.047s] Level 1:colcon.colcon_core.package_identification:_identify(src/turtlebot4/turtlebot4_node) by extensions ['colcon_pkg']
[1.047s] Level 1:colcon.colcon_core.package_identification:_identify(src/turtlebot4/turtlebot4_node) by extension 'colcon_pkg'
[1.047s] Level 1:colcon.colcon_core.package_identification:_identify(src/turtlebot4/turtlebot4_node) by extensions ['colcon_meta']
[1.047s] Level 1:colcon.colcon_core.package_identification:_identify(src/turtlebot4/turtlebot4_node) by extension 'colcon_meta'
[1.047s] Level 1:colcon.colcon_core.package_identification:_identify(src/turtlebot4/turtlebot4_node) by extensions ['ros']
[1.047s] Level 1:colcon.colcon_core.package_identification:_identify(src/turtlebot4/turtlebot4_node) by extension 'ros'
[1.048s] DEBUG:colcon.colcon_core.package_identification:Package 'src/turtlebot4/turtlebot4_node' with type 'ros.ament_cmake' and name 'turtlebot4_node'
[1.048s] Level 1:colcon.colcon_core.package_discovery:discover_packages(recursive) using defaults
[1.048s] Level 1:colcon.colcon_core.package_discovery:discover_packages(ignore) discover
[1.048s] Level 1:colcon.colcon_core.package_discovery:discover_packages(ignore) using defaults
[1.048s] Level 1:colcon.colcon_core.package_discovery:discover_packages(path) discover
[1.048s] Level 1:colcon.colcon_core.package_discovery:discover_packages(path) using defaults
[1.140s] Level 1:colcon.colcon_core.package_discovery:discover_packages(prefix_path) check parameters
[1.140s] Level 1:colcon.colcon_core.package_discovery:discover_packages(prefix_path) discover
[1.172s] DEBUG:colcon.colcon_installed_package_information.package_discovery:Found 321 installed packages in /opt/ros/humble
[1.173s] Level 1:colcon.colcon_core.package_discovery:discover_packages(prefix_path) using defaults
[1.264s] Level 5:colcon.colcon_core.verb:set package 'turtlebot4_description' build argument 'cmake_args' from command line to 'None'
[1.264s] Level 5:colcon.colcon_core.verb:set package 'turtlebot4_description' build argument 'cmake_target' from command line to 'None'
[1.264s] Level 5:colcon.colcon_core.verb:set package 'turtlebot4_description' build argument 'cmake_target_skip_unavailable' from command line to 'False'
[1.264s] Level 5:colcon.colcon_core.verb:set package 'turtlebot4_description' build argument 'cmake_clean_cache' from command line to 'False'
[1.264s] Level 5:colcon.colcon_core.verb:set package 'turtlebot4_description' build argument 'cmake_clean_first' from command line to 'False'
[1.264s] Level 5:colcon.colcon_core.verb:set package 'turtlebot4_description' build argument 'cmake_force_configure' from command line to 'False'
[1.264s] Level 5:colcon.colcon_core.verb:set package 'turtlebot4_description' build argument 'ament_cmake_args' from command line to 'None'
[1.264s] Level 5:colcon.colcon_core.verb:set package 'turtlebot4_description' build argument 'catkin_cmake_args' from command line to 'None'
[1.264s] Level 5:colcon.colcon_core.verb:set package 'turtlebot4_description' build argument 'catkin_skip_building_tests' from command line to 'False'
[1.264s] DEBUG:colcon.colcon_core.verb:Building package 'turtlebot4_description' with the following arguments: {'ament_cmake_args': None, 'build_base': '/home/eduardo/turtlebot4_ws/build/turtlebot4_description', 'catkin_cmake_args': None, 'catkin_skip_building_tests': False, 'cmake_args': None, 'cmake_clean_cache': False, 'cmake_clean_first': False, 'cmake_force_configure': False, 'cmake_target': None, 'cmake_target_skip_unavailable': False, 'install_base': '/home/eduardo/turtlebot4_ws/install/turtlebot4_description', 'merge_install': False, 'path': '/home/eduardo/turtlebot4_ws/src/turtlebot4/turtlebot4_description', 'symlink_install': True, 'test_result_base': None}
[1.277s] Level 5:colcon.colcon_core.verb:set package 'turtlebot4_msgs' build argument 'cmake_args' from command line to 'None'
[1.277s] Level 5:colcon.colcon_core.verb:set package 'turtlebot4_msgs' build argument 'cmake_target' from command line to 'None'
[1.277s] Level 5:colcon.colcon_core.verb:set package 'turtlebot4_msgs' build argument 'cmake_target_skip_unavailable' from command line to 'False'
[1.277s] Level 5:colcon.colcon_core.verb:set package 'turtlebot4_msgs' build argument 'cmake_clean_cache' from command line to 'False'
[1.277s] Level 5:colcon.colcon_core.verb:set package 'turtlebot4_msgs' build argument 'cmake_clean_first' from command line to 'False'
[1.277s] Level 5:colcon.colcon_core.verb:set package 'turtlebot4_msgs' build argument 'cmake_force_configure' from command line to 'False'
[1.277s] Level 5:colcon.colcon_core.verb:set package 'turtlebot4_msgs' build argument 'ament_cmake_args' from command line to 'None'
[1.277s] Level 5:colcon.colcon_core.verb:set package 'turtlebot4_msgs' build argument 'catkin_cmake_args' from command line to 'None'
[1.277s] Level 5:colcon.colcon_core.verb:set package 'turtlebot4_msgs' build argument 'catkin_skip_building_tests' from command line to 'False'
[1.277s] DEBUG:colcon.colcon_core.verb:Building package 'turtlebot4_msgs' with the following arguments: {'ament_cmake_args': None, 'build_base': '/home/eduardo/turtlebot4_ws/build/turtlebot4_msgs', 'catkin_cmake_args': None, 'catkin_skip_building_tests': False, 'cmake_args': None, 'cmake_clean_cache': False, 'cmake_clean_first': False, 'cmake_force_configure': False, 'cmake_target': None, 'cmake_target_skip_unavailable': False, 'install_base': '/home/eduardo/turtlebot4_ws/install/turtlebot4_msgs', 'merge_install': False, 'path': '/home/eduardo/turtlebot4_ws/src/turtlebot4/turtlebot4_msgs', 'symlink_install': True, 'test_result_base': None}
[1.291s] Level 5:colcon.colcon_core.verb:set package 'turtlebot4_navigation' build argument 'cmake_args' from command line to 'None'
[1.292s] Level 5:colcon.colcon_core.verb:set package 'turtlebot4_navigation' build argument 'cmake_target' from command line to 'None'
[1.292s] Level 5:colcon.colcon_core.verb:set package 'turtlebot4_navigation' build argument 'cmake_target_skip_unavailable' from command line to 'False'
[1.292s] Level 5:colcon.colcon_core.verb:set package 'turtlebot4_navigation' build argument 'cmake_clean_cache' from command line to 'False'
[1.292s] Level 5:colcon.colcon_core.verb:set package 'turtlebot4_navigation' build argument 'cmake_clean_first' from command line to 'False'
[1.292s] Level 5:colcon.colcon_core.verb:set package 'turtlebot4_navigation' build argument 'cmake_force_configure' from command line to 'False'
[1.292s] Level 5:colcon.colcon_core.verb:set package 'turtlebot4_navigation' build argument 'ament_cmake_args' from command line to 'None'
[1.292s] Level 5:colcon.colcon_core.verb:set package 'turtlebot4_navigation' build argument 'catkin_cmake_args' from command line to 'None'
[1.292s] Level 5:colcon.colcon_core.verb:set package 'turtlebot4_navigation' build argument 'catkin_skip_building_tests' from command line to 'False'
[1.292s] DEBUG:colcon.colcon_core.verb:Building package 'turtlebot4_navigation' with the following arguments: {'ament_cmake_args': None, 'build_base': '/home/eduardo/turtlebot4_ws/build/turtlebot4_navigation', 'catkin_cmake_args': None, 'catkin_skip_building_tests': False, 'cmake_args': None, 'cmake_clean_cache': False, 'cmake_clean_first': False, 'cmake_force_configure': False, 'cmake_target': None, 'cmake_target_skip_unavailable': False, 'install_base': '/home/eduardo/turtlebot4_ws/install/turtlebot4_navigation', 'merge_install': False, 'path': '/home/eduardo/turtlebot4_ws/src/turtlebot4/turtlebot4_navigation', 'symlink_install': True, 'test_result_base': None}
[1.305s] Level 5:colcon.colcon_core.verb:set package 'turtlebot4_node' build argument 'cmake_args' from command line to 'None'
[1.305s] Level 5:colcon.colcon_core.verb:set package 'turtlebot4_node' build argument 'cmake_target' from command line to 'None'
[1.305s] Level 5:colcon.colcon_core.verb:set package 'turtlebot4_node' build argument 'cmake_target_skip_unavailable' from command line to 'False'
[1.305s] Level 5:colcon.colcon_core.verb:set package 'turtlebot4_node' build argument 'cmake_clean_cache' from command line to 'False'
[1.305s] Level 5:colcon.colcon_core.verb:set package 'turtlebot4_node' build argument 'cmake_clean_first' from command line to 'False'
[1.305s] Level 5:colcon.colcon_core.verb:set package 'turtlebot4_node' build argument 'cmake_force_configure' from command line to 'False'
[1.305s] Level 5:colcon.colcon_core.verb:set package 'turtlebot4_node' build argument 'ament_cmake_args' from command line to 'None'
[1.305s] Level 5:colcon.colcon_core.verb:set package 'turtlebot4_node' build argument 'catkin_cmake_args' from command line to 'None'
[1.305s] Level 5:colcon.colcon_core.verb:set package 'turtlebot4_node' build argument 'catkin_skip_building_tests' from command line to 'False'
[1.305s] DEBUG:colcon.colcon_core.verb:Building package 'turtlebot4_node' with the following arguments: {'ament_cmake_args': None, 'build_base': '/home/eduardo/turtlebot4_ws/build/turtlebot4_node', 'catkin_cmake_args': None, 'catkin_skip_building_tests': False, 'cmake_args': None, 'cmake_clean_cache': False, 'cmake_clean_first': False, 'cmake_force_configure': False, 'cmake_target': None, 'cmake_target_skip_unavailable': False, 'install_base': '/home/eduardo/turtlebot4_ws/install/turtlebot4_node', 'merge_install': False, 'path': '/home/eduardo/turtlebot4_ws/src/turtlebot4/turtlebot4_node', 'symlink_install': True, 'test_result_base': None}
[1.318s] INFO:colcon.colcon_core.executor:Executing jobs using 'parallel' executor
[1.333s] DEBUG:colcon.colcon_parallel_executor.executor.parallel:run_until_complete
[1.333s] INFO:colcon.colcon_ros.task.ament_cmake.build:Building ROS package in '/home/eduardo/turtlebot4_ws/src/turtlebot4/turtlebot4_msgs' with build type 'ament_cmake'
[1.333s] INFO:colcon.colcon_cmake.task.cmake.build:Building CMake package in '/home/eduardo/turtlebot4_ws/src/turtlebot4/turtlebot4_msgs'
[1.354s] INFO:colcon.colcon_core.plugin_system:Skipping extension 'colcon_core.shell.bat': Not used on non-Windows systems
[1.354s] INFO:colcon.colcon_core.shell:Skip shell extension 'powershell' for command environment: Not usable outside of PowerShell
[1.354s] DEBUG:colcon.colcon_core.shell:Skip shell extension 'dsv' for command environment
[1.386s] INFO:colcon.colcon_ros.task.ament_cmake.build:Building ROS package in '/home/eduardo/turtlebot4_ws/src/turtlebot4/turtlebot4_description' with build type 'ament_cmake'
[1.387s] INFO:colcon.colcon_cmake.task.cmake.build:Building CMake package in '/home/eduardo/turtlebot4_ws/src/turtlebot4/turtlebot4_description'
[1.409s] INFO:colcon.colcon_core.shell:Skip shell extension 'powershell' for command environment: Not usable outside of PowerShell
[1.409s] DEBUG:colcon.colcon_core.shell:Skip shell extension 'dsv' for command environment
[1.441s] INFO:colcon.colcon_ros.task.ament_cmake.build:Building ROS package in '/home/eduardo/turtlebot4_ws/src/turtlebot4/turtlebot4_navigation' with build type 'ament_cmake'
[1.442s] INFO:colcon.colcon_cmake.task.cmake.build:Building CMake package in '/home/eduardo/turtlebot4_ws/src/turtlebot4/turtlebot4_navigation'
[1.462s] INFO:colcon.colcon_core.shell:Skip shell extension 'powershell' for command environment: Not usable outside of PowerShell
[1.462s] DEBUG:colcon.colcon_core.shell:Skip shell extension 'dsv' for command environment
[1.498s] DEBUG:colcon.colcon_core.event_handler.log_command:Invoking command in '/home/eduardo/turtlebot4_ws/build/turtlebot4_msgs': CMAKE_PREFIX_PATH=/opt/ros/humble /usr/bin/cmake /home/eduardo/turtlebot4_ws/src/turtlebot4/turtlebot4_msgs -DAMENT_CMAKE_SYMLINK_INSTALL=1 -DCMAKE_INSTALL_PREFIX=/home/eduardo/turtlebot4_ws/install/turtlebot4_msgs
[1.505s] DEBUG:colcon.colcon_core.event_handler.log_command:Invoking command in '/home/eduardo/turtlebot4_ws/build/turtlebot4_description': CMAKE_PREFIX_PATH=/opt/ros/humble /usr/bin/cmake /home/eduardo/turtlebot4_ws/src/turtlebot4/turtlebot4_description -DAMENT_CMAKE_SYMLINK_INSTALL=1 -DCMAKE_INSTALL_PREFIX=/home/eduardo/turtlebot4_ws/install/turtlebot4_description
[1.508s] DEBUG:colcon.colcon_core.event_handler.log_command:Invoking command in '/home/eduardo/turtlebot4_ws/build/turtlebot4_navigation': CMAKE_PREFIX_PATH=/opt/ros/humble /usr/bin/cmake /home/eduardo/turtlebot4_ws/src/turtlebot4/turtlebot4_navigation -DAMENT_CMAKE_SYMLINK_INSTALL=1 -DCMAKE_INSTALL_PREFIX=/home/eduardo/turtlebot4_ws/install/turtlebot4_navigation
[2.492s] DEBUG:colcon.colcon_core.event_handler.log_command:Invoked command in '/home/eduardo/turtlebot4_ws/build/turtlebot4_description' returned '0': CMAKE_PREFIX_PATH=/opt/ros/humble /usr/bin/cmake /home/eduardo/turtlebot4_ws/src/turtlebot4/turtlebot4_description -DAMENT_CMAKE_SYMLINK_INSTALL=1 -DCMAKE_INSTALL_PREFIX=/home/eduardo/turtlebot4_ws/install/turtlebot4_description
[2.495s] DEBUG:colcon.colcon_core.event_handler.log_command:Invoking command in '/home/eduardo/turtlebot4_ws/build/turtlebot4_description': CMAKE_PREFIX_PATH=/opt/ros/humble /usr/bin/cmake --build /home/eduardo/turtlebot4_ws/build/turtlebot4_description -- -j12 -l12
[2.508s] DEBUG:colcon.colcon_core.event_handler.log_command:Invoked command in '/home/eduardo/turtlebot4_ws/build/turtlebot4_navigation' returned '0': CMAKE_PREFIX_PATH=/opt/ros/humble /usr/bin/cmake /home/eduardo/turtlebot4_ws/src/turtlebot4/turtlebot4_navigation -DAMENT_CMAKE_SYMLINK_INSTALL=1 -DCMAKE_INSTALL_PREFIX=/home/eduardo/turtlebot4_ws/install/turtlebot4_navigation
[2.511s] DEBUG:colcon.colcon_core.event_handler.log_command:Invoking command in '/home/eduardo/turtlebot4_ws/build/turtlebot4_navigation': CMAKE_PREFIX_PATH=/opt/ros/humble /usr/bin/cmake --build /home/eduardo/turtlebot4_ws/build/turtlebot4_navigation -- -j12 -l12
[2.540s] DEBUG:colcon.colcon_core.event_handler.log_command:Invoked command in '/home/eduardo/turtlebot4_ws/build/turtlebot4_description' returned '0': CMAKE_PREFIX_PATH=/opt/ros/humble /usr/bin/cmake --build /home/eduardo/turtlebot4_ws/build/turtlebot4_description -- -j12 -l12
[2.575s] DEBUG:colcon.colcon_core.event_handler.log_command:Invoking command in '/home/eduardo/turtlebot4_ws/build/turtlebot4_description': CMAKE_PREFIX_PATH=/opt/ros/humble /usr/bin/cmake --install /home/eduardo/turtlebot4_ws/build/turtlebot4_description
[2.906s] DEBUG:colcon.colcon_core.event_handler.log_command:Invoked command in '/home/eduardo/turtlebot4_ws/build/turtlebot4_navigation' returned '0': CMAKE_PREFIX_PATH=/opt/ros/humble /usr/bin/cmake --build /home/eduardo/turtlebot4_ws/build/turtlebot4_navigation -- -j12 -l12
[2.925s] Level 1:colcon.colcon_core.environment:create_environment_scripts_only(turtlebot4_description)
[2.926s] DEBUG:colcon.colcon_core.event_handler.log_command:Invoked command in '/home/eduardo/turtlebot4_ws/build/turtlebot4_description' returned '0': CMAKE_PREFIX_PATH=/opt/ros/humble /usr/bin/cmake --install /home/eduardo/turtlebot4_ws/build/turtlebot4_description
[2.956s] Level 1:colcon.colcon_core.environment:checking '/home/eduardo/turtlebot4_ws/install/turtlebot4_description' for CMake module files
[2.957s] Level 1:colcon.colcon_core.environment:checking '/home/eduardo/turtlebot4_ws/install/turtlebot4_description' for CMake config files
[2.957s] Level 1:colcon.colcon_core.shell:create_environment_hook('turtlebot4_description', 'cmake_prefix_path')
[2.976s] INFO:colcon.colcon_core.shell:Creating environment hook '/home/eduardo/turtlebot4_ws/install/turtlebot4_description/share/turtlebot4_description/hook/cmake_prefix_path.ps1'
[2.976s] INFO:colcon.colcon_core.shell:Creating environment descriptor '/home/eduardo/turtlebot4_ws/install/turtlebot4_description/share/turtlebot4_description/hook/cmake_prefix_path.dsv'
[2.976s] INFO:colcon.colcon_core.shell:Creating environment hook '/home/eduardo/turtlebot4_ws/install/turtlebot4_description/share/turtlebot4_description/hook/cmake_prefix_path.sh'
[2.977s] Level 1:colcon.colcon_core.environment:checking '/home/eduardo/turtlebot4_ws/install/turtlebot4_description/bin'
[2.977s] Level 1:colcon.colcon_core.environment:checking '/home/eduardo/turtlebot4_ws/install/turtlebot4_description/lib/pkgconfig/turtlebot4_description.pc'
[2.977s] Level 1:colcon.colcon_core.environment:checking '/home/eduardo/turtlebot4_ws/install/turtlebot4_description/lib/python3.10/site-packages'
[2.978s] Level 1:colcon.colcon_core.environment:checking '/home/eduardo/turtlebot4_ws/install/turtlebot4_description/bin'
[2.996s] INFO:colcon.colcon_core.shell:Creating package script '/home/eduardo/turtlebot4_ws/install/turtlebot4_description/share/turtlebot4_description/package.ps1'
[2.996s] INFO:colcon.colcon_core.shell:Creating package descriptor '/home/eduardo/turtlebot4_ws/install/turtlebot4_description/share/turtlebot4_description/package.dsv'
[2.997s] INFO:colcon.colcon_core.shell:Creating package script '/home/eduardo/turtlebot4_ws/install/turtlebot4_description/share/turtlebot4_description/package.sh'
[2.997s] INFO:colcon.colcon_core.shell:Creating package script '/home/eduardo/turtlebot4_ws/install/turtlebot4_description/share/turtlebot4_description/package.bash'
[2.998s] INFO:colcon.colcon_core.shell:Creating package script '/home/eduardo/turtlebot4_ws/install/turtlebot4_description/share/turtlebot4_description/package.zsh'
[2.998s] Level 1:colcon.colcon_core.environment:create_file_with_runtime_dependencies(/home/eduardo/turtlebot4_ws/install/turtlebot4_description/share/colcon-core/packages/turtlebot4_description)
[3.002s] DEBUG:colcon.colcon_core.event_handler.log_command:Invoking command in '/home/eduardo/turtlebot4_ws/build/turtlebot4_navigation': CMAKE_PREFIX_PATH=/opt/ros/humble /usr/bin/cmake --install /home/eduardo/turtlebot4_ws/build/turtlebot4_navigation
[3.045s] Level 1:colcon.colcon_core.environment:create_environment_scripts_only(turtlebot4_description)
[3.066s] Level 1:colcon.colcon_core.environment:checking '/home/eduardo/turtlebot4_ws/install/turtlebot4_description' for CMake module files
[3.067s] Level 1:colcon.colcon_core.environment:checking '/home/eduardo/turtlebot4_ws/install/turtlebot4_description' for CMake config files
[3.067s] Level 1:colcon.colcon_core.shell:create_environment_hook('turtlebot4_description', 'cmake_prefix_path')
[3.088s] INFO:colcon.colcon_core.shell:Creating environment hook '/home/eduardo/turtlebot4_ws/install/turtlebot4_description/share/turtlebot4_description/hook/cmake_prefix_path.ps1'
[3.089s] INFO:colcon.colcon_core.shell:Creating environment descriptor '/home/eduardo/turtlebot4_ws/install/turtlebot4_description/share/turtlebot4_description/hook/cmake_prefix_path.dsv'
[3.090s] INFO:colcon.colcon_core.shell:Creating environment hook '/home/eduardo/turtlebot4_ws/install/turtlebot4_description/share/turtlebot4_description/hook/cmake_prefix_path.sh'
[3.090s] Level 1:colcon.colcon_core.environment:checking '/home/eduardo/turtlebot4_ws/install/turtlebot4_description/bin'
[3.091s] Level 1:colcon.colcon_core.environment:checking '/home/eduardo/turtlebot4_ws/install/turtlebot4_description/lib/pkgconfig/turtlebot4_description.pc'
[3.091s] Level 1:colcon.colcon_core.environment:checking '/home/eduardo/turtlebot4_ws/install/turtlebot4_description/lib/python3.10/site-packages'
[3.091s] Level 1:colcon.colcon_core.environment:checking '/home/eduardo/turtlebot4_ws/install/turtlebot4_description/bin'
[3.112s] INFO:colcon.colcon_core.shell:Creating package script '/home/eduardo/turtlebot4_ws/install/turtlebot4_description/share/turtlebot4_description/package.ps1'
[3.113s] INFO:colcon.colcon_core.shell:Creating package descriptor '/home/eduardo/turtlebot4_ws/install/turtlebot4_description/share/turtlebot4_description/package.dsv'
[3.114s] INFO:colcon.colcon_core.shell:Creating package script '/home/eduardo/turtlebot4_ws/install/turtlebot4_description/share/turtlebot4_description/package.sh'
[3.114s] INFO:colcon.colcon_core.shell:Creating package script '/home/eduardo/turtlebot4_ws/install/turtlebot4_description/share/turtlebot4_description/package.bash'
[3.115s] INFO:colcon.colcon_core.shell:Creating package script '/home/eduardo/turtlebot4_ws/install/turtlebot4_description/share/turtlebot4_description/package.zsh'
[3.115s] Level 1:colcon.colcon_core.environment:create_file_with_runtime_dependencies(/home/eduardo/turtlebot4_ws/install/turtlebot4_description/share/colcon-core/packages/turtlebot4_description)
[3.460s] Level 1:colcon.colcon_core.environment:create_environment_scripts_only(turtlebot4_navigation)
[3.461s] DEBUG:colcon.colcon_core.event_handler.log_command:Invoked command in '/home/eduardo/turtlebot4_ws/build/turtlebot4_navigation' returned '0': CMAKE_PREFIX_PATH=/opt/ros/humble /usr/bin/cmake --install /home/eduardo/turtlebot4_ws/build/turtlebot4_navigation
[3.481s] Level 1:colcon.colcon_core.environment:checking '/home/eduardo/turtlebot4_ws/install/turtlebot4_navigation' for CMake module files
[3.481s] Level 1:colcon.colcon_core.environment:checking '/home/eduardo/turtlebot4_ws/install/turtlebot4_navigation' for CMake config files
[3.482s] Level 1:colcon.colcon_core.shell:create_environment_hook('turtlebot4_navigation', 'cmake_prefix_path')
[3.498s] INFO:colcon.colcon_core.shell:Creating environment hook '/home/eduardo/turtlebot4_ws/install/turtlebot4_navigation/share/turtlebot4_navigation/hook/cmake_prefix_path.ps1'
[3.498s] INFO:colcon.colcon_core.shell:Creating environment descriptor '/home/eduardo/turtlebot4_ws/install/turtlebot4_navigation/share/turtlebot4_navigation/hook/cmake_prefix_path.dsv'
[3.499s] INFO:colcon.colcon_core.shell:Creating environment hook '/home/eduardo/turtlebot4_ws/install/turtlebot4_navigation/share/turtlebot4_navigation/hook/cmake_prefix_path.sh'
[3.499s] Level 1:colcon.colcon_core.environment:checking '/home/eduardo/turtlebot4_ws/install/turtlebot4_navigation/bin'
[3.499s] Level 1:colcon.colcon_core.environment:checking '/home/eduardo/turtlebot4_ws/install/turtlebot4_navigation/lib/pkgconfig/turtlebot4_navigation.pc'
[3.499s] Level 1:colcon.colcon_core.environment:checking '/home/eduardo/turtlebot4_ws/install/turtlebot4_navigation/lib/python3.10/site-packages'
[3.500s] Level 1:colcon.colcon_core.environment:checking '/home/eduardo/turtlebot4_ws/install/turtlebot4_navigation/bin'
[3.517s] INFO:colcon.colcon_core.shell:Creating package script '/home/eduardo/turtlebot4_ws/install/turtlebot4_navigation/share/turtlebot4_navigation/package.ps1'
[3.517s] INFO:colcon.colcon_core.shell:Creating package descriptor '/home/eduardo/turtlebot4_ws/install/turtlebot4_navigation/share/turtlebot4_navigation/package.dsv'
[3.518s] INFO:colcon.colcon_core.shell:Creating package script '/home/eduardo/turtlebot4_ws/install/turtlebot4_navigation/share/turtlebot4_navigation/package.sh'
[3.518s] INFO:colcon.colcon_core.shell:Creating package script '/home/eduardo/turtlebot4_ws/install/turtlebot4_navigation/share/turtlebot4_navigation/package.bash'
[3.518s] INFO:colcon.colcon_core.shell:Creating package script '/home/eduardo/turtlebot4_ws/install/turtlebot4_navigation/share/turtlebot4_navigation/package.zsh'
[3.519s] Level 1:colcon.colcon_core.environment:create_file_with_runtime_dependencies(/home/eduardo/turtlebot4_ws/install/turtlebot4_navigation/share/colcon-core/packages/turtlebot4_navigation)
[3.526s] DEBUG:colcon.colcon_core.event_handler.log_command:Invoked command in '/home/eduardo/turtlebot4_ws/build/turtlebot4_msgs' returned '0': CMAKE_PREFIX_PATH=/opt/ros/humble /usr/bin/cmake /home/eduardo/turtlebot4_ws/src/turtlebot4/turtlebot4_msgs -DAMENT_CMAKE_SYMLINK_INSTALL=1 -DCMAKE_INSTALL_PREFIX=/home/eduardo/turtlebot4_ws/install/turtlebot4_msgs
[3.528s] DEBUG:colcon.colcon_core.event_handler.log_command:Invoking command in '/home/eduardo/turtlebot4_ws/build/turtlebot4_msgs': CMAKE_PREFIX_PATH=/opt/ros/humble /usr/bin/cmake --build /home/eduardo/turtlebot4_ws/build/turtlebot4_msgs -- -j12 -l12
[3.564s] Level 1:colcon.colcon_core.environment:create_environment_scripts_only(turtlebot4_navigation)
[3.584s] Level 1:colcon.colcon_core.environment:checking '/home/eduardo/turtlebot4_ws/install/turtlebot4_navigation' for CMake module files
[3.585s] Level 1:colcon.colcon_core.environment:checking '/home/eduardo/turtlebot4_ws/install/turtlebot4_navigation' for CMake config files
[3.586s] Level 1:colcon.colcon_core.shell:create_environment_hook('turtlebot4_navigation', 'cmake_prefix_path')
[3.607s] INFO:colcon.colcon_core.shell:Creating environment hook '/home/eduardo/turtlebot4_ws/install/turtlebot4_navigation/share/turtlebot4_navigation/hook/cmake_prefix_path.ps1'
[3.607s] INFO:colcon.colcon_core.shell:Creating environment descriptor '/home/eduardo/turtlebot4_ws/install/turtlebot4_navigation/share/turtlebot4_navigation/hook/cmake_prefix_path.dsv'
[3.607s] INFO:colcon.colcon_core.shell:Creating environment hook '/home/eduardo/turtlebot4_ws/install/turtlebot4_navigation/share/turtlebot4_navigation/hook/cmake_prefix_path.sh'
[3.608s] Level 1:colcon.colcon_core.environment:checking '/home/eduardo/turtlebot4_ws/install/turtlebot4_navigation/bin'
[3.608s] Level 1:colcon.colcon_core.environment:checking '/home/eduardo/turtlebot4_ws/install/turtlebot4_navigation/lib/pkgconfig/turtlebot4_navigation.pc'
[3.608s] Level 1:colcon.colcon_core.environment:checking '/home/eduardo/turtlebot4_ws/install/turtlebot4_navigation/lib/python3.10/site-packages'
[3.609s] Level 1:colcon.colcon_core.environment:checking '/home/eduardo/turtlebot4_ws/install/turtlebot4_navigation/bin'
[3.631s] INFO:colcon.colcon_core.shell:Creating package script '/home/eduardo/turtlebot4_ws/install/turtlebot4_navigation/share/turtlebot4_navigation/package.ps1'
[3.639s] INFO:colcon.colcon_core.shell:Creating package descriptor '/home/eduardo/turtlebot4_ws/install/turtlebot4_navigation/share/turtlebot4_navigation/package.dsv'
[3.644s] INFO:colcon.colcon_core.shell:Creating package script '/home/eduardo/turtlebot4_ws/install/turtlebot4_navigation/share/turtlebot4_navigation/package.sh'
[3.645s] INFO:colcon.colcon_core.shell:Creating package script '/home/eduardo/turtlebot4_ws/install/turtlebot4_navigation/share/turtlebot4_navigation/package.bash'
[3.646s] INFO:colcon.colcon_core.shell:Creating package script '/home/eduardo/turtlebot4_ws/install/turtlebot4_navigation/share/turtlebot4_navigation/package.zsh'
[3.647s] Level 1:colcon.colcon_core.environment:create_file_with_runtime_dependencies(/home/eduardo/turtlebot4_ws/install/turtlebot4_navigation/share/colcon-core/packages/turtlebot4_navigation)
[6.946s] DEBUG:colcon.colcon_core.event_handler.log_command:Invoked command in '/home/eduardo/turtlebot4_ws/build/turtlebot4_msgs' returned '0': CMAKE_PREFIX_PATH=/opt/ros/humble /usr/bin/cmake --build /home/eduardo/turtlebot4_ws/build/turtlebot4_msgs -- -j12 -l12
[7.194s] DEBUG:colcon.colcon_core.event_handler.log_command:Invoking command in '/home/eduardo/turtlebot4_ws/build/turtlebot4_msgs': CMAKE_PREFIX_PATH=/opt/ros/humble /usr/bin/cmake --install /home/eduardo/turtlebot4_ws/build/turtlebot4_msgs
[8.325s] Level 1:colcon.colcon_core.environment:create_environment_scripts_only(turtlebot4_msgs)
[8.326s] DEBUG:colcon.colcon_core.event_handler.log_command:Invoked command in '/home/eduardo/turtlebot4_ws/build/turtlebot4_msgs' returned '0': CMAKE_PREFIX_PATH=/opt/ros/humble /usr/bin/cmake --install /home/eduardo/turtlebot4_ws/build/turtlebot4_msgs
[8.340s] Level 1:colcon.colcon_core.environment:checking '/home/eduardo/turtlebot4_ws/install/turtlebot4_msgs' for CMake module files
[8.341s] Level 1:colcon.colcon_core.environment:checking '/home/eduardo/turtlebot4_ws/install/turtlebot4_msgs' for CMake config files
[8.342s] Level 1:colcon.colcon_core.shell:create_environment_hook('turtlebot4_msgs', 'cmake_prefix_path')
[8.363s] INFO:colcon.colcon_core.shell:Creating environment hook '/home/eduardo/turtlebot4_ws/install/turtlebot4_msgs/share/turtlebot4_msgs/hook/cmake_prefix_path.ps1'
[8.363s] INFO:colcon.colcon_core.shell:Creating environment descriptor '/home/eduardo/turtlebot4_ws/install/turtlebot4_msgs/share/turtlebot4_msgs/hook/cmake_prefix_path.dsv'
[8.364s] INFO:colcon.colcon_core.shell:Creating environment hook '/home/eduardo/turtlebot4_ws/install/turtlebot4_msgs/share/turtlebot4_msgs/hook/cmake_prefix_path.sh'
[8.364s] Level 1:colcon.colcon_core.environment:checking '/home/eduardo/turtlebot4_ws/install/turtlebot4_msgs/lib'
[8.364s] Level 1:colcon.colcon_core.shell:create_environment_hook('turtlebot4_msgs', 'ld_library_path_lib')
[8.379s] INFO:colcon.colcon_core.shell:Creating environment hook '/home/eduardo/turtlebot4_ws/install/turtlebot4_msgs/share/turtlebot4_msgs/hook/ld_library_path_lib.ps1'
[8.379s] INFO:colcon.colcon_core.shell:Creating environment descriptor '/home/eduardo/turtlebot4_ws/install/turtlebot4_msgs/share/turtlebot4_msgs/hook/ld_library_path_lib.dsv'
[8.379s] INFO:colcon.colcon_core.shell:Creating environment hook '/home/eduardo/turtlebot4_ws/install/turtlebot4_msgs/share/turtlebot4_msgs/hook/ld_library_path_lib.sh'
[8.379s] Level 1:colcon.colcon_core.environment:checking '/home/eduardo/turtlebot4_ws/install/turtlebot4_msgs/bin'
[8.380s] Level 1:colcon.colcon_core.environment:checking '/home/eduardo/turtlebot4_ws/install/turtlebot4_msgs/lib/pkgconfig/turtlebot4_msgs.pc'
[8.380s] Level 1:colcon.colcon_core.environment:checking '/home/eduardo/turtlebot4_ws/install/turtlebot4_msgs/lib/python3.10/site-packages'
[8.380s] Level 1:colcon.colcon_core.environment:checking '/home/eduardo/turtlebot4_ws/install/turtlebot4_msgs/bin'
[8.396s] INFO:colcon.colcon_core.shell:Creating package script '/home/eduardo/turtlebot4_ws/install/turtlebot4_msgs/share/turtlebot4_msgs/package.ps1'
[8.396s] INFO:colcon.colcon_core.shell:Creating package descriptor '/home/eduardo/turtlebot4_ws/install/turtlebot4_msgs/share/turtlebot4_msgs/package.dsv'
[8.396s] INFO:colcon.colcon_core.shell:Creating package script '/home/eduardo/turtlebot4_ws/install/turtlebot4_msgs/share/turtlebot4_msgs/package.sh'
[8.397s] INFO:colcon.colcon_core.shell:Creating package script '/home/eduardo/turtlebot4_ws/install/turtlebot4_msgs/share/turtlebot4_msgs/package.bash'
[8.397s] INFO:colcon.colcon_core.shell:Creating package script '/home/eduardo/turtlebot4_ws/install/turtlebot4_msgs/share/turtlebot4_msgs/package.zsh'
[8.397s] Level 1:colcon.colcon_core.environment:create_file_with_runtime_dependencies(/home/eduardo/turtlebot4_ws/install/turtlebot4_msgs/share/colcon-core/packages/turtlebot4_msgs)
[8.594s] Level 1:colcon.colcon_core.environment:create_environment_scripts_only(turtlebot4_msgs)
[8.610s] Level 1:colcon.colcon_core.environment:checking '/home/eduardo/turtlebot4_ws/install/turtlebot4_msgs' for CMake module files
[8.611s] Level 1:colcon.colcon_core.environment:checking '/home/eduardo/turtlebot4_ws/install/turtlebot4_msgs' for CMake config files
[8.612s] Level 1:colcon.colcon_core.shell:create_environment_hook('turtlebot4_msgs', 'cmake_prefix_path')
[8.625s] INFO:colcon.colcon_core.shell:Creating environment hook '/home/eduardo/turtlebot4_ws/install/turtlebot4_msgs/share/turtlebot4_msgs/hook/cmake_prefix_path.ps1'
[8.625s] INFO:colcon.colcon_core.shell:Creating environment descriptor '/home/eduardo/turtlebot4_ws/install/turtlebot4_msgs/share/turtlebot4_msgs/hook/cmake_prefix_path.dsv'
[8.626s] INFO:colcon.colcon_core.shell:Creating environment hook '/home/eduardo/turtlebot4_ws/install/turtlebot4_msgs/share/turtlebot4_msgs/hook/cmake_prefix_path.sh'
[8.626s] Level 1:colcon.colcon_core.environment:checking '/home/eduardo/turtlebot4_ws/install/turtlebot4_msgs/lib'
[8.626s] Level 1:colcon.colcon_core.shell:create_environment_hook('turtlebot4_msgs', 'ld_library_path_lib')
[8.641s] INFO:colcon.colcon_core.shell:Creating environment hook '/home/eduardo/turtlebot4_ws/install/turtlebot4_msgs/share/turtlebot4_msgs/hook/ld_library_path_lib.ps1'
[8.641s] INFO:colcon.colcon_core.shell:Creating environment descriptor '/home/eduardo/turtlebot4_ws/install/turtlebot4_msgs/share/turtlebot4_msgs/hook/ld_library_path_lib.dsv'
[8.642s] INFO:colcon.colcon_core.shell:Creating environment hook '/home/eduardo/turtlebot4_ws/install/turtlebot4_msgs/share/turtlebot4_msgs/hook/ld_library_path_lib.sh'
[8.642s] Level 1:colcon.colcon_core.environment:checking '/home/eduardo/turtlebot4_ws/install/turtlebot4_msgs/bin'
[8.642s] Level 1:colcon.colcon_core.environment:checking '/home/eduardo/turtlebot4_ws/install/turtlebot4_msgs/lib/pkgconfig/turtlebot4_msgs.pc'
[8.642s] Level 1:colcon.colcon_core.environment:checking '/home/eduardo/turtlebot4_ws/install/turtlebot4_msgs/lib/python3.10/site-packages'
[8.643s] Level 1:colcon.colcon_core.environment:checking '/home/eduardo/turtlebot4_ws/install/turtlebot4_msgs/bin'
[8.656s] INFO:colcon.colcon_core.shell:Creating package script '/home/eduardo/turtlebot4_ws/install/turtlebot4_msgs/share/turtlebot4_msgs/package.ps1'
[8.656s] INFO:colcon.colcon_core.shell:Creating package descriptor '/home/eduardo/turtlebot4_ws/install/turtlebot4_msgs/share/turtlebot4_msgs/package.dsv'
[8.657s] INFO:colcon.colcon_core.shell:Creating package script '/home/eduardo/turtlebot4_ws/install/turtlebot4_msgs/share/turtlebot4_msgs/package.sh'
[8.657s] INFO:colcon.colcon_core.shell:Creating package script '/home/eduardo/turtlebot4_ws/install/turtlebot4_msgs/share/turtlebot4_msgs/package.bash'
[8.657s] INFO:colcon.colcon_core.shell:Creating package script '/home/eduardo/turtlebot4_ws/install/turtlebot4_msgs/share/turtlebot4_msgs/package.zsh'
[8.658s] Level 1:colcon.colcon_core.environment:create_file_with_runtime_dependencies(/home/eduardo/turtlebot4_ws/install/turtlebot4_msgs/share/colcon-core/packages/turtlebot4_msgs)
[8.658s] INFO:colcon.colcon_ros.task.ament_cmake.build:Building ROS package in '/home/eduardo/turtlebot4_ws/src/turtlebot4/turtlebot4_node' with build type 'ament_cmake'
[8.658s] INFO:colcon.colcon_cmake.task.cmake.build:Building CMake package in '/home/eduardo/turtlebot4_ws/src/turtlebot4/turtlebot4_node'
[8.675s] INFO:colcon.colcon_core.shell:Skip shell extension 'powershell' for command environment: Not usable outside of PowerShell
[8.675s] DEBUG:colcon.colcon_core.shell:Skip shell extension 'dsv' for command environment
[8.710s] DEBUG:colcon.colcon_core.event_handler.log_command:Invoking command in '/home/eduardo/turtlebot4_ws/build/turtlebot4_node': AMENT_PREFIX_PATH=/home/eduardo/turtlebot4_ws/install/turtlebot4_msgs:${AMENT_PREFIX_PATH} CMAKE_PREFIX_PATH=/home/eduardo/turtlebot4_ws/install/turtlebot4_msgs:/opt/ros/humble LD_LIBRARY_PATH=/home/eduardo/turtlebot4_ws/install/turtlebot4_msgs/lib:${LD_LIBRARY_PATH} PYTHONPATH=/home/eduardo/turtlebot4_ws/install/turtlebot4_msgs/local/lib/python3.10/dist-packages:${PYTHONPATH} /usr/bin/cmake /home/eduardo/turtlebot4_ws/src/turtlebot4/turtlebot4_node -DAMENT_CMAKE_SYMLINK_INSTALL=1 -DCMAKE_INSTALL_PREFIX=/home/eduardo/turtlebot4_ws/install/turtlebot4_node
[10.744s] DEBUG:colcon.colcon_core.event_handler.log_command:Invoked command in '/home/eduardo/turtlebot4_ws/build/turtlebot4_node' returned '0': AMENT_PREFIX_PATH=/home/eduardo/turtlebot4_ws/install/turtlebot4_msgs:${AMENT_PREFIX_PATH} CMAKE_PREFIX_PATH=/home/eduardo/turtlebot4_ws/install/turtlebot4_msgs:/opt/ros/humble LD_LIBRARY_PATH=/home/eduardo/turtlebot4_ws/install/turtlebot4_msgs/lib:${LD_LIBRARY_PATH} PYTHONPATH=/home/eduardo/turtlebot4_ws/install/turtlebot4_msgs/local/lib/python3.10/dist-packages:${PYTHONPATH} /usr/bin/cmake /home/eduardo/turtlebot4_ws/src/turtlebot4/turtlebot4_node -DAMENT_CMAKE_SYMLINK_INSTALL=1 -DCMAKE_INSTALL_PREFIX=/home/eduardo/turtlebot4_ws/install/turtlebot4_node
[10.746s] DEBUG:colcon.colcon_core.event_handler.log_command:Invoking command in '/home/eduardo/turtlebot4_ws/build/turtlebot4_node': AMENT_PREFIX_PATH=/home/eduardo/turtlebot4_ws/install/turtlebot4_msgs:${AMENT_PREFIX_PATH} CMAKE_PREFIX_PATH=/home/eduardo/turtlebot4_ws/install/turtlebot4_msgs:/opt/ros/humble LD_LIBRARY_PATH=/home/eduardo/turtlebot4_ws/install/turtlebot4_msgs/lib:${LD_LIBRARY_PATH} PYTHONPATH=/home/eduardo/turtlebot4_ws/install/turtlebot4_msgs/local/lib/python3.10/dist-packages:${PYTHONPATH} /usr/bin/cmake --build /home/eduardo/turtlebot4_ws/build/turtlebot4_node -- -j12 -l12
[54.361s] DEBUG:colcon.colcon_core.event_handler.log_command:Invoked command in '/home/eduardo/turtlebot4_ws/build/turtlebot4_node' returned '0': AMENT_PREFIX_PATH=/home/eduardo/turtlebot4_ws/install/turtlebot4_msgs:${AMENT_PREFIX_PATH} CMAKE_PREFIX_PATH=/home/eduardo/turtlebot4_ws/install/turtlebot4_msgs:/opt/ros/humble LD_LIBRARY_PATH=/home/eduardo/turtlebot4_ws/install/turtlebot4_msgs/lib:${LD_LIBRARY_PATH} PYTHONPATH=/home/eduardo/turtlebot4_ws/install/turtlebot4_msgs/local/lib/python3.10/dist-packages:${PYTHONPATH} /usr/bin/cmake --build /home/eduardo/turtlebot4_ws/build/turtlebot4_node -- -j12 -l12
[54.397s] DEBUG:colcon.colcon_core.event_handler.log_command:Invoking command in '/home/eduardo/turtlebot4_ws/build/turtlebot4_node': AMENT_PREFIX_PATH=/home/eduardo/turtlebot4_ws/install/turtlebot4_msgs:${AMENT_PREFIX_PATH} CMAKE_PREFIX_PATH=/home/eduardo/turtlebot4_ws/install/turtlebot4_msgs:/opt/ros/humble LD_LIBRARY_PATH=/home/eduardo/turtlebot4_ws/install/turtlebot4_msgs/lib:${LD_LIBRARY_PATH} PYTHONPATH=/home/eduardo/turtlebot4_ws/install/turtlebot4_msgs/local/lib/python3.10/dist-packages:${PYTHONPATH} /usr/bin/cmake --install /home/eduardo/turtlebot4_ws/build/turtlebot4_node
[54.609s] Level 1:colcon.colcon_core.environment:create_environment_scripts_only(turtlebot4_node)
[54.610s] DEBUG:colcon.colcon_core.event_handler.log_command:Invoked command in '/home/eduardo/turtlebot4_ws/build/turtlebot4_node' returned '0': AMENT_PREFIX_PATH=/home/eduardo/turtlebot4_ws/install/turtlebot4_msgs:${AMENT_PREFIX_PATH} CMAKE_PREFIX_PATH=/home/eduardo/turtlebot4_ws/install/turtlebot4_msgs:/opt/ros/humble LD_LIBRARY_PATH=/home/eduardo/turtlebot4_ws/install/turtlebot4_msgs/lib:${LD_LIBRARY_PATH} PYTHONPATH=/home/eduardo/turtlebot4_ws/install/turtlebot4_msgs/local/lib/python3.10/dist-packages:${PYTHONPATH} /usr/bin/cmake --install /home/eduardo/turtlebot4_ws/build/turtlebot4_node
[54.626s] Level 1:colcon.colcon_core.environment:checking '/home/eduardo/turtlebot4_ws/install/turtlebot4_node' for CMake module files
[54.626s] Level 1:colcon.colcon_core.environment:checking '/home/eduardo/turtlebot4_ws/install/turtlebot4_node' for CMake config files
[54.627s] Level 1:colcon.colcon_core.shell:create_environment_hook('turtlebot4_node', 'cmake_prefix_path')
[54.644s] INFO:colcon.colcon_core.shell:Creating environment hook '/home/eduardo/turtlebot4_ws/install/turtlebot4_node/share/turtlebot4_node/hook/cmake_prefix_path.ps1'
[54.645s] INFO:colcon.colcon_core.shell:Creating environment descriptor '/home/eduardo/turtlebot4_ws/install/turtlebot4_node/share/turtlebot4_node/hook/cmake_prefix_path.dsv'
[54.645s] INFO:colcon.colcon_core.shell:Creating environment hook '/home/eduardo/turtlebot4_ws/install/turtlebot4_node/share/turtlebot4_node/hook/cmake_prefix_path.sh'
[54.645s] Level 1:colcon.colcon_core.environment:checking '/home/eduardo/turtlebot4_ws/install/turtlebot4_node/lib'
[54.645s] Level 1:colcon.colcon_core.environment:checking '/home/eduardo/turtlebot4_ws/install/turtlebot4_node/bin'
[54.645s] Level 1:colcon.colcon_core.environment:checking '/home/eduardo/turtlebot4_ws/install/turtlebot4_node/lib/pkgconfig/turtlebot4_node.pc'
[54.646s] Level 1:colcon.colcon_core.environment:checking '/home/eduardo/turtlebot4_ws/install/turtlebot4_node/lib/python3.10/site-packages'
[54.646s] Level 1:colcon.colcon_core.environment:checking '/home/eduardo/turtlebot4_ws/install/turtlebot4_node/bin'
[54.661s] INFO:colcon.colcon_core.shell:Creating package script '/home/eduardo/turtlebot4_ws/install/turtlebot4_node/share/turtlebot4_node/package.ps1'
[54.661s] INFO:colcon.colcon_core.shell:Creating package descriptor '/home/eduardo/turtlebot4_ws/install/turtlebot4_node/share/turtlebot4_node/package.dsv'
[54.661s] INFO:colcon.colcon_core.shell:Creating package script '/home/eduardo/turtlebot4_ws/install/turtlebot4_node/share/turtlebot4_node/package.sh'
[54.662s] INFO:colcon.colcon_core.shell:Creating package script '/home/eduardo/turtlebot4_ws/install/turtlebot4_node/share/turtlebot4_node/package.bash'
[54.662s] INFO:colcon.colcon_core.shell:Creating package script '/home/eduardo/turtlebot4_ws/install/turtlebot4_node/share/turtlebot4_node/package.zsh'
[54.662s] Level 1:colcon.colcon_core.environment:create_file_with_runtime_dependencies(/home/eduardo/turtlebot4_ws/install/turtlebot4_node/share/colcon-core/packages/turtlebot4_node)
[54.712s] Level 1:colcon.colcon_core.environment:create_environment_scripts_only(turtlebot4_node)
[54.727s] Level 1:colcon.colcon_core.environment:checking '/home/eduardo/turtlebot4_ws/install/turtlebot4_node' for CMake module files
[54.728s] Level 1:colcon.colcon_core.environment:checking '/home/eduardo/turtlebot4_ws/install/turtlebot4_node' for CMake config files
[54.728s] Level 1:colcon.colcon_core.shell:create_environment_hook('turtlebot4_node', 'cmake_prefix_path')
[54.744s] INFO:colcon.colcon_core.shell:Creating environment hook '/home/eduardo/turtlebot4_ws/install/turtlebot4_node/share/turtlebot4_node/hook/cmake_prefix_path.ps1'
[54.744s] INFO:colcon.colcon_core.shell:Creating environment descriptor '/home/eduardo/turtlebot4_ws/install/turtlebot4_node/share/turtlebot4_node/hook/cmake_prefix_path.dsv'
[54.744s] INFO:colcon.colcon_core.shell:Creating environment hook '/home/eduardo/turtlebot4_ws/install/turtlebot4_node/share/turtlebot4_node/hook/cmake_prefix_path.sh'
[54.745s] Level 1:colcon.colcon_core.environment:checking '/home/eduardo/turtlebot4_ws/install/turtlebot4_node/lib'
[54.745s] Level 1:colcon.colcon_core.environment:checking '/home/eduardo/turtlebot4_ws/install/turtlebot4_node/bin'
[54.745s] Level 1:colcon.colcon_core.environment:checking '/home/eduardo/turtlebot4_ws/install/turtlebot4_node/lib/pkgconfig/turtlebot4_node.pc'
[54.745s] Level 1:colcon.colcon_core.environment:checking '/home/eduardo/turtlebot4_ws/install/turtlebot4_node/lib/python3.10/site-packages'
[54.745s] Level 1:colcon.colcon_core.environment:checking '/home/eduardo/turtlebot4_ws/install/turtlebot4_node/bin'
[54.761s] INFO:colcon.colcon_core.shell:Creating package script '/home/eduardo/turtlebot4_ws/install/turtlebot4_node/share/turtlebot4_node/package.ps1'
[54.762s] INFO:colcon.colcon_core.shell:Creating package descriptor '/home/eduardo/turtlebot4_ws/install/turtlebot4_node/share/turtlebot4_node/package.dsv'
[54.762s] INFO:colcon.colcon_core.shell:Creating package script '/home/eduardo/turtlebot4_ws/install/turtlebot4_node/share/turtlebot4_node/package.sh'
[54.763s] INFO:colcon.colcon_core.shell:Creating package script '/home/eduardo/turtlebot4_ws/install/turtlebot4_node/share/turtlebot4_node/package.bash'
[54.763s] INFO:colcon.colcon_core.shell:Creating package script '/home/eduardo/turtlebot4_ws/install/turtlebot4_node/share/turtlebot4_node/package.zsh'
[54.764s] Level 1:colcon.colcon_core.environment:create_file_with_runtime_dependencies(/home/eduardo/turtlebot4_ws/install/turtlebot4_node/share/colcon-core/packages/turtlebot4_node)
[54.764s] DEBUG:colcon.colcon_parallel_executor.executor.parallel:closing loop
[54.764s] DEBUG:colcon.colcon_parallel_executor.executor.parallel:loop closed
[54.764s] DEBUG:colcon.colcon_parallel_executor.executor.parallel:run_until_complete finished with '0'
[54.764s] DEBUG:colcon.colcon_core.event_reactor:joining thread
[54.785s] INFO:colcon.colcon_core.plugin_system:Skipping extension 'colcon_notification.desktop_notification.terminal_notifier': Not used on non-Darwin systems
[54.785s] INFO:colcon.colcon_core.plugin_system:Skipping extension 'colcon_notification.desktop_notification.win32': Not used on non-Windows systems
[54.785s] INFO:colcon.colcon_notification.desktop_notification:Sending desktop notification using 'notify2'
[54.808s] DEBUG:colcon.colcon_core.event_reactor:joined thread
[54.825s] INFO:colcon.colcon_core.shell:Creating prefix script '/home/eduardo/turtlebot4_ws/install/local_setup.ps1'
[54.826s] INFO:colcon.colcon_core.shell:Creating prefix util module '/home/eduardo/turtlebot4_ws/install/_local_setup_util_ps1.py'
[54.827s] INFO:colcon.colcon_core.shell:Creating prefix chain script '/home/eduardo/turtlebot4_ws/install/setup.ps1'
[54.844s] INFO:colcon.colcon_core.shell:Creating prefix script '/home/eduardo/turtlebot4_ws/install/local_setup.sh'
[54.845s] INFO:colcon.colcon_core.shell:Creating prefix util module '/home/eduardo/turtlebot4_ws/install/_local_setup_util_sh.py'
[54.845s] INFO:colcon.colcon_core.shell:Creating prefix chain script '/home/eduardo/turtlebot4_ws/install/setup.sh'
[54.862s] INFO:colcon.colcon_core.shell:Creating prefix script '/home/eduardo/turtlebot4_ws/install/local_setup.bash'
[54.862s] INFO:colcon.colcon_core.shell:Creating prefix chain script '/home/eduardo/turtlebot4_ws/install/setup.bash'
[54.879s] INFO:colcon.colcon_core.shell:Creating prefix script '/home/eduardo/turtlebot4_ws/install/local_setup.zsh'
[54.879s] INFO:colcon.colcon_core.shell:Creating prefix chain script '/home/eduardo/turtlebot4_ws/install/setup.zsh'
