[0.165s] Invoking command in '/home/eduardo/turtlebot4_ws/build/turtlebot4_ignition_gui_plugins': CMAKE_PREFIX_PATH=/opt/ros/humble /usr/bin/cmake --build /home/eduardo/turtlebot4_ws/build/turtlebot4_ignition_gui_plugins -- -j12 -l12
[0.196s] -- Found ament_cmake: 1.3.6 (/opt/ros/humble/share/ament_cmake/cmake)
[0.332s] -- Override CMake install command with custom implementation using symlinks instead of copying resources
[0.348s] -- Found ament_lint_auto: 0.12.9 (/opt/ros/humble/share/ament_lint_auto/cmake)
[0.460s] -- Looking for ignition-gui6 -- found version 6.8.0
[0.469s] -- Searching for dependencies of ignition-gui6
[0.502s] -- Checking for module 'tinyxml2'
[0.515s] --   Found tinyxml2, version 9.0.0
[0.544s] -- Looking for ignition-math6 -- found version 6.15.0
[0.544s] -- Searching for dependencies of ignition-math6
[0.546s] -- Looking for ignition-common4 -- found version 4.7.0
[0.547s] -- Searching for dependencies of ignition-common4
[0.547s] -- Looking for dlfcn.h - found
[0.547s] -- Looking for libdl - found
[0.555s] -- Checking for module 'uuid'
[0.569s] --   Found uuid, version 2.37.2
[0.599s] -- Searching for <ignition-common4> component [profiler]
[0.600s] -- Looking for ignition-common4-profiler -- found version 4.7.0
[0.601s] -- Searching for dependencies of ignition-common4-profiler
[0.602s] -- Looking for ignition-plugin1 -- found version 1.4.0
[0.602s] -- Searching for dependencies of ignition-plugin1
[0.603s] -- Searching for <ignition-plugin1> component [loader]
[0.604s] -- Looking for ignition-plugin1-loader -- found version 1.4.0
[0.605s] -- Searching for dependencies of ignition-plugin1-loader
[0.605s] -- Searching for <ignition-plugin1> component [register]
[0.606s] -- Looking for ignition-plugin1-register -- found version 1.4.0
[0.606s] -- Searching for dependencies of ignition-plugin1-register
[0.607s] -- Looking for ignition-transport11 -- found version 11.4.1
[0.608s] -- Searching for dependencies of ignition-transport11
[0.626s] -- Found Protobuf: /usr/lib/x86_64-linux-gnu/libprotobuf.so (found version "3.12.4") 
[0.638s] -- Config-file not installed for ZeroMQ -- checking for pkg-config
[0.642s] -- Checking for module 'libzmq >= 4'
[0.657s] --   Found libzmq , version 4.3.4
[0.701s] -- Looking for ignition-utils1 -- found version 1.5.1
[0.701s] -- Searching for dependencies of ignition-utils1
[0.702s] -- Searching for <ignition-utils1> component [cli]
[0.703s] -- Looking for ignition-utils1-cli -- found version 1.5.1
[0.703s] -- Searching for dependencies of ignition-utils1-cli
[0.704s] -- Looking for ignition-msgs8 -- found version 8.7.0
[0.704s] -- Searching for dependencies of ignition-msgs8
[0.723s] -- Found Protobuf: /usr/lib/x86_64-linux-gnu/libprotobuf.so (found suitable version "3.12.4", minimum required is "3") 
[0.724s] -- Looking for ignition-math6 -- found version 6.15.0
[0.732s] -- Looking for ignition-rendering6 -- found version 6.6.2
[0.733s] -- Searching for dependencies of ignition-rendering6
[0.733s] -- Looking for ignition-math6 -- found version 6.15.0
[0.733s] -- Searching for dependencies of ignition-math6
[0.733s] -- Searching for <ignition-math6> component [eigen3]
[0.734s] -- Looking for ignition-math6-eigen3 -- found version 6.15.0
[0.735s] -- Searching for dependencies of ignition-math6-eigen3
[0.737s] -- Looking for ignition-common4 -- found version 4.7.0
[0.737s] -- Searching for dependencies of ignition-common4
[0.737s] -- Looking for dlfcn.h - found
[0.737s] -- Looking for libdl - found
[0.746s] -- Searching for <ignition-common4> component [graphics]
[0.746s] -- Looking for ignition-common4-graphics -- found version 4.7.0
[0.746s] -- Searching for dependencies of ignition-common4-graphics
[0.746s] -- Looking for ignition-math6 -- found version 6.15.0
[0.747s] -- Looking for ignition-utils1 -- found version 1.5.1
[0.748s] -- Searching for <ignition-common4> component [events]
[0.748s] -- Looking for ignition-common4-events -- found version 4.7.0
[0.749s] -- Searching for dependencies of ignition-common4-events
[0.749s] -- Looking for ignition-math6 -- found version 6.15.0
[0.750s] -- Looking for ignition-plugin1 -- found version 1.4.0
[0.751s] -- Searching for dependencies of ignition-plugin1
[0.751s] -- Searching for <ignition-plugin1> component [all]
[0.751s] -- Looking for all libraries of ignition-plugin1 -- found version 1.4.0
[0.752s] -- Looking for ignition-plugin1 -- found version 1.4.0
[0.755s] -- Looking for ignition-msgs8 -- found version 8.7.0
[0.759s] -- Looking for ignition-common4 -- found version 4.7.0
[0.765s] -- Added test 'cppcheck' to perform static code analysis on C / C++ code
[0.765s] -- Configured cppcheck include dirs: 
[0.766s] -- Configured cppcheck exclude dirs and/or files: 
[0.766s] -- Added test 'cpplint' to check C / C++ code against the Google style
[0.766s] -- Configured cpplint exclude dirs and/or files: 
[0.767s] -- Added test 'lint_cmake' to check CMake code style
[0.767s] -- Added test 'xmllint' to check XML markup files
[0.768s] -- Configuring done
[0.788s] -- Generating done
[0.790s] -- Build files have been written to: /home/eduardo/turtlebot4_ws/build/turtlebot4_ignition_gui_plugins
[0.825s] [ 16%] [34m[1mAutomatic MOC for target Turtlebot4Hmi[0m
[0.844s] [ 16%] Built target Turtlebot4Hmi_autogen
[0.856s] [35m[1mConsolidate compiler generated dependencies of target Turtlebot4Hmi[0m
[0.882s] [100%] Built target Turtlebot4Hmi
[0.893s] Invoked command in '/home/eduardo/turtlebot4_ws/build/turtlebot4_ignition_gui_plugins' returned '0': CMAKE_PREFIX_PATH=/opt/ros/humble /usr/bin/cmake --build /home/eduardo/turtlebot4_ws/build/turtlebot4_ignition_gui_plugins -- -j12 -l12
[0.914s] Invoking command in '/home/eduardo/turtlebot4_ws/build/turtlebot4_ignition_gui_plugins': CMAKE_PREFIX_PATH=/opt/ros/humble /usr/bin/cmake --install /home/eduardo/turtlebot4_ws/build/turtlebot4_ignition_gui_plugins
[0.921s] -- Install configuration: ""
[0.921s] -- Execute custom install script
[0.921s] -- Up-to-date symlink: /home/eduardo/turtlebot4_ws/install/turtlebot4_ignition_gui_plugins/share/turtlebot4_ignition_gui_plugins/lib/libTurtlebot4Hmi.so
[0.922s] -- Up-to-date symlink: /home/eduardo/turtlebot4_ws/install/turtlebot4_ignition_gui_plugins/share/ament_index/resource_index/package_run_dependencies/turtlebot4_ignition_gui_plugins
[0.922s] -- Up-to-date symlink: /home/eduardo/turtlebot4_ws/install/turtlebot4_ignition_gui_plugins/share/ament_index/resource_index/parent_prefix_path/turtlebot4_ignition_gui_plugins
[0.922s] -- Up-to-date symlink: /home/eduardo/turtlebot4_ws/install/turtlebot4_ignition_gui_plugins/share/turtlebot4_ignition_gui_plugins/environment/ament_prefix_path.sh
[0.923s] -- Up-to-date symlink: /home/eduardo/turtlebot4_ws/install/turtlebot4_ignition_gui_plugins/share/turtlebot4_ignition_gui_plugins/environment/ament_prefix_path.dsv
[0.923s] -- Up-to-date symlink: /home/eduardo/turtlebot4_ws/install/turtlebot4_ignition_gui_plugins/share/turtlebot4_ignition_gui_plugins/environment/path.sh
[0.923s] -- Up-to-date symlink: /home/eduardo/turtlebot4_ws/install/turtlebot4_ignition_gui_plugins/share/turtlebot4_ignition_gui_plugins/environment/path.dsv
[0.923s] -- Up-to-date symlink: /home/eduardo/turtlebot4_ws/install/turtlebot4_ignition_gui_plugins/share/turtlebot4_ignition_gui_plugins/local_setup.bash
[0.924s] -- Up-to-date symlink: /home/eduardo/turtlebot4_ws/install/turtlebot4_ignition_gui_plugins/share/turtlebot4_ignition_gui_plugins/local_setup.sh
[0.924s] -- Up-to-date symlink: /home/eduardo/turtlebot4_ws/install/turtlebot4_ignition_gui_plugins/share/turtlebot4_ignition_gui_plugins/local_setup.zsh
[0.924s] -- Up-to-date symlink: /home/eduardo/turtlebot4_ws/install/turtlebot4_ignition_gui_plugins/share/turtlebot4_ignition_gui_plugins/local_setup.dsv
[0.924s] -- Symlinking: /home/eduardo/turtlebot4_ws/install/turtlebot4_ignition_gui_plugins/share/turtlebot4_ignition_gui_plugins/package.dsv
[0.932s] -- Up-to-date symlink: /home/eduardo/turtlebot4_ws/install/turtlebot4_ignition_gui_plugins/share/ament_index/resource_index/packages/turtlebot4_ignition_gui_plugins
[0.933s] -- Up-to-date symlink: /home/eduardo/turtlebot4_ws/install/turtlebot4_ignition_gui_plugins/share/turtlebot4_ignition_gui_plugins/cmake/turtlebot4_ignition_gui_pluginsConfig.cmake
[0.933s] -- Up-to-date symlink: /home/eduardo/turtlebot4_ws/install/turtlebot4_ignition_gui_plugins/share/turtlebot4_ignition_gui_plugins/cmake/turtlebot4_ignition_gui_pluginsConfig-version.cmake
[0.933s] -- Up-to-date symlink: /home/eduardo/turtlebot4_ws/install/turtlebot4_ignition_gui_plugins/share/turtlebot4_ignition_gui_plugins/package.xml
[0.935s] Invoked command in '/home/eduardo/turtlebot4_ws/build/turtlebot4_ignition_gui_plugins' returned '0': CMAKE_PREFIX_PATH=/opt/ros/humble /usr/bin/cmake --install /home/eduardo/turtlebot4_ws/build/turtlebot4_ignition_gui_plugins
