[0.108s] Invoking command in '/home/eduardo/turtlebot4_ws/build/turtlebot4_ignition_gui_plugins': CMAKE_PREFIX_PATH=/opt/ros/humble /usr/bin/cmake /home/eduardo/turtlebot4_ws/src/turtlebot4_simulator/turtlebot4_ignition_gui_plugins -DAMENT_CMAKE_SYMLINK_INSTALL=1 -DCMAKE_INSTALL_PREFIX=/home/eduardo/turtlebot4_ws/install/turtlebot4_ignition_gui_plugins
[0.119s] -- Found ament_cmake: 1.3.6 (/opt/ros/humble/share/ament_cmake/cmake)
[0.266s] -- Override CMake install command with custom implementation using symlinks instead of copying resources
[0.272s] -- Found ament_lint_auto: 0.12.9 (/opt/ros/humble/share/ament_lint_auto/cmake)
[0.348s] -- Looking for ignition-gui6 -- found version 6.8.0
[0.351s] -- Searching for dependencies of ignition-gui6
[0.372s] -- Checking for module 'tinyxml2'
[0.381s] --   Found tinyxml2, version 9.0.0
[0.405s] -- Looking for ignition-math6 -- found version 6.15.0
[0.405s] -- Searching for dependencies of ignition-math6
[0.406s] -- Looking for ignition-common4 -- found version 4.7.0
[0.407s] -- Searching for dependencies of ignition-common4
[0.407s] -- Looking for dlfcn.h - found
[0.407s] -- Looking for libdl - found
[0.412s] -- Checking for module 'uuid'
[0.421s] --   Found uuid, version 2.37.2
[0.447s] -- Searching for <ignition-common4> component [profiler]
[0.447s] -- Looking for ignition-common4-profiler -- found version 4.7.0
[0.448s] -- Searching for dependencies of ignition-common4-profiler
[0.448s] -- Looking for ignition-plugin1 -- found version 1.4.0
[0.449s] -- Searching for dependencies of ignition-plugin1
[0.449s] -- Searching for <ignition-plugin1> component [loader]
[0.449s] -- Looking for ignition-plugin1-loader -- found version 1.4.0
[0.450s] -- Searching for dependencies of ignition-plugin1-loader
[0.450s] -- Searching for <ignition-plugin1> component [register]
[0.451s] -- Looking for ignition-plugin1-register -- found version 1.4.0
[0.451s] -- Searching for dependencies of ignition-plugin1-register
[0.452s] -- Looking for ignition-transport11 -- found version 11.4.1
[0.452s] -- Searching for dependencies of ignition-transport11
[0.468s] -- Found Protobuf: /usr/lib/x86_64-linux-gnu/libprotobuf.so (found version "3.12.4") 
[0.479s] -- Config-file not installed for ZeroMQ -- checking for pkg-config
[0.483s] -- Checking for module 'libzmq >= 4'
[0.493s] --   Found libzmq , version 4.3.4
[0.532s] -- Looking for ignition-utils1 -- found version 1.5.1
[0.532s] -- Searching for dependencies of ignition-utils1
[0.532s] -- Searching for <ignition-utils1> component [cli]
[0.533s] -- Looking for ignition-utils1-cli -- found version 1.5.1
[0.533s] -- Searching for dependencies of ignition-utils1-cli
[0.534s] -- Looking for ignition-msgs8 -- found version 8.7.0
[0.534s] -- Searching for dependencies of ignition-msgs8
[0.551s] -- Found Protobuf: /usr/lib/x86_64-linux-gnu/libprotobuf.so (found suitable version "3.12.4", minimum required is "3") 
[0.552s] -- Looking for ignition-math6 -- found version 6.15.0
[0.559s] -- Looking for ignition-rendering6 -- found version 6.6.2
[0.560s] -- Searching for dependencies of ignition-rendering6
[0.560s] -- Looking for ignition-math6 -- found version 6.15.0
[0.560s] -- Searching for dependencies of ignition-math6
[0.561s] -- Searching for <ignition-math6> component [eigen3]
[0.561s] -- Looking for ignition-math6-eigen3 -- found version 6.15.0
[0.561s] -- Searching for dependencies of ignition-math6-eigen3
[0.563s] -- Looking for ignition-common4 -- found version 4.7.0
[0.563s] -- Searching for dependencies of ignition-common4
[0.563s] -- Looking for dlfcn.h - found
[0.563s] -- Looking for libdl - found
[0.571s] -- Searching for <ignition-common4> component [graphics]
[0.571s] -- Looking for ignition-common4-graphics -- found version 4.7.0
[0.572s] -- Searching for dependencies of ignition-common4-graphics
[0.572s] -- Looking for ignition-math6 -- found version 6.15.0
[0.572s] -- Looking for ignition-utils1 -- found version 1.5.1
[0.573s] -- Searching for <ignition-common4> component [events]
[0.573s] -- Looking for ignition-common4-events -- found version 4.7.0
[0.574s] -- Searching for dependencies of ignition-common4-events
[0.574s] -- Looking for ignition-math6 -- found version 6.15.0
[0.575s] -- Looking for ignition-plugin1 -- found version 1.4.0
[0.575s] -- Searching for dependencies of ignition-plugin1
[0.576s] -- Searching for <ignition-plugin1> component [all]
[0.576s] -- Looking for all libraries of ignition-plugin1 -- found version 1.4.0
[0.576s] -- Looking for ignition-plugin1 -- found version 1.4.0
[0.578s] -- Looking for ignition-msgs8 -- found version 8.7.0
[0.581s] -- Looking for ignition-common4 -- found version 4.7.0
[0.586s] -- Added test 'cppcheck' to perform static code analysis on C / C++ code
[0.586s] -- Configured cppcheck include dirs: 
[0.586s] -- Configured cppcheck exclude dirs and/or files: 
[0.587s] -- Added test 'cpplint' to check C / C++ code against the Google style
[0.587s] -- Configured cpplint exclude dirs and/or files: 
[0.587s] -- Added test 'lint_cmake' to check CMake code style
[0.588s] -- Added test 'xmllint' to check XML markup files
[0.589s] -- Configuring done
[0.602s] -- Generating done
[0.605s] -- Build files have been written to: /home/eduardo/turtlebot4_ws/build/turtlebot4_ignition_gui_plugins
[0.613s] Invoked command in '/home/eduardo/turtlebot4_ws/build/turtlebot4_ignition_gui_plugins' returned '0': CMAKE_PREFIX_PATH=/opt/ros/humble /usr/bin/cmake /home/eduardo/turtlebot4_ws/src/turtlebot4_simulator/turtlebot4_ignition_gui_plugins -DAMENT_CMAKE_SYMLINK_INSTALL=1 -DCMAKE_INSTALL_PREFIX=/home/eduardo/turtlebot4_ws/install/turtlebot4_ignition_gui_plugins
[0.615s] Invoking command in '/home/eduardo/turtlebot4_ws/build/turtlebot4_ignition_gui_plugins': CMAKE_PREFIX_PATH=/opt/ros/humble /usr/bin/cmake --build /home/eduardo/turtlebot4_ws/build/turtlebot4_ignition_gui_plugins -- -j12 -l12
[0.660s] [ 16%] [34m[1mAutomatic MOC for target Turtlebot4Hmi[0m
[1.901s] [ 16%] Built target Turtlebot4Hmi_autogen
[1.909s] [ 33%] [34m[1mGenerating qrc_Turtlebot4Hmi.cpp[0m
[1.924s] [35m[1mConsolidate compiler generated dependencies of target Turtlebot4Hmi[0m
[1.946s] [ 50%] [32mBuilding CXX object Turtlebot4Hmi/CMakeFiles/Turtlebot4Hmi.dir/Turtlebot4Hmi_autogen/mocs_compilation.cpp.o[0m
[1.947s] [ 83%] [32mBuilding CXX object Turtlebot4Hmi/CMakeFiles/Turtlebot4Hmi.dir/qrc_Turtlebot4Hmi.cpp.o[0m
[1.947s] [ 83%] [32mBuilding CXX object Turtlebot4Hmi/CMakeFiles/Turtlebot4Hmi.dir/Turtlebot4Hmi.cc.o[0m
[9.076s] [100%] [32m[1mLinking CXX shared library libTurtlebot4Hmi.so[0m
[9.400s] [100%] Built target Turtlebot4Hmi
[9.410s] Invoked command in '/home/eduardo/turtlebot4_ws/build/turtlebot4_ignition_gui_plugins' returned '0': CMAKE_PREFIX_PATH=/opt/ros/humble /usr/bin/cmake --build /home/eduardo/turtlebot4_ws/build/turtlebot4_ignition_gui_plugins -- -j12 -l12
[9.430s] Invoking command in '/home/eduardo/turtlebot4_ws/build/turtlebot4_ignition_gui_plugins': CMAKE_PREFIX_PATH=/opt/ros/humble /usr/bin/cmake --install /home/eduardo/turtlebot4_ws/build/turtlebot4_ignition_gui_plugins
[9.436s] -- Install configuration: ""
[9.437s] -- Execute custom install script
[9.437s] -- Up-to-date symlink: /home/eduardo/turtlebot4_ws/install/turtlebot4_ignition_gui_plugins/share/turtlebot4_ignition_gui_plugins/lib/libTurtlebot4Hmi.so
[9.437s] -- Up-to-date symlink: /home/eduardo/turtlebot4_ws/install/turtlebot4_ignition_gui_plugins/share/ament_index/resource_index/package_run_dependencies/turtlebot4_ignition_gui_plugins
[9.437s] -- Up-to-date symlink: /home/eduardo/turtlebot4_ws/install/turtlebot4_ignition_gui_plugins/share/ament_index/resource_index/parent_prefix_path/turtlebot4_ignition_gui_plugins
[9.438s] -- Up-to-date symlink: /home/eduardo/turtlebot4_ws/install/turtlebot4_ignition_gui_plugins/share/turtlebot4_ignition_gui_plugins/environment/ament_prefix_path.sh
[9.438s] -- Up-to-date symlink: /home/eduardo/turtlebot4_ws/install/turtlebot4_ignition_gui_plugins/share/turtlebot4_ignition_gui_plugins/environment/ament_prefix_path.dsv
[9.438s] -- Up-to-date symlink: /home/eduardo/turtlebot4_ws/install/turtlebot4_ignition_gui_plugins/share/turtlebot4_ignition_gui_plugins/environment/path.sh
[9.438s] -- Up-to-date symlink: /home/eduardo/turtlebot4_ws/install/turtlebot4_ignition_gui_plugins/share/turtlebot4_ignition_gui_plugins/environment/path.dsv
[9.438s] -- Up-to-date symlink: /home/eduardo/turtlebot4_ws/install/turtlebot4_ignition_gui_plugins/share/turtlebot4_ignition_gui_plugins/local_setup.bash
[9.438s] -- Up-to-date symlink: /home/eduardo/turtlebot4_ws/install/turtlebot4_ignition_gui_plugins/share/turtlebot4_ignition_gui_plugins/local_setup.sh
[9.438s] -- Up-to-date symlink: /home/eduardo/turtlebot4_ws/install/turtlebot4_ignition_gui_plugins/share/turtlebot4_ignition_gui_plugins/local_setup.zsh
[9.439s] -- Up-to-date symlink: /home/eduardo/turtlebot4_ws/install/turtlebot4_ignition_gui_plugins/share/turtlebot4_ignition_gui_plugins/local_setup.dsv
[9.439s] -- Symlinking: /home/eduardo/turtlebot4_ws/install/turtlebot4_ignition_gui_plugins/share/turtlebot4_ignition_gui_plugins/package.dsv
[9.446s] -- Up-to-date symlink: /home/eduardo/turtlebot4_ws/install/turtlebot4_ignition_gui_plugins/share/ament_index/resource_index/packages/turtlebot4_ignition_gui_plugins
[9.446s] -- Up-to-date symlink: /home/eduardo/turtlebot4_ws/install/turtlebot4_ignition_gui_plugins/share/turtlebot4_ignition_gui_plugins/cmake/turtlebot4_ignition_gui_pluginsConfig.cmake
[9.446s] -- Up-to-date symlink: /home/eduardo/turtlebot4_ws/install/turtlebot4_ignition_gui_plugins/share/turtlebot4_ignition_gui_plugins/cmake/turtlebot4_ignition_gui_pluginsConfig-version.cmake
[9.447s] -- Up-to-date symlink: /home/eduardo/turtlebot4_ws/install/turtlebot4_ignition_gui_plugins/share/turtlebot4_ignition_gui_plugins/package.xml
[9.448s] Invoked command in '/home/eduardo/turtlebot4_ws/build/turtlebot4_ignition_gui_plugins' returned '0': CMAKE_PREFIX_PATH=/opt/ros/humble /usr/bin/cmake --install /home/eduardo/turtlebot4_ws/build/turtlebot4_ignition_gui_plugins
