[0.168s] Invoking command in '/home/eduardo/turtlebot4_ws/build/turtlebot4_ignition_gui_plugins': CMAKE_PREFIX_PATH=/opt/ros/humble /usr/bin/cmake /home/eduardo/turtlebot4_ws/src/turtlebot4_simulator/turtlebot4_ignition_gui_plugins -DCMAKE_INSTALL_PREFIX=/home/eduardo/turtlebot4_ws/install/turtlebot4_ignition_gui_plugins
[0.180s] -- Found ament_cmake: 1.3.6 (/opt/ros/humble/share/ament_cmake/cmake)
[0.306s] -- Override CMake install command with custom implementation using symlinks instead of copying resources
[0.313s] -- Found ament_lint_auto: 0.12.9 (/opt/ros/humble/share/ament_lint_auto/cmake)
[0.393s] -- Looking for ignition-gui6 -- found version 6.8.0
[0.397s] -- Searching for dependencies of ignition-gui6
[0.419s] -- Checking for module 'tinyxml2'
[0.430s] --   Found tinyxml2, version 9.0.0
[0.458s] -- Looking for ignition-math6 -- found version 6.15.0
[0.459s] -- Searching for dependencies of ignition-math6
[0.460s] -- Looking for ignition-common4 -- found version 4.7.0
[0.460s] -- Searching for dependencies of ignition-common4
[0.460s] -- Looking for dlfcn.h - found
[0.461s] -- Looking for libdl - found
[0.466s] -- Checking for module 'uuid'
[0.476s] --   Found uuid, version 2.37.2
[0.503s] -- Searching for <ignition-common4> component [profiler]
[0.504s] -- Looking for ignition-common4-profiler -- found version 4.7.0
[0.504s] -- Searching for dependencies of ignition-common4-profiler
[0.505s] -- Looking for ignition-plugin1 -- found version 1.4.0
[0.505s] -- Searching for dependencies of ignition-plugin1
[0.505s] -- Searching for <ignition-plugin1> component [loader]
[0.506s] -- Looking for ignition-plugin1-loader -- found version 1.4.0
[0.506s] -- Searching for dependencies of ignition-plugin1-loader
[0.507s] -- Searching for <ignition-plugin1> component [register]
[0.507s] -- Looking for ignition-plugin1-register -- found version 1.4.0
[0.507s] -- Searching for dependencies of ignition-plugin1-register
[0.508s] -- Looking for ignition-transport11 -- found version 11.4.1
[0.508s] -- Searching for dependencies of ignition-transport11
[0.525s] -- Found Protobuf: /usr/lib/x86_64-linux-gnu/libprotobuf.so (found version "3.12.4") 
[0.537s] -- Config-file not installed for ZeroMQ -- checking for pkg-config
[0.541s] -- Checking for module 'libzmq >= 4'
[0.551s] --   Found libzmq , version 4.3.4
[0.594s] -- Looking for ignition-utils1 -- found version 1.5.1
[0.595s] -- Searching for dependencies of ignition-utils1
[0.595s] -- Searching for <ignition-utils1> component [cli]
[0.596s] -- Looking for ignition-utils1-cli -- found version 1.5.1
[0.596s] -- Searching for dependencies of ignition-utils1-cli
[0.597s] -- Looking for ignition-msgs8 -- found version 8.7.0
[0.597s] -- Searching for dependencies of ignition-msgs8
[0.615s] -- Found Protobuf: /usr/lib/x86_64-linux-gnu/libprotobuf.so (found suitable version "3.12.4", minimum required is "3") 
[0.616s] -- Looking for ignition-math6 -- found version 6.15.0
[0.624s] -- Looking for ignition-rendering6 -- found version 6.6.2
[0.624s] -- Searching for dependencies of ignition-rendering6
[0.625s] -- Looking for ignition-math6 -- found version 6.15.0
[0.625s] -- Searching for dependencies of ignition-math6
[0.625s] -- Searching for <ignition-math6> component [eigen3]
[0.625s] -- Looking for ignition-math6-eigen3 -- found version 6.15.0
[0.626s] -- Searching for dependencies of ignition-math6-eigen3
[0.629s] -- Looking for ignition-common4 -- found version 4.7.0
[0.629s] -- Searching for dependencies of ignition-common4
[0.629s] -- Looking for dlfcn.h - found
[0.629s] -- Looking for libdl - found
[0.638s] -- Searching for <ignition-common4> component [graphics]
[0.639s] -- Looking for ignition-common4-graphics -- found version 4.7.0
[0.640s] -- Searching for dependencies of ignition-common4-graphics
[0.640s] -- Looking for ignition-math6 -- found version 6.15.0
[0.641s] -- Looking for ignition-utils1 -- found version 1.5.1
[0.641s] -- Searching for <ignition-common4> component [events]
[0.642s] -- Looking for ignition-common4-events -- found version 4.7.0
[0.642s] -- Searching for dependencies of ignition-common4-events
[0.643s] -- Looking for ignition-math6 -- found version 6.15.0
[0.644s] -- Looking for ignition-plugin1 -- found version 1.4.0
[0.645s] -- Searching for dependencies of ignition-plugin1
[0.645s] -- Searching for <ignition-plugin1> component [all]
[0.645s] -- Looking for all libraries of ignition-plugin1 -- found version 1.4.0
[0.646s] -- Looking for ignition-plugin1 -- found version 1.4.0
[0.648s] -- Looking for ignition-msgs8 -- found version 8.7.0
[0.652s] -- Looking for ignition-common4 -- found version 4.7.0
[0.657s] -- Added test 'cppcheck' to perform static code analysis on C / C++ code
[0.657s] -- Configured cppcheck include dirs: 
[0.658s] -- Configured cppcheck exclude dirs and/or files: 
[0.659s] -- Added test 'cpplint' to check C / C++ code against the Google style
[0.659s] -- Configured cpplint exclude dirs and/or files: 
[0.659s] -- Added test 'lint_cmake' to check CMake code style
[0.660s] -- Added test 'xmllint' to check XML markup files
[0.661s] -- Configuring done
[0.675s] -- Generating done
[0.677s] -- Build files have been written to: /home/eduardo/turtlebot4_ws/build/turtlebot4_ignition_gui_plugins
[0.724s] Invoked command in '/home/eduardo/turtlebot4_ws/build/turtlebot4_ignition_gui_plugins' returned '0': CMAKE_PREFIX_PATH=/opt/ros/humble /usr/bin/cmake /home/eduardo/turtlebot4_ws/src/turtlebot4_simulator/turtlebot4_ignition_gui_plugins -DCMAKE_INSTALL_PREFIX=/home/eduardo/turtlebot4_ws/install/turtlebot4_ignition_gui_plugins
[0.726s] Invoking command in '/home/eduardo/turtlebot4_ws/build/turtlebot4_ignition_gui_plugins': CMAKE_PREFIX_PATH=/opt/ros/humble /usr/bin/cmake --build /home/eduardo/turtlebot4_ws/build/turtlebot4_ignition_gui_plugins -- -j12 -l12
[0.770s] [ 16%] [34m[1mAutomatic MOC for target Turtlebot4Hmi[0m
[0.795s] [ 16%] Built target Turtlebot4Hmi_autogen
[0.807s] [35m[1mConsolidate compiler generated dependencies of target Turtlebot4Hmi[0m
[0.831s] [100%] Built target Turtlebot4Hmi
[0.841s] Invoked command in '/home/eduardo/turtlebot4_ws/build/turtlebot4_ignition_gui_plugins' returned '0': CMAKE_PREFIX_PATH=/opt/ros/humble /usr/bin/cmake --build /home/eduardo/turtlebot4_ws/build/turtlebot4_ignition_gui_plugins -- -j12 -l12
[0.863s] Invoking command in '/home/eduardo/turtlebot4_ws/build/turtlebot4_ignition_gui_plugins': CMAKE_PREFIX_PATH=/opt/ros/humble /usr/bin/cmake --install /home/eduardo/turtlebot4_ws/build/turtlebot4_ignition_gui_plugins
[0.869s] -- Install configuration: ""
[0.869s] -- Execute custom install script
[0.870s] -- Up-to-date symlink: /home/eduardo/turtlebot4_ws/install/turtlebot4_ignition_gui_plugins/share/turtlebot4_ignition_gui_plugins/lib/libTurtlebot4Hmi.so
[0.870s] -- Up-to-date symlink: /home/eduardo/turtlebot4_ws/install/turtlebot4_ignition_gui_plugins/share/ament_index/resource_index/package_run_dependencies/turtlebot4_ignition_gui_plugins
[0.870s] -- Up-to-date symlink: /home/eduardo/turtlebot4_ws/install/turtlebot4_ignition_gui_plugins/share/ament_index/resource_index/parent_prefix_path/turtlebot4_ignition_gui_plugins
[0.870s] -- Up-to-date symlink: /home/eduardo/turtlebot4_ws/install/turtlebot4_ignition_gui_plugins/share/turtlebot4_ignition_gui_plugins/environment/ament_prefix_path.sh
[0.870s] -- Up-to-date symlink: /home/eduardo/turtlebot4_ws/install/turtlebot4_ignition_gui_plugins/share/turtlebot4_ignition_gui_plugins/environment/ament_prefix_path.dsv
[0.870s] -- Up-to-date symlink: /home/eduardo/turtlebot4_ws/install/turtlebot4_ignition_gui_plugins/share/turtlebot4_ignition_gui_plugins/environment/path.sh
[0.871s] -- Up-to-date symlink: /home/eduardo/turtlebot4_ws/install/turtlebot4_ignition_gui_plugins/share/turtlebot4_ignition_gui_plugins/environment/path.dsv
[0.871s] -- Up-to-date symlink: /home/eduardo/turtlebot4_ws/install/turtlebot4_ignition_gui_plugins/share/turtlebot4_ignition_gui_plugins/local_setup.bash
[0.871s] -- Up-to-date symlink: /home/eduardo/turtlebot4_ws/install/turtlebot4_ignition_gui_plugins/share/turtlebot4_ignition_gui_plugins/local_setup.sh
[0.871s] -- Up-to-date symlink: /home/eduardo/turtlebot4_ws/install/turtlebot4_ignition_gui_plugins/share/turtlebot4_ignition_gui_plugins/local_setup.zsh
[0.871s] -- Up-to-date symlink: /home/eduardo/turtlebot4_ws/install/turtlebot4_ignition_gui_plugins/share/turtlebot4_ignition_gui_plugins/local_setup.dsv
[0.872s] -- Symlinking: /home/eduardo/turtlebot4_ws/install/turtlebot4_ignition_gui_plugins/share/turtlebot4_ignition_gui_plugins/package.dsv
[0.879s] -- Up-to-date symlink: /home/eduardo/turtlebot4_ws/install/turtlebot4_ignition_gui_plugins/share/ament_index/resource_index/packages/turtlebot4_ignition_gui_plugins
[0.880s] -- Up-to-date symlink: /home/eduardo/turtlebot4_ws/install/turtlebot4_ignition_gui_plugins/share/turtlebot4_ignition_gui_plugins/cmake/turtlebot4_ignition_gui_pluginsConfig.cmake
[0.880s] -- Up-to-date symlink: /home/eduardo/turtlebot4_ws/install/turtlebot4_ignition_gui_plugins/share/turtlebot4_ignition_gui_plugins/cmake/turtlebot4_ignition_gui_pluginsConfig-version.cmake
[0.880s] -- Up-to-date symlink: /home/eduardo/turtlebot4_ws/install/turtlebot4_ignition_gui_plugins/share/turtlebot4_ignition_gui_plugins/package.xml
[0.882s] Invoked command in '/home/eduardo/turtlebot4_ws/build/turtlebot4_ignition_gui_plugins' returned '0': CMAKE_PREFIX_PATH=/opt/ros/humble /usr/bin/cmake --install /home/eduardo/turtlebot4_ws/build/turtlebot4_ignition_gui_plugins
