[0.165s] Invoking command in '/home/eduardo/turtlebot4_ws/build/turtlebot4_msgs': CMAKE_PREFIX_PATH=/opt/ros/humble /usr/bin/cmake /home/eduardo/turtlebot4_ws/src/turtlebot4/turtlebot4_msgs -DAMENT_CMAKE_SYMLINK_INSTALL=1 -DCMAKE_INSTALL_PREFIX=/home/eduardo/turtlebot4_ws/install/turtlebot4_msgs
[0.302s] -- The C compiler identification is GNU 11.4.0
[0.417s] -- The CXX compiler identification is GNU 11.4.0
[0.430s] -- Detecting C compiler ABI info
[0.514s] -- Detecting C compiler ABI info - done
[0.523s] -- Check for working C compiler: /usr/bin/cc - skipped
[0.524s] -- Detecting C compile features
[0.524s] -- Detecting C compile features - done
[0.529s] -- Detecting CXX compiler ABI info
[0.624s] -- Detecting CXX compiler ABI info - done
[0.633s] -- Check for working CXX compiler: /usr/bin/c++ - skipped
[0.634s] -- Detecting CXX compile features
[0.634s] -- Detecting CXX compile features - done
[0.640s] -- Found ament_cmake: 1.3.5 (/opt/ros/humble/share/ament_cmake/cmake)
[0.839s] -- Found Python3: /usr/bin/python3.10 (found version "3.10.12") found components: Interpreter 
[0.916s] -- Override CMake install command with custom implementation using symlinks instead of copying resources
[0.961s] -- Found ament_lint_auto: 0.12.8 (/opt/ros/humble/share/ament_lint_auto/cmake)
[1.056s] -- Found rosidl_default_generators: 1.2.0 (/opt/ros/humble/share/rosidl_default_generators/cmake)
[1.061s] -- Using all available rosidl_typesupport_c: rosidl_typesupport_fastrtps_c;rosidl_typesupport_introspection_c
[1.072s] -- Found rosidl_adapter: 3.1.5 (/opt/ros/humble/share/rosidl_adapter/cmake)
[1.133s] -- Using all available rosidl_typesupport_cpp: rosidl_typesupport_fastrtps_cpp;rosidl_typesupport_introspection_cpp
[1.190s] -- Found std_msgs: 4.2.3 (/opt/ros/humble/share/std_msgs/cmake)
[1.512s] -- Found ament_cmake_ros: 0.10.0 (/opt/ros/humble/share/ament_cmake_ros/cmake)
[1.733s] -- Using all available rosidl_typesupport_c: rosidl_typesupport_fastrtps_c;rosidl_typesupport_introspection_c
[2.009s] -- Using all available rosidl_typesupport_cpp: rosidl_typesupport_fastrtps_cpp;rosidl_typesupport_introspection_cpp
[2.035s] -- Found PythonInterp: /usr/bin/python3 (found suitable version "3.10.12", minimum required is "3.6") 
[2.038s] -- Found python_cmake_module: 0.10.0 (/opt/ros/humble/share/python_cmake_module/cmake)
[2.068s] -- Found PythonLibs: /usr/lib/x86_64-linux-gnu/libpython3.10.so (found suitable version "3.10.12", minimum required is "3.5") 
[2.068s] -- Using PYTHON_EXECUTABLE: /usr/bin/python3
[2.068s] -- Using PYTHON_INCLUDE_DIRS: /usr/include/python3.10
[2.068s] -- Using PYTHON_LIBRARIES: /usr/lib/x86_64-linux-gnu/libpython3.10.so
[2.092s] -- Found PythonExtra: .so  
[2.135s] -- Added test 'copyright' to check source files copyright and LICENSE
[2.137s] -- Added test 'lint_cmake' to check CMake code style
[2.138s] -- Added test 'xmllint' to check XML markup files
[2.148s] -- Configuring done
[2.184s] -- Generating done
[2.187s] -- Build files have been written to: /home/eduardo/turtlebot4_ws/build/turtlebot4_msgs
[2.193s] Invoked command in '/home/eduardo/turtlebot4_ws/build/turtlebot4_msgs' returned '0': CMAKE_PREFIX_PATH=/opt/ros/humble /usr/bin/cmake /home/eduardo/turtlebot4_ws/src/turtlebot4/turtlebot4_msgs -DAMENT_CMAKE_SYMLINK_INSTALL=1 -DCMAKE_INSTALL_PREFIX=/home/eduardo/turtlebot4_ws/install/turtlebot4_msgs
[2.195s] Invoking command in '/home/eduardo/turtlebot4_ws/build/turtlebot4_msgs': CMAKE_PREFIX_PATH=/opt/ros/humble /usr/bin/cmake --build /home/eduardo/turtlebot4_ws/build/turtlebot4_msgs -- -j12 -l12
[2.242s] [  2%] [34m[1mGenerating C code for ROS interfaces[0m
[2.255s] [  4%] [34m[1mGenerating C++ code for ROS interfaces[0m
[2.265s] [  4%] Built target ament_cmake_python_symlink_turtlebot4_msgs
[2.544s] running egg_info
[2.545s] creating turtlebot4_msgs.egg-info
[2.545s] writing turtlebot4_msgs.egg-info/PKG-INFO
[2.546s] writing dependency_links to turtlebot4_msgs.egg-info/dependency_links.txt
[2.546s] writing top-level names to turtlebot4_msgs.egg-info/top_level.txt
[2.546s] writing manifest file 'turtlebot4_msgs.egg-info/SOURCES.txt'
[2.548s] reading manifest file 'turtlebot4_msgs.egg-info/SOURCES.txt'
[2.549s] writing manifest file 'turtlebot4_msgs.egg-info/SOURCES.txt'
[2.575s] [  4%] Built target ament_cmake_python_build_turtlebot4_msgs_egg
[2.751s] [  4%] Built target turtlebot4_msgs__cpp
[2.768s] [  6%] [34m[1mGenerating C++ type support for eProsima Fast-RTPS[0m
[2.768s] [  8%] [34m[1mGenerating C++ introspection for ROS interfaces[0m
[2.769s] [ 10%] [34m[1mGenerating C++ type support dispatch for ROS interfaces[0m
[2.809s] [ 14%] [32mBuilding C object CMakeFiles/turtlebot4_msgs__rosidl_generator_c.dir/rosidl_generator_c/turtlebot4_msgs/msg/detail/user_button__functions.c.o[0m
[2.809s] [ 14%] [32mBuilding C object CMakeFiles/turtlebot4_msgs__rosidl_generator_c.dir/rosidl_generator_c/turtlebot4_msgs/msg/detail/user_led__functions.c.o[0m
[2.809s] [ 17%] [32mBuilding C object CMakeFiles/turtlebot4_msgs__rosidl_generator_c.dir/rosidl_generator_c/turtlebot4_msgs/msg/detail/user_display__functions.c.o[0m
[2.888s] [ 19%] [32m[1mLinking C shared library libturtlebot4_msgs__rosidl_generator_c.so[0m
[2.934s] [ 19%] Built target turtlebot4_msgs__rosidl_generator_c
[2.947s] [ 23%] [34m[1mGenerating C type support for eProsima Fast-RTPS[0m
[2.947s] [ 23%] [34m[1mGenerating C introspection for ROS interfaces[0m
[2.947s] [ 25%] [34m[1mGenerating C type support dispatch for ROS interfaces[0m
[3.269s] [ 27%] [32mBuilding CXX object CMakeFiles/turtlebot4_msgs__rosidl_typesupport_cpp.dir/rosidl_typesupport_cpp/turtlebot4_msgs/msg/user_led__type_support.cpp.o[0m
[3.273s] [ 29%] [32mBuilding CXX object CMakeFiles/turtlebot4_msgs__rosidl_typesupport_cpp.dir/rosidl_typesupport_cpp/turtlebot4_msgs/msg/user_button__type_support.cpp.o[0m
[3.273s] [ 31%] [32mBuilding CXX object CMakeFiles/turtlebot4_msgs__rosidl_typesupport_cpp.dir/rosidl_typesupport_cpp/turtlebot4_msgs/msg/user_display__type_support.cpp.o[0m
[3.320s] [ 34%] [32mBuilding CXX object CMakeFiles/turtlebot4_msgs__rosidl_typesupport_introspection_cpp.dir/rosidl_typesupport_introspection_cpp/turtlebot4_msgs/msg/detail/user_led__type_support.cpp.o[0m
[3.324s] [ 36%] [32mBuilding CXX object CMakeFiles/turtlebot4_msgs__rosidl_typesupport_introspection_cpp.dir/rosidl_typesupport_introspection_cpp/turtlebot4_msgs/msg/detail/user_button__type_support.cpp.o[0m
[3.325s] [ 38%] [32mBuilding CXX object CMakeFiles/turtlebot4_msgs__rosidl_typesupport_introspection_cpp.dir/rosidl_typesupport_introspection_cpp/turtlebot4_msgs/msg/detail/user_display__type_support.cpp.o[0m
[3.398s] [ 42%] [32mBuilding CXX object CMakeFiles/turtlebot4_msgs__rosidl_typesupport_fastrtps_cpp.dir/rosidl_typesupport_fastrtps_cpp/turtlebot4_msgs/msg/detail/dds_fastrtps/user_button__type_support.cpp.o[0m
[3.398s] [ 44%] [32mBuilding CXX object CMakeFiles/turtlebot4_msgs__rosidl_typesupport_fastrtps_cpp.dir/rosidl_typesupport_fastrtps_cpp/turtlebot4_msgs/msg/detail/dds_fastrtps/user_led__type_support.cpp.o[0m
[3.398s] [ 44%] [32mBuilding CXX object CMakeFiles/turtlebot4_msgs__rosidl_typesupport_fastrtps_cpp.dir/rosidl_typesupport_fastrtps_cpp/turtlebot4_msgs/msg/detail/dds_fastrtps/user_display__type_support.cpp.o[0m
[3.602s] [ 46%] [32mBuilding CXX object CMakeFiles/turtlebot4_msgs__rosidl_typesupport_c.dir/rosidl_typesupport_c/turtlebot4_msgs/msg/user_led__type_support.cpp.o[0m
[3.666s] [ 48%] [32mBuilding CXX object CMakeFiles/turtlebot4_msgs__rosidl_typesupport_c.dir/rosidl_typesupport_c/turtlebot4_msgs/msg/user_button__type_support.cpp.o[0m
[3.739s] [ 51%] [32mBuilding CXX object CMakeFiles/turtlebot4_msgs__rosidl_typesupport_c.dir/rosidl_typesupport_c/turtlebot4_msgs/msg/user_display__type_support.cpp.o[0m
[3.761s] [ 53%] [32mBuilding C object CMakeFiles/turtlebot4_msgs__rosidl_typesupport_introspection_c.dir/rosidl_typesupport_introspection_c/turtlebot4_msgs/msg/detail/user_led__type_support.c.o[0m
[3.796s] [ 55%] [32mBuilding CXX object CMakeFiles/turtlebot4_msgs__rosidl_typesupport_fastrtps_c.dir/rosidl_typesupport_fastrtps_c/turtlebot4_msgs/msg/detail/user_led__type_support_c.cpp.o[0m
[3.797s] [ 57%] [32m[1mLinking CXX shared library libturtlebot4_msgs__rosidl_typesupport_c.so[0m
[3.828s] [ 59%] [32mBuilding C object CMakeFiles/turtlebot4_msgs__rosidl_typesupport_introspection_c.dir/rosidl_typesupport_introspection_c/turtlebot4_msgs/msg/detail/user_button__type_support.c.o[0m
[3.858s] [ 61%] [32mBuilding CXX object CMakeFiles/turtlebot4_msgs__rosidl_typesupport_fastrtps_c.dir/rosidl_typesupport_fastrtps_c/turtlebot4_msgs/msg/detail/user_button__type_support_c.cpp.o[0m
[3.859s] [ 63%] [32mBuilding C object CMakeFiles/turtlebot4_msgs__rosidl_typesupport_introspection_c.dir/rosidl_typesupport_introspection_c/turtlebot4_msgs/msg/detail/user_display__type_support.c.o[0m
[3.870s] [ 65%] [32m[1mLinking CXX shared library libturtlebot4_msgs__rosidl_typesupport_cpp.so[0m
[3.882s] [ 65%] Built target turtlebot4_msgs__rosidl_typesupport_c
[3.899s] [ 68%] [32mBuilding CXX object CMakeFiles/turtlebot4_msgs__rosidl_typesupport_fastrtps_c.dir/rosidl_typesupport_fastrtps_c/turtlebot4_msgs/msg/detail/user_display__type_support_c.cpp.o[0m
[3.931s] [ 70%] [32m[1mLinking C shared library libturtlebot4_msgs__rosidl_typesupport_introspection_c.so[0m
[3.956s] [ 70%] Built target turtlebot4_msgs__rosidl_typesupport_cpp
[3.995s] [ 70%] Built target turtlebot4_msgs__rosidl_typesupport_introspection_c
[4.164s] [ 72%] [32m[1mLinking CXX shared library libturtlebot4_msgs__rosidl_typesupport_introspection_cpp.so[0m
[4.255s] [ 74%] [32m[1mLinking CXX shared library libturtlebot4_msgs__rosidl_typesupport_fastrtps_cpp.so[0m
[4.262s] [ 74%] Built target turtlebot4_msgs__rosidl_typesupport_introspection_cpp
[4.346s] [ 74%] Built target turtlebot4_msgs__rosidl_typesupport_fastrtps_cpp
[4.410s] [ 76%] [32m[1mLinking CXX shared library libturtlebot4_msgs__rosidl_typesupport_fastrtps_c.so[0m
[4.496s] [ 76%] Built target turtlebot4_msgs__rosidl_typesupport_fastrtps_c
[4.519s] [ 76%] Built target turtlebot4_msgs
[4.545s] [ 78%] [34m[1mGenerating Python code for ROS interfaces[0m
[5.206s] [ 78%] Built target turtlebot4_msgs__py
[5.227s] [ 80%] [32mBuilding C object CMakeFiles/turtlebot4_msgs__rosidl_generator_py.dir/rosidl_generator_py/turtlebot4_msgs/msg/_user_led_s.c.o[0m
[5.227s] [ 82%] [32mBuilding C object CMakeFiles/turtlebot4_msgs__rosidl_generator_py.dir/rosidl_generator_py/turtlebot4_msgs/msg/_user_button_s.c.o[0m
[5.227s] [ 85%] [32mBuilding C object CMakeFiles/turtlebot4_msgs__rosidl_generator_py.dir/rosidl_generator_py/turtlebot4_msgs/msg/_user_display_s.c.o[0m
[5.368s] [ 87%] [32m[1mLinking C shared library rosidl_generator_py/turtlebot4_msgs/libturtlebot4_msgs__rosidl_generator_py.so[0m
[5.419s] [ 87%] Built target turtlebot4_msgs__rosidl_generator_py
[5.442s] [ 91%] [32mBuilding C object CMakeFiles/turtlebot4_msgs__rosidl_typesupport_fastrtps_c__pyext.dir/rosidl_generator_py/turtlebot4_msgs/_turtlebot4_msgs_s.ep.rosidl_typesupport_fastrtps_c.c.o[0m
[5.442s] [ 91%] [32mBuilding C object CMakeFiles/turtlebot4_msgs__rosidl_typesupport_introspection_c__pyext.dir/rosidl_generator_py/turtlebot4_msgs/_turtlebot4_msgs_s.ep.rosidl_typesupport_introspection_c.c.o[0m
[5.443s] [ 93%] [32mBuilding C object CMakeFiles/turtlebot4_msgs__rosidl_typesupport_c__pyext.dir/rosidl_generator_py/turtlebot4_msgs/_turtlebot4_msgs_s.ep.rosidl_typesupport_c.c.o[0m
[5.553s] [ 97%] [32m[1mLinking C shared library rosidl_generator_py/turtlebot4_msgs/turtlebot4_msgs_s__rosidl_typesupport_introspection_c.cpython-310-x86_64-linux-gnu.so[0m
[5.553s] [ 97%] [32m[1mLinking C shared library rosidl_generator_py/turtlebot4_msgs/turtlebot4_msgs_s__rosidl_typesupport_c.cpython-310-x86_64-linux-gnu.so[0m
[5.562s] [100%] [32m[1mLinking C shared library rosidl_generator_py/turtlebot4_msgs/turtlebot4_msgs_s__rosidl_typesupport_fastrtps_c.cpython-310-x86_64-linux-gnu.so[0m
[5.591s] [100%] Built target turtlebot4_msgs__rosidl_typesupport_introspection_c__pyext
[5.591s] [100%] Built target turtlebot4_msgs__rosidl_typesupport_c__pyext
[5.601s] [100%] Built target turtlebot4_msgs__rosidl_typesupport_fastrtps_c__pyext
[5.612s] Invoked command in '/home/eduardo/turtlebot4_ws/build/turtlebot4_msgs' returned '0': CMAKE_PREFIX_PATH=/opt/ros/humble /usr/bin/cmake --build /home/eduardo/turtlebot4_ws/build/turtlebot4_msgs -- -j12 -l12
[5.859s] Invoking command in '/home/eduardo/turtlebot4_ws/build/turtlebot4_msgs': CMAKE_PREFIX_PATH=/opt/ros/humble /usr/bin/cmake --install /home/eduardo/turtlebot4_ws/build/turtlebot4_msgs
[5.881s] -- Install configuration: ""
[5.882s] -- Execute custom install script
[5.883s] -- Symlinking: /home/eduardo/turtlebot4_ws/install/turtlebot4_msgs/share/ament_index/resource_index/rosidl_interfaces/turtlebot4_msgs
[5.899s] -- Symlinking: /home/eduardo/turtlebot4_ws/install/turtlebot4_msgs/include/turtlebot4_msgs/turtlebot4_msgs/msg/detail/user_button__functions.h
[5.913s] -- Symlinking: /home/eduardo/turtlebot4_ws/install/turtlebot4_msgs/include/turtlebot4_msgs/turtlebot4_msgs/msg/detail/user_button__struct.h
[5.927s] -- Symlinking: /home/eduardo/turtlebot4_ws/install/turtlebot4_msgs/include/turtlebot4_msgs/turtlebot4_msgs/msg/detail/user_button__type_support.h
[5.942s] -- Symlinking: /home/eduardo/turtlebot4_ws/install/turtlebot4_msgs/include/turtlebot4_msgs/turtlebot4_msgs/msg/detail/user_display__functions.h
[5.955s] -- Symlinking: /home/eduardo/turtlebot4_ws/install/turtlebot4_msgs/include/turtlebot4_msgs/turtlebot4_msgs/msg/detail/user_display__struct.h
[5.966s] -- Symlinking: /home/eduardo/turtlebot4_ws/install/turtlebot4_msgs/include/turtlebot4_msgs/turtlebot4_msgs/msg/detail/user_display__type_support.h
[5.976s] -- Symlinking: /home/eduardo/turtlebot4_ws/install/turtlebot4_msgs/include/turtlebot4_msgs/turtlebot4_msgs/msg/detail/user_led__functions.h
[5.986s] -- Symlinking: /home/eduardo/turtlebot4_ws/install/turtlebot4_msgs/include/turtlebot4_msgs/turtlebot4_msgs/msg/detail/user_led__struct.h
[5.996s] -- Symlinking: /home/eduardo/turtlebot4_ws/install/turtlebot4_msgs/include/turtlebot4_msgs/turtlebot4_msgs/msg/detail/user_led__type_support.h
[6.006s] -- Symlinking: /home/eduardo/turtlebot4_ws/install/turtlebot4_msgs/include/turtlebot4_msgs/turtlebot4_msgs/msg/rosidl_generator_c__visibility_control.h
[6.016s] -- Symlinking: /home/eduardo/turtlebot4_ws/install/turtlebot4_msgs/include/turtlebot4_msgs/turtlebot4_msgs/msg/user_button.h
[6.026s] -- Symlinking: /home/eduardo/turtlebot4_ws/install/turtlebot4_msgs/include/turtlebot4_msgs/turtlebot4_msgs/msg/user_display.h
[6.037s] -- Symlinking: /home/eduardo/turtlebot4_ws/install/turtlebot4_msgs/include/turtlebot4_msgs/turtlebot4_msgs/msg/user_led.h
[6.047s] -- Symlinking: /home/eduardo/turtlebot4_ws/install/turtlebot4_msgs/share/turtlebot4_msgs/environment/library_path.sh
[6.058s] -- Symlinking: /home/eduardo/turtlebot4_ws/install/turtlebot4_msgs/share/turtlebot4_msgs/environment/library_path.dsv
[6.068s] -- Symlinking: /home/eduardo/turtlebot4_ws/install/turtlebot4_msgs/include/turtlebot4_msgs/turtlebot4_msgs/msg/detail/user_button__rosidl_typesupport_fastrtps_c.h
[6.079s] -- Symlinking: /home/eduardo/turtlebot4_ws/install/turtlebot4_msgs/include/turtlebot4_msgs/turtlebot4_msgs/msg/detail/user_display__rosidl_typesupport_fastrtps_c.h
[6.089s] -- Symlinking: /home/eduardo/turtlebot4_ws/install/turtlebot4_msgs/include/turtlebot4_msgs/turtlebot4_msgs/msg/detail/user_led__rosidl_typesupport_fastrtps_c.h
[6.099s] -- Symlinking: /home/eduardo/turtlebot4_ws/install/turtlebot4_msgs/include/turtlebot4_msgs/turtlebot4_msgs/msg/rosidl_typesupport_fastrtps_c__visibility_control.h
[6.109s] -- Symlinking: /home/eduardo/turtlebot4_ws/install/turtlebot4_msgs/include/turtlebot4_msgs/turtlebot4_msgs/msg/detail/user_button__rosidl_typesupport_introspection_c.h
[6.118s] -- Symlinking: /home/eduardo/turtlebot4_ws/install/turtlebot4_msgs/include/turtlebot4_msgs/turtlebot4_msgs/msg/detail/user_display__rosidl_typesupport_introspection_c.h
[6.125s] -- Symlinking: /home/eduardo/turtlebot4_ws/install/turtlebot4_msgs/include/turtlebot4_msgs/turtlebot4_msgs/msg/detail/user_led__rosidl_typesupport_introspection_c.h
[6.134s] -- Symlinking: /home/eduardo/turtlebot4_ws/install/turtlebot4_msgs/include/turtlebot4_msgs/turtlebot4_msgs/msg/rosidl_typesupport_introspection_c__visibility_control.h
[6.144s] -- Symlinking: /home/eduardo/turtlebot4_ws/install/turtlebot4_msgs/include/turtlebot4_msgs/turtlebot4_msgs/msg/detail/user_button__builder.hpp
[6.153s] -- Symlinking: /home/eduardo/turtlebot4_ws/install/turtlebot4_msgs/include/turtlebot4_msgs/turtlebot4_msgs/msg/detail/user_button__struct.hpp
[6.162s] -- Symlinking: /home/eduardo/turtlebot4_ws/install/turtlebot4_msgs/include/turtlebot4_msgs/turtlebot4_msgs/msg/detail/user_button__traits.hpp
[6.171s] -- Symlinking: /home/eduardo/turtlebot4_ws/install/turtlebot4_msgs/include/turtlebot4_msgs/turtlebot4_msgs/msg/detail/user_display__builder.hpp
[6.179s] -- Symlinking: /home/eduardo/turtlebot4_ws/install/turtlebot4_msgs/include/turtlebot4_msgs/turtlebot4_msgs/msg/detail/user_display__struct.hpp
[6.186s] -- Symlinking: /home/eduardo/turtlebot4_ws/install/turtlebot4_msgs/include/turtlebot4_msgs/turtlebot4_msgs/msg/detail/user_display__traits.hpp
[6.194s] -- Symlinking: /home/eduardo/turtlebot4_ws/install/turtlebot4_msgs/include/turtlebot4_msgs/turtlebot4_msgs/msg/detail/user_led__builder.hpp
[6.205s] -- Symlinking: /home/eduardo/turtlebot4_ws/install/turtlebot4_msgs/include/turtlebot4_msgs/turtlebot4_msgs/msg/detail/user_led__struct.hpp
[6.216s] -- Symlinking: /home/eduardo/turtlebot4_ws/install/turtlebot4_msgs/include/turtlebot4_msgs/turtlebot4_msgs/msg/detail/user_led__traits.hpp
[6.227s] -- Symlinking: /home/eduardo/turtlebot4_ws/install/turtlebot4_msgs/include/turtlebot4_msgs/turtlebot4_msgs/msg/user_button.hpp
[6.238s] -- Symlinking: /home/eduardo/turtlebot4_ws/install/turtlebot4_msgs/include/turtlebot4_msgs/turtlebot4_msgs/msg/user_display.hpp
[6.250s] -- Symlinking: /home/eduardo/turtlebot4_ws/install/turtlebot4_msgs/include/turtlebot4_msgs/turtlebot4_msgs/msg/user_led.hpp
[6.261s] -- Symlinking: /home/eduardo/turtlebot4_ws/install/turtlebot4_msgs/include/turtlebot4_msgs/turtlebot4_msgs/msg/detail/user_button__rosidl_typesupport_fastrtps_cpp.hpp
[6.272s] -- Symlinking: /home/eduardo/turtlebot4_ws/install/turtlebot4_msgs/include/turtlebot4_msgs/turtlebot4_msgs/msg/detail/user_display__rosidl_typesupport_fastrtps_cpp.hpp
[6.283s] -- Symlinking: /home/eduardo/turtlebot4_ws/install/turtlebot4_msgs/include/turtlebot4_msgs/turtlebot4_msgs/msg/detail/user_led__rosidl_typesupport_fastrtps_cpp.hpp
[6.294s] -- Symlinking: /home/eduardo/turtlebot4_ws/install/turtlebot4_msgs/include/turtlebot4_msgs/turtlebot4_msgs/msg/rosidl_typesupport_fastrtps_cpp__visibility_control.h
[6.305s] -- Symlinking: /home/eduardo/turtlebot4_ws/install/turtlebot4_msgs/include/turtlebot4_msgs/turtlebot4_msgs/msg/detail/user_button__rosidl_typesupport_introspection_cpp.hpp
[6.316s] -- Symlinking: /home/eduardo/turtlebot4_ws/install/turtlebot4_msgs/include/turtlebot4_msgs/turtlebot4_msgs/msg/detail/user_display__rosidl_typesupport_introspection_cpp.hpp
[6.327s] -- Symlinking: /home/eduardo/turtlebot4_ws/install/turtlebot4_msgs/include/turtlebot4_msgs/turtlebot4_msgs/msg/detail/user_led__rosidl_typesupport_introspection_cpp.hpp
[6.338s] -- Symlinking: /home/eduardo/turtlebot4_ws/install/turtlebot4_msgs/share/turtlebot4_msgs/environment/pythonpath.sh
[6.350s] -- Symlinking: /home/eduardo/turtlebot4_ws/install/turtlebot4_msgs/share/turtlebot4_msgs/environment/pythonpath.dsv
[6.361s] -- Symlinking: /home/eduardo/turtlebot4_ws/install/turtlebot4_msgs/local/lib/python3.10/dist-packages/turtlebot4_msgs-1.0.4-py3.10.egg-info/PKG-INFO
[6.372s] -- Symlinking: /home/eduardo/turtlebot4_ws/install/turtlebot4_msgs/local/lib/python3.10/dist-packages/turtlebot4_msgs-1.0.4-py3.10.egg-info/SOURCES.txt
[6.383s] -- Symlinking: /home/eduardo/turtlebot4_ws/install/turtlebot4_msgs/local/lib/python3.10/dist-packages/turtlebot4_msgs-1.0.4-py3.10.egg-info/dependency_links.txt
[6.394s] -- Symlinking: /home/eduardo/turtlebot4_ws/install/turtlebot4_msgs/local/lib/python3.10/dist-packages/turtlebot4_msgs-1.0.4-py3.10.egg-info/top_level.txt
[6.406s] -- Symlinking: /home/eduardo/turtlebot4_ws/install/turtlebot4_msgs/local/lib/python3.10/dist-packages/turtlebot4_msgs/__init__.py
[6.417s] -- Symlinking: /home/eduardo/turtlebot4_ws/install/turtlebot4_msgs/local/lib/python3.10/dist-packages/turtlebot4_msgs/_turtlebot4_msgs_s.ep.rosidl_typesupport_c.c
[6.428s] -- Symlinking: /home/eduardo/turtlebot4_ws/install/turtlebot4_msgs/local/lib/python3.10/dist-packages/turtlebot4_msgs/_turtlebot4_msgs_s.ep.rosidl_typesupport_fastrtps_c.c
[6.439s] -- Symlinking: /home/eduardo/turtlebot4_ws/install/turtlebot4_msgs/local/lib/python3.10/dist-packages/turtlebot4_msgs/_turtlebot4_msgs_s.ep.rosidl_typesupport_introspection_c.c
[6.450s] -- Symlinking: /home/eduardo/turtlebot4_ws/install/turtlebot4_msgs/local/lib/python3.10/dist-packages/turtlebot4_msgs/libturtlebot4_msgs__rosidl_generator_py.so
[6.461s] -- Symlinking: /home/eduardo/turtlebot4_ws/install/turtlebot4_msgs/local/lib/python3.10/dist-packages/turtlebot4_msgs/msg/__init__.py
[6.472s] -- Symlinking: /home/eduardo/turtlebot4_ws/install/turtlebot4_msgs/local/lib/python3.10/dist-packages/turtlebot4_msgs/msg/_user_button.py
[6.483s] -- Symlinking: /home/eduardo/turtlebot4_ws/install/turtlebot4_msgs/local/lib/python3.10/dist-packages/turtlebot4_msgs/msg/_user_button_s.c
[6.494s] -- Symlinking: /home/eduardo/turtlebot4_ws/install/turtlebot4_msgs/local/lib/python3.10/dist-packages/turtlebot4_msgs/msg/_user_display.py
[6.505s] -- Symlinking: /home/eduardo/turtlebot4_ws/install/turtlebot4_msgs/local/lib/python3.10/dist-packages/turtlebot4_msgs/msg/_user_display_s.c
[6.516s] -- Symlinking: /home/eduardo/turtlebot4_ws/install/turtlebot4_msgs/local/lib/python3.10/dist-packages/turtlebot4_msgs/msg/_user_led.py
[6.527s] -- Symlinking: /home/eduardo/turtlebot4_ws/install/turtlebot4_msgs/local/lib/python3.10/dist-packages/turtlebot4_msgs/msg/_user_led_s.c
[6.538s] -- Symlinking: /home/eduardo/turtlebot4_ws/install/turtlebot4_msgs/local/lib/python3.10/dist-packages/turtlebot4_msgs/turtlebot4_msgs_s__rosidl_typesupport_c.cpython-310-x86_64-linux-gnu.so
[6.549s] -- Symlinking: /home/eduardo/turtlebot4_ws/install/turtlebot4_msgs/local/lib/python3.10/dist-packages/turtlebot4_msgs/turtlebot4_msgs_s__rosidl_typesupport_fastrtps_c.cpython-310-x86_64-linux-gnu.so
[6.560s] -- Symlinking: /home/eduardo/turtlebot4_ws/install/turtlebot4_msgs/local/lib/python3.10/dist-packages/turtlebot4_msgs/turtlebot4_msgs_s__rosidl_typesupport_introspection_c.cpython-310-x86_64-linux-gnu.so
[6.571s] -- Up-to-date symlink: /home/eduardo/turtlebot4_ws/install/turtlebot4_msgs/local/lib/python3.10/dist-packages/turtlebot4_msgs/turtlebot4_msgs_s__rosidl_typesupport_fastrtps_c.cpython-310-x86_64-linux-gnu.so
[6.572s] -- Up-to-date symlink: /home/eduardo/turtlebot4_ws/install/turtlebot4_msgs/local/lib/python3.10/dist-packages/turtlebot4_msgs/turtlebot4_msgs_s__rosidl_typesupport_introspection_c.cpython-310-x86_64-linux-gnu.so
[6.572s] -- Up-to-date symlink: /home/eduardo/turtlebot4_ws/install/turtlebot4_msgs/local/lib/python3.10/dist-packages/turtlebot4_msgs/turtlebot4_msgs_s__rosidl_typesupport_c.cpython-310-x86_64-linux-gnu.so
[6.572s] -- Symlinking: /home/eduardo/turtlebot4_ws/install/turtlebot4_msgs/share/turtlebot4_msgs/msg/UserLed.idl
[6.583s] -- Symlinking: /home/eduardo/turtlebot4_ws/install/turtlebot4_msgs/share/turtlebot4_msgs/msg/UserButton.idl
[6.594s] -- Symlinking: /home/eduardo/turtlebot4_ws/install/turtlebot4_msgs/share/turtlebot4_msgs/msg/UserDisplay.idl
[6.605s] -- Symlinking: /home/eduardo/turtlebot4_ws/install/turtlebot4_msgs/share/turtlebot4_msgs/msg/UserLed.msg
[6.616s] -- Symlinking: /home/eduardo/turtlebot4_ws/install/turtlebot4_msgs/share/turtlebot4_msgs/msg/UserButton.msg
[6.627s] -- Symlinking: /home/eduardo/turtlebot4_ws/install/turtlebot4_msgs/share/turtlebot4_msgs/msg/UserDisplay.msg
[6.639s] -- Symlinking: /home/eduardo/turtlebot4_ws/install/turtlebot4_msgs/share/ament_index/resource_index/package_run_dependencies/turtlebot4_msgs
[6.650s] -- Symlinking: /home/eduardo/turtlebot4_ws/install/turtlebot4_msgs/share/ament_index/resource_index/parent_prefix_path/turtlebot4_msgs
[6.661s] -- Symlinking: /home/eduardo/turtlebot4_ws/install/turtlebot4_msgs/share/turtlebot4_msgs/environment/ament_prefix_path.sh
[6.671s] -- Symlinking: /home/eduardo/turtlebot4_ws/install/turtlebot4_msgs/share/turtlebot4_msgs/environment/ament_prefix_path.dsv
[6.684s] -- Symlinking: /home/eduardo/turtlebot4_ws/install/turtlebot4_msgs/share/turtlebot4_msgs/environment/path.sh
[6.698s] -- Symlinking: /home/eduardo/turtlebot4_ws/install/turtlebot4_msgs/share/turtlebot4_msgs/environment/path.dsv
[6.712s] -- Symlinking: /home/eduardo/turtlebot4_ws/install/turtlebot4_msgs/share/turtlebot4_msgs/local_setup.bash
[6.726s] -- Symlinking: /home/eduardo/turtlebot4_ws/install/turtlebot4_msgs/share/turtlebot4_msgs/local_setup.sh
[6.740s] -- Symlinking: /home/eduardo/turtlebot4_ws/install/turtlebot4_msgs/share/turtlebot4_msgs/local_setup.zsh
[6.754s] -- Symlinking: /home/eduardo/turtlebot4_ws/install/turtlebot4_msgs/share/turtlebot4_msgs/local_setup.dsv
[6.767s] -- Symlinking: /home/eduardo/turtlebot4_ws/install/turtlebot4_msgs/share/turtlebot4_msgs/package.dsv
[6.781s] -- Symlinking: /home/eduardo/turtlebot4_ws/install/turtlebot4_msgs/share/ament_index/resource_index/packages/turtlebot4_msgs
[6.795s] -- Symlinking: /home/eduardo/turtlebot4_ws/install/turtlebot4_msgs/share/turtlebot4_msgs/cmake/rosidl_cmake-extras.cmake
[6.809s] -- Symlinking: /home/eduardo/turtlebot4_ws/install/turtlebot4_msgs/share/turtlebot4_msgs/cmake/ament_cmake_export_include_directories-extras.cmake
[6.822s] -- Symlinking: /home/eduardo/turtlebot4_ws/install/turtlebot4_msgs/share/turtlebot4_msgs/cmake/ament_cmake_export_libraries-extras.cmake
[6.836s] -- Symlinking: /home/eduardo/turtlebot4_ws/install/turtlebot4_msgs/share/turtlebot4_msgs/cmake/ament_cmake_export_targets-extras.cmake
[6.850s] -- Symlinking: /home/eduardo/turtlebot4_ws/install/turtlebot4_msgs/share/turtlebot4_msgs/cmake/rosidl_cmake_export_typesupport_targets-extras.cmake
[6.864s] -- Symlinking: /home/eduardo/turtlebot4_ws/install/turtlebot4_msgs/share/turtlebot4_msgs/cmake/ament_cmake_export_dependencies-extras.cmake
[6.878s] -- Symlinking: /home/eduardo/turtlebot4_ws/install/turtlebot4_msgs/share/turtlebot4_msgs/cmake/rosidl_cmake_export_typesupport_libraries-extras.cmake
[6.892s] -- Symlinking: /home/eduardo/turtlebot4_ws/install/turtlebot4_msgs/share/turtlebot4_msgs/cmake/turtlebot4_msgsConfig.cmake
[6.905s] -- Symlinking: /home/eduardo/turtlebot4_ws/install/turtlebot4_msgs/share/turtlebot4_msgs/cmake/turtlebot4_msgsConfig-version.cmake
[6.919s] -- Symlinking: /home/eduardo/turtlebot4_ws/install/turtlebot4_msgs/share/turtlebot4_msgs/package.xml
[6.933s] -- Installing: /home/eduardo/turtlebot4_ws/install/turtlebot4_msgs/lib/libturtlebot4_msgs__rosidl_generator_c.so
[6.934s] -- Set runtime path of "/home/eduardo/turtlebot4_ws/install/turtlebot4_msgs/lib/libturtlebot4_msgs__rosidl_generator_c.so" to ""
[6.934s] -- Installing: /home/eduardo/turtlebot4_ws/install/turtlebot4_msgs/lib/libturtlebot4_msgs__rosidl_typesupport_fastrtps_c.so
[6.934s] -- Set runtime path of "/home/eduardo/turtlebot4_ws/install/turtlebot4_msgs/lib/libturtlebot4_msgs__rosidl_typesupport_fastrtps_c.so" to ""
[6.935s] -- Installing: /home/eduardo/turtlebot4_ws/install/turtlebot4_msgs/lib/libturtlebot4_msgs__rosidl_typesupport_introspection_c.so
[6.935s] -- Set runtime path of "/home/eduardo/turtlebot4_ws/install/turtlebot4_msgs/lib/libturtlebot4_msgs__rosidl_typesupport_introspection_c.so" to ""
[6.936s] -- Installing: /home/eduardo/turtlebot4_ws/install/turtlebot4_msgs/lib/libturtlebot4_msgs__rosidl_typesupport_c.so
[6.936s] -- Set runtime path of "/home/eduardo/turtlebot4_ws/install/turtlebot4_msgs/lib/libturtlebot4_msgs__rosidl_typesupport_c.so" to ""
[6.936s] -- Installing: /home/eduardo/turtlebot4_ws/install/turtlebot4_msgs/lib/libturtlebot4_msgs__rosidl_typesupport_fastrtps_cpp.so
[6.937s] -- Set runtime path of "/home/eduardo/turtlebot4_ws/install/turtlebot4_msgs/lib/libturtlebot4_msgs__rosidl_typesupport_fastrtps_cpp.so" to ""
[6.937s] -- Installing: /home/eduardo/turtlebot4_ws/install/turtlebot4_msgs/lib/libturtlebot4_msgs__rosidl_typesupport_introspection_cpp.so
[6.938s] -- Set runtime path of "/home/eduardo/turtlebot4_ws/install/turtlebot4_msgs/lib/libturtlebot4_msgs__rosidl_typesupport_introspection_cpp.so" to ""
[6.938s] -- Installing: /home/eduardo/turtlebot4_ws/install/turtlebot4_msgs/lib/libturtlebot4_msgs__rosidl_typesupport_cpp.so
[6.938s] -- Set runtime path of "/home/eduardo/turtlebot4_ws/install/turtlebot4_msgs/lib/libturtlebot4_msgs__rosidl_typesupport_cpp.so" to ""
[6.981s] Listing '/home/eduardo/turtlebot4_ws/install/turtlebot4_msgs/local/lib/python3.10/dist-packages/turtlebot4_msgs'...
[6.981s] Compiling '/home/eduardo/turtlebot4_ws/install/turtlebot4_msgs/local/lib/python3.10/dist-packages/turtlebot4_msgs/__init__.py'...
[6.981s] Listing '/home/eduardo/turtlebot4_ws/install/turtlebot4_msgs/local/lib/python3.10/dist-packages/turtlebot4_msgs/msg'...
[6.981s] Compiling '/home/eduardo/turtlebot4_ws/install/turtlebot4_msgs/local/lib/python3.10/dist-packages/turtlebot4_msgs/msg/__init__.py'...
[6.981s] Compiling '/home/eduardo/turtlebot4_ws/install/turtlebot4_msgs/local/lib/python3.10/dist-packages/turtlebot4_msgs/msg/_user_button.py'...
[6.981s] Compiling '/home/eduardo/turtlebot4_ws/install/turtlebot4_msgs/local/lib/python3.10/dist-packages/turtlebot4_msgs/msg/_user_display.py'...
[6.981s] Compiling '/home/eduardo/turtlebot4_ws/install/turtlebot4_msgs/local/lib/python3.10/dist-packages/turtlebot4_msgs/msg/_user_led.py'...
[6.985s] -- Installing: /home/eduardo/turtlebot4_ws/install/turtlebot4_msgs/lib/libturtlebot4_msgs__rosidl_generator_py.so
[6.985s] -- Set runtime path of "/home/eduardo/turtlebot4_ws/install/turtlebot4_msgs/lib/libturtlebot4_msgs__rosidl_generator_py.so" to ""
[6.986s] -- Installing: /home/eduardo/turtlebot4_ws/install/turtlebot4_msgs/share/turtlebot4_msgs/cmake/export_turtlebot4_msgs__rosidl_generator_cExport.cmake
[6.986s] -- Installing: /home/eduardo/turtlebot4_ws/install/turtlebot4_msgs/share/turtlebot4_msgs/cmake/export_turtlebot4_msgs__rosidl_generator_cExport-noconfig.cmake
[6.986s] -- Installing: /home/eduardo/turtlebot4_ws/install/turtlebot4_msgs/share/turtlebot4_msgs/cmake/export_turtlebot4_msgs__rosidl_typesupport_fastrtps_cExport.cmake
[6.986s] -- Installing: /home/eduardo/turtlebot4_ws/install/turtlebot4_msgs/share/turtlebot4_msgs/cmake/export_turtlebot4_msgs__rosidl_typesupport_fastrtps_cExport-noconfig.cmake
[6.986s] -- Installing: /home/eduardo/turtlebot4_ws/install/turtlebot4_msgs/share/turtlebot4_msgs/cmake/turtlebot4_msgs__rosidl_typesupport_introspection_cExport.cmake
[6.987s] -- Installing: /home/eduardo/turtlebot4_ws/install/turtlebot4_msgs/share/turtlebot4_msgs/cmake/turtlebot4_msgs__rosidl_typesupport_introspection_cExport-noconfig.cmake
[6.987s] -- Installing: /home/eduardo/turtlebot4_ws/install/turtlebot4_msgs/share/turtlebot4_msgs/cmake/turtlebot4_msgs__rosidl_typesupport_cExport.cmake
[6.988s] -- Installing: /home/eduardo/turtlebot4_ws/install/turtlebot4_msgs/share/turtlebot4_msgs/cmake/turtlebot4_msgs__rosidl_typesupport_cExport-noconfig.cmake
[6.988s] -- Installing: /home/eduardo/turtlebot4_ws/install/turtlebot4_msgs/share/turtlebot4_msgs/cmake/export_turtlebot4_msgs__rosidl_generator_cppExport.cmake
[6.988s] -- Installing: /home/eduardo/turtlebot4_ws/install/turtlebot4_msgs/share/turtlebot4_msgs/cmake/export_turtlebot4_msgs__rosidl_typesupport_fastrtps_cppExport.cmake
[6.988s] -- Installing: /home/eduardo/turtlebot4_ws/install/turtlebot4_msgs/share/turtlebot4_msgs/cmake/export_turtlebot4_msgs__rosidl_typesupport_fastrtps_cppExport-noconfig.cmake
[6.988s] -- Installing: /home/eduardo/turtlebot4_ws/install/turtlebot4_msgs/share/turtlebot4_msgs/cmake/turtlebot4_msgs__rosidl_typesupport_introspection_cppExport.cmake
[6.989s] -- Installing: /home/eduardo/turtlebot4_ws/install/turtlebot4_msgs/share/turtlebot4_msgs/cmake/turtlebot4_msgs__rosidl_typesupport_introspection_cppExport-noconfig.cmake
[6.989s] -- Installing: /home/eduardo/turtlebot4_ws/install/turtlebot4_msgs/share/turtlebot4_msgs/cmake/turtlebot4_msgs__rosidl_typesupport_cppExport.cmake
[6.989s] -- Installing: /home/eduardo/turtlebot4_ws/install/turtlebot4_msgs/share/turtlebot4_msgs/cmake/turtlebot4_msgs__rosidl_typesupport_cppExport-noconfig.cmake
[6.989s] -- Installing: /home/eduardo/turtlebot4_ws/install/turtlebot4_msgs/share/turtlebot4_msgs/cmake/export_turtlebot4_msgs__rosidl_generator_pyExport.cmake
[6.990s] -- Installing: /home/eduardo/turtlebot4_ws/install/turtlebot4_msgs/share/turtlebot4_msgs/cmake/export_turtlebot4_msgs__rosidl_generator_pyExport-noconfig.cmake
[6.992s] Invoked command in '/home/eduardo/turtlebot4_ws/build/turtlebot4_msgs' returned '0': CMAKE_PREFIX_PATH=/opt/ros/humble /usr/bin/cmake --install /home/eduardo/turtlebot4_ws/build/turtlebot4_msgs
