[0.160s] Invoking command in '/home/eduardo/turtlebot4_ws/build/turtlebot4_ignition_gui_plugins': CMAKE_PREFIX_PATH=/opt/ros/humble /usr/bin/cmake --build /home/eduardo/turtlebot4_ws/build/turtlebot4_ignition_gui_plugins -- -j12 -l12
[0.205s] [ 16%] [34m[1mAutomatic MOC for target Turtlebot4Hmi[0m
[0.232s] [ 16%] Built target Turtlebot4Hmi_autogen
[0.260s] [100%] Built target Turtlebot4Hmi
[0.466s] Invoked command in '/home/eduardo/turtlebot4_ws/build/turtlebot4_ignition_gui_plugins' returned '0': CMAKE_PREFIX_PATH=/opt/ros/humble /usr/bin/cmake --build /home/eduardo/turtlebot4_ws/build/turtlebot4_ignition_gui_plugins -- -j12 -l12
[0.497s] Invoking command in '/home/eduardo/turtlebot4_ws/build/turtlebot4_ignition_gui_plugins': CMAKE_PREFIX_PATH=/opt/ros/humble /usr/bin/cmake --install /home/eduardo/turtlebot4_ws/build/turtlebot4_ignition_gui_plugins
[0.506s] -- Install configuration: ""
[0.507s] -- Execute custom install script
[0.508s] -- Up-to-date symlink: /home/eduardo/turtlebot4_ws/install/turtlebot4_ignition_gui_plugins/share/turtlebot4_ignition_gui_plugins/lib/libTurtlebot4Hmi.so
[0.508s] -- Up-to-date symlink: /home/eduardo/turtlebot4_ws/install/turtlebot4_ignition_gui_plugins/share/ament_index/resource_index/package_run_dependencies/turtlebot4_ignition_gui_plugins
[0.508s] -- Up-to-date symlink: /home/eduardo/turtlebot4_ws/install/turtlebot4_ignition_gui_plugins/share/ament_index/resource_index/parent_prefix_path/turtlebot4_ignition_gui_plugins
[0.508s] -- Up-to-date symlink: /home/eduardo/turtlebot4_ws/install/turtlebot4_ignition_gui_plugins/share/turtlebot4_ignition_gui_plugins/environment/ament_prefix_path.sh
[0.508s] -- Up-to-date symlink: /home/eduardo/turtlebot4_ws/install/turtlebot4_ignition_gui_plugins/share/turtlebot4_ignition_gui_plugins/environment/ament_prefix_path.dsv
[0.509s] -- Up-to-date symlink: /home/eduardo/turtlebot4_ws/install/turtlebot4_ignition_gui_plugins/share/turtlebot4_ignition_gui_plugins/environment/path.sh
[0.509s] -- Up-to-date symlink: /home/eduardo/turtlebot4_ws/install/turtlebot4_ignition_gui_plugins/share/turtlebot4_ignition_gui_plugins/environment/path.dsv
[0.509s] -- Up-to-date symlink: /home/eduardo/turtlebot4_ws/install/turtlebot4_ignition_gui_plugins/share/turtlebot4_ignition_gui_plugins/local_setup.bash
[0.509s] -- Up-to-date symlink: /home/eduardo/turtlebot4_ws/install/turtlebot4_ignition_gui_plugins/share/turtlebot4_ignition_gui_plugins/local_setup.sh
[0.509s] -- Up-to-date symlink: /home/eduardo/turtlebot4_ws/install/turtlebot4_ignition_gui_plugins/share/turtlebot4_ignition_gui_plugins/local_setup.zsh
[0.509s] -- Up-to-date symlink: /home/eduardo/turtlebot4_ws/install/turtlebot4_ignition_gui_plugins/share/turtlebot4_ignition_gui_plugins/local_setup.dsv
[0.509s] -- Symlinking: /home/eduardo/turtlebot4_ws/install/turtlebot4_ignition_gui_plugins/share/turtlebot4_ignition_gui_plugins/package.dsv
[0.518s] -- Up-to-date symlink: /home/eduardo/turtlebot4_ws/install/turtlebot4_ignition_gui_plugins/share/ament_index/resource_index/packages/turtlebot4_ignition_gui_plugins
[0.518s] -- Up-to-date symlink: /home/eduardo/turtlebot4_ws/install/turtlebot4_ignition_gui_plugins/share/turtlebot4_ignition_gui_plugins/cmake/turtlebot4_ignition_gui_pluginsConfig.cmake
[0.519s] -- Up-to-date symlink: /home/eduardo/turtlebot4_ws/install/turtlebot4_ignition_gui_plugins/share/turtlebot4_ignition_gui_plugins/cmake/turtlebot4_ignition_gui_pluginsConfig-version.cmake
[0.519s] -- Up-to-date symlink: /home/eduardo/turtlebot4_ws/install/turtlebot4_ignition_gui_plugins/share/turtlebot4_ignition_gui_plugins/package.xml
[0.588s] Invoked command in '/home/eduardo/turtlebot4_ws/build/turtlebot4_ignition_gui_plugins' returned '0': CMAKE_PREFIX_PATH=/opt/ros/humble /usr/bin/cmake --install /home/eduardo/turtlebot4_ws/build/turtlebot4_ignition_gui_plugins
