-- Found ament_cmake: 1.3.6 (/opt/ros/humble/share/ament_cmake/cmake)
-- Override CMake install command with custom implementation using symlinks instead of copying resources
-- Configuring done
-- Generating done
-- Build files have been written to: /home/eduardo/turtlebot4_ws/build/inicialization
-- Install configuration: ""
-- Execute custom install script
-- Up-to-date symlink: /home/eduardo/turtlebot4_ws/install/inicialization/share/$<{PROJECT_NAME}//launch/demo.launch.xml
-- Up-to-date symlink: /home/eduardo/turtlebot4_ws/install/inicialization/share/ament_index/resource_index/package_run_dependencies/inicialization
-- Up-to-date symlink: /home/eduardo/turtlebot4_ws/install/inicialization/share/ament_index/resource_index/parent_prefix_path/inicialization
-- Up-to-date symlink: /home/eduardo/turtlebot4_ws/install/inicialization/share/inicialization/environment/ament_prefix_path.sh
-- Up-to-date symlink: /home/eduardo/turtlebot4_ws/install/inicialization/share/inicialization/environment/ament_prefix_path.dsv
-- Up-to-date symlink: /home/eduardo/turtlebot4_ws/install/inicialization/share/inicialization/environment/path.sh
-- Up-to-date symlink: /home/eduardo/turtlebot4_ws/install/inicialization/share/inicialization/environment/path.dsv
-- Up-to-date symlink: /home/eduardo/turtlebot4_ws/install/inicialization/share/inicialization/local_setup.bash
-- Up-to-date symlink: /home/eduardo/turtlebot4_ws/install/inicialization/share/inicialization/local_setup.sh
-- Up-to-date symlink: /home/eduardo/turtlebot4_ws/install/inicialization/share/inicialization/local_setup.zsh
-- Up-to-date symlink: /home/eduardo/turtlebot4_ws/install/inicialization/share/inicialization/local_setup.dsv
-- Symlinking: /home/eduardo/turtlebot4_ws/install/inicialization/share/inicialization/package.dsv
-- Up-to-date symlink: /home/eduardo/turtlebot4_ws/install/inicialization/share/ament_index/resource_index/packages/inicialization
-- Up-to-date symlink: /home/eduardo/turtlebot4_ws/install/inicialization/share/inicialization/cmake/inicializationConfig.cmake
-- Up-to-date symlink: /home/eduardo/turtlebot4_ws/install/inicialization/share/inicialization/cmake/inicializationConfig-version.cmake
-- Up-to-date symlink: /home/eduardo/turtlebot4_ws/install/inicialization/share/inicialization/package.xml
