[0.127s] Invoking command in '/home/eduardo/turtlebot4_ws/build/inicialization': AMENT_PREFIX_PATH=/home/eduardo/turtlebot4_ws/install/robot_movement:${AMENT_PREFIX_PATH} CMAKE_PREFIX_PATH=/opt/ros/humble PYTHONPATH=/home/eduardo/turtlebot4_ws/install/robot_movement/lib/python3.10/site-packages:${PYTHONPATH} /usr/bin/cmake /home/eduardo/turtlebot4_ws/src/inicialization -DCMAKE_INSTALL_PREFIX=/home/eduardo/turtlebot4_ws/install/inicialization
[0.136s] -- Found ament_cmake: 1.3.6 (/opt/ros/humble/share/ament_cmake/cmake)
[0.257s] -- Override CMake install command with custom implementation using symlinks instead of copying resources
[0.322s] -- Configuring done
[0.324s] -- Generating done
[0.325s] -- Build files have been written to: /home/eduardo/turtlebot4_ws/build/inicialization
[0.397s] Invoked command in '/home/eduardo/turtlebot4_ws/build/inicialization' returned '0': AMENT_PREFIX_PATH=/home/eduardo/turtlebot4_ws/install/robot_movement:${AMENT_PREFIX_PATH} CMAKE_PREFIX_PATH=/opt/ros/humble PYTHONPATH=/home/eduardo/turtlebot4_ws/install/robot_movement/lib/python3.10/site-packages:${PYTHONPATH} /usr/bin/cmake /home/eduardo/turtlebot4_ws/src/inicialization -DCMAKE_INSTALL_PREFIX=/home/eduardo/turtlebot4_ws/install/inicialization
[0.398s] Invoking command in '/home/eduardo/turtlebot4_ws/build/inicialization': AMENT_PREFIX_PATH=/home/eduardo/turtlebot4_ws/install/robot_movement:${AMENT_PREFIX_PATH} CMAKE_PREFIX_PATH=/opt/ros/humble PYTHONPATH=/home/eduardo/turtlebot4_ws/install/robot_movement/lib/python3.10/site-packages:${PYTHONPATH} /usr/bin/cmake --build /home/eduardo/turtlebot4_ws/build/inicialization -- -j12 -l12
[0.429s] Invoked command in '/home/eduardo/turtlebot4_ws/build/inicialization' returned '0': AMENT_PREFIX_PATH=/home/eduardo/turtlebot4_ws/install/robot_movement:${AMENT_PREFIX_PATH} CMAKE_PREFIX_PATH=/opt/ros/humble PYTHONPATH=/home/eduardo/turtlebot4_ws/install/robot_movement/lib/python3.10/site-packages:${PYTHONPATH} /usr/bin/cmake --build /home/eduardo/turtlebot4_ws/build/inicialization -- -j12 -l12
[0.451s] Invoking command in '/home/eduardo/turtlebot4_ws/build/inicialization': AMENT_PREFIX_PATH=/home/eduardo/turtlebot4_ws/install/robot_movement:${AMENT_PREFIX_PATH} CMAKE_PREFIX_PATH=/opt/ros/humble PYTHONPATH=/home/eduardo/turtlebot4_ws/install/robot_movement/lib/python3.10/site-packages:${PYTHONPATH} /usr/bin/cmake --install /home/eduardo/turtlebot4_ws/build/inicialization
[0.458s] -- Install configuration: ""
[0.458s] -- Execute custom install script
[0.459s] -- Up-to-date symlink: /home/eduardo/turtlebot4_ws/install/inicialization/share/$<{PROJECT_NAME}//launch/demo.launch.xml
[0.459s] -- Up-to-date symlink: /home/eduardo/turtlebot4_ws/install/inicialization/share/ament_index/resource_index/package_run_dependencies/inicialization
[0.459s] -- Up-to-date symlink: /home/eduardo/turtlebot4_ws/install/inicialization/share/ament_index/resource_index/parent_prefix_path/inicialization
[0.459s] -- Up-to-date symlink: /home/eduardo/turtlebot4_ws/install/inicialization/share/inicialization/environment/ament_prefix_path.sh
[0.459s] -- Up-to-date symlink: /home/eduardo/turtlebot4_ws/install/inicialization/share/inicialization/environment/ament_prefix_path.dsv
[0.460s] -- Up-to-date symlink: /home/eduardo/turtlebot4_ws/install/inicialization/share/inicialization/environment/path.sh
[0.460s] -- Up-to-date symlink: /home/eduardo/turtlebot4_ws/install/inicialization/share/inicialization/environment/path.dsv
[0.460s] -- Up-to-date symlink: /home/eduardo/turtlebot4_ws/install/inicialization/share/inicialization/local_setup.bash
[0.460s] -- Up-to-date symlink: /home/eduardo/turtlebot4_ws/install/inicialization/share/inicialization/local_setup.sh
[0.460s] -- Up-to-date symlink: /home/eduardo/turtlebot4_ws/install/inicialization/share/inicialization/local_setup.zsh
[0.460s] -- Up-to-date symlink: /home/eduardo/turtlebot4_ws/install/inicialization/share/inicialization/local_setup.dsv
[0.460s] -- Symlinking: /home/eduardo/turtlebot4_ws/install/inicialization/share/inicialization/package.dsv
[0.469s] -- Up-to-date symlink: /home/eduardo/turtlebot4_ws/install/inicialization/share/ament_index/resource_index/packages/inicialization
[0.469s] -- Up-to-date symlink: /home/eduardo/turtlebot4_ws/install/inicialization/share/inicialization/cmake/inicializationConfig.cmake
[0.469s] -- Up-to-date symlink: /home/eduardo/turtlebot4_ws/install/inicialization/share/inicialization/cmake/inicializationConfig-version.cmake
[0.469s] -- Up-to-date symlink: /home/eduardo/turtlebot4_ws/install/inicialization/share/inicialization/package.xml
[0.471s] Invoked command in '/home/eduardo/turtlebot4_ws/build/inicialization' returned '0': AMENT_PREFIX_PATH=/home/eduardo/turtlebot4_ws/install/robot_movement:${AMENT_PREFIX_PATH} CMAKE_PREFIX_PATH=/opt/ros/humble PYTHONPATH=/home/eduardo/turtlebot4_ws/install/robot_movement/lib/python3.10/site-packages:${PYTHONPATH} /usr/bin/cmake --install /home/eduardo/turtlebot4_ws/build/inicialization
