[0.060s] Invoking command in '/home/eduardo/turtlebot4_ws/build/inicialization': AMENT_PREFIX_PATH=/home/eduardo/turtlebot4_ws/install/robot_movement:${AMENT_PREFIX_PATH} CMAKE_PREFIX_PATH=/opt/ros/humble PYTHONPATH=/home/eduardo/turtlebot4_ws/install/robot_movement/lib/python3.10/site-packages:${PYTHONPATH} /usr/bin/cmake --build /home/eduardo/turtlebot4_ws/build/inicialization -- -j12 -l12
[0.095s] Invoked command in '/home/eduardo/turtlebot4_ws/build/inicialization' returned '0': AMENT_PREFIX_PATH=/home/eduardo/turtlebot4_ws/install/robot_movement:${AMENT_PREFIX_PATH} CMAKE_PREFIX_PATH=/opt/ros/humble PYTHONPATH=/home/eduardo/turtlebot4_ws/install/robot_movement/lib/python3.10/site-packages:${PYTHONPATH} /usr/bin/cmake --build /home/eduardo/turtlebot4_ws/build/inicialization -- -j12 -l12
[0.156s] Invoking command in '/home/eduardo/turtlebot4_ws/build/inicialization': AMENT_PREFIX_PATH=/home/eduardo/turtlebot4_ws/install/robot_movement:${AMENT_PREFIX_PATH} CMAKE_PREFIX_PATH=/opt/ros/humble PYTHONPATH=/home/eduardo/turtlebot4_ws/install/robot_movement/lib/python3.10/site-packages:${PYTHONPATH} /usr/bin/cmake --install /home/eduardo/turtlebot4_ws/build/inicialization
[0.163s] -- Install configuration: ""
[0.163s] -- Execute custom install script
[0.163s] -- Up-to-date symlink: /home/eduardo/turtlebot4_ws/install/inicialization/share/$<{PROJECT_NAME}//launch/demo.launch.xml
[0.164s] -- Up-to-date symlink: /home/eduardo/turtlebot4_ws/install/inicialization/share/ament_index/resource_index/package_run_dependencies/inicialization
[0.164s] -- Up-to-date symlink: /home/eduardo/turtlebot4_ws/install/inicialization/share/ament_index/resource_index/parent_prefix_path/inicialization
[0.164s] -- Up-to-date symlink: /home/eduardo/turtlebot4_ws/install/inicialization/share/inicialization/environment/ament_prefix_path.sh
[0.164s] -- Up-to-date symlink: /home/eduardo/turtlebot4_ws/install/inicialization/share/inicialization/environment/ament_prefix_path.dsv
[0.165s] -- Up-to-date symlink: /home/eduardo/turtlebot4_ws/install/inicialization/share/inicialization/environment/path.sh
[0.165s] -- Up-to-date symlink: /home/eduardo/turtlebot4_ws/install/inicialization/share/inicialization/environment/path.dsv
[0.165s] -- Up-to-date symlink: /home/eduardo/turtlebot4_ws/install/inicialization/share/inicialization/local_setup.bash
[0.166s] -- Up-to-date symlink: /home/eduardo/turtlebot4_ws/install/inicialization/share/inicialization/local_setup.sh
[0.166s] -- Up-to-date symlink: /home/eduardo/turtlebot4_ws/install/inicialization/share/inicialization/local_setup.zsh
[0.166s] -- Up-to-date symlink: /home/eduardo/turtlebot4_ws/install/inicialization/share/inicialization/local_setup.dsv
[0.166s] -- Symlinking: /home/eduardo/turtlebot4_ws/install/inicialization/share/inicialization/package.dsv
[0.174s] -- Up-to-date symlink: /home/eduardo/turtlebot4_ws/install/inicialization/share/ament_index/resource_index/packages/inicialization
[0.174s] -- Up-to-date symlink: /home/eduardo/turtlebot4_ws/install/inicialization/share/inicialization/cmake/inicializationConfig.cmake
[0.174s] -- Up-to-date symlink: /home/eduardo/turtlebot4_ws/install/inicialization/share/inicialization/cmake/inicializationConfig-version.cmake
[0.174s] -- Up-to-date symlink: /home/eduardo/turtlebot4_ws/install/inicialization/share/inicialization/package.xml
[0.305s] Invoked command in '/home/eduardo/turtlebot4_ws/build/inicialization' returned '0': AMENT_PREFIX_PATH=/home/eduardo/turtlebot4_ws/install/robot_movement:${AMENT_PREFIX_PATH} CMAKE_PREFIX_PATH=/opt/ros/humble PYTHONPATH=/home/eduardo/turtlebot4_ws/install/robot_movement/lib/python3.10/site-packages:${PYTHONPATH} /usr/bin/cmake --install /home/eduardo/turtlebot4_ws/build/inicialization
