[0.059s] Invoking command in '/home/eduardo/turtlebot4_ws/build/turtlebot4_ignition_bringup': AMENT_PREFIX_PATH=/home/eduardo/turtlebot4_ws/install/turtlebot4_node:/home/eduardo/turtlebot4_ws/install/turtlebot4_ignition_toolbox:/home/eduardo/turtlebot4_ws/install/turtlebot4_navigation:/home/eduardo/turtlebot4_ws/install/turtlebot4_msgs:/home/eduardo/turtlebot4_ws/install/turtlebot4_ignition_gui_plugins:/home/eduardo/turtlebot4_ws/install/turtlebot4_description:${AMENT_PREFIX_PATH} CMAKE_PREFIX_PATH=/home/eduardo/turtlebot4_ws/install/turtlebot4_node:/home/eduardo/turtlebot4_ws/install/turtlebot4_ignition_toolbox:/home/eduardo/turtlebot4_ws/install/turtlebot4_navigation:/home/eduardo/turtlebot4_ws/install/turtlebot4_msgs:/home/eduardo/turtlebot4_ws/install/turtlebot4_ignition_gui_plugins:/home/eduardo/turtlebot4_ws/install/turtlebot4_description:/opt/ros/humble LD_LIBRARY_PATH=/home/eduardo/turtlebot4_ws/install/turtlebot4_msgs/lib:${LD_LIBRARY_PATH} PYTHONPATH=/home/eduardo/turtlebot4_ws/install/turtlebot4_navigation/local/lib/python3.10/dist-packages:/home/eduardo/turtlebot4_ws/install/turtlebot4_msgs/local/lib/python3.10/dist-packages:${PYTHONPATH} /usr/bin/cmake /home/eduardo/turtlebot4_ws/src/turtlebot4_simulator/turtlebot4_ignition_bringup -DAMENT_CMAKE_SYMLINK_INSTALL=1 -DCMAKE_INSTALL_PREFIX=/home/eduardo/turtlebot4_ws/install/turtlebot4_ignition_bringup
[0.107s] -- The C compiler identification is GNU 11.4.0
[0.157s] -- The CXX compiler identification is GNU 11.4.0
[0.164s] -- Detecting C compiler ABI info
[0.225s] -- Detecting C compiler ABI info - done
[0.231s] -- Check for working C compiler: /usr/bin/cc - skipped
[0.231s] -- Detecting C compile features
[0.232s] -- Detecting C compile features - done
[0.234s] -- Detecting CXX compiler ABI info
[0.305s] -- Detecting CXX compiler ABI info - done
[0.312s] -- Check for working CXX compiler: /usr/bin/c++ - skipped
[0.313s] -- Detecting CXX compile features
[0.313s] -- Detecting CXX compile features - done
[0.316s] -- Found ament_cmake: 1.3.5 (/opt/ros/humble/share/ament_cmake/cmake)
[0.478s] -- Found Python3: /usr/bin/python3.10 (found version "3.10.12") found components: Interpreter 
[0.533s] -- Override CMake install command with custom implementation using symlinks instead of copying resources
[0.564s] -- Found ros_ign_interfaces: 0.244.11 (/opt/ros/humble/share/ros_ign_interfaces/cmake)
[0.602s] -- Found rosidl_generator_c: 3.1.5 (/opt/ros/humble/share/rosidl_generator_c/cmake)
[0.608s] -- Found rosidl_adapter: 3.1.5 (/opt/ros/humble/share/rosidl_adapter/cmake)
[0.617s] -- Found rosidl_generator_cpp: 3.1.5 (/opt/ros/humble/share/rosidl_generator_cpp/cmake)
[0.631s] -- Using all available rosidl_typesupport_c: rosidl_typesupport_fastrtps_c;rosidl_typesupport_introspection_c
[0.651s] -- Using all available rosidl_typesupport_cpp: rosidl_typesupport_fastrtps_cpp;rosidl_typesupport_introspection_cpp
[0.962s] -- Found ament_lint_auto: 0.12.8 (/opt/ros/humble/share/ament_lint_auto/cmake)
[1.041s] -- Added test 'copyright' to check source files copyright and LICENSE
[1.044s] -- Added test 'flake8' to check Python code syntax and style conventions
[1.045s] -- Added test 'lint_cmake' to check CMake code style
[1.045s] -- Added test 'pep257' to check Python code against some of the docstring style conventions in PEP 257
[1.047s] -- Added test 'xmllint' to check XML markup files
[1.049s] -- Configuring done
[1.052s] -- Generating done
[1.053s] -- Build files have been written to: /home/eduardo/turtlebot4_ws/build/turtlebot4_ignition_bringup
[1.059s] Invoked command in '/home/eduardo/turtlebot4_ws/build/turtlebot4_ignition_bringup' returned '0': AMENT_PREFIX_PATH=/home/eduardo/turtlebot4_ws/install/turtlebot4_node:/home/eduardo/turtlebot4_ws/install/turtlebot4_ignition_toolbox:/home/eduardo/turtlebot4_ws/install/turtlebot4_navigation:/home/eduardo/turtlebot4_ws/install/turtlebot4_msgs:/home/eduardo/turtlebot4_ws/install/turtlebot4_ignition_gui_plugins:/home/eduardo/turtlebot4_ws/install/turtlebot4_description:${AMENT_PREFIX_PATH} CMAKE_PREFIX_PATH=/home/eduardo/turtlebot4_ws/install/turtlebot4_node:/home/eduardo/turtlebot4_ws/install/turtlebot4_ignition_toolbox:/home/eduardo/turtlebot4_ws/install/turtlebot4_navigation:/home/eduardo/turtlebot4_ws/install/turtlebot4_msgs:/home/eduardo/turtlebot4_ws/install/turtlebot4_ignition_gui_plugins:/home/eduardo/turtlebot4_ws/install/turtlebot4_description:/opt/ros/humble LD_LIBRARY_PATH=/home/eduardo/turtlebot4_ws/install/turtlebot4_msgs/lib:${LD_LIBRARY_PATH} PYTHONPATH=/home/eduardo/turtlebot4_ws/install/turtlebot4_navigation/local/lib/python3.10/dist-packages:/home/eduardo/turtlebot4_ws/install/turtlebot4_msgs/local/lib/python3.10/dist-packages:${PYTHONPATH} /usr/bin/cmake /home/eduardo/turtlebot4_ws/src/turtlebot4_simulator/turtlebot4_ignition_bringup -DAMENT_CMAKE_SYMLINK_INSTALL=1 -DCMAKE_INSTALL_PREFIX=/home/eduardo/turtlebot4_ws/install/turtlebot4_ignition_bringup
[1.061s] Invoking command in '/home/eduardo/turtlebot4_ws/build/turtlebot4_ignition_bringup': AMENT_PREFIX_PATH=/home/eduardo/turtlebot4_ws/install/turtlebot4_node:/home/eduardo/turtlebot4_ws/install/turtlebot4_ignition_toolbox:/home/eduardo/turtlebot4_ws/install/turtlebot4_navigation:/home/eduardo/turtlebot4_ws/install/turtlebot4_msgs:/home/eduardo/turtlebot4_ws/install/turtlebot4_ignition_gui_plugins:/home/eduardo/turtlebot4_ws/install/turtlebot4_description:${AMENT_PREFIX_PATH} CMAKE_PREFIX_PATH=/home/eduardo/turtlebot4_ws/install/turtlebot4_node:/home/eduardo/turtlebot4_ws/install/turtlebot4_ignition_toolbox:/home/eduardo/turtlebot4_ws/install/turtlebot4_navigation:/home/eduardo/turtlebot4_ws/install/turtlebot4_msgs:/home/eduardo/turtlebot4_ws/install/turtlebot4_ignition_gui_plugins:/home/eduardo/turtlebot4_ws/install/turtlebot4_description:/opt/ros/humble LD_LIBRARY_PATH=/home/eduardo/turtlebot4_ws/install/turtlebot4_msgs/lib:${LD_LIBRARY_PATH} PYTHONPATH=/home/eduardo/turtlebot4_ws/install/turtlebot4_navigation/local/lib/python3.10/dist-packages:/home/eduardo/turtlebot4_ws/install/turtlebot4_msgs/local/lib/python3.10/dist-packages:${PYTHONPATH} /usr/bin/cmake --build /home/eduardo/turtlebot4_ws/build/turtlebot4_ignition_bringup -- -j12 -l12
[1.094s] Invoked command in '/home/eduardo/turtlebot4_ws/build/turtlebot4_ignition_bringup' returned '0': AMENT_PREFIX_PATH=/home/eduardo/turtlebot4_ws/install/turtlebot4_node:/home/eduardo/turtlebot4_ws/install/turtlebot4_ignition_toolbox:/home/eduardo/turtlebot4_ws/install/turtlebot4_navigation:/home/eduardo/turtlebot4_ws/install/turtlebot4_msgs:/home/eduardo/turtlebot4_ws/install/turtlebot4_ignition_gui_plugins:/home/eduardo/turtlebot4_ws/install/turtlebot4_description:${AMENT_PREFIX_PATH} CMAKE_PREFIX_PATH=/home/eduardo/turtlebot4_ws/install/turtlebot4_node:/home/eduardo/turtlebot4_ws/install/turtlebot4_ignition_toolbox:/home/eduardo/turtlebot4_ws/install/turtlebot4_navigation:/home/eduardo/turtlebot4_ws/install/turtlebot4_msgs:/home/eduardo/turtlebot4_ws/install/turtlebot4_ignition_gui_plugins:/home/eduardo/turtlebot4_ws/install/turtlebot4_description:/opt/ros/humble LD_LIBRARY_PATH=/home/eduardo/turtlebot4_ws/install/turtlebot4_msgs/lib:${LD_LIBRARY_PATH} PYTHONPATH=/home/eduardo/turtlebot4_ws/install/turtlebot4_navigation/local/lib/python3.10/dist-packages:/home/eduardo/turtlebot4_ws/install/turtlebot4_msgs/local/lib/python3.10/dist-packages:${PYTHONPATH} /usr/bin/cmake --build /home/eduardo/turtlebot4_ws/build/turtlebot4_ignition_bringup -- -j12 -l12
[1.112s] Invoking command in '/home/eduardo/turtlebot4_ws/build/turtlebot4_ignition_bringup': AMENT_PREFIX_PATH=/home/eduardo/turtlebot4_ws/install/turtlebot4_node:/home/eduardo/turtlebot4_ws/install/turtlebot4_ignition_toolbox:/home/eduardo/turtlebot4_ws/install/turtlebot4_navigation:/home/eduardo/turtlebot4_ws/install/turtlebot4_msgs:/home/eduardo/turtlebot4_ws/install/turtlebot4_ignition_gui_plugins:/home/eduardo/turtlebot4_ws/install/turtlebot4_description:${AMENT_PREFIX_PATH} CMAKE_PREFIX_PATH=/home/eduardo/turtlebot4_ws/install/turtlebot4_node:/home/eduardo/turtlebot4_ws/install/turtlebot4_ignition_toolbox:/home/eduardo/turtlebot4_ws/install/turtlebot4_navigation:/home/eduardo/turtlebot4_ws/install/turtlebot4_msgs:/home/eduardo/turtlebot4_ws/install/turtlebot4_ignition_gui_plugins:/home/eduardo/turtlebot4_ws/install/turtlebot4_description:/opt/ros/humble LD_LIBRARY_PATH=/home/eduardo/turtlebot4_ws/install/turtlebot4_msgs/lib:${LD_LIBRARY_PATH} PYTHONPATH=/home/eduardo/turtlebot4_ws/install/turtlebot4_navigation/local/lib/python3.10/dist-packages:/home/eduardo/turtlebot4_ws/install/turtlebot4_msgs/local/lib/python3.10/dist-packages:${PYTHONPATH} /usr/bin/cmake --install /home/eduardo/turtlebot4_ws/build/turtlebot4_ignition_bringup
[1.119s] -- Install configuration: ""
[1.119s] -- Execute custom install script
[1.120s] -- Symlinking: /home/eduardo/turtlebot4_ws/install/turtlebot4_ignition_bringup/share/turtlebot4_ignition_bringup/config/turtlebot4_node.yaml
[1.127s] -- Symlinking: /home/eduardo/turtlebot4_ws/install/turtlebot4_ignition_bringup/share/turtlebot4_ignition_bringup/gui/lite/gui.config
[1.135s] -- Symlinking: /home/eduardo/turtlebot4_ws/install/turtlebot4_ignition_bringup/share/turtlebot4_ignition_bringup/gui/standard/gui.config
[1.143s] -- Symlinking: /home/eduardo/turtlebot4_ws/install/turtlebot4_ignition_bringup/share/turtlebot4_ignition_bringup/launch/ignition.launch.py
[1.151s] -- Symlinking: /home/eduardo/turtlebot4_ws/install/turtlebot4_ignition_bringup/share/turtlebot4_ignition_bringup/launch/ros_ign_bridge.launch.py
[1.158s] -- Symlinking: /home/eduardo/turtlebot4_ws/install/turtlebot4_ignition_bringup/share/turtlebot4_ignition_bringup/launch/turtlebot4_ignition.launch.py
[1.165s] -- Symlinking: /home/eduardo/turtlebot4_ws/install/turtlebot4_ignition_bringup/share/turtlebot4_ignition_bringup/launch/turtlebot4_nodes.launch.py
[1.173s] -- Symlinking: /home/eduardo/turtlebot4_ws/install/turtlebot4_ignition_bringup/share/turtlebot4_ignition_bringup/launch/turtlebot4_spawn.launch.py
[1.180s] -- Symlinking: /home/eduardo/turtlebot4_ws/install/turtlebot4_ignition_bringup/share/turtlebot4_ignition_bringup/worlds/depot.sdf
[1.188s] -- Symlinking: /home/eduardo/turtlebot4_ws/install/turtlebot4_ignition_bringup/share/turtlebot4_ignition_bringup/worlds/maze.sdf
[1.195s] -- Symlinking: /home/eduardo/turtlebot4_ws/install/turtlebot4_ignition_bringup/share/turtlebot4_ignition_bringup/worlds/warehouse.sdf
[1.203s] -- Symlinking: /home/eduardo/turtlebot4_ws/install/turtlebot4_ignition_bringup/share/ament_index/resource_index/package_run_dependencies/turtlebot4_ignition_bringup
[1.210s] -- Symlinking: /home/eduardo/turtlebot4_ws/install/turtlebot4_ignition_bringup/share/ament_index/resource_index/parent_prefix_path/turtlebot4_ignition_bringup
[1.218s] -- Symlinking: /home/eduardo/turtlebot4_ws/install/turtlebot4_ignition_bringup/share/turtlebot4_ignition_bringup/environment/ament_prefix_path.sh
[1.225s] -- Symlinking: /home/eduardo/turtlebot4_ws/install/turtlebot4_ignition_bringup/share/turtlebot4_ignition_bringup/environment/ament_prefix_path.dsv
[1.232s] -- Symlinking: /home/eduardo/turtlebot4_ws/install/turtlebot4_ignition_bringup/share/turtlebot4_ignition_bringup/environment/path.sh
[1.240s] -- Symlinking: /home/eduardo/turtlebot4_ws/install/turtlebot4_ignition_bringup/share/turtlebot4_ignition_bringup/environment/path.dsv
[1.248s] -- Symlinking: /home/eduardo/turtlebot4_ws/install/turtlebot4_ignition_bringup/share/turtlebot4_ignition_bringup/local_setup.bash
[1.256s] -- Symlinking: /home/eduardo/turtlebot4_ws/install/turtlebot4_ignition_bringup/share/turtlebot4_ignition_bringup/local_setup.sh
[1.263s] -- Symlinking: /home/eduardo/turtlebot4_ws/install/turtlebot4_ignition_bringup/share/turtlebot4_ignition_bringup/local_setup.zsh
[1.270s] -- Symlinking: /home/eduardo/turtlebot4_ws/install/turtlebot4_ignition_bringup/share/turtlebot4_ignition_bringup/local_setup.dsv
[1.277s] -- Symlinking: /home/eduardo/turtlebot4_ws/install/turtlebot4_ignition_bringup/share/turtlebot4_ignition_bringup/package.dsv
[1.284s] -- Symlinking: /home/eduardo/turtlebot4_ws/install/turtlebot4_ignition_bringup/share/ament_index/resource_index/packages/turtlebot4_ignition_bringup
[1.291s] -- Symlinking: /home/eduardo/turtlebot4_ws/install/turtlebot4_ignition_bringup/share/turtlebot4_ignition_bringup/cmake/turtlebot4_ignition_bringupConfig.cmake
[1.298s] -- Symlinking: /home/eduardo/turtlebot4_ws/install/turtlebot4_ignition_bringup/share/turtlebot4_ignition_bringup/cmake/turtlebot4_ignition_bringupConfig-version.cmake
[1.305s] -- Symlinking: /home/eduardo/turtlebot4_ws/install/turtlebot4_ignition_bringup/share/turtlebot4_ignition_bringup/package.xml
[1.314s] Invoked command in '/home/eduardo/turtlebot4_ws/build/turtlebot4_ignition_bringup' returned '0': AMENT_PREFIX_PATH=/home/eduardo/turtlebot4_ws/install/turtlebot4_node:/home/eduardo/turtlebot4_ws/install/turtlebot4_ignition_toolbox:/home/eduardo/turtlebot4_ws/install/turtlebot4_navigation:/home/eduardo/turtlebot4_ws/install/turtlebot4_msgs:/home/eduardo/turtlebot4_ws/install/turtlebot4_ignition_gui_plugins:/home/eduardo/turtlebot4_ws/install/turtlebot4_description:${AMENT_PREFIX_PATH} CMAKE_PREFIX_PATH=/home/eduardo/turtlebot4_ws/install/turtlebot4_node:/home/eduardo/turtlebot4_ws/install/turtlebot4_ignition_toolbox:/home/eduardo/turtlebot4_ws/install/turtlebot4_navigation:/home/eduardo/turtlebot4_ws/install/turtlebot4_msgs:/home/eduardo/turtlebot4_ws/install/turtlebot4_ignition_gui_plugins:/home/eduardo/turtlebot4_ws/install/turtlebot4_description:/opt/ros/humble LD_LIBRARY_PATH=/home/eduardo/turtlebot4_ws/install/turtlebot4_msgs/lib:${LD_LIBRARY_PATH} PYTHONPATH=/home/eduardo/turtlebot4_ws/install/turtlebot4_navigation/local/lib/python3.10/dist-packages:/home/eduardo/turtlebot4_ws/install/turtlebot4_msgs/local/lib/python3.10/dist-packages:${PYTHONPATH} /usr/bin/cmake --install /home/eduardo/turtlebot4_ws/build/turtlebot4_ignition_bringup
