[0.148s] Invoking command in '/home/eduardo/turtlebot4_ws/build/turtlebot4_simulator': CMAKE_PREFIX_PATH=/home/eduardo/turtlebot4_ws/install/turtlebot4_ignition_bringup:/home/eduardo/turtlebot4_ws/install/turtlebot4_node:/home/eduardo/turtlebot4_ws/install/turtlebot4_ignition_toolbox:/home/eduardo/turtlebot4_ws/install/turtlebot4_navigation:/home/eduardo/turtlebot4_ws/install/turtlebot4_msgs:/home/eduardo/turtlebot4_ws/install/turtlebot4_ignition_gui_plugins:/home/eduardo/turtlebot4_ws/install/turtlebot4_description:/home/eduardo/turtlebot4_ws/install/turtlebot4_simulator:/home/eduardo/turtlebot4_ws/install/turtlebot4_python_tutorials:/home/eduardo/turtlebot4_ws/install/robot_movement:/opt/ros/humble /usr/bin/cmake --build /home/eduardo/turtlebot4_ws/build/turtlebot4_simulator -- -j12 -l12
[0.203s] Invoked command in '/home/eduardo/turtlebot4_ws/build/turtlebot4_simulator' returned '0': CMAKE_PREFIX_PATH=/home/eduardo/turtlebot4_ws/install/turtlebot4_ignition_bringup:/home/eduardo/turtlebot4_ws/install/turtlebot4_node:/home/eduardo/turtlebot4_ws/install/turtlebot4_ignition_toolbox:/home/eduardo/turtlebot4_ws/install/turtlebot4_navigation:/home/eduardo/turtlebot4_ws/install/turtlebot4_msgs:/home/eduardo/turtlebot4_ws/install/turtlebot4_ignition_gui_plugins:/home/eduardo/turtlebot4_ws/install/turtlebot4_description:/home/eduardo/turtlebot4_ws/install/turtlebot4_simulator:/home/eduardo/turtlebot4_ws/install/turtlebot4_python_tutorials:/home/eduardo/turtlebot4_ws/install/robot_movement:/opt/ros/humble /usr/bin/cmake --build /home/eduardo/turtlebot4_ws/build/turtlebot4_simulator -- -j12 -l12
[0.238s] Invoking command in '/home/eduardo/turtlebot4_ws/build/turtlebot4_simulator': CMAKE_PREFIX_PATH=/home/eduardo/turtlebot4_ws/install/turtlebot4_ignition_bringup:/home/eduardo/turtlebot4_ws/install/turtlebot4_node:/home/eduardo/turtlebot4_ws/install/turtlebot4_ignition_toolbox:/home/eduardo/turtlebot4_ws/install/turtlebot4_navigation:/home/eduardo/turtlebot4_ws/install/turtlebot4_msgs:/home/eduardo/turtlebot4_ws/install/turtlebot4_ignition_gui_plugins:/home/eduardo/turtlebot4_ws/install/turtlebot4_description:/home/eduardo/turtlebot4_ws/install/turtlebot4_simulator:/home/eduardo/turtlebot4_ws/install/turtlebot4_python_tutorials:/home/eduardo/turtlebot4_ws/install/robot_movement:/opt/ros/humble /usr/bin/cmake --install /home/eduardo/turtlebot4_ws/build/turtlebot4_simulator
[0.249s] -- Install configuration: ""
[0.250s] -- Execute custom install script
[0.250s] -- Up-to-date symlink: /home/eduardo/turtlebot4_ws/install/turtlebot4_simulator/share/ament_index/resource_index/package_run_dependencies/turtlebot4_simulator
[0.250s] -- Up-to-date symlink: /home/eduardo/turtlebot4_ws/install/turtlebot4_simulator/share/ament_index/resource_index/parent_prefix_path/turtlebot4_simulator
[0.251s] -- Up-to-date symlink: /home/eduardo/turtlebot4_ws/install/turtlebot4_simulator/share/turtlebot4_simulator/environment/ament_prefix_path.sh
[0.251s] -- Up-to-date symlink: /home/eduardo/turtlebot4_ws/install/turtlebot4_simulator/share/turtlebot4_simulator/environment/ament_prefix_path.dsv
[0.251s] -- Up-to-date symlink: /home/eduardo/turtlebot4_ws/install/turtlebot4_simulator/share/turtlebot4_simulator/environment/path.sh
[0.251s] -- Up-to-date symlink: /home/eduardo/turtlebot4_ws/install/turtlebot4_simulator/share/turtlebot4_simulator/environment/path.dsv
[0.252s] -- Up-to-date symlink: /home/eduardo/turtlebot4_ws/install/turtlebot4_simulator/share/turtlebot4_simulator/local_setup.bash
[0.252s] -- Up-to-date symlink: /home/eduardo/turtlebot4_ws/install/turtlebot4_simulator/share/turtlebot4_simulator/local_setup.sh
[0.252s] -- Up-to-date symlink: /home/eduardo/turtlebot4_ws/install/turtlebot4_simulator/share/turtlebot4_simulator/local_setup.zsh
[0.252s] -- Up-to-date symlink: /home/eduardo/turtlebot4_ws/install/turtlebot4_simulator/share/turtlebot4_simulator/local_setup.dsv
[0.252s] -- Symlinking: /home/eduardo/turtlebot4_ws/install/turtlebot4_simulator/share/turtlebot4_simulator/package.dsv
[0.266s] -- Up-to-date symlink: /home/eduardo/turtlebot4_ws/install/turtlebot4_simulator/share/ament_index/resource_index/packages/turtlebot4_simulator
[0.266s] -- Up-to-date symlink: /home/eduardo/turtlebot4_ws/install/turtlebot4_simulator/share/turtlebot4_simulator/cmake/turtlebot4_simulatorConfig.cmake
[0.266s] -- Up-to-date symlink: /home/eduardo/turtlebot4_ws/install/turtlebot4_simulator/share/turtlebot4_simulator/cmake/turtlebot4_simulatorConfig-version.cmake
[0.266s] -- Up-to-date symlink: /home/eduardo/turtlebot4_ws/install/turtlebot4_simulator/share/turtlebot4_simulator/package.xml
[0.269s] Invoked command in '/home/eduardo/turtlebot4_ws/build/turtlebot4_simulator' returned '0': CMAKE_PREFIX_PATH=/home/eduardo/turtlebot4_ws/install/turtlebot4_ignition_bringup:/home/eduardo/turtlebot4_ws/install/turtlebot4_node:/home/eduardo/turtlebot4_ws/install/turtlebot4_ignition_toolbox:/home/eduardo/turtlebot4_ws/install/turtlebot4_navigation:/home/eduardo/turtlebot4_ws/install/turtlebot4_msgs:/home/eduardo/turtlebot4_ws/install/turtlebot4_ignition_gui_plugins:/home/eduardo/turtlebot4_ws/install/turtlebot4_description:/home/eduardo/turtlebot4_ws/install/turtlebot4_simulator:/home/eduardo/turtlebot4_ws/install/turtlebot4_python_tutorials:/home/eduardo/turtlebot4_ws/install/robot_movement:/opt/ros/humble /usr/bin/cmake --install /home/eduardo/turtlebot4_ws/build/turtlebot4_simulator
