[0.336s] Invoking command in '/home/eduardo/turtlebot4_ws/build/turtlebot4_navigation': CMAKE_PREFIX_PATH=/opt/ros/humble /usr/bin/cmake --build /home/eduardo/turtlebot4_ws/build/turtlebot4_navigation -- -j12 -l12
[0.467s] Built target ament_cmake_python_symlink_turtlebot4_navigation
[1.675s] running egg_info
[1.679s] writing turtlebot4_navigation.egg-info/PKG-INFO
[1.679s] writing dependency_links to turtlebot4_navigation.egg-info/dependency_links.txt
[1.681s] writing top-level names to turtlebot4_navigation.egg-info/top_level.txt
[1.687s] reading manifest file 'turtlebot4_navigation.egg-info/SOURCES.txt'
[1.690s] writing manifest file 'turtlebot4_navigation.egg-info/SOURCES.txt'
[1.764s] Built target ament_cmake_python_build_turtlebot4_navigation_egg
[1.800s] Invoked command in '/home/eduardo/turtlebot4_ws/build/turtlebot4_navigation' returned '0': CMAKE_PREFIX_PATH=/opt/ros/humble /usr/bin/cmake --build /home/eduardo/turtlebot4_ws/build/turtlebot4_navigation -- -j12 -l12
[1.882s] Invoking command in '/home/eduardo/turtlebot4_ws/build/turtlebot4_navigation': CMAKE_PREFIX_PATH=/opt/ros/humble /usr/bin/cmake --install /home/eduardo/turtlebot4_ws/build/turtlebot4_navigation
[1.912s] -- Install configuration: ""
[1.916s] -- Execute custom install script
[1.920s] -- Up-to-date symlink: /home/eduardo/turtlebot4_ws/install/turtlebot4_navigation/share/turtlebot4_navigation/config/localization.yaml
[1.921s] -- Up-to-date symlink: /home/eduardo/turtlebot4_ws/install/turtlebot4_navigation/share/turtlebot4_navigation/config/nav2.yaml
[1.922s] -- Up-to-date symlink: /home/eduardo/turtlebot4_ws/install/turtlebot4_navigation/share/turtlebot4_navigation/config/slam.yaml
[1.924s] -- Up-to-date symlink: /home/eduardo/turtlebot4_ws/install/turtlebot4_navigation/share/turtlebot4_navigation/launch/localization.launch.py
[1.925s] -- Up-to-date symlink: /home/eduardo/turtlebot4_ws/install/turtlebot4_navigation/share/turtlebot4_navigation/launch/nav2.launch.py
[1.926s] -- Up-to-date symlink: /home/eduardo/turtlebot4_ws/install/turtlebot4_navigation/share/turtlebot4_navigation/launch/slam.launch.py
[1.927s] -- Up-to-date symlink: /home/eduardo/turtlebot4_ws/install/turtlebot4_navigation/share/turtlebot4_navigation/maps/depot.pgm
[1.929s] -- Up-to-date symlink: /home/eduardo/turtlebot4_ws/install/turtlebot4_navigation/share/turtlebot4_navigation/maps/depot.yaml
[1.933s] -- Up-to-date symlink: /home/eduardo/turtlebot4_ws/install/turtlebot4_navigation/share/turtlebot4_navigation/maps/maze.pgm
[1.933s] -- Up-to-date symlink: /home/eduardo/turtlebot4_ws/install/turtlebot4_navigation/share/turtlebot4_navigation/maps/maze.yaml
[1.933s] -- Up-to-date symlink: /home/eduardo/turtlebot4_ws/install/turtlebot4_navigation/share/turtlebot4_navigation/maps/warehouse.pgm
[1.934s] -- Up-to-date symlink: /home/eduardo/turtlebot4_ws/install/turtlebot4_navigation/share/turtlebot4_navigation/maps/warehouse.yaml
[1.934s] -- Up-to-date symlink: /home/eduardo/turtlebot4_ws/install/turtlebot4_navigation/share/turtlebot4_navigation/environment/pythonpath.sh
[1.935s] -- Up-to-date symlink: /home/eduardo/turtlebot4_ws/install/turtlebot4_navigation/share/turtlebot4_navigation/environment/pythonpath.dsv
[1.935s] -- Up-to-date symlink: /home/eduardo/turtlebot4_ws/install/turtlebot4_navigation/local/lib/python3.10/dist-packages/turtlebot4_navigation-1.0.4-py3.10.egg-info/PKG-INFO
[1.935s] -- Up-to-date symlink: /home/eduardo/turtlebot4_ws/install/turtlebot4_navigation/local/lib/python3.10/dist-packages/turtlebot4_navigation-1.0.4-py3.10.egg-info/SOURCES.txt
[1.935s] -- Up-to-date symlink: /home/eduardo/turtlebot4_ws/install/turtlebot4_navigation/local/lib/python3.10/dist-packages/turtlebot4_navigation-1.0.4-py3.10.egg-info/dependency_links.txt
[1.936s] -- Up-to-date symlink: /home/eduardo/turtlebot4_ws/install/turtlebot4_navigation/local/lib/python3.10/dist-packages/turtlebot4_navigation-1.0.4-py3.10.egg-info/top_level.txt
[1.936s] -- Up-to-date symlink: /home/eduardo/turtlebot4_ws/install/turtlebot4_navigation/local/lib/python3.10/dist-packages/turtlebot4_navigation/__init__.py
[1.936s] -- Up-to-date symlink: /home/eduardo/turtlebot4_ws/install/turtlebot4_navigation/local/lib/python3.10/dist-packages/turtlebot4_navigation/turtlebot4_navigator.py
[1.936s] -- Up-to-date symlink: /home/eduardo/turtlebot4_ws/install/turtlebot4_navigation/local/lib/python3.10/dist-packages/turtlebot4_navigator.py
[1.939s] -- Up-to-date symlink: /home/eduardo/turtlebot4_ws/install/turtlebot4_navigation/share/ament_index/resource_index/package_run_dependencies/turtlebot4_navigation
[1.940s] -- Up-to-date symlink: /home/eduardo/turtlebot4_ws/install/turtlebot4_navigation/share/ament_index/resource_index/parent_prefix_path/turtlebot4_navigation
[1.940s] -- Up-to-date symlink: /home/eduardo/turtlebot4_ws/install/turtlebot4_navigation/share/turtlebot4_navigation/environment/ament_prefix_path.sh
[1.940s] -- Up-to-date symlink: /home/eduardo/turtlebot4_ws/install/turtlebot4_navigation/share/turtlebot4_navigation/environment/ament_prefix_path.dsv
[1.941s] -- Up-to-date symlink: /home/eduardo/turtlebot4_ws/install/turtlebot4_navigation/share/turtlebot4_navigation/environment/path.sh
[1.941s] -- Up-to-date symlink: /home/eduardo/turtlebot4_ws/install/turtlebot4_navigation/share/turtlebot4_navigation/environment/path.dsv
[1.941s] -- Up-to-date symlink: /home/eduardo/turtlebot4_ws/install/turtlebot4_navigation/share/turtlebot4_navigation/local_setup.bash
[1.941s] -- Up-to-date symlink: /home/eduardo/turtlebot4_ws/install/turtlebot4_navigation/share/turtlebot4_navigation/local_setup.sh
[1.942s] -- Up-to-date symlink: /home/eduardo/turtlebot4_ws/install/turtlebot4_navigation/share/turtlebot4_navigation/local_setup.zsh
[1.942s] -- Up-to-date symlink: /home/eduardo/turtlebot4_ws/install/turtlebot4_navigation/share/turtlebot4_navigation/local_setup.dsv
[1.942s] -- Symlinking: /home/eduardo/turtlebot4_ws/install/turtlebot4_navigation/share/turtlebot4_navigation/package.dsv
[1.974s] -- Up-to-date symlink: /home/eduardo/turtlebot4_ws/install/turtlebot4_navigation/share/ament_index/resource_index/packages/turtlebot4_navigation
[1.975s] -- Up-to-date symlink: /home/eduardo/turtlebot4_ws/install/turtlebot4_navigation/share/turtlebot4_navigation/cmake/turtlebot4_navigationConfig.cmake
[1.975s] -- Up-to-date symlink: /home/eduardo/turtlebot4_ws/install/turtlebot4_navigation/share/turtlebot4_navigation/cmake/turtlebot4_navigationConfig-version.cmake
[1.975s] -- Up-to-date symlink: /home/eduardo/turtlebot4_ws/install/turtlebot4_navigation/share/turtlebot4_navigation/package.xml
[2.083s] Listing '/home/eduardo/turtlebot4_ws/install/turtlebot4_navigation/local/lib/python3.10/dist-packages/turtlebot4_navigation'...
[2.542s] Invoked command in '/home/eduardo/turtlebot4_ws/build/turtlebot4_navigation' returned '0': CMAKE_PREFIX_PATH=/opt/ros/humble /usr/bin/cmake --install /home/eduardo/turtlebot4_ws/build/turtlebot4_navigation
