[0.920s] DEBUG:colcon:Command line arguments: ['/usr/bin/colcon', 'build', '--symlink-install']
[0.920s] DEBUG:colcon:Parsed command line arguments: Namespace(log_base=None, log_level=None, verb_name='build', build_base='build', install_base='install', merge_install=False, symlink_install=True, test_result_base=None, continue_on_error=False, executor='parallel', parallel_workers=12, event_handlers=None, ignore_user_meta=False, metas=['./colcon.meta'], base_paths=['.'], packages_ignore=None, packages_ignore_regex=None, paths=None, packages_up_to=None, packages_up_to_regex=None, packages_above=None, packages_above_and_dependencies=None, packages_above_depth=None, packages_select_by_dep=None, packages_skip_by_dep=None, packages_skip_up_to=None, packages_select_build_failed=False, packages_skip_build_finished=False, packages_select_test_failures=False, packages_skip_test_passed=False, packages_select=None, packages_skip=None, packages_select_regex=None, packages_skip_regex=None, packages_start=None, packages_end=None, allow_overriding=[], cmake_args=None, cmake_target=None, cmake_target_skip_unavailable=False, cmake_clean_cache=False, cmake_clean_first=False, cmake_force_configure=False, ament_cmake_args=None, catkin_cmake_args=None, catkin_skip_building_tests=False, verb_parser=<colcon_defaults.argument_parser.defaults.DefaultArgumentsDecorator object at 0x7fad81f47550>, verb_extension=<colcon_core.verb.build.BuildVerb object at 0x7fad823cfe80>, main=<bound method BuildVerb.main of <colcon_core.verb.build.BuildVerb object at 0x7fad823cfe80>>)
[0.961s] Level 1:colcon.colcon_core.package_discovery:discover_packages(colcon_meta) check parameters
[0.961s] Level 1:colcon.colcon_core.package_discovery:discover_packages(recursive) check parameters
[0.961s] Level 1:colcon.colcon_core.package_discovery:discover_packages(ignore) check parameters
[0.961s] Level 1:colcon.colcon_core.package_discovery:discover_packages(path) check parameters
[0.961s] Level 1:colcon.colcon_core.package_discovery:discover_packages(colcon_meta) discover
[0.961s] Level 1:colcon.colcon_core.package_discovery:discover_packages(recursive) discover
[0.961s] INFO:colcon.colcon_core.package_discovery:Crawling recursively for packages in '/home/eduardo/turtlebot4_ws'
[0.962s] Level 1:colcon.colcon_core.package_identification:_identify(.) by extensions ['ignore', 'ignore_ament_install']
[0.962s] Level 1:colcon.colcon_core.package_identification:_identify(.) by extension 'ignore'
[0.962s] Level 1:colcon.colcon_core.package_identification:_identify(.) by extension 'ignore_ament_install'
[0.962s] Level 1:colcon.colcon_core.package_identification:_identify(.) by extensions ['colcon_pkg']
[0.962s] Level 1:colcon.colcon_core.package_identification:_identify(.) by extension 'colcon_pkg'
[0.962s] Level 1:colcon.colcon_core.package_identification:_identify(.) by extensions ['colcon_meta']
[0.962s] Level 1:colcon.colcon_core.package_identification:_identify(.) by extension 'colcon_meta'
[0.962s] Level 1:colcon.colcon_core.package_identification:_identify(.) by extensions ['ros']
[0.962s] Level 1:colcon.colcon_core.package_identification:_identify(.) by extension 'ros'
[0.971s] Level 1:colcon.colcon_core.package_identification:_identify(.) by extensions ['cmake', 'python']
[0.971s] Level 1:colcon.colcon_core.package_identification:_identify(.) by extension 'cmake'
[0.971s] Level 1:colcon.colcon_core.package_identification:_identify(.) by extension 'python'
[0.971s] Level 1:colcon.colcon_core.package_identification:_identify(.) by extensions ['python_setup_py']
[0.971s] Level 1:colcon.colcon_core.package_identification:_identify(.) by extension 'python_setup_py'
[0.971s] Level 1:colcon.colcon_core.package_identification:_identify(build) by extensions ['ignore', 'ignore_ament_install']
[0.971s] Level 1:colcon.colcon_core.package_identification:_identify(build) by extension 'ignore'
[0.971s] Level 1:colcon.colcon_core.package_identification:_identify(build) ignored
[0.972s] Level 1:colcon.colcon_core.package_identification:_identify(install) by extensions ['ignore', 'ignore_ament_install']
[0.972s] Level 1:colcon.colcon_core.package_identification:_identify(install) by extension 'ignore'
[0.972s] Level 1:colcon.colcon_core.package_identification:_identify(install) ignored
[0.972s] Level 1:colcon.colcon_core.package_identification:_identify(log) by extensions ['ignore', 'ignore_ament_install']
[0.972s] Level 1:colcon.colcon_core.package_identification:_identify(log) by extension 'ignore'
[0.972s] Level 1:colcon.colcon_core.package_identification:_identify(log) ignored
[0.972s] Level 1:colcon.colcon_core.package_identification:_identify(src) by extensions ['ignore', 'ignore_ament_install']
[0.972s] Level 1:colcon.colcon_core.package_identification:_identify(src) by extension 'ignore'
[0.972s] Level 1:colcon.colcon_core.package_identification:_identify(src) by extension 'ignore_ament_install'
[0.972s] Level 1:colcon.colcon_core.package_identification:_identify(src) by extensions ['colcon_pkg']
[0.972s] Level 1:colcon.colcon_core.package_identification:_identify(src) by extension 'colcon_pkg'
[0.972s] Level 1:colcon.colcon_core.package_identification:_identify(src) by extensions ['colcon_meta']
[0.972s] Level 1:colcon.colcon_core.package_identification:_identify(src) by extension 'colcon_meta'
[0.972s] Level 1:colcon.colcon_core.package_identification:_identify(src) by extensions ['ros']
[0.972s] Level 1:colcon.colcon_core.package_identification:_identify(src) by extension 'ros'
[0.972s] Level 1:colcon.colcon_core.package_identification:_identify(src) by extensions ['cmake', 'python']
[0.972s] Level 1:colcon.colcon_core.package_identification:_identify(src) by extension 'cmake'
[0.972s] Level 1:colcon.colcon_core.package_identification:_identify(src) by extension 'python'
[0.972s] Level 1:colcon.colcon_core.package_identification:_identify(src) by extensions ['python_setup_py']
[0.972s] Level 1:colcon.colcon_core.package_identification:_identify(src) by extension 'python_setup_py'
[0.973s] Level 1:colcon.colcon_core.package_identification:_identify(src/turtlebot4) by extensions ['ignore', 'ignore_ament_install']
[0.973s] Level 1:colcon.colcon_core.package_identification:_identify(src/turtlebot4) by extension 'ignore'
[0.973s] Level 1:colcon.colcon_core.package_identification:_identify(src/turtlebot4) by extension 'ignore_ament_install'
[0.973s] Level 1:colcon.colcon_core.package_identification:_identify(src/turtlebot4) by extensions ['colcon_pkg']
[0.973s] Level 1:colcon.colcon_core.package_identification:_identify(src/turtlebot4) by extension 'colcon_pkg'
[0.973s] Level 1:colcon.colcon_core.package_identification:_identify(src/turtlebot4) by extensions ['colcon_meta']
[0.973s] Level 1:colcon.colcon_core.package_identification:_identify(src/turtlebot4) by extension 'colcon_meta'
[0.973s] Level 1:colcon.colcon_core.package_identification:_identify(src/turtlebot4) by extensions ['ros']
[0.973s] Level 1:colcon.colcon_core.package_identification:_identify(src/turtlebot4) by extension 'ros'
[0.973s] Level 1:colcon.colcon_core.package_identification:_identify(src/turtlebot4) by extensions ['cmake', 'python']
[0.973s] Level 1:colcon.colcon_core.package_identification:_identify(src/turtlebot4) by extension 'cmake'
[0.973s] Level 1:colcon.colcon_core.package_identification:_identify(src/turtlebot4) by extension 'python'
[0.973s] Level 1:colcon.colcon_core.package_identification:_identify(src/turtlebot4) by extensions ['python_setup_py']
[0.973s] Level 1:colcon.colcon_core.package_identification:_identify(src/turtlebot4) by extension 'python_setup_py'
[0.973s] Level 1:colcon.colcon_core.package_identification:_identify(src/turtlebot4/turtlebot4_description) by extensions ['ignore', 'ignore_ament_install']
[0.973s] Level 1:colcon.colcon_core.package_identification:_identify(src/turtlebot4/turtlebot4_description) by extension 'ignore'
[0.973s] Level 1:colcon.colcon_core.package_identification:_identify(src/turtlebot4/turtlebot4_description) by extension 'ignore_ament_install'
[0.973s] Level 1:colcon.colcon_core.package_identification:_identify(src/turtlebot4/turtlebot4_description) by extensions ['colcon_pkg']
[0.973s] Level 1:colcon.colcon_core.package_identification:_identify(src/turtlebot4/turtlebot4_description) by extension 'colcon_pkg'
[0.974s] Level 1:colcon.colcon_core.package_identification:_identify(src/turtlebot4/turtlebot4_description) by extensions ['colcon_meta']
[0.974s] Level 1:colcon.colcon_core.package_identification:_identify(src/turtlebot4/turtlebot4_description) by extension 'colcon_meta'
[0.974s] Level 1:colcon.colcon_core.package_identification:_identify(src/turtlebot4/turtlebot4_description) by extensions ['ros']
[0.974s] Level 1:colcon.colcon_core.package_identification:_identify(src/turtlebot4/turtlebot4_description) by extension 'ros'
[0.976s] DEBUG:colcon.colcon_core.package_identification:Package 'src/turtlebot4/turtlebot4_description' with type 'ros.ament_cmake' and name 'turtlebot4_description'
[0.976s] Level 1:colcon.colcon_core.package_identification:_identify(src/turtlebot4/turtlebot4_msgs) by extensions ['ignore', 'ignore_ament_install']
[0.976s] Level 1:colcon.colcon_core.package_identification:_identify(src/turtlebot4/turtlebot4_msgs) by extension 'ignore'
[0.976s] Level 1:colcon.colcon_core.package_identification:_identify(src/turtlebot4/turtlebot4_msgs) by extension 'ignore_ament_install'
[0.976s] Level 1:colcon.colcon_core.package_identification:_identify(src/turtlebot4/turtlebot4_msgs) by extensions ['colcon_pkg']
[0.976s] Level 1:colcon.colcon_core.package_identification:_identify(src/turtlebot4/turtlebot4_msgs) by extension 'colcon_pkg'
[0.976s] Level 1:colcon.colcon_core.package_identification:_identify(src/turtlebot4/turtlebot4_msgs) by extensions ['colcon_meta']
[0.976s] Level 1:colcon.colcon_core.package_identification:_identify(src/turtlebot4/turtlebot4_msgs) by extension 'colcon_meta'
[0.976s] Level 1:colcon.colcon_core.package_identification:_identify(src/turtlebot4/turtlebot4_msgs) by extensions ['ros']
[0.976s] Level 1:colcon.colcon_core.package_identification:_identify(src/turtlebot4/turtlebot4_msgs) by extension 'ros'
[0.977s] DEBUG:colcon.colcon_core.package_identification:Package 'src/turtlebot4/turtlebot4_msgs' with type 'ros.ament_cmake' and name 'turtlebot4_msgs'
[0.977s] Level 1:colcon.colcon_core.package_identification:_identify(src/turtlebot4/turtlebot4_navigation) by extensions ['ignore', 'ignore_ament_install']
[0.977s] Level 1:colcon.colcon_core.package_identification:_identify(src/turtlebot4/turtlebot4_navigation) by extension 'ignore'
[0.977s] Level 1:colcon.colcon_core.package_identification:_identify(src/turtlebot4/turtlebot4_navigation) by extension 'ignore_ament_install'
[0.977s] Level 1:colcon.colcon_core.package_identification:_identify(src/turtlebot4/turtlebot4_navigation) by extensions ['colcon_pkg']
[0.977s] Level 1:colcon.colcon_core.package_identification:_identify(src/turtlebot4/turtlebot4_navigation) by extension 'colcon_pkg'
[0.977s] Level 1:colcon.colcon_core.package_identification:_identify(src/turtlebot4/turtlebot4_navigation) by extensions ['colcon_meta']
[0.977s] Level 1:colcon.colcon_core.package_identification:_identify(src/turtlebot4/turtlebot4_navigation) by extension 'colcon_meta'
[0.977s] Level 1:colcon.colcon_core.package_identification:_identify(src/turtlebot4/turtlebot4_navigation) by extensions ['ros']
[0.977s] Level 1:colcon.colcon_core.package_identification:_identify(src/turtlebot4/turtlebot4_navigation) by extension 'ros'
[0.978s] DEBUG:colcon.colcon_core.package_identification:Package 'src/turtlebot4/turtlebot4_navigation' with type 'ros.ament_cmake' and name 'turtlebot4_navigation'
[0.978s] Level 1:colcon.colcon_core.package_identification:_identify(src/turtlebot4/turtlebot4_node) by extensions ['ignore', 'ignore_ament_install']
[0.978s] Level 1:colcon.colcon_core.package_identification:_identify(src/turtlebot4/turtlebot4_node) by extension 'ignore'
[0.978s] Level 1:colcon.colcon_core.package_identification:_identify(src/turtlebot4/turtlebot4_node) by extension 'ignore_ament_install'
[0.978s] Level 1:colcon.colcon_core.package_identification:_identify(src/turtlebot4/turtlebot4_node) by extensions ['colcon_pkg']
[0.978s] Level 1:colcon.colcon_core.package_identification:_identify(src/turtlebot4/turtlebot4_node) by extension 'colcon_pkg'
[0.978s] Level 1:colcon.colcon_core.package_identification:_identify(src/turtlebot4/turtlebot4_node) by extensions ['colcon_meta']
[0.978s] Level 1:colcon.colcon_core.package_identification:_identify(src/turtlebot4/turtlebot4_node) by extension 'colcon_meta'
[0.978s] Level 1:colcon.colcon_core.package_identification:_identify(src/turtlebot4/turtlebot4_node) by extensions ['ros']
[0.978s] Level 1:colcon.colcon_core.package_identification:_identify(src/turtlebot4/turtlebot4_node) by extension 'ros'
[0.979s] DEBUG:colcon.colcon_core.package_identification:Package 'src/turtlebot4/turtlebot4_node' with type 'ros.ament_cmake' and name 'turtlebot4_node'
[0.979s] Level 1:colcon.colcon_core.package_discovery:discover_packages(recursive) using defaults
[0.979s] Level 1:colcon.colcon_core.package_discovery:discover_packages(ignore) discover
[0.979s] Level 1:colcon.colcon_core.package_discovery:discover_packages(ignore) using defaults
[0.979s] Level 1:colcon.colcon_core.package_discovery:discover_packages(path) discover
[0.979s] Level 1:colcon.colcon_core.package_discovery:discover_packages(path) using defaults
[1.064s] Level 1:colcon.colcon_core.package_discovery:discover_packages(prefix_path) check parameters
[1.064s] Level 1:colcon.colcon_core.package_discovery:discover_packages(prefix_path) discover
[1.093s] DEBUG:colcon.colcon_installed_package_information.package_discovery:Found 321 installed packages in /opt/ros/humble
[1.094s] Level 1:colcon.colcon_core.package_discovery:discover_packages(prefix_path) using defaults
[1.187s] Level 5:colcon.colcon_core.verb:set package 'turtlebot4_description' build argument 'cmake_args' from command line to 'None'
[1.187s] Level 5:colcon.colcon_core.verb:set package 'turtlebot4_description' build argument 'cmake_target' from command line to 'None'
[1.187s] Level 5:colcon.colcon_core.verb:set package 'turtlebot4_description' build argument 'cmake_target_skip_unavailable' from command line to 'False'
[1.188s] Level 5:colcon.colcon_core.verb:set package 'turtlebot4_description' build argument 'cmake_clean_cache' from command line to 'False'
[1.188s] Level 5:colcon.colcon_core.verb:set package 'turtlebot4_description' build argument 'cmake_clean_first' from command line to 'False'
[1.188s] Level 5:colcon.colcon_core.verb:set package 'turtlebot4_description' build argument 'cmake_force_configure' from command line to 'False'
[1.188s] Level 5:colcon.colcon_core.verb:set package 'turtlebot4_description' build argument 'ament_cmake_args' from command line to 'None'
[1.188s] Level 5:colcon.colcon_core.verb:set package 'turtlebot4_description' build argument 'catkin_cmake_args' from command line to 'None'
[1.188s] Level 5:colcon.colcon_core.verb:set package 'turtlebot4_description' build argument 'catkin_skip_building_tests' from command line to 'False'
[1.188s] DEBUG:colcon.colcon_core.verb:Building package 'turtlebot4_description' with the following arguments: {'ament_cmake_args': None, 'build_base': '/home/eduardo/turtlebot4_ws/build/turtlebot4_description', 'catkin_cmake_args': None, 'catkin_skip_building_tests': False, 'cmake_args': None, 'cmake_clean_cache': False, 'cmake_clean_first': False, 'cmake_force_configure': False, 'cmake_target': None, 'cmake_target_skip_unavailable': False, 'install_base': '/home/eduardo/turtlebot4_ws/install/turtlebot4_description', 'merge_install': False, 'path': '/home/eduardo/turtlebot4_ws/src/turtlebot4/turtlebot4_description', 'symlink_install': True, 'test_result_base': None}
[1.201s] Level 5:colcon.colcon_core.verb:set package 'turtlebot4_msgs' build argument 'cmake_args' from command line to 'None'
[1.201s] Level 5:colcon.colcon_core.verb:set package 'turtlebot4_msgs' build argument 'cmake_target' from command line to 'None'
[1.201s] Level 5:colcon.colcon_core.verb:set package 'turtlebot4_msgs' build argument 'cmake_target_skip_unavailable' from command line to 'False'
[1.202s] Level 5:colcon.colcon_core.verb:set package 'turtlebot4_msgs' build argument 'cmake_clean_cache' from command line to 'False'
[1.202s] Level 5:colcon.colcon_core.verb:set package 'turtlebot4_msgs' build argument 'cmake_clean_first' from command line to 'False'
[1.202s] Level 5:colcon.colcon_core.verb:set package 'turtlebot4_msgs' build argument 'cmake_force_configure' from command line to 'False'
[1.202s] Level 5:colcon.colcon_core.verb:set package 'turtlebot4_msgs' build argument 'ament_cmake_args' from command line to 'None'
[1.202s] Level 5:colcon.colcon_core.verb:set package 'turtlebot4_msgs' build argument 'catkin_cmake_args' from command line to 'None'
[1.202s] Level 5:colcon.colcon_core.verb:set package 'turtlebot4_msgs' build argument 'catkin_skip_building_tests' from command line to 'False'
[1.202s] DEBUG:colcon.colcon_core.verb:Building package 'turtlebot4_msgs' with the following arguments: {'ament_cmake_args': None, 'build_base': '/home/eduardo/turtlebot4_ws/build/turtlebot4_msgs', 'catkin_cmake_args': None, 'catkin_skip_building_tests': False, 'cmake_args': None, 'cmake_clean_cache': False, 'cmake_clean_first': False, 'cmake_force_configure': False, 'cmake_target': None, 'cmake_target_skip_unavailable': False, 'install_base': '/home/eduardo/turtlebot4_ws/install/turtlebot4_msgs', 'merge_install': False, 'path': '/home/eduardo/turtlebot4_ws/src/turtlebot4/turtlebot4_msgs', 'symlink_install': True, 'test_result_base': None}
[1.215s] Level 5:colcon.colcon_core.verb:set package 'turtlebot4_navigation' build argument 'cmake_args' from command line to 'None'
[1.215s] Level 5:colcon.colcon_core.verb:set package 'turtlebot4_navigation' build argument 'cmake_target' from command line to 'None'
[1.215s] Level 5:colcon.colcon_core.verb:set package 'turtlebot4_navigation' build argument 'cmake_target_skip_unavailable' from command line to 'False'
[1.215s] Level 5:colcon.colcon_core.verb:set package 'turtlebot4_navigation' build argument 'cmake_clean_cache' from command line to 'False'
[1.215s] Level 5:colcon.colcon_core.verb:set package 'turtlebot4_navigation' build argument 'cmake_clean_first' from command line to 'False'
[1.215s] Level 5:colcon.colcon_core.verb:set package 'turtlebot4_navigation' build argument 'cmake_force_configure' from command line to 'False'
[1.215s] Level 5:colcon.colcon_core.verb:set package 'turtlebot4_navigation' build argument 'ament_cmake_args' from command line to 'None'
[1.215s] Level 5:colcon.colcon_core.verb:set package 'turtlebot4_navigation' build argument 'catkin_cmake_args' from command line to 'None'
[1.215s] Level 5:colcon.colcon_core.verb:set package 'turtlebot4_navigation' build argument 'catkin_skip_building_tests' from command line to 'False'
[1.215s] DEBUG:colcon.colcon_core.verb:Building package 'turtlebot4_navigation' with the following arguments: {'ament_cmake_args': None, 'build_base': '/home/eduardo/turtlebot4_ws/build/turtlebot4_navigation', 'catkin_cmake_args': None, 'catkin_skip_building_tests': False, 'cmake_args': None, 'cmake_clean_cache': False, 'cmake_clean_first': False, 'cmake_force_configure': False, 'cmake_target': None, 'cmake_target_skip_unavailable': False, 'install_base': '/home/eduardo/turtlebot4_ws/install/turtlebot4_navigation', 'merge_install': False, 'path': '/home/eduardo/turtlebot4_ws/src/turtlebot4/turtlebot4_navigation', 'symlink_install': True, 'test_result_base': None}
[1.229s] Level 5:colcon.colcon_core.verb:set package 'turtlebot4_node' build argument 'cmake_args' from command line to 'None'
[1.229s] Level 5:colcon.colcon_core.verb:set package 'turtlebot4_node' build argument 'cmake_target' from command line to 'None'
[1.229s] Level 5:colcon.colcon_core.verb:set package 'turtlebot4_node' build argument 'cmake_target_skip_unavailable' from command line to 'False'
[1.229s] Level 5:colcon.colcon_core.verb:set package 'turtlebot4_node' build argument 'cmake_clean_cache' from command line to 'False'
[1.229s] Level 5:colcon.colcon_core.verb:set package 'turtlebot4_node' build argument 'cmake_clean_first' from command line to 'False'
[1.230s] Level 5:colcon.colcon_core.verb:set package 'turtlebot4_node' build argument 'cmake_force_configure' from command line to 'False'
[1.230s] Level 5:colcon.colcon_core.verb:set package 'turtlebot4_node' build argument 'ament_cmake_args' from command line to 'None'
[1.230s] Level 5:colcon.colcon_core.verb:set package 'turtlebot4_node' build argument 'catkin_cmake_args' from command line to 'None'
[1.230s] Level 5:colcon.colcon_core.verb:set package 'turtlebot4_node' build argument 'catkin_skip_building_tests' from command line to 'False'
[1.230s] DEBUG:colcon.colcon_core.verb:Building package 'turtlebot4_node' with the following arguments: {'ament_cmake_args': None, 'build_base': '/home/eduardo/turtlebot4_ws/build/turtlebot4_node', 'catkin_cmake_args': None, 'catkin_skip_building_tests': False, 'cmake_args': None, 'cmake_clean_cache': False, 'cmake_clean_first': False, 'cmake_force_configure': False, 'cmake_target': None, 'cmake_target_skip_unavailable': False, 'install_base': '/home/eduardo/turtlebot4_ws/install/turtlebot4_node', 'merge_install': False, 'path': '/home/eduardo/turtlebot4_ws/src/turtlebot4/turtlebot4_node', 'symlink_install': True, 'test_result_base': None}
[1.243s] INFO:colcon.colcon_core.executor:Executing jobs using 'parallel' executor
[1.257s] DEBUG:colcon.colcon_parallel_executor.executor.parallel:run_until_complete
[1.258s] INFO:colcon.colcon_ros.task.ament_cmake.build:Building ROS package in '/home/eduardo/turtlebot4_ws/src/turtlebot4/turtlebot4_msgs' with build type 'ament_cmake'
[1.258s] INFO:colcon.colcon_cmake.task.cmake.build:Building CMake package in '/home/eduardo/turtlebot4_ws/src/turtlebot4/turtlebot4_msgs'
[1.275s] INFO:colcon.colcon_core.plugin_system:Skipping extension 'colcon_core.shell.bat': Not used on non-Windows systems
[1.275s] INFO:colcon.colcon_core.shell:Skip shell extension 'powershell' for command environment: Not usable outside of PowerShell
[1.275s] DEBUG:colcon.colcon_core.shell:Skip shell extension 'dsv' for command environment
[1.306s] INFO:colcon.colcon_ros.task.ament_cmake.build:Building ROS package in '/home/eduardo/turtlebot4_ws/src/turtlebot4/turtlebot4_description' with build type 'ament_cmake'
[1.306s] INFO:colcon.colcon_cmake.task.cmake.build:Building CMake package in '/home/eduardo/turtlebot4_ws/src/turtlebot4/turtlebot4_description'
[1.325s] INFO:colcon.colcon_core.shell:Skip shell extension 'powershell' for command environment: Not usable outside of PowerShell
[1.325s] DEBUG:colcon.colcon_core.shell:Skip shell extension 'dsv' for command environment
[1.355s] INFO:colcon.colcon_ros.task.ament_cmake.build:Building ROS package in '/home/eduardo/turtlebot4_ws/src/turtlebot4/turtlebot4_navigation' with build type 'ament_cmake'
[1.355s] INFO:colcon.colcon_cmake.task.cmake.build:Building CMake package in '/home/eduardo/turtlebot4_ws/src/turtlebot4/turtlebot4_navigation'
[1.374s] INFO:colcon.colcon_core.shell:Skip shell extension 'powershell' for command environment: Not usable outside of PowerShell
[1.375s] DEBUG:colcon.colcon_core.shell:Skip shell extension 'dsv' for command environment
[1.412s] DEBUG:colcon.colcon_core.event_handler.log_command:Invoking command in '/home/eduardo/turtlebot4_ws/build/turtlebot4_msgs': CMAKE_PREFIX_PATH=/opt/ros/humble /usr/bin/cmake --build /home/eduardo/turtlebot4_ws/build/turtlebot4_msgs -- -j12 -l12
[1.416s] DEBUG:colcon.colcon_core.event_handler.log_command:Invoking command in '/home/eduardo/turtlebot4_ws/build/turtlebot4_description': CMAKE_PREFIX_PATH=/opt/ros/humble /usr/bin/cmake --build /home/eduardo/turtlebot4_ws/build/turtlebot4_description -- -j12 -l12
[1.421s] DEBUG:colcon.colcon_core.event_handler.log_command:Invoking command in '/home/eduardo/turtlebot4_ws/build/turtlebot4_navigation': CMAKE_PREFIX_PATH=/opt/ros/humble /usr/bin/cmake --build /home/eduardo/turtlebot4_ws/build/turtlebot4_navigation -- -j12 -l12
[1.462s] DEBUG:colcon.colcon_core.event_handler.log_command:Invoked command in '/home/eduardo/turtlebot4_ws/build/turtlebot4_description' returned '0': CMAKE_PREFIX_PATH=/opt/ros/humble /usr/bin/cmake --build /home/eduardo/turtlebot4_ws/build/turtlebot4_description -- -j12 -l12
[1.515s] DEBUG:colcon.colcon_core.event_handler.log_command:Invoking command in '/home/eduardo/turtlebot4_ws/build/turtlebot4_description': CMAKE_PREFIX_PATH=/opt/ros/humble /usr/bin/cmake --install /home/eduardo/turtlebot4_ws/build/turtlebot4_description
[1.547s] Level 1:colcon.colcon_core.environment:create_environment_scripts_only(turtlebot4_description)
[1.548s] DEBUG:colcon.colcon_core.event_handler.log_command:Invoked command in '/home/eduardo/turtlebot4_ws/build/turtlebot4_description' returned '0': CMAKE_PREFIX_PATH=/opt/ros/humble /usr/bin/cmake --install /home/eduardo/turtlebot4_ws/build/turtlebot4_description
[1.572s] Level 1:colcon.colcon_core.environment:checking '/home/eduardo/turtlebot4_ws/install/turtlebot4_description' for CMake module files
[1.573s] Level 1:colcon.colcon_core.environment:checking '/home/eduardo/turtlebot4_ws/install/turtlebot4_description' for CMake config files
[1.573s] Level 1:colcon.colcon_core.shell:create_environment_hook('turtlebot4_description', 'cmake_prefix_path')
[1.594s] INFO:colcon.colcon_core.shell:Creating environment hook '/home/eduardo/turtlebot4_ws/install/turtlebot4_description/share/turtlebot4_description/hook/cmake_prefix_path.ps1'
[1.595s] INFO:colcon.colcon_core.shell:Creating environment descriptor '/home/eduardo/turtlebot4_ws/install/turtlebot4_description/share/turtlebot4_description/hook/cmake_prefix_path.dsv'
[1.596s] INFO:colcon.colcon_core.shell:Creating environment hook '/home/eduardo/turtlebot4_ws/install/turtlebot4_description/share/turtlebot4_description/hook/cmake_prefix_path.sh'
[1.597s] Level 1:colcon.colcon_core.environment:checking '/home/eduardo/turtlebot4_ws/install/turtlebot4_description/bin'
[1.597s] Level 1:colcon.colcon_core.environment:checking '/home/eduardo/turtlebot4_ws/install/turtlebot4_description/lib/pkgconfig/turtlebot4_description.pc'
[1.597s] Level 1:colcon.colcon_core.environment:checking '/home/eduardo/turtlebot4_ws/install/turtlebot4_description/lib/python3.10/site-packages'
[1.597s] Level 1:colcon.colcon_core.environment:checking '/home/eduardo/turtlebot4_ws/install/turtlebot4_description/bin'
[1.619s] INFO:colcon.colcon_core.shell:Creating package script '/home/eduardo/turtlebot4_ws/install/turtlebot4_description/share/turtlebot4_description/package.ps1'
[1.620s] INFO:colcon.colcon_core.shell:Creating package descriptor '/home/eduardo/turtlebot4_ws/install/turtlebot4_description/share/turtlebot4_description/package.dsv'
[1.621s] INFO:colcon.colcon_core.shell:Creating package script '/home/eduardo/turtlebot4_ws/install/turtlebot4_description/share/turtlebot4_description/package.sh'
[1.622s] INFO:colcon.colcon_core.shell:Creating package script '/home/eduardo/turtlebot4_ws/install/turtlebot4_description/share/turtlebot4_description/package.bash'
[1.623s] INFO:colcon.colcon_core.shell:Creating package script '/home/eduardo/turtlebot4_ws/install/turtlebot4_description/share/turtlebot4_description/package.zsh'
[1.624s] Level 1:colcon.colcon_core.environment:create_file_with_runtime_dependencies(/home/eduardo/turtlebot4_ws/install/turtlebot4_description/share/colcon-core/packages/turtlebot4_description)
[1.681s] Level 1:colcon.colcon_core.environment:create_environment_scripts_only(turtlebot4_description)
[1.708s] Level 1:colcon.colcon_core.environment:checking '/home/eduardo/turtlebot4_ws/install/turtlebot4_description' for CMake module files
[1.708s] Level 1:colcon.colcon_core.environment:checking '/home/eduardo/turtlebot4_ws/install/turtlebot4_description' for CMake config files
[1.709s] Level 1:colcon.colcon_core.shell:create_environment_hook('turtlebot4_description', 'cmake_prefix_path')
[1.726s] INFO:colcon.colcon_core.shell:Creating environment hook '/home/eduardo/turtlebot4_ws/install/turtlebot4_description/share/turtlebot4_description/hook/cmake_prefix_path.ps1'
[1.726s] INFO:colcon.colcon_core.shell:Creating environment descriptor '/home/eduardo/turtlebot4_ws/install/turtlebot4_description/share/turtlebot4_description/hook/cmake_prefix_path.dsv'
[1.727s] INFO:colcon.colcon_core.shell:Creating environment hook '/home/eduardo/turtlebot4_ws/install/turtlebot4_description/share/turtlebot4_description/hook/cmake_prefix_path.sh'
[1.727s] Level 1:colcon.colcon_core.environment:checking '/home/eduardo/turtlebot4_ws/install/turtlebot4_description/bin'
[1.727s] Level 1:colcon.colcon_core.environment:checking '/home/eduardo/turtlebot4_ws/install/turtlebot4_description/lib/pkgconfig/turtlebot4_description.pc'
[1.728s] Level 1:colcon.colcon_core.environment:checking '/home/eduardo/turtlebot4_ws/install/turtlebot4_description/lib/python3.10/site-packages'
[1.728s] Level 1:colcon.colcon_core.environment:checking '/home/eduardo/turtlebot4_ws/install/turtlebot4_description/bin'
[1.745s] INFO:colcon.colcon_core.shell:Creating package script '/home/eduardo/turtlebot4_ws/install/turtlebot4_description/share/turtlebot4_description/package.ps1'
[1.746s] INFO:colcon.colcon_core.shell:Creating package descriptor '/home/eduardo/turtlebot4_ws/install/turtlebot4_description/share/turtlebot4_description/package.dsv'
[1.746s] INFO:colcon.colcon_core.shell:Creating package script '/home/eduardo/turtlebot4_ws/install/turtlebot4_description/share/turtlebot4_description/package.sh'
[1.747s] INFO:colcon.colcon_core.shell:Creating package script '/home/eduardo/turtlebot4_ws/install/turtlebot4_description/share/turtlebot4_description/package.bash'
[1.747s] INFO:colcon.colcon_core.shell:Creating package script '/home/eduardo/turtlebot4_ws/install/turtlebot4_description/share/turtlebot4_description/package.zsh'
[1.747s] Level 1:colcon.colcon_core.environment:create_file_with_runtime_dependencies(/home/eduardo/turtlebot4_ws/install/turtlebot4_description/share/colcon-core/packages/turtlebot4_description)
[1.839s] DEBUG:colcon.colcon_core.event_handler.log_command:Invoked command in '/home/eduardo/turtlebot4_ws/build/turtlebot4_msgs' returned '0': CMAKE_PREFIX_PATH=/opt/ros/humble /usr/bin/cmake --build /home/eduardo/turtlebot4_ws/build/turtlebot4_msgs -- -j12 -l12
[1.858s] DEBUG:colcon.colcon_core.event_handler.log_command:Invoked command in '/home/eduardo/turtlebot4_ws/build/turtlebot4_navigation' returned '0': CMAKE_PREFIX_PATH=/opt/ros/humble /usr/bin/cmake --build /home/eduardo/turtlebot4_ws/build/turtlebot4_navigation -- -j12 -l12
[1.886s] DEBUG:colcon.colcon_core.event_handler.log_command:Invoking command in '/home/eduardo/turtlebot4_ws/build/turtlebot4_navigation': CMAKE_PREFIX_PATH=/opt/ros/humble /usr/bin/cmake --install /home/eduardo/turtlebot4_ws/build/turtlebot4_navigation
[1.954s] DEBUG:colcon.colcon_core.event_handler.log_command:Invoking command in '/home/eduardo/turtlebot4_ws/build/turtlebot4_msgs': CMAKE_PREFIX_PATH=/opt/ros/humble /usr/bin/cmake --install /home/eduardo/turtlebot4_ws/build/turtlebot4_msgs
[2.002s] Level 1:colcon.colcon_core.environment:create_environment_scripts_only(turtlebot4_navigation)
[2.003s] DEBUG:colcon.colcon_core.event_handler.log_command:Invoked command in '/home/eduardo/turtlebot4_ws/build/turtlebot4_navigation' returned '0': CMAKE_PREFIX_PATH=/opt/ros/humble /usr/bin/cmake --install /home/eduardo/turtlebot4_ws/build/turtlebot4_navigation
[2.028s] Level 1:colcon.colcon_core.environment:checking '/home/eduardo/turtlebot4_ws/install/turtlebot4_navigation' for CMake module files
[2.029s] Level 1:colcon.colcon_core.environment:checking '/home/eduardo/turtlebot4_ws/install/turtlebot4_navigation' for CMake config files
[2.030s] Level 1:colcon.colcon_core.shell:create_environment_hook('turtlebot4_navigation', 'cmake_prefix_path')
[2.058s] INFO:colcon.colcon_core.shell:Creating environment hook '/home/eduardo/turtlebot4_ws/install/turtlebot4_navigation/share/turtlebot4_navigation/hook/cmake_prefix_path.ps1'
[2.058s] INFO:colcon.colcon_core.shell:Creating environment descriptor '/home/eduardo/turtlebot4_ws/install/turtlebot4_navigation/share/turtlebot4_navigation/hook/cmake_prefix_path.dsv'
[2.059s] INFO:colcon.colcon_core.shell:Creating environment hook '/home/eduardo/turtlebot4_ws/install/turtlebot4_navigation/share/turtlebot4_navigation/hook/cmake_prefix_path.sh'
[2.059s] Level 1:colcon.colcon_core.environment:checking '/home/eduardo/turtlebot4_ws/install/turtlebot4_navigation/bin'
[2.059s] Level 1:colcon.colcon_core.environment:checking '/home/eduardo/turtlebot4_ws/install/turtlebot4_navigation/lib/pkgconfig/turtlebot4_navigation.pc'
[2.059s] Level 1:colcon.colcon_core.environment:checking '/home/eduardo/turtlebot4_ws/install/turtlebot4_navigation/lib/python3.10/site-packages'
[2.060s] Level 1:colcon.colcon_core.environment:checking '/home/eduardo/turtlebot4_ws/install/turtlebot4_navigation/bin'
[2.073s] INFO:colcon.colcon_core.shell:Creating package script '/home/eduardo/turtlebot4_ws/install/turtlebot4_navigation/share/turtlebot4_navigation/package.ps1'
[2.074s] INFO:colcon.colcon_core.shell:Creating package descriptor '/home/eduardo/turtlebot4_ws/install/turtlebot4_navigation/share/turtlebot4_navigation/package.dsv'
[2.074s] INFO:colcon.colcon_core.shell:Creating package script '/home/eduardo/turtlebot4_ws/install/turtlebot4_navigation/share/turtlebot4_navigation/package.sh'
[2.074s] INFO:colcon.colcon_core.shell:Creating package script '/home/eduardo/turtlebot4_ws/install/turtlebot4_navigation/share/turtlebot4_navigation/package.bash'
[2.075s] INFO:colcon.colcon_core.shell:Creating package script '/home/eduardo/turtlebot4_ws/install/turtlebot4_navigation/share/turtlebot4_navigation/package.zsh'
[2.075s] Level 1:colcon.colcon_core.environment:create_file_with_runtime_dependencies(/home/eduardo/turtlebot4_ws/install/turtlebot4_navigation/share/colcon-core/packages/turtlebot4_navigation)
[2.077s] Level 1:colcon.colcon_core.environment:create_environment_scripts_only(turtlebot4_msgs)
[2.078s] DEBUG:colcon.colcon_core.event_handler.log_command:Invoked command in '/home/eduardo/turtlebot4_ws/build/turtlebot4_msgs' returned '0': CMAKE_PREFIX_PATH=/opt/ros/humble /usr/bin/cmake --install /home/eduardo/turtlebot4_ws/build/turtlebot4_msgs
[2.096s] Level 1:colcon.colcon_core.environment:checking '/home/eduardo/turtlebot4_ws/install/turtlebot4_msgs' for CMake module files
[2.097s] Level 1:colcon.colcon_core.environment:checking '/home/eduardo/turtlebot4_ws/install/turtlebot4_msgs' for CMake config files
[2.098s] Level 1:colcon.colcon_core.shell:create_environment_hook('turtlebot4_msgs', 'cmake_prefix_path')
[2.112s] INFO:colcon.colcon_core.shell:Creating environment hook '/home/eduardo/turtlebot4_ws/install/turtlebot4_msgs/share/turtlebot4_msgs/hook/cmake_prefix_path.ps1'
[2.113s] INFO:colcon.colcon_core.shell:Creating environment descriptor '/home/eduardo/turtlebot4_ws/install/turtlebot4_msgs/share/turtlebot4_msgs/hook/cmake_prefix_path.dsv'
[2.113s] INFO:colcon.colcon_core.shell:Creating environment hook '/home/eduardo/turtlebot4_ws/install/turtlebot4_msgs/share/turtlebot4_msgs/hook/cmake_prefix_path.sh'
[2.114s] Level 1:colcon.colcon_core.environment:checking '/home/eduardo/turtlebot4_ws/install/turtlebot4_msgs/lib'
[2.114s] Level 1:colcon.colcon_core.shell:create_environment_hook('turtlebot4_msgs', 'ld_library_path_lib')
[2.127s] INFO:colcon.colcon_core.shell:Creating environment hook '/home/eduardo/turtlebot4_ws/install/turtlebot4_msgs/share/turtlebot4_msgs/hook/ld_library_path_lib.ps1'
[2.127s] INFO:colcon.colcon_core.shell:Creating environment descriptor '/home/eduardo/turtlebot4_ws/install/turtlebot4_msgs/share/turtlebot4_msgs/hook/ld_library_path_lib.dsv'
[2.128s] INFO:colcon.colcon_core.shell:Creating environment hook '/home/eduardo/turtlebot4_ws/install/turtlebot4_msgs/share/turtlebot4_msgs/hook/ld_library_path_lib.sh'
[2.128s] Level 1:colcon.colcon_core.environment:checking '/home/eduardo/turtlebot4_ws/install/turtlebot4_msgs/bin'
[2.128s] Level 1:colcon.colcon_core.environment:checking '/home/eduardo/turtlebot4_ws/install/turtlebot4_msgs/lib/pkgconfig/turtlebot4_msgs.pc'
[2.128s] Level 1:colcon.colcon_core.environment:checking '/home/eduardo/turtlebot4_ws/install/turtlebot4_msgs/lib/python3.10/site-packages'
[2.129s] Level 1:colcon.colcon_core.environment:checking '/home/eduardo/turtlebot4_ws/install/turtlebot4_msgs/bin'
[2.142s] INFO:colcon.colcon_core.shell:Creating package script '/home/eduardo/turtlebot4_ws/install/turtlebot4_msgs/share/turtlebot4_msgs/package.ps1'
[2.142s] INFO:colcon.colcon_core.shell:Creating package descriptor '/home/eduardo/turtlebot4_ws/install/turtlebot4_msgs/share/turtlebot4_msgs/package.dsv'
[2.143s] INFO:colcon.colcon_core.shell:Creating package script '/home/eduardo/turtlebot4_ws/install/turtlebot4_msgs/share/turtlebot4_msgs/package.sh'
[2.143s] INFO:colcon.colcon_core.shell:Creating package script '/home/eduardo/turtlebot4_ws/install/turtlebot4_msgs/share/turtlebot4_msgs/package.bash'
[2.143s] INFO:colcon.colcon_core.shell:Creating package script '/home/eduardo/turtlebot4_ws/install/turtlebot4_msgs/share/turtlebot4_msgs/package.zsh'
[2.144s] Level 1:colcon.colcon_core.environment:create_file_with_runtime_dependencies(/home/eduardo/turtlebot4_ws/install/turtlebot4_msgs/share/colcon-core/packages/turtlebot4_msgs)
[2.163s] Level 1:colcon.colcon_core.environment:create_environment_scripts_only(turtlebot4_navigation)
[2.181s] Level 1:colcon.colcon_core.environment:checking '/home/eduardo/turtlebot4_ws/install/turtlebot4_navigation' for CMake module files
[2.181s] Level 1:colcon.colcon_core.environment:checking '/home/eduardo/turtlebot4_ws/install/turtlebot4_navigation' for CMake config files
[2.182s] Level 1:colcon.colcon_core.shell:create_environment_hook('turtlebot4_navigation', 'cmake_prefix_path')
[2.201s] INFO:colcon.colcon_core.shell:Creating environment hook '/home/eduardo/turtlebot4_ws/install/turtlebot4_navigation/share/turtlebot4_navigation/hook/cmake_prefix_path.ps1'
[2.201s] INFO:colcon.colcon_core.shell:Creating environment descriptor '/home/eduardo/turtlebot4_ws/install/turtlebot4_navigation/share/turtlebot4_navigation/hook/cmake_prefix_path.dsv'
[2.202s] INFO:colcon.colcon_core.shell:Creating environment hook '/home/eduardo/turtlebot4_ws/install/turtlebot4_navigation/share/turtlebot4_navigation/hook/cmake_prefix_path.sh'
[2.202s] Level 1:colcon.colcon_core.environment:checking '/home/eduardo/turtlebot4_ws/install/turtlebot4_navigation/bin'
[2.202s] Level 1:colcon.colcon_core.environment:checking '/home/eduardo/turtlebot4_ws/install/turtlebot4_navigation/lib/pkgconfig/turtlebot4_navigation.pc'
[2.202s] Level 1:colcon.colcon_core.environment:checking '/home/eduardo/turtlebot4_ws/install/turtlebot4_navigation/lib/python3.10/site-packages'
[2.203s] Level 1:colcon.colcon_core.environment:checking '/home/eduardo/turtlebot4_ws/install/turtlebot4_navigation/bin'
[2.221s] INFO:colcon.colcon_core.shell:Creating package script '/home/eduardo/turtlebot4_ws/install/turtlebot4_navigation/share/turtlebot4_navigation/package.ps1'
[2.222s] INFO:colcon.colcon_core.shell:Creating package descriptor '/home/eduardo/turtlebot4_ws/install/turtlebot4_navigation/share/turtlebot4_navigation/package.dsv'
[2.222s] INFO:colcon.colcon_core.shell:Creating package script '/home/eduardo/turtlebot4_ws/install/turtlebot4_navigation/share/turtlebot4_navigation/package.sh'
[2.223s] INFO:colcon.colcon_core.shell:Creating package script '/home/eduardo/turtlebot4_ws/install/turtlebot4_navigation/share/turtlebot4_navigation/package.bash'
[2.223s] INFO:colcon.colcon_core.shell:Creating package script '/home/eduardo/turtlebot4_ws/install/turtlebot4_navigation/share/turtlebot4_navigation/package.zsh'
[2.224s] Level 1:colcon.colcon_core.environment:create_file_with_runtime_dependencies(/home/eduardo/turtlebot4_ws/install/turtlebot4_navigation/share/colcon-core/packages/turtlebot4_navigation)
[2.270s] Level 1:colcon.colcon_core.environment:create_environment_scripts_only(turtlebot4_msgs)
[2.285s] Level 1:colcon.colcon_core.environment:checking '/home/eduardo/turtlebot4_ws/install/turtlebot4_msgs' for CMake module files
[2.286s] Level 1:colcon.colcon_core.environment:checking '/home/eduardo/turtlebot4_ws/install/turtlebot4_msgs' for CMake config files
[2.287s] Level 1:colcon.colcon_core.shell:create_environment_hook('turtlebot4_msgs', 'cmake_prefix_path')
[2.300s] INFO:colcon.colcon_core.shell:Creating environment hook '/home/eduardo/turtlebot4_ws/install/turtlebot4_msgs/share/turtlebot4_msgs/hook/cmake_prefix_path.ps1'
[2.300s] INFO:colcon.colcon_core.shell:Creating environment descriptor '/home/eduardo/turtlebot4_ws/install/turtlebot4_msgs/share/turtlebot4_msgs/hook/cmake_prefix_path.dsv'
[2.301s] INFO:colcon.colcon_core.shell:Creating environment hook '/home/eduardo/turtlebot4_ws/install/turtlebot4_msgs/share/turtlebot4_msgs/hook/cmake_prefix_path.sh'
[2.301s] Level 1:colcon.colcon_core.environment:checking '/home/eduardo/turtlebot4_ws/install/turtlebot4_msgs/lib'
[2.301s] Level 1:colcon.colcon_core.shell:create_environment_hook('turtlebot4_msgs', 'ld_library_path_lib')
[2.315s] INFO:colcon.colcon_core.shell:Creating environment hook '/home/eduardo/turtlebot4_ws/install/turtlebot4_msgs/share/turtlebot4_msgs/hook/ld_library_path_lib.ps1'
[2.315s] INFO:colcon.colcon_core.shell:Creating environment descriptor '/home/eduardo/turtlebot4_ws/install/turtlebot4_msgs/share/turtlebot4_msgs/hook/ld_library_path_lib.dsv'
[2.315s] INFO:colcon.colcon_core.shell:Creating environment hook '/home/eduardo/turtlebot4_ws/install/turtlebot4_msgs/share/turtlebot4_msgs/hook/ld_library_path_lib.sh'
[2.316s] Level 1:colcon.colcon_core.environment:checking '/home/eduardo/turtlebot4_ws/install/turtlebot4_msgs/bin'
[2.316s] Level 1:colcon.colcon_core.environment:checking '/home/eduardo/turtlebot4_ws/install/turtlebot4_msgs/lib/pkgconfig/turtlebot4_msgs.pc'
[2.316s] Level 1:colcon.colcon_core.environment:checking '/home/eduardo/turtlebot4_ws/install/turtlebot4_msgs/lib/python3.10/site-packages'
[2.316s] Level 1:colcon.colcon_core.environment:checking '/home/eduardo/turtlebot4_ws/install/turtlebot4_msgs/bin'
[2.330s] INFO:colcon.colcon_core.shell:Creating package script '/home/eduardo/turtlebot4_ws/install/turtlebot4_msgs/share/turtlebot4_msgs/package.ps1'
[2.330s] INFO:colcon.colcon_core.shell:Creating package descriptor '/home/eduardo/turtlebot4_ws/install/turtlebot4_msgs/share/turtlebot4_msgs/package.dsv'
[2.331s] INFO:colcon.colcon_core.shell:Creating package script '/home/eduardo/turtlebot4_ws/install/turtlebot4_msgs/share/turtlebot4_msgs/package.sh'
[2.331s] INFO:colcon.colcon_core.shell:Creating package script '/home/eduardo/turtlebot4_ws/install/turtlebot4_msgs/share/turtlebot4_msgs/package.bash'
[2.332s] INFO:colcon.colcon_core.shell:Creating package script '/home/eduardo/turtlebot4_ws/install/turtlebot4_msgs/share/turtlebot4_msgs/package.zsh'
[2.332s] Level 1:colcon.colcon_core.environment:create_file_with_runtime_dependencies(/home/eduardo/turtlebot4_ws/install/turtlebot4_msgs/share/colcon-core/packages/turtlebot4_msgs)
[2.333s] INFO:colcon.colcon_ros.task.ament_cmake.build:Building ROS package in '/home/eduardo/turtlebot4_ws/src/turtlebot4/turtlebot4_node' with build type 'ament_cmake'
[2.333s] INFO:colcon.colcon_cmake.task.cmake.build:Building CMake package in '/home/eduardo/turtlebot4_ws/src/turtlebot4/turtlebot4_node'
[2.348s] INFO:colcon.colcon_core.shell:Skip shell extension 'powershell' for command environment: Not usable outside of PowerShell
[2.348s] DEBUG:colcon.colcon_core.shell:Skip shell extension 'dsv' for command environment
[2.388s] DEBUG:colcon.colcon_core.event_handler.log_command:Invoking command in '/home/eduardo/turtlebot4_ws/build/turtlebot4_node': AMENT_PREFIX_PATH=/home/eduardo/turtlebot4_ws/install/turtlebot4_msgs:${AMENT_PREFIX_PATH} CMAKE_PREFIX_PATH=/home/eduardo/turtlebot4_ws/install/turtlebot4_msgs:/opt/ros/humble LD_LIBRARY_PATH=/home/eduardo/turtlebot4_ws/install/turtlebot4_msgs/lib:${LD_LIBRARY_PATH} PYTHONPATH=/home/eduardo/turtlebot4_ws/install/turtlebot4_msgs/local/lib/python3.10/dist-packages:${PYTHONPATH} /usr/bin/cmake --build /home/eduardo/turtlebot4_ws/build/turtlebot4_node -- -j12 -l12
[2.504s] DEBUG:colcon.colcon_core.event_handler.log_command:Invoked command in '/home/eduardo/turtlebot4_ws/build/turtlebot4_node' returned '0': AMENT_PREFIX_PATH=/home/eduardo/turtlebot4_ws/install/turtlebot4_msgs:${AMENT_PREFIX_PATH} CMAKE_PREFIX_PATH=/home/eduardo/turtlebot4_ws/install/turtlebot4_msgs:/opt/ros/humble LD_LIBRARY_PATH=/home/eduardo/turtlebot4_ws/install/turtlebot4_msgs/lib:${LD_LIBRARY_PATH} PYTHONPATH=/home/eduardo/turtlebot4_ws/install/turtlebot4_msgs/local/lib/python3.10/dist-packages:${PYTHONPATH} /usr/bin/cmake --build /home/eduardo/turtlebot4_ws/build/turtlebot4_node -- -j12 -l12
[2.552s] DEBUG:colcon.colcon_core.event_handler.log_command:Invoking command in '/home/eduardo/turtlebot4_ws/build/turtlebot4_node': AMENT_PREFIX_PATH=/home/eduardo/turtlebot4_ws/install/turtlebot4_msgs:${AMENT_PREFIX_PATH} CMAKE_PREFIX_PATH=/home/eduardo/turtlebot4_ws/install/turtlebot4_msgs:/opt/ros/humble LD_LIBRARY_PATH=/home/eduardo/turtlebot4_ws/install/turtlebot4_msgs/lib:${LD_LIBRARY_PATH} PYTHONPATH=/home/eduardo/turtlebot4_ws/install/turtlebot4_msgs/local/lib/python3.10/dist-packages:${PYTHONPATH} /usr/bin/cmake --install /home/eduardo/turtlebot4_ws/build/turtlebot4_node
[2.606s] Level 1:colcon.colcon_core.environment:create_environment_scripts_only(turtlebot4_node)
[2.607s] DEBUG:colcon.colcon_core.event_handler.log_command:Invoked command in '/home/eduardo/turtlebot4_ws/build/turtlebot4_node' returned '0': AMENT_PREFIX_PATH=/home/eduardo/turtlebot4_ws/install/turtlebot4_msgs:${AMENT_PREFIX_PATH} CMAKE_PREFIX_PATH=/home/eduardo/turtlebot4_ws/install/turtlebot4_msgs:/opt/ros/humble LD_LIBRARY_PATH=/home/eduardo/turtlebot4_ws/install/turtlebot4_msgs/lib:${LD_LIBRARY_PATH} PYTHONPATH=/home/eduardo/turtlebot4_ws/install/turtlebot4_msgs/local/lib/python3.10/dist-packages:${PYTHONPATH} /usr/bin/cmake --install /home/eduardo/turtlebot4_ws/build/turtlebot4_node
[2.638s] Level 1:colcon.colcon_core.environment:checking '/home/eduardo/turtlebot4_ws/install/turtlebot4_node' for CMake module files
[2.638s] Level 1:colcon.colcon_core.environment:checking '/home/eduardo/turtlebot4_ws/install/turtlebot4_node' for CMake config files
[2.639s] Level 1:colcon.colcon_core.shell:create_environment_hook('turtlebot4_node', 'cmake_prefix_path')
[2.657s] INFO:colcon.colcon_core.shell:Creating environment hook '/home/eduardo/turtlebot4_ws/install/turtlebot4_node/share/turtlebot4_node/hook/cmake_prefix_path.ps1'
[2.658s] INFO:colcon.colcon_core.shell:Creating environment descriptor '/home/eduardo/turtlebot4_ws/install/turtlebot4_node/share/turtlebot4_node/hook/cmake_prefix_path.dsv'
[2.658s] INFO:colcon.colcon_core.shell:Creating environment hook '/home/eduardo/turtlebot4_ws/install/turtlebot4_node/share/turtlebot4_node/hook/cmake_prefix_path.sh'
[2.659s] Level 1:colcon.colcon_core.environment:checking '/home/eduardo/turtlebot4_ws/install/turtlebot4_node/lib'
[2.659s] Level 1:colcon.colcon_core.environment:checking '/home/eduardo/turtlebot4_ws/install/turtlebot4_node/bin'
[2.659s] Level 1:colcon.colcon_core.environment:checking '/home/eduardo/turtlebot4_ws/install/turtlebot4_node/lib/pkgconfig/turtlebot4_node.pc'
[2.659s] Level 1:colcon.colcon_core.environment:checking '/home/eduardo/turtlebot4_ws/install/turtlebot4_node/lib/python3.10/site-packages'
[2.659s] Level 1:colcon.colcon_core.environment:checking '/home/eduardo/turtlebot4_ws/install/turtlebot4_node/bin'
[2.673s] INFO:colcon.colcon_core.shell:Creating package script '/home/eduardo/turtlebot4_ws/install/turtlebot4_node/share/turtlebot4_node/package.ps1'
[2.673s] INFO:colcon.colcon_core.shell:Creating package descriptor '/home/eduardo/turtlebot4_ws/install/turtlebot4_node/share/turtlebot4_node/package.dsv'
[2.673s] INFO:colcon.colcon_core.shell:Creating package script '/home/eduardo/turtlebot4_ws/install/turtlebot4_node/share/turtlebot4_node/package.sh'
[2.674s] INFO:colcon.colcon_core.shell:Creating package script '/home/eduardo/turtlebot4_ws/install/turtlebot4_node/share/turtlebot4_node/package.bash'
[2.674s] INFO:colcon.colcon_core.shell:Creating package script '/home/eduardo/turtlebot4_ws/install/turtlebot4_node/share/turtlebot4_node/package.zsh'
[2.674s] Level 1:colcon.colcon_core.environment:create_file_with_runtime_dependencies(/home/eduardo/turtlebot4_ws/install/turtlebot4_node/share/colcon-core/packages/turtlebot4_node)
[2.728s] Level 1:colcon.colcon_core.environment:create_environment_scripts_only(turtlebot4_node)
[2.744s] Level 1:colcon.colcon_core.environment:checking '/home/eduardo/turtlebot4_ws/install/turtlebot4_node' for CMake module files
[2.745s] Level 1:colcon.colcon_core.environment:checking '/home/eduardo/turtlebot4_ws/install/turtlebot4_node' for CMake config files
[2.745s] Level 1:colcon.colcon_core.shell:create_environment_hook('turtlebot4_node', 'cmake_prefix_path')
[2.759s] INFO:colcon.colcon_core.shell:Creating environment hook '/home/eduardo/turtlebot4_ws/install/turtlebot4_node/share/turtlebot4_node/hook/cmake_prefix_path.ps1'
[2.759s] INFO:colcon.colcon_core.shell:Creating environment descriptor '/home/eduardo/turtlebot4_ws/install/turtlebot4_node/share/turtlebot4_node/hook/cmake_prefix_path.dsv'
[2.760s] INFO:colcon.colcon_core.shell:Creating environment hook '/home/eduardo/turtlebot4_ws/install/turtlebot4_node/share/turtlebot4_node/hook/cmake_prefix_path.sh'
[2.761s] Level 1:colcon.colcon_core.environment:checking '/home/eduardo/turtlebot4_ws/install/turtlebot4_node/lib'
[2.761s] Level 1:colcon.colcon_core.environment:checking '/home/eduardo/turtlebot4_ws/install/turtlebot4_node/bin'
[2.761s] Level 1:colcon.colcon_core.environment:checking '/home/eduardo/turtlebot4_ws/install/turtlebot4_node/lib/pkgconfig/turtlebot4_node.pc'
[2.761s] Level 1:colcon.colcon_core.environment:checking '/home/eduardo/turtlebot4_ws/install/turtlebot4_node/lib/python3.10/site-packages'
[2.761s] Level 1:colcon.colcon_core.environment:checking '/home/eduardo/turtlebot4_ws/install/turtlebot4_node/bin'
[2.775s] INFO:colcon.colcon_core.shell:Creating package script '/home/eduardo/turtlebot4_ws/install/turtlebot4_node/share/turtlebot4_node/package.ps1'
[2.775s] INFO:colcon.colcon_core.shell:Creating package descriptor '/home/eduardo/turtlebot4_ws/install/turtlebot4_node/share/turtlebot4_node/package.dsv'
[2.776s] INFO:colcon.colcon_core.shell:Creating package script '/home/eduardo/turtlebot4_ws/install/turtlebot4_node/share/turtlebot4_node/package.sh'
[2.776s] INFO:colcon.colcon_core.shell:Creating package script '/home/eduardo/turtlebot4_ws/install/turtlebot4_node/share/turtlebot4_node/package.bash'
[2.777s] INFO:colcon.colcon_core.shell:Creating package script '/home/eduardo/turtlebot4_ws/install/turtlebot4_node/share/turtlebot4_node/package.zsh'
[2.777s] Level 1:colcon.colcon_core.environment:create_file_with_runtime_dependencies(/home/eduardo/turtlebot4_ws/install/turtlebot4_node/share/colcon-core/packages/turtlebot4_node)
[2.777s] DEBUG:colcon.colcon_parallel_executor.executor.parallel:closing loop
[2.777s] DEBUG:colcon.colcon_parallel_executor.executor.parallel:loop closed
[2.778s] DEBUG:colcon.colcon_parallel_executor.executor.parallel:run_until_complete finished with '0'
[2.778s] DEBUG:colcon.colcon_core.event_reactor:joining thread
[2.799s] INFO:colcon.colcon_core.plugin_system:Skipping extension 'colcon_notification.desktop_notification.terminal_notifier': Not used on non-Darwin systems
[2.799s] INFO:colcon.colcon_core.plugin_system:Skipping extension 'colcon_notification.desktop_notification.win32': Not used on non-Windows systems
[2.799s] INFO:colcon.colcon_notification.desktop_notification:Sending desktop notification using 'notify2'
[2.811s] DEBUG:colcon.colcon_core.event_reactor:joined thread
[2.830s] INFO:colcon.colcon_core.shell:Creating prefix script '/home/eduardo/turtlebot4_ws/install/local_setup.ps1'
[2.831s] INFO:colcon.colcon_core.shell:Creating prefix util module '/home/eduardo/turtlebot4_ws/install/_local_setup_util_ps1.py'
[2.833s] INFO:colcon.colcon_core.shell:Creating prefix chain script '/home/eduardo/turtlebot4_ws/install/setup.ps1'
[2.851s] INFO:colcon.colcon_core.shell:Creating prefix script '/home/eduardo/turtlebot4_ws/install/local_setup.sh'
[2.851s] INFO:colcon.colcon_core.shell:Creating prefix util module '/home/eduardo/turtlebot4_ws/install/_local_setup_util_sh.py'
[2.852s] INFO:colcon.colcon_core.shell:Creating prefix chain script '/home/eduardo/turtlebot4_ws/install/setup.sh'
[2.869s] INFO:colcon.colcon_core.shell:Creating prefix script '/home/eduardo/turtlebot4_ws/install/local_setup.bash'
[2.870s] INFO:colcon.colcon_core.shell:Creating prefix chain script '/home/eduardo/turtlebot4_ws/install/setup.bash'
[2.887s] INFO:colcon.colcon_core.shell:Creating prefix script '/home/eduardo/turtlebot4_ws/install/local_setup.zsh'
[2.887s] INFO:colcon.colcon_core.shell:Creating prefix chain script '/home/eduardo/turtlebot4_ws/install/setup.zsh'
