[0.303s] Invoking command in '/home/eduardo/turtlebot4_ws/build/turtlebot4_navigation': CMAKE_PREFIX_PATH=${CMAKE_PREFIX_PATH}:/home/eduardo/turtlebot4_ws/install/turtlebot4_python_tutorials:/home/eduardo/turtlebot4_ws/install/robot_movement:/opt/ros/humble /usr/bin/cmake --build /home/eduardo/turtlebot4_ws/build/turtlebot4_navigation -- -j12 -l12
[0.421s] Built target ament_cmake_python_symlink_turtlebot4_navigation
[1.150s] running egg_info
[1.152s] writing turtlebot4_navigation.egg-info/PKG-INFO
[1.152s] writing dependency_links to turtlebot4_navigation.egg-info/dependency_links.txt
[1.153s] writing top-level names to turtlebot4_navigation.egg-info/top_level.txt
[1.156s] reading manifest file 'turtlebot4_navigation.egg-info/SOURCES.txt'
[1.158s] writing manifest file 'turtlebot4_navigation.egg-info/SOURCES.txt'
[1.203s] Built target ament_cmake_python_build_turtlebot4_navigation_egg
[1.236s] Invoked command in '/home/eduardo/turtlebot4_ws/build/turtlebot4_navigation' returned '0': CMAKE_PREFIX_PATH=${CMAKE_PREFIX_PATH}:/home/eduardo/turtlebot4_ws/install/turtlebot4_python_tutorials:/home/eduardo/turtlebot4_ws/install/robot_movement:/opt/ros/humble /usr/bin/cmake --build /home/eduardo/turtlebot4_ws/build/turtlebot4_navigation -- -j12 -l12
[1.290s] Invoking command in '/home/eduardo/turtlebot4_ws/build/turtlebot4_navigation': CMAKE_PREFIX_PATH=${CMAKE_PREFIX_PATH}:/home/eduardo/turtlebot4_ws/install/turtlebot4_python_tutorials:/home/eduardo/turtlebot4_ws/install/robot_movement:/opt/ros/humble /usr/bin/cmake --install /home/eduardo/turtlebot4_ws/build/turtlebot4_navigation
[1.306s] -- Install configuration: ""
[1.308s] -- Execute custom install script
[1.311s] -- Up-to-date symlink: /home/eduardo/turtlebot4_ws/install/turtlebot4_navigation/share/turtlebot4_navigation/config/localization.yaml
[1.311s] -- Up-to-date symlink: /home/eduardo/turtlebot4_ws/install/turtlebot4_navigation/share/turtlebot4_navigation/config/nav2.yaml
[1.312s] -- Up-to-date symlink: /home/eduardo/turtlebot4_ws/install/turtlebot4_navigation/share/turtlebot4_navigation/config/slam.yaml
[1.314s] -- Up-to-date symlink: /home/eduardo/turtlebot4_ws/install/turtlebot4_navigation/share/turtlebot4_navigation/launch/localization.launch.py
[1.314s] -- Up-to-date symlink: /home/eduardo/turtlebot4_ws/install/turtlebot4_navigation/share/turtlebot4_navigation/launch/nav2.launch.py
[1.314s] -- Up-to-date symlink: /home/eduardo/turtlebot4_ws/install/turtlebot4_navigation/share/turtlebot4_navigation/launch/slam.launch.py
[1.315s] -- Up-to-date symlink: /home/eduardo/turtlebot4_ws/install/turtlebot4_navigation/share/turtlebot4_navigation/maps/depot.pgm
[1.318s] -- Up-to-date symlink: /home/eduardo/turtlebot4_ws/install/turtlebot4_navigation/share/turtlebot4_navigation/maps/depot.yaml
[1.318s] -- Up-to-date symlink: /home/eduardo/turtlebot4_ws/install/turtlebot4_navigation/share/turtlebot4_navigation/maps/maze.pgm
[1.319s] -- Up-to-date symlink: /home/eduardo/turtlebot4_ws/install/turtlebot4_navigation/share/turtlebot4_navigation/maps/maze.yaml
[1.320s] -- Up-to-date symlink: /home/eduardo/turtlebot4_ws/install/turtlebot4_navigation/share/turtlebot4_navigation/maps/warehouse.pgm
[1.320s] -- Up-to-date symlink: /home/eduardo/turtlebot4_ws/install/turtlebot4_navigation/share/turtlebot4_navigation/maps/warehouse.yaml
[1.323s] -- Up-to-date symlink: /home/eduardo/turtlebot4_ws/install/turtlebot4_navigation/share/turtlebot4_navigation/environment/pythonpath.sh
[1.325s] -- Up-to-date symlink: /home/eduardo/turtlebot4_ws/install/turtlebot4_navigation/share/turtlebot4_navigation/environment/pythonpath.dsv
[1.326s] -- Up-to-date symlink: /home/eduardo/turtlebot4_ws/install/turtlebot4_navigation/local/lib/python3.10/dist-packages/turtlebot4_navigation-1.0.4-py3.10.egg-info/PKG-INFO
[1.327s] -- Up-to-date symlink: /home/eduardo/turtlebot4_ws/install/turtlebot4_navigation/local/lib/python3.10/dist-packages/turtlebot4_navigation-1.0.4-py3.10.egg-info/SOURCES.txt
[1.327s] -- Up-to-date symlink: /home/eduardo/turtlebot4_ws/install/turtlebot4_navigation/local/lib/python3.10/dist-packages/turtlebot4_navigation-1.0.4-py3.10.egg-info/dependency_links.txt
[1.327s] -- Up-to-date symlink: /home/eduardo/turtlebot4_ws/install/turtlebot4_navigation/local/lib/python3.10/dist-packages/turtlebot4_navigation-1.0.4-py3.10.egg-info/top_level.txt
[1.328s] -- Up-to-date symlink: /home/eduardo/turtlebot4_ws/install/turtlebot4_navigation/local/lib/python3.10/dist-packages/turtlebot4_navigation/__init__.py
[1.329s] -- Up-to-date symlink: /home/eduardo/turtlebot4_ws/install/turtlebot4_navigation/local/lib/python3.10/dist-packages/turtlebot4_navigation/turtlebot4_navigator.py
[1.330s] -- Up-to-date symlink: /home/eduardo/turtlebot4_ws/install/turtlebot4_navigation/local/lib/python3.10/dist-packages/turtlebot4_navigator.py
[1.330s] -- Up-to-date symlink: /home/eduardo/turtlebot4_ws/install/turtlebot4_navigation/share/ament_index/resource_index/package_run_dependencies/turtlebot4_navigation
[1.330s] -- Up-to-date symlink: /home/eduardo/turtlebot4_ws/install/turtlebot4_navigation/share/ament_index/resource_index/parent_prefix_path/turtlebot4_navigation
[1.330s] -- Up-to-date symlink: /home/eduardo/turtlebot4_ws/install/turtlebot4_navigation/share/turtlebot4_navigation/environment/ament_prefix_path.sh
[1.331s] -- Up-to-date symlink: /home/eduardo/turtlebot4_ws/install/turtlebot4_navigation/share/turtlebot4_navigation/environment/ament_prefix_path.dsv
[1.332s] -- Up-to-date symlink: /home/eduardo/turtlebot4_ws/install/turtlebot4_navigation/share/turtlebot4_navigation/environment/path.sh
[1.332s] -- Up-to-date symlink: /home/eduardo/turtlebot4_ws/install/turtlebot4_navigation/share/turtlebot4_navigation/environment/path.dsv
[1.332s] -- Up-to-date symlink: /home/eduardo/turtlebot4_ws/install/turtlebot4_navigation/share/turtlebot4_navigation/local_setup.bash
[1.333s] -- Up-to-date symlink: /home/eduardo/turtlebot4_ws/install/turtlebot4_navigation/share/turtlebot4_navigation/local_setup.sh
[1.333s] -- Up-to-date symlink: /home/eduardo/turtlebot4_ws/install/turtlebot4_navigation/share/turtlebot4_navigation/local_setup.zsh
[1.333s] -- Up-to-date symlink: /home/eduardo/turtlebot4_ws/install/turtlebot4_navigation/share/turtlebot4_navigation/local_setup.dsv
[1.333s] -- Symlinking: /home/eduardo/turtlebot4_ws/install/turtlebot4_navigation/share/turtlebot4_navigation/package.dsv
[1.345s] -- Up-to-date symlink: /home/eduardo/turtlebot4_ws/install/turtlebot4_navigation/share/ament_index/resource_index/packages/turtlebot4_navigation
[1.345s] -- Up-to-date symlink: /home/eduardo/turtlebot4_ws/install/turtlebot4_navigation/share/turtlebot4_navigation/cmake/turtlebot4_navigationConfig.cmake
[1.347s] -- Up-to-date symlink: /home/eduardo/turtlebot4_ws/install/turtlebot4_navigation/share/turtlebot4_navigation/cmake/turtlebot4_navigationConfig-version.cmake
[1.347s] -- Up-to-date symlink: /home/eduardo/turtlebot4_ws/install/turtlebot4_navigation/share/turtlebot4_navigation/package.xml
[1.417s] Listing '/home/eduardo/turtlebot4_ws/install/turtlebot4_navigation/local/lib/python3.10/dist-packages/turtlebot4_navigation'...
[1.699s] Invoked command in '/home/eduardo/turtlebot4_ws/build/turtlebot4_navigation' returned '0': CMAKE_PREFIX_PATH=${CMAKE_PREFIX_PATH}:/home/eduardo/turtlebot4_ws/install/turtlebot4_python_tutorials:/home/eduardo/turtlebot4_ws/install/robot_movement:/opt/ros/humble /usr/bin/cmake --install /home/eduardo/turtlebot4_ws/build/turtlebot4_navigation
